<?xml version="1.0" encoding="utf-8"?><testsuites name="pytest tests"><testsuite name="windows-x86_64-cpu" errors="0" failures="0" skipped="0" tests="5" time="1.814" timestamp="2026-09-24T19:45:38.101512+00:00" hostname="runnervm99s1a"><testcase classname="tests.test_measure_evidence_real_clips" name="test_harness_measures_without_changing_the_evidence_set" time="0.914" /><testcase classname="tests.test_measure_evidence_real_clips" name="test_percentiles_and_pass_rates_are_exact" time="0.001" /><testcase classname="tests.test_measure_evidence_real_clips" name="test_occluder_diagnostics_report_the_superseded_proxy_without_replacing_it" time="0.001" /><testcase classname="tests.test_measure_evidence_real_clips" name="test_a_recorded_run_replays_exactly_without_the_detector" time="0.544" /><testcase classname="tests.test_measure_evidence_real_clips" name="test_replay_refuses_a_frame_that_was_not_recorded" time="0.002" /></testsuite></testsuites>