<?xml version="1.0" encoding="utf-8"?><testsuites name="pytest tests"><testsuite name="windows-x86_64-cpu" errors="0" failures="0" skipped="0" tests="2" time="1.086" timestamp="2026-09-24T19:45:28.423153+00:00" hostname="runnervm99s1a"><testcase classname="tests.test_runtime_probe" name="test_real_torch_scope_allows_reviewed_numpy_metadata_and_restores_globals" time="1.025" /><testcase classname="tests.test_runtime_probe" name="test_real_torch_scope_rejects_unapproved_type_and_restores_globals" time="0.002" /></testsuite></testsuites>