<?xml version="1.0" encoding="utf-8"?><testsuites name="pytest tests"><testsuite name="windows-x86_64-cpu" errors="0" failures="0" skipped="13" tests="672" time="34.291" timestamp="2026-09-24T19:39:06.306533+00:00" hostname="runnervm99s1a"><testcase classname="tests.test_rtmdet_colour_space" name="test_rgb_to_bgr_swaps_channels_once_without_mutating_source" time="0.001" /><testcase classname="tests.test_rtmdet_colour_space" name="test_rgb_to_bgr_makes_noncontiguous_input_contiguous_without_mutation" time="0.000" /><testcase classname="tests.test_rtmdet_colour_space" name="test_rgb_to_bgr_rejects_invalid_frame_contract[image0]" time="0.000" /><testcase classname="tests.test_rtmdet_colour_space" name="test_rgb_to_bgr_rejects_invalid_frame_contract[image1]" time="0.000" /><testcase classname="tests.test_rtmdet_colour_space" name="test_rgb_to_bgr_rejects_invalid_frame_contract[image2]" time="0.000" /><testcase classname="tests.test_rtmdet_colour_space" name="test_rgb_to_bgr_rejects_invalid_frame_contract[image3]" time="0.000" /><testcase classname="tests.test_rtmdet_colour_space" name="test_rgb_to_bgr_rejects_invalid_frame_contract[image4]" time="0.000" /><testcase classname="tests.test_mmdetection_runtime" name="test_constructor_uses_verified_local_artifacts_and_profile_floor" time="0.034" /><testcase classname="tests.test_mmdetection_runtime" name="test_runtime_variant_name_is_explicit_and_platform_stable[Linux-x86_64-cpu-linux-x86_64-cpu]" time="0.001" /><testcase classname="tests.test_mmdetection_runtime" name="test_runtime_variant_name_is_explicit_and_platform_stable[Windows-AMD64-cpu-windows-x86_64-cpu]" time="0.000" /><testcase classname="tests.test_mmdetection_runtime" name="test_runtime_variant_name_is_explicit_and_platform_stable[Linux-AMD64-cuda:0-linux-x86_64-cuda]" time="0.000" /><testcase classname="tests.test_mmdetection_runtime" name="test_runtime_variant_name_is_explicit_and_platform_stable[Windows-x86_64-cuda:3-windows-x86_64-cuda]" time="0.000" /><testcase classname="tests.test_mmdetection_runtime" name="test_constructor_rejects_unqualified_python_identity[version-python_identity0]" time="0.004" /><testcase classname="tests.test_mmdetection_runtime" name="test_constructor_rejects_unqualified_python_identity[implementation-python_identity1]" time="0.004" /><testcase classname="tests.test_mmdetection_runtime" name="test_constructor_rejects_unqualified_python_identity[build-python_identity2]" time="0.004" /><testcase classname="tests.test_mmdetection_runtime" name="test_constructor_rejects_unqualified_python_identity[compiler-python_identity3]" time="0.004" /><testcase classname="tests.test_mmdetection_runtime" name="test_constructor_accepts_exact_qualified_python_identity" time="0.004" /><testcase classname="tests.test_mmdetection_runtime" name="test_constructor_rejects_wrong_pytorch_binary_build_with_same_semantic_version" time="0.004" /><testcase classname="tests.test_mmdetection_runtime" name="test_constructor_preserves_full_pytorch_build_tags_in_runtime_metadata" time="0.004" /><testcase classname="tests.test_mmdetection_runtime" name="test_constructor_rejects_dependency_version_drift_before_model_init" time="0.004" /><testcase classname="tests.test_mmdetection_runtime" name="test_constructor_rejects_runtime_vocabulary_drift" time="0.006" /><testcase classname="tests.test_mmdetection_runtime" name="test_constructor_rejects_non_self_contained_resolved_config_before_imports[_base_ = ['base.py']\nmodel = dict(test_cfg=dict(score_thr=0.1))\n-resolved_config_base_unresolved]" time="0.004" /><testcase classname="tests.test_mmdetection_runtime" name="test_constructor_rejects_non_self_contained_resolved_config_before_imports[model = dict(test_cfg=dict(score_thr=0.1), init_cfg='https://example.invalid/checkpoint.pth')\n-resolved_config_external_resource_forbidden]" time="0.004" /><testcase classname="tests.test_mmdetection_runtime" name="test_constructor_rejects_non_self_contained_resolved_config_before_imports[model = dict(test_cfg=dict(score_thr=0.1), init_cfg='open-mmlab://rtmdet/checkpoint')\n-resolved_config_external_resource_forbidden]" time="0.004" /><testcase classname="tests.test_mmdetection_runtime" name="test_constructor_rejects_non_self_contained_resolved_config_before_imports[model = dict(test_cfg=dict(score_thr=0.1), init_cfg='//server/share/pretrained.pth')\n-resolved_config_external_resource_forbidden]" time="0.004" /><testcase classname="tests.test_mmdetection_runtime" name="test_constructor_rejects_non_self_contained_resolved_config_before_imports[model = dict(test_cfg=dict(score_thr=0.1), init_cfg='/outside-release/model.pth')\n-resolved_config_external_resource_forbidden]" time="0.004" /><testcase classname="tests.test_mmdetection_runtime" name="test_constructor_rejects_non_self_contained_resolved_config_before_imports[model = dict(test_cfg=dict(score_thr=0.1), init_cfg=r'\\\\server\\share\\pretrained.pth')\n-resolved_config_external_resource_forbidden]" time="0.004" /><testcase classname="tests.test_mmdetection_runtime" name="test_constructor_rejects_non_self_contained_resolved_config_before_imports[model = dict(test_cfg=dict(score_thr=0.1), init_cfg=r'C:\\outside-release\\model.pth')\n-resolved_config_external_resource_forbidden]" time="0.004" /><testcase classname="tests.test_mmdetection_runtime" name="test_constructor_rejects_non_self_contained_resolved_config_before_imports[model = dict(test_cfg=dict(score_thr=0.1), init_cfg=r'\\outside-release\\model.pth')\n-resolved_config_external_resource_forbidden]" time="0.004" /><testcase classname="tests.test_mmdetection_runtime" name="test_constructor_rejects_non_self_contained_resolved_config_before_imports[model = dict(test_cfg=dict(score_thr=0.1), init_cfg='../outside-release/model.pth')\n-resolved_config_external_resource_forbidden]" time="0.004" /><testcase classname="tests.test_mmdetection_runtime" name="test_constructor_rejects_non_self_contained_resolved_config_before_imports[model = dict(test_cfg=dict(score_thr=0.1), init_cfg='~/outside-release/model.pth')\n-resolved_config_external_resource_forbidden]" time="0.004" /><testcase classname="tests.test_mmdetection_runtime" name="test_constructor_rejects_non_self_contained_resolved_config_before_imports[import os\nmodel = dict(test_cfg=dict(score_thr=0.1))\n-resolved_config_import_forbidden]" time="0.004" /><testcase classname="tests.test_mmdetection_runtime" name="test_constructor_rejects_non_self_contained_resolved_config_before_imports[model = dict(type='{{$MAVI_MODEL_TYPE:RTMDet}}', test_cfg=dict(score_thr=0.1))\n-resolved_config_template_reference_forbidden]" time="0.006" /><testcase classname="tests.test_mmdetection_runtime" name="test_constructor_rejects_non_self_contained_resolved_config_before_imports[model = dict(type='${MAVI_MODEL_TYPE}', test_cfg=dict(score_thr=0.1))\n-resolved_config_environment_reference_forbidden]" time="0.004" /><testcase classname="tests.test_mmdetection_runtime" name="test_constructor_rejects_non_self_contained_resolved_config_before_imports[custom_imports = dict(imports=['external_plugin'])\nmodel = dict(test_cfg=dict(score_thr=0.1))\n-resolved_config_custom_imports_forbidden]" time="0.004" /><testcase classname="tests.test_mmdetection_runtime" name="test_constructor_rejects_non_self_contained_resolved_config_before_imports[custom_imports, ignored = (dict(imports=['external_plugin']), 0)\nmodel = dict(test_cfg=dict(score_thr=0.1))\n-resolved_config_custom_imports_forbidden]" time="0.004" /><testcase classname="tests.test_mmdetection_runtime" name="test_constructor_rejects_non_self_contained_resolved_config_before_imports[model = (custom_imports := dict(imports=['external_plugin']))\n-resolved_config_custom_imports_forbidden]" time="0.004" /><testcase classname="tests.test_mmdetection_runtime" name="test_constructor_rejects_non_self_contained_resolved_config_before_imports[for custom_imports in [dict(imports=['external_plugin'])]:\n    model = dict(test_cfg=dict(score_thr=0.1))\n-resolved_config_custom_imports_forbidden]" time="0.006" /><testcase classname="tests.test_mmdetection_runtime" name="test_constructor_rejects_non_self_contained_resolved_config_before_imports[match [dict(imports=['external_plugin'])]:\n    case [custom_imports]:\n        model = dict(test_cfg=dict(score_thr=0.1))\n-resolved_config_custom_imports_forbidden]" time="0.004" /><testcase classname="tests.test_mmdetection_runtime" name="test_constructor_rejects_non_self_contained_resolved_config_before_imports[dict = globals\nmodel = dict(type='RTMDet', test_cfg=dict(score_thr=0.1))\n-resolved_config_reserved_name_binding_forbidden]" time="0.004" /><testcase classname="tests.test_mmdetection_runtime" name="test_constructor_rejects_non_self_contained_resolved_config_before_imports[model = dict(type='RTMDet', test_cfg=dict(score_thr=0.1))\nmodel['custom_' + 'imports'] = dict(imports=['external_plugin'])\n-resolved_config_assignment_target_forbidden]" time="0.004" /><testcase classname="tests.test_mmdetection_runtime" name="test_constructor_rejects_non_self_contained_resolved_config_before_imports[def build_model():\n    return dict(type='RTMDet')\nmodel = dict(type='RTMDet', test_cfg=dict(score_thr=0.1))\n-resolved_config_statement_forbidden:FunctionDef]" time="0.004" /><testcase classname="tests.test_mmdetection_runtime" name="test_constructor_rejects_non_self_contained_resolved_config_before_imports[model = build_model()\n-resolved_config_dynamic_call_forbidden]" time="0.004" /><testcase classname="tests.test_mmdetection_runtime" name="test_constructor_rejects_non_self_contained_resolved_config_before_imports[model = dict(test_cfg=dict(score_thr=0.1))\nload_from = 'local-but-unreviewed.pth'\n-resolved_config_external_checkpoint_forbidden]" time="0.004" /><testcase classname="tests.test_mmdetection_runtime" name="test_constructor_rejects_loaded_external_resource_directives_before_model_init[config_override0-resolved_config_external_resource_directive:pretrained]" time="0.008" /><testcase classname="tests.test_mmdetection_runtime" name="test_constructor_rejects_loaded_external_resource_directives_before_model_init[config_override1-resolved_config_pretrained_init_forbidden]" time="0.004" /><testcase classname="tests.test_mmdetection_runtime" name="test_constructor_rejects_loaded_external_resource_directives_before_model_init[config_override2-resolved_config_custom_imports_forbidden]" time="0.004" /><testcase classname="tests.test_mmdetection_runtime" name="test_constructor_validates_mmengine_config_wrapper_contents" time="0.004" /><testcase classname="tests.test_mmdetection_runtime" name="test_constructor_allows_checkpoint_hook_configuration" time="0.004" /><testcase classname="tests.test_mmdetection_runtime" name="test_constructor_accepts_safe_mmengine_config_wrapper_and_applies_floor" time="0.004" /><testcase classname="tests.test_mmdetection_runtime" name="test_constructor_rejects_pretrained_init_inside_sequence" time="0.004" /><testcase classname="tests.test_mmdetection_runtime" name="test_constructor_rechecks_artifact_hash_immediately_before_loading" time="0.003" /><testcase classname="tests.test_mmdetection_runtime" name="test_infer_converts_rgb_once_filters_floor_and_returns_framework_neutral_values" time="0.004" /><testcase classname="tests.test_mmdetection_runtime" name="test_warmup_uses_channel_distinct_in_memory_rgb_frame" time="0.004" /><testcase classname="tests.test_mmdetection_runtime" name="test_tensor_materialization_cuda_failures_use_backend_classifier[conversion_error0-GpuRuntimeError]" time="0.004" /><testcase classname="tests.test_mmdetection_runtime" name="test_tensor_materialization_cuda_failures_use_backend_classifier[conversion_error1-GpuOutOfMemoryError]" time="0.004" /><testcase classname="tests.test_mmdetection_runtime" name="test_inference_translates_backend_failures_and_clears_activity[error0-GpuOutOfMemoryError]" time="0.017" /><testcase classname="tests.test_mmdetection_runtime" name="test_inference_translates_backend_failures_and_clears_activity[error1-GpuOutOfMemoryError]" time="0.006" /><testcase classname="tests.test_mmdetection_runtime" name="test_inference_translates_backend_failures_and_clears_activity[error2-GpuRuntimeError]" time="0.004" /><testcase classname="tests.test_mmdetection_runtime" name="test_inference_translates_backend_failures_and_clears_activity[error3-InferenceContractError]" time="0.005" /><testcase classname="tests.test_mmdetection_runtime" name="test_inference_rejects_invalid_backend_output[prediction0]" time="0.006" /><testcase classname="tests.test_mmdetection_runtime" name="test_inference_rejects_invalid_backend_output[prediction1]" time="0.004" /><testcase classname="tests.test_mmdetection_runtime" name="test_inference_rejects_invalid_backend_output[prediction2]" time="0.004" /><testcase classname="tests.test_mmdetection_runtime" name="test_inference_rejects_invalid_backend_output[prediction3]" time="0.004" /><testcase classname="tests.test_mmdetection_runtime" name="test_inference_rejects_invalid_backend_output[prediction4]" time="0.004" /><testcase classname="tests.test_mmdetection_runtime" name="test_invalid_input_frame_fails_before_activity_or_backend_call" time="0.006" /><testcase classname="tests.test_mmdetection_runtime" name="test_cuda_selection_requires_available_requested_index_before_model_init" time="0.007" /><testcase classname="tests.test_mmdetection_runtime" name="test_constructor_rejects_actual_model_device_mismatch" time="0.004" /><testcase classname="tests.test_mmdetection_runtime" name="test_cuda_close_is_idempotent_and_releases_cache_best_effort" time="0.004" /><testcase classname="tests.test_runtime_errors" name="test_typed_runtime_failures_use_stable_control_plane_codes[GpuOutOfMemoryError-vision_gpu_out_of_memory-recover]" time="0.001" /><testcase classname="tests.test_runtime_errors" name="test_typed_runtime_failures_use_stable_control_plane_codes[GpuRuntimeError-vision_gpu_runtime_failed-unavailable]" time="0.001" /><testcase classname="tests.test_runtime_errors" name="test_typed_runtime_failures_use_stable_control_plane_codes[InferenceContractError-vision_inference_contract_failed-recover]" time="0.001" /><testcase classname="tests.test_runtime_errors" name="test_typed_runtime_failures_use_stable_control_plane_codes[TrackerError-vision_tracker_failed-continue]" time="0.000" /><testcase classname="tests.test_runtime_errors" name="test_typed_runtime_failure_can_carry_local_diagnostic_message" time="0.000" /><testcase classname="tests.test_runtime_errors" name="test_processing_dependency_error_rejects_noncanonical_failure_code[Vision_Bad]" time="0.000" /><testcase classname="tests.test_runtime_errors" name="test_processing_dependency_error_rejects_noncanonical_failure_code[1bad]" time="0.000" /><testcase classname="tests.test_runtime_errors" name="test_processing_dependency_error_rejects_noncanonical_failure_code[bad-code]" time="0.000" /><testcase classname="tests.test_runtime_errors" name="test_processing_dependency_error_rejects_noncanonical_failure_code[xxxxxxxxxxxxxxxxxxxxxxxxxxxxxxxxxxxxxxxxxxxxxxxxxxxxxxxxxxxxxxxxx]" time="0.000" /><testcase classname="tests.test_runtime_errors" name="test_processing_dependency_error_requires_declared_disposition" time="0.000" /><testcase classname="tests.test_runtime_errors" name="test_runtime_compatibility_error_is_startup_only_with_stable_code" time="0.000" /><testcase classname="tests.test_runtime_errors" name="test_runtime_startup_error_rejects_noncanonical_code[Bad_Code]" time="0.000" /><testcase classname="tests.test_runtime_errors" name="test_runtime_startup_error_rejects_noncanonical_code[bad-code]" time="0.000" /><testcase classname="tests.test_runtime_errors" name="test_runtime_startup_error_rejects_noncanonical_code[1bad]" time="0.000" /><testcase classname="tests.test_runtime_errors" name="test_runtime_startup_error_rejects_noncanonical_code[xxxxxxxxxxxxxxxxxxxxxxxxxxxxxxxxxxxxxxxxxxxxxxxxxxxxxxxxxxxxxxxxx]" time="0.000" /><testcase classname="tests.test_bytetrack_profile_semantics" name="test_corrected_trackers_26_profile_maps_exact_native_policy" time="0.002" /><testcase classname="tests.test_bytetrack_profile_semantics" name="test_legacy_minimum_matching_threshold_fails_closed" time="0.002" /><testcase classname="tests.test_bytetrack_profile_semantics" name="test_confidence_thresholds_require_strict_floor_high_activation_order[0.6-0.6-0.7]" time="0.002" /><testcase classname="tests.test_bytetrack_profile_semantics" name="test_confidence_thresholds_require_strict_floor_high_activation_order[0.61-0.6-0.7]" time="0.002" /><testcase classname="tests.test_bytetrack_profile_semantics" name="test_confidence_thresholds_require_strict_floor_high_activation_order[0.05-0.7-0.7]" time="0.002" /><testcase classname="tests.test_bytetrack_profile_semantics" name="test_confidence_thresholds_require_strict_floor_high_activation_order[0.05-0.8-0.7]" time="0.002" /><testcase classname="tests.test_bytetrack_profile_semantics" name="test_lost_track_budget_must_be_integral_in_trackers_30hz_units[0.01]" time="0.002" /><testcase classname="tests.test_bytetrack_profile_semantics" name="test_lost_track_budget_must_be_integral_in_trackers_30hz_units[0.333333333]" time="0.002" /><testcase classname="tests.test_bytetrack_profile_semantics" name="test_lost_track_budget_must_be_integral_in_trackers_30hz_units[1.01]" time="0.002" /><testcase classname="tests.test_bytetrack_profile_semantics" name="test_reference_frame_rate_must_be_finite_and_positive[0.0]" time="0.002" /><testcase classname="tests.test_bytetrack_profile_semantics" name="test_reference_frame_rate_must_be_finite_and_positive[-1.0]" time="0.004" /><testcase classname="tests.test_bytetrack_profile_semantics" name="test_reference_frame_rate_must_be_finite_and_positive[inf]" time="0.002" /><testcase classname="tests.test_bytetrack_profile_semantics" name="test_minimum_iou_must_be_finite_unit_interval[-0.01]" time="0.002" /><testcase classname="tests.test_bytetrack_profile_semantics" name="test_minimum_iou_must_be_finite_unit_interval[1.01]" time="0.002" /><testcase classname="tests.test_bytetrack_profile_semantics" name="test_minimum_iou_must_be_finite_unit_interval[nan]" time="0.002" /><testcase classname="tests.test_bytetrack_profile_semantics" name="test_direct_profile_construction_rejects_ambiguous_lost_buffer" time="0.000" /><testcase classname="tests.test_bytetrack_profile_semantics" name="test_direct_profile_construction_enforces_tracker_threshold_order" time="0.000" /><testcase classname="tests.test_bytetrack_adapter" name="test_exact_profile_to_native_constructor_mapping" time="0.000" /><testcase classname="tests.test_bytetrack_adapter" name="test_pixel_conversion_timestamp_and_metadata_are_exact" time="0.003" /><testcase classname="tests.test_bytetrack_adapter" name="test_both_native_domains_advance_on_every_frame" time="0.000" /><testcase classname="tests.test_bytetrack_adapter" name="test_frame_sequence_must_be_strictly_monotonic_before_native_mutation[1-10-1-20-bytetrack_frame_number_non_monotonic]" time="0.001" /><testcase classname="tests.test_bytetrack_adapter" name="test_frame_sequence_must_be_strictly_monotonic_before_native_mutation[2-10-1-20-bytetrack_frame_number_non_monotonic]" time="0.000" /><testcase classname="tests.test_bytetrack_adapter" name="test_frame_sequence_must_be_strictly_monotonic_before_native_mutation[1-10-2-10-bytetrack_frame_offset_non_monotonic]" time="0.001" /><testcase classname="tests.test_bytetrack_adapter" name="test_frame_sequence_must_be_strictly_monotonic_before_native_mutation[1-20-2-10-bytetrack_frame_offset_non_monotonic]" time="0.000" /><testcase classname="tests.test_bytetrack_adapter" name="test_duplicate_global_frame_ordinal_fails_before_native_mutation" time="0.000" /><testcase classname="tests.test_bytetrack_adapter" name="test_backend_reordering_is_recovered_by_ordinal_and_final_output_is_global_order" time="0.000" /><testcase classname="tests.test_bytetrack_adapter" name="test_malformed_ordinal_round_trip_fails_closed[bad_ordinals0]" time="0.000" /><testcase classname="tests.test_bytetrack_adapter" name="test_malformed_ordinal_round_trip_fails_closed[bad_ordinals1]" time="0.000" /><testcase classname="tests.test_bytetrack_adapter" name="test_malformed_ordinal_round_trip_fails_closed[bad_ordinals2]" time="0.000" /><testcase classname="tests.test_bytetrack_adapter" name="test_missing_ordinal_metadata_fails_closed" time="0.000" /><testcase classname="tests.test_bytetrack_adapter" name="test_malformed_tracker_ids_fail_closed[None]" time="0.000" /><testcase classname="tests.test_bytetrack_adapter" name="test_malformed_tracker_ids_fail_closed[tracker_ids1]" time="0.000" /><testcase classname="tests.test_bytetrack_adapter" name="test_malformed_tracker_ids_fail_closed[tracker_ids2]" time="0.000" /><testcase classname="tests.test_bytetrack_adapter" name="test_malformed_tracker_ids_fail_closed[tracker_ids3]" time="0.000" /><testcase classname="tests.test_bytetrack_adapter" name="test_tentative_minus_one_is_suppressed_and_never_backfilled" time="0.000" /><testcase classname="tests.test_bytetrack_adapter" name="test_person_and_vehicle_native_id_spaces_are_independent" time="0.000" /><testcase classname="tests.test_bytetrack_adapter" name="test_existing_native_mapping_is_stable_across_frames" time="0.000" /><testcase classname="tests.test_bytetrack_adapter" name="test_new_adapter_resets_native_trackers_maps_and_counters" time="0.000" /><testcase classname="tests.test_bytetrack_adapter" name="test_native_construction_exception_is_translated_without_third_party_text" time="0.000" /><testcase classname="tests.test_bytetrack_adapter" name="test_native_update_exception_is_translated_once" time="0.000" /><testcase classname="tests.test_bytetrack_adapter" name="test_native_failure_invalidates_attempt_instead_of_reusing_partial_state" time="0.000" /><testcase classname="tests.test_bytetrack_adapter" name="test_module_has_no_top_level_trackers_or_supervision_import" time="0.002" /><testcase classname="tests.test_bytetrack_adapter" name="test_unmatched_identity_within_budget_stays_live_and_keeps_its_id" time="0.000" /><testcase classname="tests.test_bytetrack_adapter" name="test_retirement_fires_at_first_frame_past_budget_and_never_earlier" time="0.000" /><testcase classname="tests.test_bytetrack_adapter" name="test_retirement_uses_media_time_not_frame_count" time="0.001" /><testcase classname="tests.test_bytetrack_adapter" name="test_retirement_refreshes_on_every_emission" time="0.000" /><testcase classname="tests.test_bytetrack_adapter" name="test_native_id_seen_again_after_retirement_starts_a_new_track" time="0.000" /><testcase classname="tests.test_bytetrack_adapter" name="test_native_id_reused_in_the_retiring_frame_never_extends_the_retired_track" time="0.000" /><testcase classname="tests.test_bytetrack_adapter" name="test_tracks_retire_independently_in_canonical_order_across_classes" time="0.000" /><testcase classname="tests.test_bytetrack_adapter" name="test_live_map_holds_only_live_identities" time="0.001" /><testcase classname="tests.test_bytetrack_adapter" name="test_tentative_rows_never_become_live_or_retire" time="0.000" /><testcase classname="tests.test_bytetrack_adapter" name="test_poisoned_adapter_does_not_report_retirements" time="0.000" /><testcase classname="tests.test_bytetrack_adapter" name="test_retirement_state_does_not_leak_into_a_new_adapter" time="0.000" /><testcase classname="tests.test_bytetrack_adapter" name="test_retirement_threshold_follows_the_profile" time="0.000" /><testcase classname="tests.test_production_processor" name="test_process_constructs_fresh_attempt_graph_in_exact_order_and_delegates" time="0.002" /><testcase classname="tests.test_production_processor" name="test_pre_lost_lease_does_not_resolve_runtime_or_construct_attempt" time="0.002" /><testcase classname="tests.test_production_processor" name="test_next_attempt_uses_replacement_runtime_from_provider" time="0.002" /><testcase classname="tests.test_production_processor" name="test_typed_construction_failure_notifies_once_and_short_circuits[detector-error0]" time="0.002" /><testcase classname="tests.test_production_processor" name="test_typed_construction_failure_notifies_once_and_short_circuits[tracker-error1]" time="0.002" /><testcase classname="tests.test_production_processor" name="test_typed_processing_failure_notifies_exact_object_once[error0]" time="0.002" /><testcase classname="tests.test_production_processor" name="test_typed_processing_failure_notifies_exact_object_once[error1]" time="0.002" /><testcase classname="tests.test_production_processor" name="test_typed_processing_failure_notifies_exact_object_once[error2]" time="0.002" /><testcase classname="tests.test_production_processor" name="test_typed_processing_failure_notifies_exact_object_once[error3]" time="0.002" /><testcase classname="tests.test_production_processor" name="test_typed_failure_is_reported_locally_even_if_lease_is_lost_during_unwind" time="0.002" /><testcase classname="tests.test_production_processor" name="test_non_dependency_processing_failure_does_not_notify_sink[error0]" time="0.002" /><testcase classname="tests.test_production_processor" name="test_non_dependency_processing_failure_does_not_notify_sink[error1]" time="0.002" /><testcase classname="tests.test_production_processor" name="test_non_dependency_processing_failure_does_not_notify_sink[error2]" time="0.002" /><testcase classname="tests.test_production_processor" name="test_non_dependency_processing_failure_does_not_notify_sink[error3]" time="0.002" /><testcase classname="tests.test_production_processor" name="test_staging_factory_failure_is_not_misclassified_as_runtime_failure" time="0.002" /><testcase classname="tests.test_production_processor" name="test_real_video_processor_keeps_attempt_artifacts_and_tracker_state_isolated" time="0.110" /><testcase classname="tests.test_production_processor" name="test_import_does_not_eagerly_load_optional_ml_packages" time="0.326" /><testcase classname="tests.test_production_processor" name="test_production_never_substitutes_the_frame_reader" time="0.005" /><testcase classname="tests.test_process_video" name="test_process_builds_one_deterministic_track_and_artifacts" time="0.049" /><testcase classname="tests.test_process_video" name="test_representative_quality_is_independent_from_max_confidence" time="0.047" /><testcase classname="tests.test_process_video" name="test_process_zero_detections_returns_no_tracks_or_track_artifacts" time="0.009" /><testcase classname="tests.test_process_video" name="test_integrity_mismatch_cleans_only_current_attempt_staging" time="0.092" /><testcase classname="tests.test_process_video" name="test_pre_lost_processor_preserves_existing_attempt_staging" time="0.024" /><testcase classname="tests.test_process_video" name="test_processing_failure_after_lease_loss_preserves_replacement_attempt" time="0.028" /><testcase classname="tests.test_process_video" name="test_deadline_expiry_during_source_snapshot_maps_to_lease_loss" time="0.006" /><testcase classname="tests.test_process_video" name="test_deadline_expiry_after_pure_finalization_prevents_stale_publication" time="0.028" /><testcase classname="tests.test_process_video" name="test_corrupt_video_maps_to_stable_error_and_cleans_attempt" time="0.027" /><testcase classname="tests.test_process_video" name="test_detector_failure_maps_to_pipeline_error_and_cleans_attempt" time="0.010" /><testcase classname="tests.test_process_video" name="test_gpu_oom_error_propagates_unchanged_and_cleans_owned_attempt" time="0.029" /><testcase classname="tests.test_process_video" name="test_tracker_error_propagates_unchanged_and_cleans_owned_attempt" time="0.028" /><testcase classname="tests.test_process_video" name="test_typed_dependency_failure_survives_lease_loss_without_stale_cleanup" time="0.038" /><testcase classname="tests.test_process_video" name="test_process_rejects_store_scoped_to_different_job_without_cleanup" time="0.025" /><testcase classname="tests.test_process_video" name="test_process_rejects_store_scoped_to_different_attempt_without_cleanup" time="0.027" /><testcase classname="tests.test_process_video" name="test_unsafe_tracker_id_is_rejected_before_artifact_creation" time="0.008" /><testcase classname="tests.test_process_video" name="test_progress_reaches_finalization_only_after_successful_frames" time="0.049" /><testcase classname="tests.test_process_video" name="test_detector_failure_does_not_count_incomplete_frame_as_progress" time="0.008" /><testcase classname="tests.test_process_video" name="test_source_integrity_failure_never_claims_frame_processing_started" time="0.007" /><testcase classname="tests.test_process_video" name="test_lease_expiry_during_frame_analytics_does_not_advance_progress" time="0.700" /><testcase classname="tests.test_track_lifecycle" name="test_retired_track_is_staged_whole_before_the_stream_ends" time="0.122" /><testcase classname="tests.test_track_lifecycle" name="test_retirement_releases_live_track_state" time="0.285" /><testcase classname="tests.test_track_lifecycle" name="test_temporarily_lost_track_is_reacquired_not_split" time="0.052" /><testcase classname="tests.test_track_lifecycle" name="test_tracks_retired_at_different_times_are_each_finalised_once" time="0.124" /><testcase classname="tests.test_track_lifecycle" name="test_one_sample_track_retired_mid_stream" time="0.051" /><testcase classname="tests.test_track_lifecycle" name="test_track_retired_in_the_final_frame_is_not_drained_again" time="0.047" /><testcase classname="tests.test_track_lifecycle" name="test_end_of_stream_drains_every_live_track_once" time="0.088" /><testcase classname="tests.test_track_lifecycle" name="test_mid_stream_retirement_does_not_enter_the_finalisation_stage" time="0.049" /><testcase classname="tests.test_track_lifecycle" name="test_empty_stream_finalises_nothing" time="0.007" /><testcase classname="tests.test_track_lifecycle" name="test_cross_update_contract_violation_fails_the_attempt_and_cleans_staging[ids0-retirements0-tracker_track_reappeared_after_retirement]" time="0.049" /><testcase classname="tests.test_track_lifecycle" name="test_cross_update_contract_violation_fails_the_attempt_and_cleans_staging[ids1-retirements1-tracker_retired_unknown_track]" time="0.050" /><testcase classname="tests.test_track_lifecycle" name="test_cross_update_contract_violation_fails_the_attempt_and_cleans_staging[ids2-retirements2-tracker_retired_unknown_track]" time="0.007" /><testcase classname="tests.test_track_lifecycle" name="test_non_update_tracker_output_fails_as_tracker_error" time="0.006" /><testcase classname="tests.test_track_lifecycle" name="test_failure_after_mid_stream_finalisation_removes_staged_tracks" time="0.050" /><testcase classname="tests.test_track_lifecycle" name="test_lease_lost_during_retirement_staging_publishes_nothing_further" time="0.007" /><testcase classname="tests.test_track_lifecycle" name="test_next_attempt_removes_staging_left_by_a_lease_lost_attempt" time="0.119" /><testcase classname="tests.test_track_lifecycle" name="test_spooled_trajectory_bytes_do_not_depend_on_chunk_size" time="0.184" /><testcase classname="tests.test_track_lifecycle" name="test_live_track_state_stays_bounded_while_the_track_grows" time="0.351" /><testcase classname="tests.test_track_lifecycle" name="test_spool_is_removed_at_retirement_mid_stream" time="0.054" /><testcase classname="tests.test_track_lifecycle" name="test_lease_lost_mid_spool_publishes_nothing_and_next_attempt_removes_the_spool" time="0.061" /><testcase classname="tests.test_track_lifecycle" name="test_failed_attempt_cleanup_removes_live_spools" time="0.013" /><testcase classname="tests.test_track_lifecycle" name="test_corrupt_spool_fails_the_attempt_and_is_never_published" time="0.027" /><testcase classname="tests.test_track_lifecycle" name="test_many_live_tracks_need_no_descriptor_each" time="0.000"><skipped type="pytest.skip" message="POSIX descriptor limit fixture">D:\a\MAVI\MAVI\src\vision\tests\test_track_lifecycle.py:753: POSIX descriptor limit fixture</skipped></testcase><testcase classname="tests.test_trajectory_spool" name="test_streamed_v1_bytes_identical_to_reference_serializer[0]" time="0.000" /><testcase classname="tests.test_trajectory_spool" name="test_streamed_v1_bytes_identical_to_reference_serializer[1]" time="0.000" /><testcase classname="tests.test_trajectory_spool" name="test_streamed_v1_bytes_identical_to_reference_serializer[2]" time="0.000" /><testcase classname="tests.test_trajectory_spool" name="test_streamed_v1_bytes_identical_to_reference_serializer[15]" time="0.000" /><testcase classname="tests.test_trajectory_spool" name="test_streamed_v1_bytes_identical_to_reference_serializer[16]" time="0.000" /><testcase classname="tests.test_trajectory_spool" name="test_streamed_v1_bytes_identical_to_reference_serializer[17]" time="0.000" /><testcase classname="tests.test_trajectory_spool" name="test_streamed_v1_bytes_identical_to_reference_serializer[255]" time="0.001" /><testcase classname="tests.test_trajectory_spool" name="test_streamed_v1_bytes_identical_to_reference_serializer[256]" time="0.001" /><testcase classname="tests.test_trajectory_spool" name="test_streamed_v1_bytes_identical_to_reference_serializer[4095]" time="0.007" /><testcase classname="tests.test_trajectory_spool" name="test_streamed_v1_bytes_identical_to_reference_serializer[4096]" time="0.006" /><testcase classname="tests.test_trajectory_spool" name="test_streamed_v1_bytes_identical_to_reference_serializer[4097]" time="0.006" /><testcase classname="tests.test_trajectory_spool" name="test_streamed_v1_bytes_identical_to_reference_serializer[8192]" time="0.013" /><testcase classname="tests.test_trajectory_spool" name="test_streamed_v1_bytes_identical_to_reference_serializer[65535]" time="0.181" /><testcase classname="tests.test_trajectory_spool" name="test_streamed_v1_bytes_identical_to_reference_serializer[65536]" time="0.169" /><testcase classname="tests.test_trajectory_spool" name="test_streamed_v1_bytes_identical_to_reference_serializer[70000]" time="0.172" /><testcase classname="tests.test_trajectory_spool" name="test_extreme_values_keep_exact_encoding" time="0.000" /><testcase classname="tests.test_trajectory_spool" name="test_header_matches_the_one_shot_prefix[0]" time="0.000" /><testcase classname="tests.test_trajectory_spool" name="test_header_matches_the_one_shot_prefix[1]" time="0.000" /><testcase classname="tests.test_trajectory_spool" name="test_header_matches_the_one_shot_prefix[2]" time="0.000" /><testcase classname="tests.test_trajectory_spool" name="test_header_matches_the_one_shot_prefix[15]" time="0.000" /><testcase classname="tests.test_trajectory_spool" name="test_header_matches_the_one_shot_prefix[16]" time="0.000" /><testcase classname="tests.test_trajectory_spool" name="test_header_matches_the_one_shot_prefix[17]" time="0.000" /><testcase classname="tests.test_trajectory_spool" name="test_header_matches_the_one_shot_prefix[255]" time="0.001" /><testcase classname="tests.test_trajectory_spool" name="test_header_matches_the_one_shot_prefix[256]" time="0.000" /><testcase classname="tests.test_trajectory_spool" name="test_header_matches_the_one_shot_prefix[4095]" time="0.004" /><testcase classname="tests.test_trajectory_spool" name="test_header_matches_the_one_shot_prefix[4096]" time="0.004" /><testcase classname="tests.test_trajectory_spool" name="test_header_matches_the_one_shot_prefix[4097]" time="0.004" /><testcase classname="tests.test_trajectory_spool" name="test_header_matches_the_one_shot_prefix[8192]" time="0.008" /><testcase classname="tests.test_trajectory_spool" name="test_header_matches_the_one_shot_prefix[65535]" time="0.149" /><testcase classname="tests.test_trajectory_spool" name="test_header_matches_the_one_shot_prefix[65536]" time="0.105" /><testcase classname="tests.test_trajectory_spool" name="test_header_matches_the_one_shot_prefix[70000]" time="0.157" /><testcase classname="tests.test_trajectory_spool" name="test_encoder_yields_bounded_buffers" time="0.113" /><testcase classname="tests.test_trajectory_spool" name="test_point_count_mismatch_fails_closed[3-2]" time="0.001" /><testcase classname="tests.test_trajectory_spool" name="test_point_count_mismatch_fails_closed[2-3]" time="0.000" /><testcase classname="tests.test_trajectory_spool" name="test_point_count_mismatch_fails_closed[0-1]" time="0.000" /><testcase classname="tests.test_trajectory_spool" name="test_point_count_mismatch_fails_closed[1-0]" time="0.000" /><testcase classname="tests.test_trajectory_spool" name="test_non_increasing_offsets_fail_closed[100]" time="0.000" /><testcase classname="tests.test_trajectory_spool" name="test_non_increasing_offsets_fail_closed[99]" time="0.000" /><testcase classname="tests.test_trajectory_spool" name="test_header_rejects_invalid_counts[-1]" time="0.000" /><testcase classname="tests.test_trajectory_spool" name="test_header_rejects_invalid_counts[True]" time="0.000" /><testcase classname="tests.test_trajectory_spool" name="test_header_rejects_invalid_counts[1.0]" time="0.000" /><testcase classname="tests.test_trajectory_spool" name="test_spooled_payload_identical_to_reference_at_default_chunk[0]" time="0.023" /><testcase classname="tests.test_trajectory_spool" name="test_spooled_payload_identical_to_reference_at_default_chunk[1]" time="0.023" /><testcase classname="tests.test_trajectory_spool" name="test_spooled_payload_identical_to_reference_at_default_chunk[2]" time="0.026" /><testcase classname="tests.test_trajectory_spool" name="test_spooled_payload_identical_to_reference_at_default_chunk[15]" time="0.025" /><testcase classname="tests.test_trajectory_spool" name="test_spooled_payload_identical_to_reference_at_default_chunk[16]" time="0.025" /><testcase classname="tests.test_trajectory_spool" name="test_spooled_payload_identical_to_reference_at_default_chunk[17]" time="0.024" /><testcase classname="tests.test_trajectory_spool" name="test_spooled_payload_identical_to_reference_at_default_chunk[255]" time="0.028" /><testcase classname="tests.test_trajectory_spool" name="test_spooled_payload_identical_to_reference_at_default_chunk[256]" time="0.027" /><testcase classname="tests.test_trajectory_spool" name="test_spooled_payload_identical_to_reference_at_default_chunk[4095]" time="0.036" /><testcase classname="tests.test_trajectory_spool" name="test_spooled_payload_identical_to_reference_at_default_chunk[4096]" time="0.038" /><testcase classname="tests.test_trajectory_spool" name="test_spooled_payload_identical_to_reference_at_default_chunk[4097]" time="0.039" /><testcase classname="tests.test_trajectory_spool" name="test_spooled_payload_identical_to_reference_at_default_chunk[8192]" time="0.055" /><testcase classname="tests.test_trajectory_spool" name="test_spooled_payload_identical_to_reference_at_default_chunk[65535]" time="0.336" /><testcase classname="tests.test_trajectory_spool" name="test_spooled_payload_identical_to_reference_at_default_chunk[65536]" time="0.285" /><testcase classname="tests.test_trajectory_spool" name="test_spooled_payload_identical_to_reference_at_default_chunk[70000]" time="0.351" /><testcase classname="tests.test_trajectory_spool" name="test_bytes_identical_across_chunk_sizes_and_spill_counts[1-1]" time="0.027" /><testcase classname="tests.test_trajectory_spool" name="test_bytes_identical_across_chunk_sizes_and_spill_counts[2-1]" time="0.031" /><testcase classname="tests.test_trajectory_spool" name="test_bytes_identical_across_chunk_sizes_and_spill_counts[5000-1]" time="1.595" /><testcase classname="tests.test_trajectory_spool" name="test_bytes_identical_across_chunk_sizes_and_spill_counts[5000-7]" time="0.273" /><testcase classname="tests.test_trajectory_spool" name="test_bytes_identical_across_chunk_sizes_and_spill_counts[5000-4096]" time="0.066" /><testcase classname="tests.test_trajectory_spool" name="test_bytes_identical_across_chunk_sizes_and_spill_counts[5000-5001]" time="0.080" /><testcase classname="tests.test_trajectory_spool" name="test_bytes_identical_across_chunk_sizes_and_spill_counts[4097-4096]" time="0.052" /><testcase classname="tests.test_trajectory_spool" name="test_bytes_identical_across_chunk_sizes_and_spill_counts[4096-4096]" time="0.043" /><testcase classname="tests.test_trajectory_spool" name="test_bytes_identical_across_chunk_sizes_and_spill_counts[70000-7]" time="3.667" /><testcase classname="tests.test_trajectory_spool" name="test_bytes_identical_across_chunk_sizes_and_spill_counts[70000-4096]" time="0.421" /><testcase classname="tests.test_trajectory_spool" name="test_bytes_identical_across_chunk_sizes_and_spill_counts[70000-70001]" time="0.489" /><testcase classname="tests.test_trajectory_spool" name="test_bytes_identical_across_chunk_sizes_and_spill_counts[65536-65536]" time="0.404" /><testcase classname="tests.test_trajectory_spool" name="test_bytes_identical_across_chunk_sizes_and_spill_counts[65537-65536]" time="0.410" /><testcase classname="tests.test_trajectory_spool" name="test_spool_file_holds_exact_little_endian_records_until_removed" time="0.028" /><testcase classname="tests.test_trajectory_spool" name="test_unspilled_track_never_creates_a_spool_file" time="0.030" /><testcase classname="tests.test_trajectory_spool" name="test_retained_points_never_exceed_one_chunk[60]" time="0.002" /><testcase classname="tests.test_trajectory_spool" name="test_retained_points_never_exceed_one_chunk[600]" time="0.004" /><testcase classname="tests.test_trajectory_spool" name="test_retained_points_never_exceed_one_chunk[6000]" time="0.014" /><testcase classname="tests.test_trajectory_spool" name="test_retained_points_never_exceed_one_chunk[60000]" time="0.116" /><testcase classname="tests.test_trajectory_spool" name="test_traced_memory_is_flat_from_60_to_60000_points" time="1.730" /><testcase classname="tests.test_trajectory_spool" name="test_finalise_reads_one_chunk_at_a_time_and_keeps_peak_memory_bounded" time="1.604" /><testcase classname="tests.test_trajectory_spool" name="test_points_stream_in_append_order_across_spill_and_buffer" time="0.037" /><testcase classname="tests.test_trajectory_spool" name="test_invalid_append_fails_closed[appended0-trajectory_offsets_not_monotonic]" time="0.002" /><testcase classname="tests.test_trajectory_spool" name="test_invalid_append_fails_closed[appended1-trajectory_offsets_not_monotonic]" time="0.002" /><testcase classname="tests.test_trajectory_spool" name="test_invalid_append_fails_closed[appended2-trajectory_offset_invalid]" time="0.002" /><testcase classname="tests.test_trajectory_spool" name="test_invalid_append_fails_closed[appended3-trajectory_offset_invalid]" time="0.002" /><testcase classname="tests.test_trajectory_spool" name="test_invalid_append_fails_closed[appended4-trajectory_offset_invalid]" time="0.002" /><testcase classname="tests.test_trajectory_spool" name="test_invalid_append_fails_closed[appended5-trajectory_offset_invalid]" time="0.002" /><testcase classname="tests.test_trajectory_spool" name="test_invalid_append_fails_closed[appended6-trajectory_center_invalid]" time="0.002" /><testcase classname="tests.test_trajectory_spool" name="test_invalid_append_fails_closed[appended7-trajectory_center_invalid]" time="0.002" /><testcase classname="tests.test_trajectory_spool" name="test_invalid_append_fails_closed[appended8-trajectory_center_invalid]" time="0.002" /><testcase classname="tests.test_trajectory_spool" name="test_invalid_append_fails_closed[appended9-trajectory_center_invalid]" time="0.002" /><testcase classname="tests.test_trajectory_spool" name="test_invalid_append_fails_closed[appended10-trajectory_center_invalid]" time="0.002" /><testcase classname="tests.test_trajectory_spool" name="test_damaged_spool_fails_closed_before_publication[&lt;lambda&gt;-staging_read_size_mismatch|trajectory_spool_corrupt]" time="0.017" /><testcase classname="tests.test_trajectory_spool" name="test_damaged_spool_fails_closed_before_publication[&lt;lambda&gt;-staging_read_size_mismatch0]" time="0.016" /><testcase classname="tests.test_trajectory_spool" name="test_damaged_spool_fails_closed_before_publication[&lt;lambda&gt;-staging_read_size_mismatch1]" time="0.016" /><testcase classname="tests.test_trajectory_spool" name="test_damaged_spool_fails_closed_before_publication[&lt;lambda&gt;-staging_read_size_mismatch2]" time="0.015" /><testcase classname="tests.test_trajectory_spool" name="test_damaged_spool_fails_closed_before_publication[&lt;lambda&gt;-trajectory_spool_corrupt0]" time="0.026" /><testcase classname="tests.test_trajectory_spool" name="test_damaged_spool_fails_closed_before_publication[&lt;lambda&gt;-trajectory_spool_corrupt1]" time="0.019" /><testcase classname="tests.test_trajectory_spool" name="test_damaged_spool_fails_closed_before_publication[&lt;lambda&gt;-trajectory_spool_corrupt2]" time="0.021" /><testcase classname="tests.test_trajectory_spool" name="test_deleted_spool_fails_closed" time="0.023" /><testcase classname="tests.test_trajectory_spool" name="test_misaligned_read_fails_closed" time="0.019" /><testcase classname="tests.test_trajectory_spool" name="test_foreign_write_between_spills_fails_at_the_next_spill" time="0.007" /><testcase classname="tests.test_trajectory_spool" name="test_corrupted_record_values_fail_closed" time="0.016" /><testcase classname="tests.test_trajectory_spool" name="test_finalise_is_single_use_and_publish_failure_keeps_spool_for_cleanup" time="0.004" /><testcase classname="tests.test_trajectory_spool" name="test_invalid_chunk_sizes_are_rejected[0]" time="0.002" /><testcase classname="tests.test_trajectory_spool" name="test_invalid_chunk_sizes_are_rejected[-1]" time="0.002" /><testcase classname="tests.test_trajectory_spool" name="test_invalid_chunk_sizes_are_rejected[True]" time="0.002" /><testcase classname="tests.test_trajectory_spool" name="test_invalid_chunk_sizes_are_rejected[1.0]" time="0.002" /><testcase classname="tests.test_trajectory_spool" name="test_invalid_chunk_sizes_are_rejected[1048577]" time="0.004" /><testcase classname="tests.test_trajectory_spool" name="test_many_live_spools_hold_no_file_handles" time="2.403" /><testcase classname="tests.test_trajectory_spool" name="test_golden_scene_analytics_fixture_reproduced_through_the_spool[1]" time="0.039" /><testcase classname="tests.test_trajectory_spool" name="test_golden_scene_analytics_fixture_reproduced_through_the_spool[2]" time="0.028" /><testcase classname="tests.test_trajectory_spool" name="test_golden_scene_analytics_fixture_reproduced_through_the_spool[3]" time="0.029" /><testcase classname="tests.test_trajectory_spool" name="test_golden_scene_analytics_fixture_reproduced_through_the_spool[4096]" time="0.026" /><testcase classname="tests.test_evidence_profile" name="test_shipped_profile_carries_the_versioned_evidence_policy" time="0.001" /><testcase classname="tests.test_evidence_profile" name="test_qualification_record_binds_the_changed_profile_and_stays_pending" time="0.000" /><testcase classname="tests.test_evidence_profile" name="test_out_of_bound_or_unversioned_evidence_values_are_refused[path0-2048]" time="0.003" /><testcase classname="tests.test_evidence_profile" name="test_out_of_bound_or_unversioned_evidence_values_are_refused[path1-90]" time="0.003" /><testcase classname="tests.test_evidence_profile" name="test_out_of_bound_or_unversioned_evidence_values_are_refused[path2-65537]" time="0.002" /><testcase classname="tests.test_evidence_profile" name="test_out_of_bound_or_unversioned_evidence_values_are_refused[path3-200000]" time="0.002" /><testcase classname="tests.test_evidence_profile" name="test_out_of_bound_or_unversioned_evidence_values_are_refused[path4-64]" time="0.002" /><testcase classname="tests.test_evidence_profile" name="test_out_of_bound_or_unversioned_evidence_values_are_refused[path5-40]" time="0.002" /><testcase classname="tests.test_evidence_profile" name="test_out_of_bound_or_unversioned_evidence_values_are_refused[path6-0.9]" time="0.002" /><testcase classname="tests.test_evidence_profile" name="test_out_of_bound_or_unversioned_evidence_values_are_refused[path7-value7]" time="0.002" /><testcase classname="tests.test_evidence_profile" name="test_out_of_bound_or_unversioned_evidence_values_are_refused[path8-value8]" time="0.002" /><testcase classname="tests.test_evidence_profile" name="test_out_of_bound_or_unversioned_evidence_values_are_refused[path9-evidence-jpeg-ladder-v2]" time="0.002" /><testcase classname="tests.test_evidence_profile" name="test_out_of_bound_or_unversioned_evidence_values_are_refused[path10-2147483648]" time="0.002" /><testcase classname="tests.test_evidence_profile" name="test_out_of_bound_or_unversioned_evidence_values_are_refused[path11-evidence-selector-v2]" time="0.002" /><testcase classname="tests.test_evidence_profile" name="test_out_of_bound_or_unversioned_evidence_values_are_refused[path12-evidence-selector-v1]" time="0.002" /><testcase classname="tests.test_evidence_profile" name="test_out_of_bound_or_unversioned_evidence_values_are_refused[path13-quality-v1]" time="0.002" /><testcase classname="tests.test_evidence_profile" name="test_out_of_bound_or_unversioned_evidence_values_are_refused[path14-quality-v3]" time="0.002" /><testcase classname="tests.test_evidence_profile" name="test_out_of_bound_or_unversioned_evidence_values_are_refused[path15-0.0]" time="0.002" /><testcase classname="tests.test_evidence_profile" name="test_out_of_bound_or_unversioned_evidence_values_are_refused[path16-0.6]" time="0.002" /><testcase classname="tests.test_evidence_profile" name="test_out_of_bound_or_unversioned_evidence_values_are_refused[path17-0.0200005]" time="0.002" /><testcase classname="tests.test_evidence_profile" name="test_out_of_bound_or_unversioned_evidence_values_are_refused[path18-0.0]" time="0.002" /><testcase classname="tests.test_evidence_profile" name="test_out_of_bound_or_unversioned_evidence_values_are_refused[path19-5.0]" time="0.002" /><testcase classname="tests.test_evidence_profile" name="test_out_of_bound_or_unversioned_evidence_values_are_refused[path20-0]" time="0.004" /><testcase classname="tests.test_evidence_profile" name="test_out_of_bound_or_unversioned_evidence_values_are_refused[path21-3600001]" time="0.002" /><testcase classname="tests.test_evidence_profile" name="test_out_of_bound_or_unversioned_evidence_values_are_refused[path22-0.71]" time="0.002" /><testcase classname="tests.test_evidence_profile" name="test_out_of_bound_or_unversioned_evidence_values_are_refused[path23-1.5]" time="0.002" /><testcase classname="tests.test_evidence_profile" name="test_out_of_bound_or_unversioned_evidence_values_are_refused[path24--0.1]" time="0.002" /><testcase classname="tests.test_evidence_profile" name="test_out_of_bound_or_unversioned_evidence_values_are_refused[path25-nan]" time="0.002" /><testcase classname="tests.test_evidence_profile" name="test_profile_shape_is_closed[missing_section]" time="0.002" /><testcase classname="tests.test_evidence_profile" name="test_profile_shape_is_closed[extra_field]" time="0.002" /><testcase classname="tests.test_evidence_profile" name="test_profile_shape_is_closed[schema_1_0]" time="0.002" /><testcase classname="tests.test_evidence_profile" name="test_profile_shape_is_closed[encoder_extra]" time="0.005" /><testcase classname="tests.test_evidence_profile" name="test_any_parameter_change_changes_the_profile_identity" time="0.002" /><testcase classname="tests.test_evidence_quality" name="test_quality_score_is_formula_v1_quantised_to_millionths" time="0.008" /><testcase classname="tests.test_evidence_quality" name="test_quantise_floors_and_clamps_exactly" time="0.000" /><testcase classname="tests.test_evidence_quality" name="test_occlusion_uses_every_other_credible_detection_of_both_classes" time="0.000" /><testcase classname="tests.test_evidence_quality" name="test_an_identical_second_detection_counts_as_full_occlusion" time="0.000" /><testcase classname="tests.test_evidence_quality" name="test_penalty_weight_lowers_only_the_selection_score" time="0.000" /><testcase classname="tests.test_evidence_quality" name="test_candidate_without_its_source_detection_fails_closed" time="0.000" /><testcase classname="tests.test_evidence_quality" name="test_iou_is_symmetric_and_zero_for_disjoint_boxes" time="0.000" /><testcase classname="tests.test_evidence_quality" name="test_scorer_version_is_quality_v2_and_the_policy_scorer_uses_confidence_floor" time="0.000" /><testcase classname="tests.test_evidence_quality" name="test_the_policy_scorer_follows_the_profiles_confidence_floor" time="0.000" /><testcase classname="tests.test_evidence_quality" name="test_low_confidence_duplicate_is_ignored" time="0.000" /><testcase classname="tests.test_evidence_quality" name="test_detection_exactly_at_the_floor_is_counted_and_just_below_is_not" time="0.000" /><testcase classname="tests.test_evidence_quality" name="test_high_confidence_same_class_overlap_is_counted" time="0.000" /><testcase classname="tests.test_evidence_quality" name="test_high_confidence_cross_class_overlap_is_counted" time="0.000" /><testcase classname="tests.test_evidence_quality" name="test_the_strongest_credible_competitor_wins_over_a_stronger_sub_floor_overlap" time="0.000" /><testcase classname="tests.test_evidence_quality" name="test_a_sub_floor_source_detection_is_still_excluded_as_the_candidate_itself" time="0.000" /><testcase classname="tests.test_evidence_quality" name="test_the_competitor_floor_is_mandatory_and_bounded" time="0.000" /><testcase classname="tests.test_evidence_encoder" name="test_ladder_steps_are_exact_from_the_1024_start" time="0.000" /><testcase classname="tests.test_evidence_encoder" name="test_ladder_for_mid_and_small_crops_never_upscales" time="0.000" /><testcase classname="tests.test_evidence_encoder" name="test_scaled_size_keeps_aspect_with_half_up_rounding" time="0.000" /><testcase classname="tests.test_evidence_encoder" name="test_stops_at_the_first_step_under_cap[0]" time="0.019" /><testcase classname="tests.test_evidence_encoder" name="test_stops_at_the_first_step_under_cap[1]" time="0.019" /><testcase classname="tests.test_evidence_encoder" name="test_stops_at_the_first_step_under_cap[2]" time="0.025" /><testcase classname="tests.test_evidence_encoder" name="test_stops_at_the_first_step_under_cap[11]" time="0.060" /><testcase classname="tests.test_evidence_encoder" name="test_stops_at_the_first_step_under_cap[12]" time="0.059" /><testcase classname="tests.test_evidence_encoder" name="test_stops_at_the_first_step_under_cap[14]" time="0.062" /><testcase classname="tests.test_evidence_encoder" name="test_returns_none_past_the_floor_after_exactly_fifteen_attempts" time="0.125" /><testcase classname="tests.test_evidence_encoder" name="test_never_upscales_a_small_crop" time="0.001" /><testcase classname="tests.test_evidence_encoder" name="test_small_smooth_crop_is_admitted_at_the_first_step_with_real_dimensions" time="0.001" /><testcase classname="tests.test_evidence_encoder" name="test_large_crop_is_downscaled_to_1024_and_the_decoded_size_matches" time="0.053" /><testcase classname="tests.test_evidence_encoder" name="test_adversarial_noise_is_admitted_as_measured_under_each_cap" time="0.090" /><testcase classname="tests.test_evidence_encoder" name="test_encoding_is_deterministic_within_a_process" time="0.003" /><testcase classname="tests.test_evidence_encoder" name="test_golden_bytes_per_runtime_variant[noise-500x300-representative]" time="0.004" /><testcase classname="tests.test_evidence_encoder" name="test_golden_bytes_per_runtime_variant[smooth-400x300-supplemental]" time="0.004" /><testcase classname="tests.test_evidence_encoder" name="test_every_qualified_variant_has_a_complete_pin" time="0.000" /><testcase classname="tests.test_evidence_encoder" name="test_extreme_aspect_ratios_and_one_pixel_edges[1-1]" time="0.001" /><testcase classname="tests.test_evidence_encoder" name="test_extreme_aspect_ratios_and_one_pixel_edges[1-2000]" time="0.001" /><testcase classname="tests.test_evidence_encoder" name="test_extreme_aspect_ratios_and_one_pixel_edges[2000-1]" time="0.001" /><testcase classname="tests.test_evidence_encoder" name="test_extreme_aspect_ratios_and_one_pixel_edges[3-1500]" time="0.001" /><testcase classname="tests.test_evidence_encoder" name="test_extreme_aspect_ratios_and_one_pixel_edges[1500-3]" time="0.001" /><testcase classname="tests.test_evidence_encoder" name="test_output_is_baseline_420_without_metadata" time="0.002" /><testcase classname="tests.test_evidence_encoder" name="test_empty_crop_is_not_admitted_and_malformed_crops_fail_closed" time="0.000" /><testcase classname="tests.test_evidence_encoder" name="test_ladder_steps_value_type" time="0.000" /><testcase classname="tests.test_evidence_selector" name="test_representative_replaces_only_beyond_epsilon" time="0.000" /><testcase classname="tests.test_evidence_selector" name="test_epsilon_boundary_is_strict_and_exact[0.52-False]" time="0.000" /><testcase classname="tests.test_evidence_selector" name="test_epsilon_boundary_is_strict_and_exact[0.520001-True]" time="0.000" /><testcase classname="tests.test_evidence_selector" name="test_epsilon_boundary_is_strict_and_exact[0.519999-False]" time="0.000" /><testcase classname="tests.test_evidence_selector" name="test_epsilon_boundary_is_strict_and_exact[0.5-False]" time="0.000" /><testcase classname="tests.test_evidence_selector" name="test_first_admissible_candidate_is_the_representative" time="0.000" /><testcase classname="tests.test_evidence_selector" name="test_better_candidate_that_fails_encoding_keeps_the_valid_holder" time="0.000" /><testcase classname="tests.test_evidence_selector" name="test_encodes_only_candidates_that_would_replace_a_holder" time="0.000" /><testcase classname="tests.test_evidence_selector" name="test_representative_invariant_holds_against_an_independent_oracle" time="0.060" /><testcase classname="tests.test_evidence_selector" name="test_first_qualified_candidate_displaces_a_fallback_whatever_its_score" time="0.000" /><testcase classname="tests.test_evidence_selector" name="test_fallback_holders_follow_the_epsilon_rule_among_themselves" time="0.000" /><testcase classname="tests.test_evidence_selector" name="test_fallback_ties_and_the_exact_epsilon_keep_the_earlier_frame" time="0.000" /><testcase classname="tests.test_evidence_selector" name="test_a_qualified_candidate_that_fails_encoding_leaves_the_fallback_in_place" time="0.000" /><testcase classname="tests.test_evidence_selector" name="test_supplementals_see_the_current_representative_after_displacing_a_fallback" time="0.000" /><testcase classname="tests.test_evidence_selector" name="test_a_fallback_representative_never_qualifies_a_frame_for_a_supplemental_role" time="0.000" /><testcase classname="tests.test_evidence_selector" name="test_unqualified_frames_never_hold_a_supplemental_role[spec0-0.49]" time="0.000" /><testcase classname="tests.test_evidence_selector" name="test_unqualified_frames_never_hold_a_supplemental_role[spec1-0.9]" time="0.000" /><testcase classname="tests.test_evidence_selector" name="test_unqualified_frames_never_hold_a_supplemental_role[spec2-0.9]" time="0.000" /><testcase classname="tests.test_evidence_selector" name="test_unqualified_frames_never_hold_a_supplemental_role[spec3-0.9]" time="0.000" /><testcase classname="tests.test_evidence_selector" name="test_qualification_thresholds_are_inclusive_floors" time="0.000" /><testcase classname="tests.test_evidence_selector" name="test_real_scorer_disqualifies_an_occluded_frame" time="0.001" /><testcase classname="tests.test_evidence_selector" name="test_real_scorer_ignores_a_sub_floor_overlap" time="0.001" /><testcase classname="tests.test_evidence_selector" name="test_near_view_seeds_on_the_first_non_duplicate_and_never_on_the_representative_frame" time="0.000" /><testcase classname="tests.test_evidence_selector" name="test_near_view_grows_by_hysteresis_only[0.3125-False0]" time="0.000" /><testcase classname="tests.test_evidence_selector" name="test_near_view_grows_by_hysteresis_only[0.3125-False1]" time="0.000" /><testcase classname="tests.test_evidence_selector" name="test_near_view_grows_by_hysteresis_only[0.31250000000000006-True]" time="0.000" /><testcase classname="tests.test_evidence_selector" name="test_near_view_grows_by_hysteresis_only[0.5-True]" time="0.000" /><testcase classname="tests.test_evidence_selector" name="test_repeated_marginal_improvements_do_not_thrash" time="0.000" /><testcase classname="tests.test_evidence_selector" name="test_near_view_skips_near_duplicates_of_the_representative" time="0.000" /><testcase classname="tests.test_evidence_selector" name="test_near_view_ties_keep_the_earlier_frame" time="0.000" /><testcase classname="tests.test_evidence_selector" name="test_early_diverse_takes_the_best_view_inside_the_window_and_freezes_after_it" time="0.000" /><testcase classname="tests.test_evidence_selector" name="test_early_diverse_requires_separation_at_evaluation_time" time="0.000" /><testcase classname="tests.test_evidence_selector" name="test_early_window_is_anchored_to_track_start_not_frame_zero" time="0.000" /><testcase classname="tests.test_evidence_selector" name="test_track_without_an_early_candidate_has_no_early_role" time="0.000" /><testcase classname="tests.test_evidence_selector" name="test_late_diverse_is_a_trailing_view_refreshed_at_the_interval" time="0.001" /><testcase classname="tests.test_evidence_selector" name="test_late_diverse_does_not_refresh_too_soon" time="0.000" /><testcase classname="tests.test_evidence_selector" name="test_one_frame_never_takes_two_roles_during_selection" time="0.000" /><testcase classname="tests.test_evidence_selector" name="test_resolve_omits_duplicates_in_role_order_and_reranks_contiguously" time="0.000" /><testcase classname="tests.test_evidence_selector" name="test_resolve_is_idempotent_and_pure" time="0.000" /><testcase classname="tests.test_evidence_selector" name="test_no_admissible_representative_resolves_to_nothing" time="0.000" /><testcase classname="tests.test_evidence_selector" name="test_resolved_order_and_ranks_are_canonical" time="0.000" /><testcase classname="tests.test_evidence_selector" name="test_selector_holds_at_most_four_encoded_images_and_no_ndarray" time="0.009" /><testcase classname="tests.test_evidence_admission" name="test_everything_fits_so_nothing_is_omitted_or_changed" time="0.000" /><testcase classname="tests.test_evidence_admission" name="test_representatives_are_admitted_first_then_rounds_by_role" time="0.000" /><testcase classname="tests.test_evidence_admission" name="test_within_a_round_orders_by_score_desc_then_track_id" time="0.000" /><testcase classname="tests.test_evidence_admission" name="test_tight_quota_omits_and_continues" time="0.000" /><testcase classname="tests.test_evidence_admission" name="test_representatives_over_quota_fail_closed" time="0.000" /><testcase classname="tests.test_evidence_admission" name="test_representatives_exactly_filling_the_quota_are_admitted" time="0.000" /><testcase classname="tests.test_evidence_admission" name="test_omission_reranks_contiguously_without_gaps" time="0.000" /><testcase classname="tests.test_evidence_admission" name="test_accounting_sums_match_descriptors_and_satisfy_the_result_contract" time="0.003" /><testcase classname="tests.test_evidence_admission" name="test_admission_is_deterministic_regardless_of_input_order" time="0.001" /><testcase classname="tests.test_evidence_admission" name="test_track_id_order_is_ordinal_like_the_platform" time="0.000" /><testcase classname="tests.test_evidence_admission" name="test_track_without_a_representative_is_refused" time="0.000" /><testcase classname="tests.test_evidence_pipeline" name="test_one_long_track_carries_all_four_roles_in_canonical_order" time="0.123" /><testcase classname="tests.test_evidence_pipeline" name="test_short_featureless_track_still_gets_a_fallback_representative" time="0.054" /><testcase classname="tests.test_evidence_pipeline" name="test_evidence_is_staged_once_at_retirement_never_before" time="0.160" /><testcase classname="tests.test_evidence_pipeline" name="test_eos_finalises_live_tracks_and_retired_tracks_are_not_redone" time="0.123" /><testcase classname="tests.test_evidence_pipeline" name="test_lease_lost_during_evidence_staging_publishes_nothing_further" time="0.076" /><testcase classname="tests.test_evidence_pipeline" name="test_omitted_supplementals_are_removed_from_staging_and_absent_from_result" time="0.305" /><testcase classname="tests.test_evidence_pipeline" name="test_attempt_n_cleans_n_minus_one_including_its_evidence" time="0.148" /><testcase classname="tests.test_evidence_pipeline" name="test_no_admissible_representative_fails_the_attempt_and_cleans_staging" time="0.011" /><testcase classname="tests.test_evidence_pipeline" name="test_track_beyond_the_contract_limit_fails_before_staging_it" time="0.009" /><testcase classname="tests.test_evidence_pipeline" name="test_encoder_failure_fails_the_attempt_and_cleans_staging" time="0.010" /><testcase classname="tests.test_evidence_pipeline" name="test_staging_write_failure_fails_the_attempt_and_cleans_staging" time="0.038" /><testcase classname="tests.test_evidence_pipeline" name="test_result_observations_are_canonical_and_descriptor_only" time="0.139" /><testcase classname="tests.test_evidence_pipeline" name="test_determinism_same_input_same_evidence" time="0.253" /><testcase classname="tests.test_evidence_pipeline" name="test_live_track_state_holds_no_ndarray_and_at_most_four_images" time="0.666" /><testcase classname="tests.test_evidence_pipeline" name="test_evidence_memory_is_flat_with_track_duration" time="1.410" /><testcase classname="tests.test_evidence_pipeline" name="test_many_live_selectors_retain_only_their_holders" time="0.625" /><testcase classname="tests.test_evidence_pipeline" name="test_frame_reader_defaults_to_the_real_decoder" time="0.004" /><testcase classname="tests.test_evidence_pipeline" name="test_a_substituted_frame_reader_feeds_the_real_pipeline" time="0.062" /><testcase classname="tests.test_evidence_pipeline" name="test_a_substituted_frame_reader_does_not_bypass_source_integrity" time="0.003" /><testcase classname="tests.test_evidence_scripted_corpus" name="test_golden_selection_on_the_scripted_corpus[line-crossing-False]" time="0.023" /><testcase classname="tests.test_evidence_scripted_corpus" name="test_golden_selection_on_the_scripted_corpus[zone-dwell-exit-False]" time="0.023" /><testcase classname="tests.test_evidence_scripted_corpus" name="test_golden_selection_on_the_scripted_corpus[stationary-then-depart-False]" time="0.022" /><testcase classname="tests.test_evidence_scripted_corpus" name="test_golden_selection_on_the_scripted_corpus[line-crossing-True]" time="0.029" /><testcase classname="tests.test_evidence_scripted_corpus" name="test_golden_selection_on_the_scripted_corpus[zone-dwell-exit-True]" time="0.030" /><testcase classname="tests.test_evidence_scripted_corpus" name="test_golden_selection_on_the_scripted_corpus[stationary-then-depart-True]" time="0.029" /><testcase classname="tests.test_worker_completion_v3" name="test_capability_probe_accepts_a_platform_listing_completion_3" time="0.006" /><testcase classname="tests.test_worker_completion_v3" name="test_incompatible_or_malformed_capabilities_are_unsupported[no-3.0]" time="0.004" /><testcase classname="tests.test_worker_completion_v3" name="test_incompatible_or_malformed_capabilities_are_unsupported[empty]" time="0.004" /><testcase classname="tests.test_worker_completion_v3" name="test_incompatible_or_malformed_capabilities_are_unsupported[not-an-array]" time="0.003" /><testcase classname="tests.test_worker_completion_v3" name="test_incompatible_or_malformed_capabilities_are_unsupported[non-string]" time="0.003" /><testcase classname="tests.test_worker_completion_v3" name="test_incompatible_or_malformed_capabilities_are_unsupported[control-plane-not-2.0]" time="0.003" /><testcase classname="tests.test_worker_completion_v3" name="test_incompatible_or_malformed_capabilities_are_unsupported[missing-control-plane-version]" time="0.003" /><testcase classname="tests.test_worker_completion_v3" name="test_incompatible_or_malformed_capabilities_are_unsupported[malformed]" time="0.003" /><testcase classname="tests.test_worker_completion_v3" name="test_incompatible_or_malformed_capabilities_are_unsupported[predates-probe-404]" time="0.003" /><testcase classname="tests.test_worker_completion_v3" name="test_incompatible_or_malformed_capabilities_are_unsupported[predates-probe-405]" time="0.003" /><testcase classname="tests.test_worker_completion_v3" name="test_capability_probe_server_error_is_an_ordinary_api_error" time="0.003" /><testcase classname="tests.test_worker_completion_v3" name="test_capability_probe_transport_error_is_an_ordinary_api_error" time="0.003" /><testcase classname="tests.test_worker_completion_v3" name="test_worker_body_is_byte_equivalent_to_the_golden_example" time="0.004" /><testcase classname="tests.test_worker_completion_v3" name="test_worker_body_validates_against_the_v3_json_schema" time="0.007" /><testcase classname="tests.test_worker_completion_v3" name="test_contract_rejection_raises_unsupported_and_sends_nothing_else" time="0.004" /><testcase classname="tests.test_worker_completion_v3" name="test_an_invalid_local_body_is_refused_before_anything_is_sent" time="0.003" /><testcase classname="tests.test_worker_completion_v3" name="test_other_bad_requests_are_not_contract_rejections" time="0.004" /><testcase classname="tests.test_worker_completion_v3" name="test_a_2_0_completion_echo_is_rejected" time="0.004" /><testcase classname="tests.test_worker_completion_v3" name="test_worst_shape_body_stays_within_the_budget" time="4.984" /><testcase classname="tests.test_worker_completion_v3" name="test_pipeline_generated_body_validates_against_schema_and_model[all-admitted]" time="0.180" /><testcase classname="tests.test_worker_completion_v3" name="test_pipeline_generated_body_validates_against_schema_and_model[supplementals-omitted]" time="0.346" /><testcase classname="tests.test_worker_completion_v3" name="test_python_v3_model_rejects_every_shared_invalid_vector[v2 version token]" time="0.001" /><testcase classname="tests.test_worker_completion_v3" name="test_python_v3_model_rejects_every_shared_invalid_vector[evidence accounting missing]" time="0.001" /><testcase classname="tests.test_worker_completion_v3" name="test_python_v3_model_rejects_every_shared_invalid_vector[v2 representative member]" time="0.001" /><testcase classname="tests.test_worker_completion_v3" name="test_python_v3_model_rejects_every_shared_invalid_vector[observations missing]" time="0.001" /><testcase classname="tests.test_worker_completion_v3" name="test_python_v3_model_rejects_every_shared_invalid_vector[observations empty]" time="0.001" /><testcase classname="tests.test_worker_completion_v3" name="test_python_v3_model_rejects_every_shared_invalid_vector[five observations]" time="0.001" /><testcase classname="tests.test_worker_completion_v3" name="test_python_v3_model_rejects_every_shared_invalid_vector[unknown role]" time="0.001" /><testcase classname="tests.test_worker_completion_v3" name="test_python_v3_model_rejects_every_shared_invalid_vector[retired legacy role]" time="0.001" /><testcase classname="tests.test_worker_completion_v3" name="test_python_v3_model_rejects_every_shared_invalid_vector[rank above three]" time="0.001" /><testcase classname="tests.test_worker_completion_v3" name="test_python_v3_model_rejects_every_shared_invalid_vector[representative not rank zero]" time="0.001" /><testcase classname="tests.test_worker_completion_v3" name="test_python_v3_model_rejects_every_shared_invalid_vector[supplemental at rank zero]" time="0.001" /><testcase classname="tests.test_worker_completion_v3" name="test_python_v3_model_rejects_every_shared_invalid_vector[representative crop above 64 KiB]" time="0.001" /><testcase classname="tests.test_worker_completion_v3" name="test_python_v3_model_rejects_every_shared_invalid_vector[supplemental crop above 160 KiB]" time="0.001" /><testcase classname="tests.test_worker_completion_v3" name="test_python_v3_model_rejects_every_shared_invalid_vector[empty crop]" time="0.001" /><testcase classname="tests.test_worker_completion_v3" name="test_python_v3_model_rejects_every_shared_invalid_vector[crop media type]" time="0.001" /><testcase classname="tests.test_worker_completion_v3" name="test_python_v3_model_rejects_every_shared_invalid_vector[selection score above one]" time="0.001" /><testcase classname="tests.test_worker_completion_v3" name="test_python_v3_model_rejects_every_shared_invalid_vector[unknown observation member]" time="0.001" /><testcase classname="tests.test_worker_completion_v3" name="test_python_v3_model_rejects_every_shared_invalid_vector[camelCase accounting role]" time="0.001" /><testcase classname="tests.test_worker_completion_v3" name="test_python_v3_model_rejects_every_shared_invalid_vector[negative omitted]" time="0.001" /><testcase classname="tests.test_worker_completion_v3" name="test_python_v3_model_rejects_every_shared_invalid_vector[duplicate role]" time="0.001" /><testcase classname="tests.test_worker_completion_v3" name="test_python_v3_model_rejects_every_shared_invalid_vector[rank gap]" time="0.001" /><testcase classname="tests.test_worker_completion_v3" name="test_python_v3_model_rejects_every_shared_invalid_vector[duplicate source frame]" time="0.001" /><testcase classname="tests.test_worker_completion_v3" name="test_python_v3_model_rejects_every_shared_invalid_vector[crop key for another role]" time="0.001" /><testcase classname="tests.test_worker_completion_v3" name="test_python_v3_model_rejects_every_shared_invalid_vector[v2 thumbnail crop key]" time="0.001" /><testcase classname="tests.test_worker_completion_v3" name="test_python_v3_model_rejects_every_shared_invalid_vector[admitted does not match observations]" time="0.001" /><testcase classname="tests.test_worker_completion_v3" name="test_python_v3_model_rejects_every_shared_invalid_vector[admitted bytes do not match crops]" time="0.001" /><testcase classname="tests.test_worker_completion_v3" name="test_python_v3_model_rejects_every_shared_invalid_vector[omitted is not candidates minus admitted]" time="0.001" /><testcase classname="tests.test_worker_completion_v3" name="test_python_v3_model_rejects_every_shared_invalid_vector[representative candidates differ from track count]" time="0.001" /><testcase classname="tests.test_worker_completion_v3" name="test_python_v3_model_rejects_every_shared_invalid_vector[observation outside its track]" time="0.001" /><testcase classname="tests.test_worker_completion_v3" name="test_python_v3_model_follows_the_shared_integer_conformance_corpus" time="0.005" /><testcase classname="tests.test_completion_contract_bounds" name="test_completion_contracts_share_server_provenance_identity_bounds[modelId-mmmmmmmmmmmmmmmmmmmmmmmmmmmmmmmmmmmmmmmmmmmmmmmmmmmmmmmmmmmmmmmmmmmmmmmmmmmmmmmmmmmmmmmmmmmmmmmmmmmmmmmmmmmmmmmmmmmmmmmmmmmmmmmmm]" time="0.026" /><testcase classname="tests.test_completion_contract_bounds" name="test_completion_contracts_share_server_provenance_identity_bounds[modelVersion-vvvvvvvvvvvvvvvvvvvvvvvvvvvvvvvvvvvvvvvvvvvvvvvvvvvvvvvvvvvvvvvvvvvvvvvvvvvvvvvvvvvvvvvvvvvvvvvvvvvvvvvvvvvvvvvvvvvvvvvvvvvvvvvvv]" time="0.025" /><testcase classname="tests.test_completion_contract_bounds" name="test_completion_contracts_share_server_provenance_identity_bounds[trackers-ttttttttttttttttttttttttttttttttttttttttttttttttttttttttttttttttttttttttttttttttttttttttttttttttttttttttttttttttttttttttttttttttt]" time="0.025" /><testcase classname="tests.test_completion_contract_bounds" name="test_json_array_normalization_does_not_relax_strict_python_mode" time="0.001" /><testcase classname="tests.test_completion_contract_bounds" name="test_json_array_normalization_preserves_tuple_arity" time="0.001" /><testcase classname="tests.test_tracker_update" name="test_update_defaults_to_no_retirements" time="0.000" /><testcase classname="tests.test_tracker_update" name="test_update_accepts_disjoint_candidates_and_sorted_retirements" time="0.000" /><testcase classname="tests.test_tracker_update" name="test_update_rejects_per_update_contract_violations[candidates0-retired0-tracker_update_invalid]" time="0.000" /><testcase classname="tests.test_tracker_update" name="test_update_rejects_per_update_contract_violations[candidates1-retired1-tracker_update_invalid]" time="0.000" /><testcase classname="tests.test_tracker_update" name="test_update_rejects_per_update_contract_violations[candidates2-retired2-tracker_update_invalid]" time="0.000" /><testcase classname="tests.test_tracker_update" name="test_update_rejects_per_update_contract_violations[candidates3-retired3-tracker_update_invalid]" time="0.000" /><testcase classname="tests.test_tracker_update" name="test_update_rejects_per_update_contract_violations[candidates4-retired4-tracker_update_invalid]" time="0.000" /><testcase classname="tests.test_tracker_update" name="test_update_rejects_per_update_contract_violations[candidates5-retired5-tracker_update_invalid]" time="0.000" /><testcase classname="tests.test_tracker_update" name="test_update_rejects_per_update_contract_violations[candidates6-retired6-tracker_update_candidate_duplicate]" time="0.000" /><testcase classname="tests.test_tracker_update" name="test_update_rejects_per_update_contract_violations[candidates7-retired7-tracker_update_retirement_duplicate]" time="0.000" /><testcase classname="tests.test_tracker_update" name="test_update_rejects_per_update_contract_violations[candidates8-retired8-tracker_update_retirement_unordered]" time="0.000" /><testcase classname="tests.test_tracker_update" name="test_update_rejects_per_update_contract_violations[candidates9-retired9-tracker_update_retired_candidate]" time="0.000" /><testcase classname="tests.test_track_finalization" name="test_prepare_track_is_deterministic_and_side_effect_free" time="0.001" /><testcase classname="tests.test_track_finalization" name="test_prepare_track_tolerates_floating_point_accumulation_noise" time="0.000" /><testcase classname="tests.test_track_finalization" name="test_prepare_track_tolerance_scales_with_track_length" time="0.106" /><testcase classname="tests.test_track_finalization" name="test_prepare_track_rejects_an_excess_just_beyond_rounding" time="0.001" /><testcase classname="tests.test_track_finalization" name="test_prepare_track_rejects_non_finite_and_out_of_range_confidence[nan-0.9]" time="0.000" /><testcase classname="tests.test_track_finalization" name="test_prepare_track_rejects_non_finite_and_out_of_range_confidence[0.9-nan]" time="0.000" /><testcase classname="tests.test_track_finalization" name="test_prepare_track_rejects_non_finite_and_out_of_range_confidence[inf-0.9]" time="0.000" /><testcase classname="tests.test_track_finalization" name="test_prepare_track_rejects_non_finite_and_out_of_range_confidence[0.9-inf]" time="0.000" /><testcase classname="tests.test_track_finalization" name="test_prepare_track_rejects_non_finite_and_out_of_range_confidence[-0.1-0.9]" time="0.000" /><testcase classname="tests.test_track_finalization" name="test_prepare_track_rejects_non_finite_and_out_of_range_confidence[0.9--0.1]" time="0.000" /><testcase classname="tests.test_track_finalization" name="test_prepare_track_rejects_non_finite_and_out_of_range_confidence[1.2-1.2]" time="0.000" /><testcase classname="tests.test_track_finalization" name="test_prepare_track_rejects_non_finite_and_out_of_range_confidence[1.0000001-1.0000001]" time="0.000" /><testcase classname="tests.test_track_finalization" name="test_prepare_track_rejects_materially_inconsistent_confidence_aggregate" time="0.000" /><testcase classname="tests.test_track_finalization" name="test_prepare_track_rejects_missing_observations" time="0.000" /><testcase classname="tests.test_track_finalization" name="test_prepare_track_owns_trajectory_monotonicity" time="0.000" /><testcase classname="tests.test_track_finalization" name="test_prepare_track_rejects_trajectory_outside_track_bounds" time="0.000" /><testcase classname="tests.test_track_finalization" name="test_prepare_track_rejects_point_count_differing_from_detections" time="0.000" /><testcase classname="tests.test_track_finalization" name="test_prepare_track_requires_a_representative" time="0.000" /><testcase classname="tests.test_track_finalization" name="test_prepare_track_refuses_a_non_canonical_evidence_set[evidence0]" time="0.000" /><testcase classname="tests.test_track_finalization" name="test_prepare_track_refuses_a_non_canonical_evidence_set[evidence1]" time="0.000" /><testcase classname="tests.test_track_finalization" name="test_prepare_track_refuses_a_non_canonical_evidence_set[evidence2]" time="0.000" /><testcase classname="tests.test_track_finalization" name="test_prepare_track_refuses_a_non_canonical_evidence_set[evidence3]" time="0.000" /><testcase classname="tests.test_track_finalization" name="test_prepare_track_refuses_a_non_canonical_evidence_set[evidence4]" time="0.000" /><testcase classname="tests.test_track_finalization" name="test_prepare_track_accepts_the_full_canonical_set" time="0.000" /><testcase classname="tests.test_artifact_store" name="test_writes_atomic_artifact_and_returns_descriptor" time="0.026" /><testcase classname="tests.test_artifact_store" name="test_generates_canonical_thumbnail_and_trajectory_keys" time="0.002" /><testcase classname="tests.test_artifact_store" name="test_rejects_non_positive_attempt_count" time="0.002" /><testcase classname="tests.test_artifact_store" name="test_rejects_unsafe_track_ids_and_relative_names" time="0.002" /><testcase classname="tests.test_artifact_store" name="test_rejects_symlink_escape" time="0.000"><skipped type="pytest.skip" message="POSIX no-follow fixture">D:\a\MAVI\MAVI\src\vision\tests\test_artifact_store.py:82: POSIX no-follow fixture</skipped></testcase><testcase classname="tests.test_artifact_store" name="test_rejected_intermediate_symlink_does_not_create_outside_directories" time="0.000"><skipped type="pytest.skip" message="POSIX no-follow fixture">D:\a\MAVI\MAVI\src\vision\tests\test_artifact_store.py:95: POSIX no-follow fixture</skipped></testcase><testcase classname="tests.test_artifact_store" name="test_rejects_symlinked_job_root_and_cleanup_preserves_target" time="0.000"><skipped type="pytest.skip" message="POSIX no-follow fixture">D:\a\MAVI\MAVI\src\vision\tests\test_artifact_store.py:110: POSIX no-follow fixture</skipped></testcase><testcase classname="tests.test_artifact_store" name="test_directory_swap_during_write_cannot_redirect_artifact_outside_root" time="0.000"><skipped type="pytest.skip" message="POSIX no-follow fixture">D:\a\MAVI\MAVI\src\vision\tests\test_artifact_store.py:130: POSIX no-follow fixture</skipped></testcase><testcase classname="tests.test_artifact_store" name="test_attempts_with_same_relative_artifact_are_isolated" time="0.058" /><testcase classname="tests.test_artifact_store" name="test_cleanup_removes_only_current_attempt_staging_area" time="0.041" /><testcase classname="tests.test_artifact_store" name="test_superseded_attempt_selection_is_canonical_and_strictly_older[attempt-0001-2-1]" time="0.000" /><testcase classname="tests.test_artifact_store" name="test_superseded_attempt_selection_is_canonical_and_strictly_older[attempt-0001-3-1]" time="0.000" /><testcase classname="tests.test_artifact_store" name="test_superseded_attempt_selection_is_canonical_and_strictly_older[attempt-0002-3-2]" time="0.000" /><testcase classname="tests.test_artifact_store" name="test_superseded_attempt_selection_is_canonical_and_strictly_older[attempt-12345-12346-12345]" time="0.000" /><testcase classname="tests.test_artifact_store" name="test_superseded_attempt_selection_is_canonical_and_strictly_older[attempt-0002-2-None]" time="0.000" /><testcase classname="tests.test_artifact_store" name="test_superseded_attempt_selection_is_canonical_and_strictly_older[attempt-0003-2-None]" time="0.000" /><testcase classname="tests.test_artifact_store" name="test_superseded_attempt_selection_is_canonical_and_strictly_older[attempt-0000-5-None]" time="0.000" /><testcase classname="tests.test_artifact_store" name="test_superseded_attempt_selection_is_canonical_and_strictly_older[attempt-001-5-None]" time="0.000" /><testcase classname="tests.test_artifact_store" name="test_superseded_attempt_selection_is_canonical_and_strictly_older[attempt-00001-5-None]" time="0.000" /><testcase classname="tests.test_artifact_store" name="test_superseded_attempt_selection_is_canonical_and_strictly_older[attempt-0001.tmp-5-None]" time="0.000" /><testcase classname="tests.test_artifact_store" name="test_superseded_attempt_selection_is_canonical_and_strictly_older[attempt-0001 -5-None]" time="0.000" /><testcase classname="tests.test_artifact_store" name="test_superseded_attempt_selection_is_canonical_and_strictly_older[Attempt-0001-5-None]" time="0.000" /><testcase classname="tests.test_artifact_store" name="test_superseded_attempt_selection_is_canonical_and_strictly_older[attempt-+001-5-None]" time="0.000" /><testcase classname="tests.test_artifact_store" name="test_superseded_attempt_selection_is_canonical_and_strictly_older[attempt-\u0661\u0662\u0663\u0664-9999-None]" time="0.000" /><testcase classname="tests.test_artifact_store" name="test_superseded_attempt_selection_is_canonical_and_strictly_older[keep.bin-5-None]" time="0.000" /><testcase classname="tests.test_artifact_store" name="test_cleanup_superseded_attempts_removes_only_older_attempts_of_this_job" time="0.097" /><testcase classname="tests.test_artifact_store" name="test_cleanup_superseded_attempts_is_a_noop_for_the_first_attempt" time="0.023" /><testcase classname="tests.test_artifact_store" name="test_cleanup_superseded_attempts_tolerates_missing_staging" time="0.003" /><testcase classname="tests.test_artifact_store" name="test_cleanup_superseded_attempts_never_follows_a_linked_attempt" time="0.000"><skipped type="pytest.skip" message="POSIX no-follow fixture">D:\a\MAVI\MAVI\src\vision\tests\test_artifact_store.py:285: POSIX no-follow fixture</skipped></testcase><testcase classname="tests.test_artifact_store" name="test_cleanup_superseded_attempts_does_not_follow_links_inside_an_attempt" time="0.000"><skipped type="pytest.skip" message="POSIX no-follow fixture">D:\a\MAVI\MAVI\src\vision\tests\test_artifact_store.py:301: POSIX no-follow fixture</skipped></testcase><testcase classname="tests.test_artifact_store" name="test_cleanup_superseded_attempts_rejects_a_linked_job_root" time="0.000"><skipped type="pytest.skip" message="POSIX no-follow fixture">D:\a\MAVI\MAVI\src\vision\tests\test_artifact_store.py:318: POSIX no-follow fixture</skipped></testcase><testcase classname="tests.test_artifact_store" name="test_write_stream_publishes_concatenation_with_incremental_descriptor" time="0.030" /><testcase classname="tests.test_artifact_store" name="test_write_stream_source_failure_leaves_no_destination_or_temp" time="0.013" /><testcase classname="tests.test_artifact_store" name="test_write_stream_denied_authority_publishes_nothing" time="0.018" /><testcase classname="tests.test_artifact_store" name="test_write_stream_rejects_non_bytes_chunks" time="0.011" /><testcase classname="tests.test_artifact_store" name="test_append_bytes_accumulates_and_reports_size" time="0.004" /><testcase classname="tests.test_artifact_store" name="test_read_chunks_is_bounded_sequential_and_exact" time="0.003" /><testcase classname="tests.test_artifact_store" name="test_read_chunks_fails_closed_on_size_mismatch[2559]" time="0.003" /><testcase classname="tests.test_artifact_store" name="test_read_chunks_fails_closed_on_size_mismatch[2561]" time="0.004" /><testcase classname="tests.test_artifact_store" name="test_read_chunks_fails_closed_on_size_mismatch[0]" time="0.003" /><testcase classname="tests.test_artifact_store" name="test_read_chunks_of_missing_file_fails_closed" time="0.005" /><testcase classname="tests.test_artifact_store" name="test_remove_deletes_only_the_named_leaf" time="0.004" /><testcase classname="tests.test_artifact_store" name="test_remove_refuses_a_directory_and_has_no_recursive_form" time="0.004" /><testcase classname="tests.test_artifact_store" name="test_new_primitives_reject_traversal_names[../escape.traj]" time="0.002" /><testcase classname="tests.test_artifact_store" name="test_new_primitives_reject_traversal_names[/abs.traj]" time="0.003" /><testcase classname="tests.test_artifact_store" name="test_new_primitives_reject_traversal_names[spool\\x.traj]" time="0.002" /><testcase classname="tests.test_artifact_store" name="test_new_primitives_reject_traversal_names[spool/../x.traj]" time="0.002" /><testcase classname="tests.test_artifact_store" name="test_new_primitives_reject_traversal_names[spool//x.traj]" time="0.002" /><testcase classname="tests.test_artifact_store" name="test_new_primitives_reject_traversal_names[./x.traj]" time="0.002" /><testcase classname="tests.test_artifact_store" name="test_new_primitives_reject_traversal_names[C:x.traj]" time="0.002" /><testcase classname="tests.test_artifact_store" name="test_new_primitives_reject_traversal_names[]" time="0.002" /><testcase classname="tests.test_artifact_store" name="test_spool_name_rejects_unsafe_track_ids[../x]" time="0.002" /><testcase classname="tests.test_artifact_store" name="test_spool_name_rejects_unsafe_track_ids[a/b]" time="0.002" /><testcase classname="tests.test_artifact_store" name="test_spool_name_rejects_unsafe_track_ids[]" time="0.002" /><testcase classname="tests.test_artifact_store" name="test_spool_name_rejects_unsafe_track_ids[xxxxxxxxxxxxxxxxxxxxxxxxxxxxxxxxxxxxxxxxxxxxxxxxxxxxxxxxxxxxxxxxx]" time="0.002" /><testcase classname="tests.test_artifact_store" name="test_spool_name_rejects_unsafe_track_ids[a\\b]" time="0.002" /><testcase classname="tests.test_artifact_store" name="test_new_primitives_are_attempt_scoped" time="0.004" /><testcase classname="tests.test_artifact_store" name="test_append_read_and_remove_never_follow_a_leaf_symlink" time="0.000"><skipped type="pytest.skip" message="POSIX no-follow fixture">D:\a\MAVI\MAVI\src\vision\tests\test_artifact_store.py:492: POSIX no-follow fixture</skipped></testcase><testcase classname="tests.test_artifact_store" name="test_append_read_and_remove_refuse_a_symlinked_ancestor" time="0.000"><skipped type="pytest.skip" message="POSIX no-follow fixture">D:\a\MAVI\MAVI\src\vision\tests\test_artifact_store.py:518: POSIX no-follow fixture</skipped></testcase><testcase classname="tests.test_artifact_store" name="test_append_and_read_refuse_a_hard_linked_file" time="0.000"><skipped type="pytest.skip" message="POSIX no-follow fixture">D:\a\MAVI\MAVI\src\vision\tests\test_artifact_store.py:538: POSIX no-follow fixture</skipped></testcase><testcase classname="tests.test_artifact_store" name="test_append_and_read_refuse_a_fifo_without_blocking" time="0.000"><skipped type="pytest.skip" message="POSIX FIFO fixture">D:\a\MAVI\MAVI\src\vision\tests\test_artifact_store.py:560: POSIX FIFO fixture</skipped></testcase><testcase classname="tests.test_artifact_store" name="test_evidence_names_are_canonical_and_attempt_scoped" time="0.023" /><testcase classname="tests.test_artifact_store" name="test_evidence_names_reject_traversal_and_unknown_roles[../escape-representative]" time="0.003" /><testcase classname="tests.test_artifact_store" name="test_evidence_names_reject_traversal_and_unknown_roles[person/0001-representative]" time="0.002" /><testcase classname="tests.test_artifact_store" name="test_evidence_names_reject_traversal_and_unknown_roles[person-0001-../representative]" time="0.002" /><testcase classname="tests.test_artifact_store" name="test_evidence_names_reject_traversal_and_unknown_roles[person-0001-thumbnail]" time="0.002" /><testcase classname="tests.test_artifact_store" name="test_evidence_names_reject_traversal_and_unknown_roles[person-0001-Representative]" time="0.002" /><testcase classname="tests.test_artifact_store" name="test_evidence_names_reject_traversal_and_unknown_roles[person-0001-]" time="0.002" /><testcase classname="tests.test_artifact_store" name="test_evidence_write_and_remove_refuse_a_linked_evidence_directory" time="0.000"><skipped type="pytest.skip" message="POSIX no-follow fixture">D:\a\MAVI\MAVI\src\vision\tests\test_artifact_store.py:609: POSIX no-follow fixture</skipped></testcase><testcase classname="tests.test_artifact_store" name="test_duplicate_evidence_leaf_is_replaced_atomically_not_duplicated" time="0.040" /><testcase classname="tests.test_artifact_store_windows" name="test_windows_rejects_junction_in_attempt_ancestry" time="0.012" /><testcase classname="tests.test_artifact_store_windows" name="test_windows_parent_swap_cannot_redirect_publish" time="0.047" /><testcase classname="tests.test_artifact_store_windows" name="test_windows_cleanup_does_not_follow_reparse_point" time="0.044" /><testcase classname="tests.test_artifact_store_windows" name="test_windows_cleanup_preserves_sibling_attempt" time="0.042" /><testcase classname="tests.test_artifact_store_windows" name="test_windows_publish_rechecks_authority_immediately_before_replace" time="0.021" /><testcase classname="tests.test_artifact_store_windows" name="test_windows_denied_authority_leaves_no_destination_or_temp" time="0.018" /><testcase classname="tests.test_artifact_store_windows" name="test_windows_post_replace_identity_failure_rolls_back_exact_published_handle" time="0.042" /><testcase classname="tests.test_artifact_store_windows" name="test_windows_rejects_component_before_unicode_string_length_wrap" time="0.003" /><testcase classname="tests.test_artifact_store_windows" name="test_windows_superseded_cleanup_removes_only_older_attempts" time="0.079" /><testcase classname="tests.test_artifact_store_windows" name="test_windows_superseded_cleanup_rejects_junction_attempt" time="0.012" /><testcase classname="tests.test_artifact_store_windows" name="test_windows_superseded_cleanup_does_not_follow_nested_junction" time="0.033" /><testcase classname="tests.test_artifact_store_windows" name="test_windows_append_accumulates_through_append_only_handle" time="0.004" /><testcase classname="tests.test_artifact_store_windows" name="test_windows_append_read_and_remove_refuse_junction_ancestor" time="0.014" /><testcase classname="tests.test_artifact_store_windows" name="test_windows_remove_refuses_a_junction_leaf_and_preserves_its_target" time="0.011" /><testcase classname="tests.test_artifact_store_windows" name="test_windows_append_and_read_refuse_a_hard_linked_file" time="0.004" /><testcase classname="tests.test_artifact_store_windows" name="test_windows_remove_deletes_only_the_leaf_and_refuses_directories" time="0.006" /><testcase classname="tests.test_artifact_store_windows" name="test_windows_write_stream_source_failure_leaves_no_destination_or_temp" time="0.015" /><testcase classname="tests.test_artifact_store_windows" name="test_windows_evidence_write_and_remove_refuse_a_junctioned_evidence_directory" time="0.013" /><testcase classname="tests.test_artifact_publisher" name="test_loss_before_first_publish_creates_no_artifacts" time="0.003" /><testcase classname="tests.test_artifact_publisher" name="test_loss_between_artifact_publications_stops_second_write" time="0.044" /><testcase classname="tests.test_artifact_publisher" name="test_low_level_authorization_blocks_destination_before_atomic_replace" time="0.019" /><testcase classname="tests.test_artifact_publisher" name="test_successful_publication_returns_processed_track_with_attempt_keys" time="0.075" /><testcase classname="tests.test_artifact_publisher" name="test_lease_lost_while_trajectory_streams_publishes_no_trajectory" time="0.024" /><testcase classname="tests.test_artifact_publisher" name="test_remove_omitted_deletes_exactly_the_named_crops" time="0.076" /><testcase classname="tests.test_artifact_publisher" name="test_remove_omitted_after_lease_loss_deletes_nothing" time="0.078" /><testcase classname="tests.test_analytical_models" name="test_normalized_bbox_rejects_out_of_range_values" time="0.000" /><testcase classname="tests.test_analytical_models" name="test_processing_result_is_track_oriented_and_has_complete_confidence_facts" time="0.000" /><testcase classname="tests.test_analytical_models" name="test_track_rejects_invalid_confidence_order" time="0.000" /><testcase classname="tests.test_analytical_models" name="test_processed_track_is_descriptor_only" time="0.000" /><testcase classname="tests.test_analytical_models" name="test_artifact_descriptor_rejects_noncanonical_storage_key_and_sha" time="0.000" /><testcase classname="tests.test_analytical_models" name="test_offsets_scores_and_sizes_are_bounded" time="0.000" /><testcase classname="tests.test_analytical_models" name="test_track_observations_must_be_canonical" time="0.001" /><testcase classname="tests.test_analytical_models" name="test_observation_crop_is_bounded_by_its_role_cap" time="0.000" /><testcase classname="tests.test_analytical_models" name="test_result_accounting_must_describe_the_observations_present" time="0.000" /><testcase classname="tests.test_s1_bound_agreement" name="test_the_platform_constants_are_read_not_defaulted" time="0.000" /><testcase classname="tests.test_s1_bound_agreement" name="test_worker_bound_equals_platform_bound[10000-MaximumCompletionTracks]" time="0.000" /><testcase classname="tests.test_s1_bound_agreement" name="test_worker_bound_equals_platform_bound[4-MaximumTrackObservations]" time="0.000" /><testcase classname="tests.test_s1_bound_agreement" name="test_worker_bound_equals_platform_bound[65536-MaximumRepresentativeCropBytes0]" time="0.000" /><testcase classname="tests.test_s1_bound_agreement" name="test_worker_bound_equals_platform_bound[163840-MaximumSupplementalCropBytes0]" time="0.000" /><testcase classname="tests.test_s1_bound_agreement" name="test_worker_bound_equals_platform_bound[1073741824-MaximumCompletionEvidenceCropBytes0]" time="0.000" /><testcase classname="tests.test_s1_bound_agreement" name="test_worker_bound_equals_platform_bound[65536-MaximumRepresentativeCropBytes1]" time="0.000" /><testcase classname="tests.test_s1_bound_agreement" name="test_worker_bound_equals_platform_bound[163840-MaximumSupplementalCropBytes1]" time="0.000" /><testcase classname="tests.test_s1_bound_agreement" name="test_worker_bound_equals_platform_bound[1073741824-MaximumCompletionEvidenceCropBytes1]" time="0.000" /><testcase classname="tests.test_s1_bound_agreement" name="test_worker_bound_equals_platform_bound[536870912-MaximumCompletionEvidenceBytes]" time="0.000" /><testcase classname="tests.test_s1_bound_agreement" name="test_worker_bound_equals_platform_bound[67108864-MaximumCompletionArtifactBytes]" time="0.000" /><testcase classname="tests.test_s1_bound_agreement" name="test_profile_caps_and_quota_equal_the_platform_bounds" time="0.000" /><testcase classname="tests.test_s1_bound_agreement" name="test_each_role_cap_is_the_platform_cap_for_that_role" time="0.001" /></testsuite></testsuites>