<?xml version="1.0" encoding="utf-8"?>
<TestRun id="29979cd4-b574-47aa-9118-8d1d82125cfe" name="@runnervmtr4k5 2026-09-24 19:40:06" xmlns="http://microsoft.com/schemas/VisualStudio/TeamTest/2010">
  <Times creation="2026-09-24T19:40:06.6710896+00:00" queuing="2026-09-24T19:40:06.6710897+00:00" start="2026-09-24T19:40:05.8358308+00:00" finish="2026-09-24T19:40:06.7954877+00:00" />
  <TestSettings name="default" id="308fd3c0-db78-479f-ae72-5aa4816c91ab">
    <Deployment runDeploymentRoot="_runnervmtr4k5_2026-09-24_19_40_06" />
  </TestSettings>
  <Results>
    <UnitTestResult executionId="18e0196e-6aff-41f4-8648-13437c324596" testId="f3092b0b-a07a-2095-2bfc-2b1e77d3c49b" testName="Mavi.Domain.Tests.Task13CompletionDomainTests.CompletedRunAcceptsOnePositiveVisibilitySequence" computerName="runnervmtr4k5" duration="00:00:00.0084918" startTime="2026-09-24T19:40:06.6811063+00:00" endTime="2026-09-24T19:40:06.6838958+00:00" testType="13cdc9d9-ddb5-4fa4-a97d-d965ccfc6d4b" outcome="Passed" testListId="8c84fa94-04c1-424b-9868-57a2d4851a1d" relativeResultsDirectory="18e0196e-6aff-41f4-8648-13437c324596" />
    <UnitTestResult executionId="bc3a7133-a527-4882-9c28-c01b8104cd3d" testId="dc0227bb-d608-d842-ecc3-0cf7ec70340a" testName="Mavi.Domain.Tests.ProcessingOrchestrationStateTests.DomainRejects128LegalWorkerIdCharactersFollowedByLineFeed" computerName="runnervmtr4k5" duration="00:00:00.0004982" startTime="2026-09-24T19:40:06.6473364+00:00" endTime="2026-09-24T19:40:06.6474216+00:00" testType="13cdc9d9-ddb5-4fa4-a97d-d965ccfc6d4b" outcome="Passed" testListId="8c84fa94-04c1-424b-9868-57a2d4851a1d" relativeResultsDirectory="bc3a7133-a527-4882-9c28-c01b8104cd3d" />
    <UnitTestResult executionId="c0eaa5a0-fa0a-4080-b256-33654075b525" testId="aaf5800d-5f0b-ed19-5b96-02b2c4890411" testName="Mavi.Domain.Tests.ProcessingOrchestrationStateTests.ProcessingRunStoresCanonicalWorkerIdExactly(workerId: &quot;gpu.sdd.01&quot;)" computerName="runnervmtr4k5" duration="00:00:00.0001670" startTime="2026-09-24T19:40:06.6465399+00:00" endTime="2026-09-24T19:40:06.6466512+00:00" testType="13cdc9d9-ddb5-4fa4-a97d-d965ccfc6d4b" outcome="Passed" testListId="8c84fa94-04c1-424b-9868-57a2d4851a1d" relativeResultsDirectory="c0eaa5a0-fa0a-4080-b256-33654075b525" />
    <UnitTestResult executionId="28a7baaa-5792-44b4-9a11-08f05fc21f3a" testId="4afba803-82ad-f808-4561-56ca44f0e633" testName="Mavi.Domain.Tests.SceneConfigurationTests.NegativeReferenceFrameOffsetIsRefused" computerName="runnervmtr4k5" duration="00:00:00.0003733" startTime="2026-09-24T19:40:06.6999775+00:00" endTime="2026-09-24T19:40:06.7000159+00:00" testType="13cdc9d9-ddb5-4fa4-a97d-d965ccfc6d4b" outcome="Passed" testListId="8c84fa94-04c1-424b-9868-57a2d4851a1d" relativeResultsDirectory="28a7baaa-5792-44b4-9a11-08f05fc21f3a" />
    <UnitTestResult executionId="49bdfa8e-220a-469e-9989-e363954a7785" testId="8417cb4e-96ce-198a-1c2b-df927a975dfc" testName="Mavi.Domain.Tests.SceneAnalysisTests.SupersedeIsRefusedFromEveryStateButCompleted(status: Queued)" computerName="runnervmtr4k5" duration="00:00:00.0000242" startTime="2026-09-24T19:40:06.6940155+00:00" endTime="2026-09-24T19:40:06.6940600+00:00" testType="13cdc9d9-ddb5-4fa4-a97d-d965ccfc6d4b" outcome="Passed" testListId="8c84fa94-04c1-424b-9868-57a2d4851a1d" relativeResultsDirectory="49bdfa8e-220a-469e-9989-e363954a7785" />
    <UnitTestResult executionId="a30d7390-93fb-48c9-8ca3-b70eac15cca2" testId="3400462b-fba1-7866-612f-48247250eb60" testName="Mavi.Domain.Tests.SceneAnalysisIdentityRecencyTests.EngineVersionsCompareByMajorNumberNotAsText" computerName="runnervmtr4k5" duration="00:00:00.0001057" startTime="2026-09-24T19:40:06.6787116+00:00" endTime="2026-09-24T19:40:06.6788027+00:00" testType="13cdc9d9-ddb5-4fa4-a97d-d965ccfc6d4b" outcome="Passed" testListId="8c84fa94-04c1-424b-9868-57a2d4851a1d" relativeResultsDirectory="a30d7390-93fb-48c9-8ca3-b70eac15cca2" />
    <UnitTestResult executionId="d6f095d6-a30b-4461-bb05-f78f10f79a25" testId="57ab80d7-a3f2-ea5c-775c-6a4eb36a60f0" testName="Mavi.Domain.Tests.SceneConfigurationTests.OmittingAnIdentityRemovesTheZoneFromTheNewRevision" computerName="runnervmtr4k5" duration="00:00:00.0013734" startTime="2026-09-24T19:40:06.6967733+00:00" endTime="2026-09-24T19:40:06.6968145+00:00" testType="13cdc9d9-ddb5-4fa4-a97d-d965ccfc6d4b" outcome="Passed" testListId="8c84fa94-04c1-424b-9868-57a2d4851a1d" relativeResultsDirectory="d6f095d6-a30b-4461-bb05-f78f10f79a25" />
    <UnitTestResult executionId="afa46a8a-854e-496a-99d4-dd8a71c97969" testId="b0721a45-3744-20fc-cb8c-928d39a8326d" testName="Mavi.Domain.Tests.VideoAssetTests.CreateDerivesRecordingEndFromDuration" computerName="runnervmtr4k5" duration="00:00:00.0003784" startTime="2026-09-24T19:40:06.6687543+00:00" endTime="2026-09-24T19:40:06.6688391+00:00" testType="13cdc9d9-ddb5-4fa4-a97d-d965ccfc6d4b" outcome="Passed" testListId="8c84fa94-04c1-424b-9868-57a2d4851a1d" relativeResultsDirectory="afa46a8a-854e-496a-99d4-dd8a71c97969" />
    <UnitTestResult executionId="673c8bbd-1430-4902-bf89-cc823501c771" testId="74563022-ea2f-be7c-d6e2-ab3c8f7c34d3" testName="Mavi.Domain.Tests.SceneAnalysisTests.CompletionRecordsFactsCountsAndVisibility" computerName="runnervmtr4k5" duration="00:00:00.0003080" startTime="2026-09-24T19:40:06.6945703+00:00" endTime="2026-09-24T19:40:06.6947884+00:00" testType="13cdc9d9-ddb5-4fa4-a97d-d965ccfc6d4b" outcome="Passed" testListId="8c84fa94-04c1-424b-9868-57a2d4851a1d" relativeResultsDirectory="673c8bbd-1430-4902-bf89-cc823501c771" />
    <UnitTestResult executionId="e5fa5ae2-a4ff-427f-9073-1174e42775b4" testId="47ad30ed-8648-d3d5-05ef-51e1befd9ac8" testName="Mavi.Domain.Tests.ProcessingOrchestrationStateTests.ProcessingRunStoresCanonicalWorkerIdExactly(workerId: &quot;A1&quot;)" computerName="runnervmtr4k5" duration="00:00:00.0000111" startTime="2026-09-24T19:40:06.6470576+00:00" endTime="2026-09-24T19:40:06.6471306+00:00" testType="13cdc9d9-ddb5-4fa4-a97d-d965ccfc6d4b" outcome="Passed" testListId="8c84fa94-04c1-424b-9868-57a2d4851a1d" relativeResultsDirectory="e5fa5ae2-a4ff-427f-9073-1174e42775b4" />
    <UnitTestResult executionId="d9c39d6a-c16b-470f-b093-e5b6229418a9" testId="307a2153-3c3a-db9d-470f-ff1b193c084f" testName="Mavi.Domain.Tests.ProcessingOrchestrationStateTests.ProcessingRunStoresCanonicalWorkerIdExactly(workerId: &quot;gpu-sdd-01&quot;)" computerName="runnervmtr4k5" duration="00:00:00.0000404" startTime="2026-09-24T19:40:06.6468388+00:00" endTime="2026-09-24T19:40:06.6469201+00:00" testType="13cdc9d9-ddb5-4fa4-a97d-d965ccfc6d4b" outcome="Passed" testListId="8c84fa94-04c1-424b-9868-57a2d4851a1d" relativeResultsDirectory="d9c39d6a-c16b-470f-b093-e5b6229418a9" />
    <UnitTestResult executionId="81768d52-711b-4963-8ee4-b2dcf921863c" testId="8b039dca-175f-f5d4-5b76-f078fdbc5198" testName="Mavi.Domain.Tests.ProcessingOrchestrationStateTests.ProcessingRunRejectsNonCanonicalWorkerIds(workerId: &quot;worker\nname&quot;)" computerName="runnervmtr4k5" duration="00:00:00.0000361" startTime="2026-09-24T19:40:06.6432870+00:00" endTime="2026-09-24T19:40:06.6433751+00:00" testType="13cdc9d9-ddb5-4fa4-a97d-d965ccfc6d4b" outcome="Passed" testListId="8c84fa94-04c1-424b-9868-57a2d4851a1d" relativeResultsDirectory="81768d52-711b-4963-8ee4-b2dcf921863c" />
    <UnitTestResult executionId="12526128-e1f2-4da4-8e1a-58368a42501b" testId="a655f969-88d9-b4ba-210e-b3b07ae7a319" testName="Mavi.Domain.Tests.SceneConfigurationTests.TripLineWithoutANameIsRefused(name: &quot;&quot;)" computerName="runnervmtr4k5" duration="00:00:00.0000335" startTime="2026-09-24T19:40:06.6979406+00:00" endTime="2026-09-24T19:40:06.6979789+00:00" testType="13cdc9d9-ddb5-4fa4-a97d-d965ccfc6d4b" outcome="Passed" testListId="8c84fa94-04c1-424b-9868-57a2d4851a1d" relativeResultsDirectory="12526128-e1f2-4da4-8e1a-58368a42501b" />
    <UnitTestResult executionId="d06457cf-4e8f-464e-bee8-a82b0e4b9593" testId="e61e8f80-5a59-e5c4-1e4b-7e442779d804" testName="Mavi.Domain.Tests.ProcessingOrchestrationStateTests.DomainRejectsWorkerIdsLongerThan128Characters" computerName="runnervmtr4k5" duration="00:00:00.0004600" startTime="2026-09-24T19:40:06.6724872+00:00" endTime="2026-09-24T19:40:06.6725776+00:00" testType="13cdc9d9-ddb5-4fa4-a97d-d965ccfc6d4b" outcome="Passed" testListId="8c84fa94-04c1-424b-9868-57a2d4851a1d" relativeResultsDirectory="d06457cf-4e8f-464e-bee8-a82b0e4b9593" />
    <UnitTestResult executionId="ac38a931-f1c5-4841-98ca-5e3165fdccd1" testId="ad15f2a8-ac3a-c034-d8ea-e3e9b0d71fbe" testName="Mavi.Domain.Tests.SceneConfigurationTests.OverLongLabelIsRefused" computerName="runnervmtr4k5" duration="00:00:00.0003780" startTime="2026-09-24T19:40:06.7009418+00:00" endTime="2026-09-24T19:40:06.7009793+00:00" testType="13cdc9d9-ddb5-4fa4-a97d-d965ccfc6d4b" outcome="Passed" testListId="8c84fa94-04c1-424b-9868-57a2d4851a1d" relativeResultsDirectory="ac38a931-f1c5-4841-98ca-5e3165fdccd1" />
    <UnitTestResult executionId="0fbc5343-5303-48be-b0db-bea926253e69" testId="6e34b5c2-21ae-9aa7-4ee3-274959b9095c" testName="Mavi.Domain.Tests.SceneGeometryTests.FloatingPointNoiseJustOutsideTheRangeRoundsBackIn" computerName="runnervmtr4k5" duration="00:00:00.0000921" startTime="2026-09-24T19:40:06.6377138+00:00" endTime="2026-09-24T19:40:06.6378008+00:00" testType="13cdc9d9-ddb5-4fa4-a97d-d965ccfc6d4b" outcome="Passed" testListId="8c84fa94-04c1-424b-9868-57a2d4851a1d" relativeResultsDirectory="0fbc5343-5303-48be-b0db-bea926253e69" />
    <UnitTestResult executionId="5f627911-8915-4aef-a1f3-b2d707fd9e11" testId="0be32480-953c-e0c8-f6f3-86ed2e35e8bc" testName="Mavi.Domain.Tests.Task13CompletionDomainTests.VisionJobCompletionStoresCanonicalDigest" computerName="runnervmtr4k5" duration="00:00:00.0009704" startTime="2026-09-24T19:40:06.6808069+00:00" endTime="2026-09-24T19:40:06.6808916+00:00" testType="13cdc9d9-ddb5-4fa4-a97d-d965ccfc6d4b" outcome="Passed" testListId="8c84fa94-04c1-424b-9868-57a2d4851a1d" relativeResultsDirectory="5f627911-8915-4aef-a1f3-b2d707fd9e11" />
    <UnitTestResult executionId="c32d2367-c6f7-48ed-9c50-06d0e595c806" testId="653a8a11-a1fd-f689-6164-72af321ff2ad" testName="Mavi.Domain.Tests.ProcessingOrchestrationStateTests.ExactExpiryAndWrongOwnerCannotHeartbeatOrFail" computerName="runnervmtr4k5" duration="00:00:00.0005031" startTime="2026-09-24T19:40:06.6654582+00:00" endTime="2026-09-24T19:40:06.6657367+00:00" testType="13cdc9d9-ddb5-4fa4-a97d-d965ccfc6d4b" outcome="Passed" testListId="8c84fa94-04c1-424b-9868-57a2d4851a1d" relativeResultsDirectory="c32d2367-c6f7-48ed-9c50-06d0e595c806" />
    <UnitTestResult executionId="4fffce4a-878f-4c43-b967-d8b53fe1c5e8" testId="45b7380e-2c05-34fc-464a-f2f11adf093e" testName="Mavi.Domain.Tests.VideoAssetTests.CreateRejectsZeroDuration" computerName="runnervmtr4k5" duration="00:00:00.0002822" startTime="2026-09-24T19:40:06.6690424+00:00" endTime="2026-09-24T19:40:06.6691204+00:00" testType="13cdc9d9-ddb5-4fa4-a97d-d965ccfc6d4b" outcome="Passed" testListId="8c84fa94-04c1-424b-9868-57a2d4851a1d" relativeResultsDirectory="4fffce4a-878f-4c43-b967-d8b53fe1c5e8" />
    <UnitTestResult executionId="8afcbde9-5c3c-4f5a-a2bf-f72d5479943b" testId="6ce78ed6-b6d1-fdcd-93b2-b1e68e743c81" testName="Mavi.Domain.Tests.SceneConfigurationTests.ZoneVertexCountIsBounded(vertexCount: 2, code: &quot;scene_zone_vertex_count&quot;)" computerName="runnervmtr4k5" duration="00:00:00.0003336" startTime="2026-09-24T19:40:06.6844603+00:00" endTime="2026-09-24T19:40:06.6844990+00:00" testType="13cdc9d9-ddb5-4fa4-a97d-d965ccfc6d4b" outcome="Passed" testListId="8c84fa94-04c1-424b-9868-57a2d4851a1d" relativeResultsDirectory="8afcbde9-5c3c-4f5a-a2bf-f72d5479943b" />
    <UnitTestResult executionId="6d216368-d64c-4f28-b019-80f4e1e6f993" testId="43b42a71-ef32-1846-1529-9ec8c7495989" testName="Mavi.Domain.Tests.SceneConfigurationTests.LoiteringThresholdIsBounded(threshold: -5)" computerName="runnervmtr4k5" duration="00:00:00.0000441" startTime="2026-09-24T19:40:06.6909996+00:00" endTime="2026-09-24T19:40:06.6910365+00:00" testType="13cdc9d9-ddb5-4fa4-a97d-d965ccfc6d4b" outcome="Passed" testListId="8c84fa94-04c1-424b-9868-57a2d4851a1d" relativeResultsDirectory="6d216368-d64c-4f28-b019-80f4e1e6f993" />
    <UnitTestResult executionId="0489a03a-39f5-4811-8806-3ee28861ba2c" testId="03594cf8-ab53-c32c-cb04-75932c021404" testName="Mavi.Domain.Tests.ObservationEvidenceSetTests.IllegalRoleRankOrSelectionScoreIsRejected(role: NearView, rank: 0, selectionScore: 0.5)" computerName="runnervmtr4k5" duration="00:00:00.0000199" startTime="2026-09-24T19:40:06.6760164+00:00" endTime="2026-09-24T19:40:06.6760978+00:00" testType="13cdc9d9-ddb5-4fa4-a97d-d965ccfc6d4b" outcome="Passed" testListId="8c84fa94-04c1-424b-9868-57a2d4851a1d" relativeResultsDirectory="0489a03a-39f5-4811-8806-3ee28861ba2c" />
    <UnitTestResult executionId="c2c390a3-8258-4c81-806b-727a55f53b4d" testId="2e78ef9e-a3d7-28c2-7771-d6595acc54a7" testName="Mavi.Domain.Tests.SceneAnalysisTests.ExhaustedUnitIsRetryableAndClaimableAgain" computerName="runnervmtr4k5" duration="00:00:00.0003468" startTime="2026-09-24T19:40:06.6944361+00:00" endTime="2026-09-24T19:40:06.6944747+00:00" testType="13cdc9d9-ddb5-4fa4-a97d-d965ccfc6d4b" outcome="Passed" testListId="8c84fa94-04c1-424b-9868-57a2d4851a1d" relativeResultsDirectory="c2c390a3-8258-4c81-806b-727a55f53b4d" />
    <UnitTestResult executionId="1f2b53a5-f72d-452d-89e3-c790c37a3800" testId="45672249-fd9c-2811-2173-828a2decc80f" testName="Mavi.Domain.Tests.ObservationEvidenceSetTests.EveryRoleIsCreatedAtALegalRank(role: LateDiverse, rank: 1)" computerName="runnervmtr4k5" duration="00:00:00.0000081" startTime="2026-09-24T19:40:06.6831827+00:00" endTime="2026-09-24T19:40:06.6832668+00:00" testType="13cdc9d9-ddb5-4fa4-a97d-d965ccfc6d4b" outcome="Passed" testListId="8c84fa94-04c1-424b-9868-57a2d4851a1d" relativeResultsDirectory="1f2b53a5-f72d-452d-89e3-c790c37a3800" />
    <UnitTestResult executionId="97466a88-edd5-4011-aa51-9090b88b1a0f" testId="380f5e94-f136-9d8f-d4f8-7cf8926799c7" testName="Mavi.Domain.Tests.ProcessingOrchestrationStateTests.ProcessingRunRejectsNonCanonicalWorkerIds(workerId: &quot;воркер&quot;)" computerName="runnervmtr4k5" duration="00:00:00.0000314" startTime="2026-09-24T19:40:06.6411621+00:00" endTime="2026-09-24T19:40:06.6412330+00:00" testType="13cdc9d9-ddb5-4fa4-a97d-d965ccfc6d4b" outcome="Passed" testListId="8c84fa94-04c1-424b-9868-57a2d4851a1d" relativeResultsDirectory="97466a88-edd5-4011-aa51-9090b88b1a0f" />
    <UnitTestResult executionId="ce89dc41-37d1-4496-ba45-7a6790500971" testId="08f31649-1398-f7a5-f7f2-931d1a780851" testName="Mavi.Domain.Tests.SceneGeometryTests.CollinearPolygonHasNoArea" computerName="runnervmtr4k5" duration="00:00:00.0004403" startTime="2026-09-24T19:40:06.6578445+00:00" endTime="2026-09-24T19:40:06.6579221+00:00" testType="13cdc9d9-ddb5-4fa4-a97d-d965ccfc6d4b" outcome="Passed" testListId="8c84fa94-04c1-424b-9868-57a2d4851a1d" relativeResultsDirectory="ce89dc41-37d1-4496-ba45-7a6790500971" />
    <UnitTestResult executionId="6e62688c-732d-47dd-ae9d-e81d29990b05" testId="8c25f5d6-e3ff-fafa-128d-d753c17de30b" testName="Mavi.Domain.Tests.SceneAnalysisTests.AnExpiredLeaseAloneDoesNotEndOwnership" computerName="runnervmtr4k5" duration="00:00:00.0042360" startTime="2026-09-24T19:40:06.6872654+00:00" endTime="2026-09-24T19:40:06.6891157+00:00" testType="13cdc9d9-ddb5-4fa4-a97d-d965ccfc6d4b" outcome="Passed" testListId="8c84fa94-04c1-424b-9868-57a2d4851a1d" relativeResultsDirectory="6e62688c-732d-47dd-ae9d-e81d29990b05" />
    <UnitTestResult executionId="a4e6fb94-cd2b-42ba-8364-222c26b4f000" testId="4a6bb493-9ffa-f507-6bc2-fc6f6ad40d48" testName="Mavi.Domain.Tests.SceneConfigurationTests.TripLineEndpointsTooCloseAreRefused" computerName="runnervmtr4k5" duration="00:00:00.0044517" startTime="2026-09-24T19:40:06.6816968+00:00" endTime="2026-09-24T19:40:06.6835613+00:00" testType="13cdc9d9-ddb5-4fa4-a97d-d965ccfc6d4b" outcome="Passed" testListId="8c84fa94-04c1-424b-9868-57a2d4851a1d" relativeResultsDirectory="a4e6fb94-cd2b-42ba-8364-222c26b4f000" />
    <UnitTestResult executionId="5fc7c02c-bcf7-4750-8766-204a5fa8c2fe" testId="51999902-72c5-6d22-a5e7-2ad54f24432b" testName="Mavi.Domain.Tests.SceneConfigurationTests.CompleteReferenceFrameIsKept" computerName="runnervmtr4k5" duration="00:00:00.0004014" startTime="2026-09-24T19:40:06.7015556+00:00" endTime="2026-09-24T19:40:06.7015977+00:00" testType="13cdc9d9-ddb5-4fa4-a97d-d965ccfc6d4b" outcome="Passed" testListId="8c84fa94-04c1-424b-9868-57a2d4851a1d" relativeResultsDirectory="5fc7c02c-bcf7-4750-8766-204a5fa8c2fe" />
    <UnitTestResult executionId="ce83be1b-7d18-4700-a911-5306421725a8" testId="77fec35a-0a01-74d8-cd91-4867cb4e3b88" testName="Mavi.Domain.Tests.SceneGeometryTests.ParallelSegmentsHaveNoIntersectionParameter" computerName="runnervmtr4k5" duration="00:00:00.0004193" startTime="2026-09-24T19:40:06.6380266+00:00" endTime="2026-09-24T19:40:06.6381087+00:00" testType="13cdc9d9-ddb5-4fa4-a97d-d965ccfc6d4b" outcome="Passed" testListId="8c84fa94-04c1-424b-9868-57a2d4851a1d" relativeResultsDirectory="ce83be1b-7d18-4700-a911-5306421725a8" />
    <UnitTestResult executionId="5ab62b63-b524-400d-8bb5-84a786484c7e" testId="327ce372-fa4e-67e6-5311-8fae5501e613" testName="Mavi.Domain.Tests.VideoAssetTests.CreateGeneratesVersionSevenIdentifier" computerName="runnervmtr4k5" duration="00:00:00.0001294" startTime="2026-09-24T19:40:06.6693387+00:00" endTime="2026-09-24T19:40:06.6694151+00:00" testType="13cdc9d9-ddb5-4fa4-a97d-d965ccfc6d4b" outcome="Passed" testListId="8c84fa94-04c1-424b-9868-57a2d4851a1d" relativeResultsDirectory="5ab62b63-b524-400d-8bb5-84a786484c7e" />
    <UnitTestResult executionId="0fd307d0-9e6a-4a34-8a5f-abfaaf1eb26e" testId="fcdc8ec9-8266-d94f-8af0-e010cf223647" testName="Mavi.Domain.Tests.SceneConfigurationTests.SaveBasedOnAnOlderRevisionIsAConflict" computerName="runnervmtr4k5" duration="00:00:00.0006459" startTime="2026-09-24T19:40:06.6990815+00:00" endTime="2026-09-24T19:40:06.6991649+00:00" testType="13cdc9d9-ddb5-4fa4-a97d-d965ccfc6d4b" outcome="Passed" testListId="8c84fa94-04c1-424b-9868-57a2d4851a1d" relativeResultsDirectory="0fd307d0-9e6a-4a34-8a5f-abfaaf1eb26e" />
    <UnitTestResult executionId="50c72757-0e4f-4df5-9a28-4e98571b1957" testId="2602f68c-00ab-9bd2-959f-a0d32e044520" testName="Mavi.Domain.Tests.SceneAnalysisIdentityRecencyTests.ANewerRevisionIsNewer" computerName="runnervmtr4k5" duration="00:00:00.0029244" startTime="2026-09-24T19:40:06.6800856+00:00" endTime="2026-09-24T19:40:06.6801727+00:00" testType="13cdc9d9-ddb5-4fa4-a97d-d965ccfc6d4b" outcome="Passed" testListId="8c84fa94-04c1-424b-9868-57a2d4851a1d" relativeResultsDirectory="50c72757-0e4f-4df5-9a28-4e98571b1957" />
    <UnitTestResult executionId="272da4b8-8f20-48c0-9b5f-efe80c0fe310" testId="41fb8372-04c4-4310-0d3f-81befcbcb574" testName="Mavi.Domain.Tests.SceneConfigurationTests.ZoneKindDefaultsToGeneral" computerName="runnervmtr4k5" duration="00:00:00.0105089" startTime="2026-09-24T19:40:06.6851050+00:00" endTime="2026-09-24T19:40:06.6856881+00:00" testType="13cdc9d9-ddb5-4fa4-a97d-d965ccfc6d4b" outcome="Passed" testListId="8c84fa94-04c1-424b-9868-57a2d4851a1d" relativeResultsDirectory="272da4b8-8f20-48c0-9b5f-efe80c0fe310" />
    <UnitTestResult executionId="9c007b2e-757f-4cec-9083-7bb975229016" testId="1391e72e-91ce-b9c0-024c-73d786592246" testName="Mavi.Domain.Tests.SceneConfigurationTests.OverLongNoteIsRefused" computerName="runnervmtr4k5" duration="00:00:00.0004581" startTime="2026-09-24T19:40:06.6875380+00:00" endTime="2026-09-24T19:40:06.6875752+00:00" testType="13cdc9d9-ddb5-4fa4-a97d-d965ccfc6d4b" outcome="Passed" testListId="8c84fa94-04c1-424b-9868-57a2d4851a1d" relativeResultsDirectory="9c007b2e-757f-4cec-9083-7bb975229016" />
    <UnitTestResult executionId="7b14fd45-f990-419b-a771-c24130d31ee3" testId="7391b1cb-f74c-0197-dfda-4491c8805937" testName="Mavi.Domain.Tests.SceneGeometryTests.SimplePolygonIsAccepted" computerName="runnervmtr4k5" duration="00:00:00.0000713" startTime="2026-09-24T19:40:06.6629457+00:00" endTime="2026-09-24T19:40:06.6630219+00:00" testType="13cdc9d9-ddb5-4fa4-a97d-d965ccfc6d4b" outcome="Passed" testListId="8c84fa94-04c1-424b-9868-57a2d4851a1d" relativeResultsDirectory="7b14fd45-f990-419b-a771-c24130d31ee3" />
    <UnitTestResult executionId="e987a747-5263-4888-8c86-f3b48586b874" testId="c75732bf-e6df-4a96-a4ca-ffa55d62b72c" testName="Mavi.Domain.Tests.ProcessingOrchestrationStateTests.VisionJobRejectsNonCanonicalWorkerIds(workerId: &quot; worker-a &quot;)" computerName="runnervmtr4k5" duration="00:00:00.0000427" startTime="2026-09-24T19:40:06.6316138+00:00" endTime="2026-09-24T19:40:06.6347553+00:00" testType="13cdc9d9-ddb5-4fa4-a97d-d965ccfc6d4b" outcome="Passed" testListId="8c84fa94-04c1-424b-9868-57a2d4851a1d" relativeResultsDirectory="e987a747-5263-4888-8c86-f3b48586b874" />
    <UnitTestResult executionId="7698307c-6d4b-4ae3-8d5c-3023a0934fae" testId="7baf6ded-dd76-95eb-ef2b-f1320a69d419" testName="Mavi.Domain.Tests.SceneGeometryTests.ContainmentIgnoresWindingDirection" computerName="runnervmtr4k5" duration="00:00:00.0050981" startTime="2026-09-24T19:40:06.6398938+00:00" endTime="2026-09-24T19:40:06.6477470+00:00" testType="13cdc9d9-ddb5-4fa4-a97d-d965ccfc6d4b" outcome="Passed" testListId="8c84fa94-04c1-424b-9868-57a2d4851a1d" relativeResultsDirectory="7698307c-6d4b-4ae3-8d5c-3023a0934fae" />
    <UnitTestResult executionId="6a1b87a2-eec2-44ac-9668-865485a627c4" testId="05c14695-1261-a4bd-e150-97f8b652fb36" testName="Mavi.Domain.Tests.ProcessingOrchestrationStateTests.ProcessingRunStoresCanonicalWorkerIdExactly(workerId: &quot;gpu_sdd_01&quot;)" computerName="runnervmtr4k5" duration="00:00:00.0002550" startTime="2026-09-24T19:40:06.6462728+00:00" endTime="2026-09-24T19:40:06.6463621+00:00" testType="13cdc9d9-ddb5-4fa4-a97d-d965ccfc6d4b" outcome="Passed" testListId="8c84fa94-04c1-424b-9868-57a2d4851a1d" relativeResultsDirectory="6a1b87a2-eec2-44ac-9668-865485a627c4" />
    <UnitTestResult executionId="0269572f-645f-483a-b881-489c0f7eeb85" testId="19052ed9-a002-13dd-9eee-e05dea1274b8" testName="Mavi.Domain.Tests.ProcessingOrchestrationStateTests.VisionJobRejectsNonCanonicalWorkerIds(workerId: &quot;worker-a &quot;)" computerName="runnervmtr4k5" duration="00:00:00.0000536" startTime="2026-09-24T19:40:06.6300687+00:00" endTime="2026-09-24T19:40:06.6301689+00:00" testType="13cdc9d9-ddb5-4fa4-a97d-d965ccfc6d4b" outcome="Passed" testListId="8c84fa94-04c1-424b-9868-57a2d4851a1d" relativeResultsDirectory="0269572f-645f-483a-b881-489c0f7eeb85" />
    <UnitTestResult executionId="8d7afbc2-1841-42df-b2e9-25d8ced8c199" testId="44c6273b-d1d6-2b5c-9108-cfa31722747a" testName="Mavi.Domain.Tests.SceneConfigurationTests.TripLineLabelsDefaultWhenNotSupplied" computerName="runnervmtr4k5" duration="00:00:00.0004672" startTime="2026-09-24T19:40:06.6969165+00:00" endTime="2026-09-24T19:40:06.6969541+00:00" testType="13cdc9d9-ddb5-4fa4-a97d-d965ccfc6d4b" outcome="Passed" testListId="8c84fa94-04c1-424b-9868-57a2d4851a1d" relativeResultsDirectory="8d7afbc2-1841-42df-b2e9-25d8ced8c199" />
    <UnitTestResult executionId="68caac81-05a4-46a4-bae3-a9f01ffd40fc" testId="88ab9fb8-2cf0-32b9-0504-97443dd6c4f1" testName="Mavi.Domain.Tests.ProcessingOrchestrationStateTests.VisionJobRejectsNonCanonicalWorkerIds(workerId: &quot;-worker&quot;)" computerName="runnervmtr4k5" duration="00:00:00.0000404" startTime="2026-09-24T19:40:06.6216180+00:00" endTime="2026-09-24T19:40:06.6247687+00:00" testType="13cdc9d9-ddb5-4fa4-a97d-d965ccfc6d4b" outcome="Passed" testListId="8c84fa94-04c1-424b-9868-57a2d4851a1d" relativeResultsDirectory="68caac81-05a4-46a4-bae3-a9f01ffd40fc" />
    <UnitTestResult executionId="62214d16-ef85-45b1-9873-f88eb7775d10" testId="8defe37a-074b-ff42-9da9-c174fdd270d9" testName="Mavi.Domain.Tests.SceneGeometryTests.ConcavePolygonIsSimple" computerName="runnervmtr4k5" duration="00:00:00.0000643" startTime="2026-09-24T19:40:06.6608726+00:00" endTime="2026-09-24T19:40:06.6609630+00:00" testType="13cdc9d9-ddb5-4fa4-a97d-d965ccfc6d4b" outcome="Passed" testListId="8c84fa94-04c1-424b-9868-57a2d4851a1d" relativeResultsDirectory="62214d16-ef85-45b1-9873-f88eb7775d10" />
    <UnitTestResult executionId="2d9bd64f-97a1-4019-aba3-eb8c14c4fb1d" testId="a5e6c6fe-990f-e921-485a-a8a5cc3172e3" testName="Mavi.Domain.Tests.SceneConfigurationTests.DuplicateZoneNamesAreRefusedIgnoringCase" computerName="runnervmtr4k5" duration="00:00:00.0003668" startTime="2026-09-24T19:40:06.6878610+00:00" endTime="2026-09-24T19:40:06.6878992+00:00" testType="13cdc9d9-ddb5-4fa4-a97d-d965ccfc6d4b" outcome="Passed" testListId="8c84fa94-04c1-424b-9868-57a2d4851a1d" relativeResultsDirectory="2d9bd64f-97a1-4019-aba3-eb8c14c4fb1d" />
    <UnitTestResult executionId="bda83b79-ed2b-4fac-9a39-66a0359390ec" testId="09bfbfda-5a0f-bbf0-718c-7a54496c002a" testName="Mavi.Domain.Tests.ProcessingOrchestrationStateTests.ProcessingRunRejectsNonCanonicalWorkerIds(workerId: &quot; worker-a&quot;)" computerName="runnervmtr4k5" duration="00:00:00.0002051" startTime="2026-09-24T19:40:06.6401446+00:00" endTime="2026-09-24T19:40:06.6402328+00:00" testType="13cdc9d9-ddb5-4fa4-a97d-d965ccfc6d4b" outcome="Passed" testListId="8c84fa94-04c1-424b-9868-57a2d4851a1d" relativeResultsDirectory="bda83b79-ed2b-4fac-9a39-66a0359390ec" />
    <UnitTestResult executionId="528d403b-ed0c-4e7d-b861-c93325abe7db" testId="7bd6f49a-8bc8-c140-4e0e-55b4b34e2630" testName="Mavi.Domain.Tests.SceneGeometryTests.RepeatedVertexIsAZeroLengthEdge" computerName="runnervmtr4k5" duration="00:00:00.0004534" startTime="2026-09-24T19:40:06.6620620+00:00" endTime="2026-09-24T19:40:06.6621422+00:00" testType="13cdc9d9-ddb5-4fa4-a97d-d965ccfc6d4b" outcome="Passed" testListId="8c84fa94-04c1-424b-9868-57a2d4851a1d" relativeResultsDirectory="528d403b-ed0c-4e7d-b861-c93325abe7db" />
    <UnitTestResult executionId="9d563983-d9bb-45dc-9279-a347ba1ebbea" testId="c24fa46f-2d6d-edf0-7671-4fea0d763072" testName="Mavi.Domain.Tests.ProcessingOrchestrationStateTests.ProcessingRunRejectsNonCanonicalWorkerIds(workerId: &quot;gpu-sdd-01\r&quot;)" computerName="runnervmtr4k5" duration="00:00:00.0000324" startTime="2026-09-24T19:40:06.6422886+00:00" endTime="2026-09-24T19:40:06.6423749+00:00" testType="13cdc9d9-ddb5-4fa4-a97d-d965ccfc6d4b" outcome="Passed" testListId="8c84fa94-04c1-424b-9868-57a2d4851a1d" relativeResultsDirectory="9d563983-d9bb-45dc-9279-a347ba1ebbea" />
    <UnitTestResult executionId="6075717f-3fae-446f-b107-5fb7d693ae19" testId="0a04d241-6216-1b5b-56de-e7d6d77d942e" testName="Mavi.Domain.Tests.ProcessingOrchestrationStateTests.VisionJobRejectsNonCanonicalWorkerIds(workerId: &quot;worker name&quot;)" computerName="runnervmtr4k5" duration="00:00:00.0000487" startTime="2026-09-24T19:40:06.6303390+00:00" endTime="2026-09-24T19:40:06.6304260+00:00" testType="13cdc9d9-ddb5-4fa4-a97d-d965ccfc6d4b" outcome="Passed" testListId="8c84fa94-04c1-424b-9868-57a2d4851a1d" relativeResultsDirectory="6075717f-3fae-446f-b107-5fb7d693ae19" />
    <UnitTestResult executionId="bb72332c-04a8-4255-b864-910304246977" testId="8fefc584-9b64-0d09-c0d7-6b1382a87798" testName="Mavi.Domain.Tests.VideoAssetTests.CreateWithExplicitIdentifierRejectsEmptyIdentifier" computerName="runnervmtr4k5" duration="00:00:00.0002498" startTime="2026-09-24T19:40:06.6696574+00:00" endTime="2026-09-24T19:40:06.6697451+00:00" testType="13cdc9d9-ddb5-4fa4-a97d-d965ccfc6d4b" outcome="Passed" testListId="8c84fa94-04c1-424b-9868-57a2d4851a1d" relativeResultsDirectory="bb72332c-04a8-4255-b864-910304246977" />
    <UnitTestResult executionId="75a044ad-966a-4229-8482-d541dc7cc0e3" testId="ed4b7dad-4b50-df1a-1955-667d6862d3a0" testName="Mavi.Domain.Tests.TrackTests.CreateDerivesDurationAndUtcTimestamps" computerName="runnervmtr4k5" duration="00:00:00.0064798" startTime="2026-09-24T19:40:06.5445577+00:00" endTime="2026-09-24T19:40:06.5593696+00:00" testType="13cdc9d9-ddb5-4fa4-a97d-d965ccfc6d4b" outcome="Passed" testListId="8c84fa94-04c1-424b-9868-57a2d4851a1d" relativeResultsDirectory="75a044ad-966a-4229-8482-d541dc7cc0e3" />
    <UnitTestResult executionId="35435f2e-2f5b-47f3-91b0-12ae8a4d0b26" testId="defa0293-eec8-4db8-7018-c748fe696322" testName="Mavi.Domain.Tests.ObservationEvidenceSetTests.EvidenceArtifactAttachmentIsIdempotentButNeverReassigned" computerName="runnervmtr4k5" duration="00:00:00.0083587" startTime="2026-09-24T19:40:06.6834775+00:00" endTime="2026-09-24T19:40:06.6841879+00:00" testType="13cdc9d9-ddb5-4fa4-a97d-d965ccfc6d4b" outcome="Passed" testListId="8c84fa94-04c1-424b-9868-57a2d4851a1d" relativeResultsDirectory="35435f2e-2f5b-47f3-91b0-12ae8a4d0b26" />
    <UnitTestResult executionId="bf5f7b77-9f12-4e62-8bd3-ebec203729e4" testId="d7b0625e-87d0-0be1-5d13-22b714f760fe" testName="Mavi.Domain.Tests.SceneGeometryTests.BowTieIsRejected" computerName="runnervmtr4k5" duration="00:00:00.0008229" startTime="2026-09-24T19:40:06.6395599+00:00" endTime="2026-09-24T19:40:06.6396709+00:00" testType="13cdc9d9-ddb5-4fa4-a97d-d965ccfc6d4b" outcome="Passed" testListId="8c84fa94-04c1-424b-9868-57a2d4851a1d" relativeResultsDirectory="bf5f7b77-9f12-4e62-8bd3-ebec203729e4" />
    <UnitTestResult executionId="96af6297-bbd7-4d0c-9854-8d6ac6bcef8d" testId="4b9bc09f-2ca6-0846-2f8f-fe7d115df627" testName="Mavi.Domain.Tests.SceneAnalysisTests.QueueRefusesAParameterHashThatIsNotCanonicalSha256(parameters: &quot;&quot;)" computerName="runnervmtr4k5" duration="00:00:00.0000218" startTime="2026-09-24T19:40:06.6869752+00:00" endTime="2026-09-24T19:40:06.6870202+00:00" testType="13cdc9d9-ddb5-4fa4-a97d-d965ccfc6d4b" outcome="Passed" testListId="8c84fa94-04c1-424b-9868-57a2d4851a1d" relativeResultsDirectory="96af6297-bbd7-4d0c-9854-8d6ac6bcef8d" />
    <UnitTestResult executionId="f90dd6ff-2548-4bf3-9d4c-7cd966c1e55a" testId="677021fa-9804-9c86-fbb9-6ae4a8e69b7e" testName="Mavi.Domain.Tests.SceneConfigurationTests.TripLineMissingAnEndpointIsRefused" computerName="runnervmtr4k5" duration="00:00:00.0003256" startTime="2026-09-24T19:40:06.7002435+00:00" endTime="2026-09-24T19:40:06.7002812+00:00" testType="13cdc9d9-ddb5-4fa4-a97d-d965ccfc6d4b" outcome="Passed" testListId="8c84fa94-04c1-424b-9868-57a2d4851a1d" relativeResultsDirectory="f90dd6ff-2548-4bf3-9d4c-7cd966c1e55a" />
    <UnitTestResult executionId="49b2a575-a91b-4af5-bad2-609b2d7057ea" testId="b0814f84-d308-76df-32c7-5fa26894a50a" testName="Mavi.Domain.Tests.SceneConfigurationTests.ConfigurationRecordsItsCameraAndTimestamps" computerName="runnervmtr4k5" duration="00:00:00.0003175" startTime="2026-09-24T19:40:06.7026551+00:00" endTime="2026-09-24T19:40:06.7027038+00:00" testType="13cdc9d9-ddb5-4fa4-a97d-d965ccfc6d4b" outcome="Passed" testListId="8c84fa94-04c1-424b-9868-57a2d4851a1d" relativeResultsDirectory="49b2a575-a91b-4af5-bad2-609b2d7057ea" />
    <UnitTestResult executionId="a95cbff8-9e88-478d-9e5a-ff434aba8e7c" testId="325748df-779a-4c3b-389c-617b26b72951" testName="Mavi.Domain.Tests.ProcessingStateTests.LeaseTransitionsQueuedJobToLeased" computerName="runnervmtr4k5" duration="00:00:00.0035745" startTime="2026-09-24T19:40:06.6711693+00:00" endTime="2026-09-24T19:40:06.6715364+00:00" testType="13cdc9d9-ddb5-4fa4-a97d-d965ccfc6d4b" outcome="Passed" testListId="8c84fa94-04c1-424b-9868-57a2d4851a1d" relativeResultsDirectory="a95cbff8-9e88-478d-9e5a-ff434aba8e7c" />
    <UnitTestResult executionId="630ee111-850b-4309-ba5d-7295676f73f9" testId="70467357-d0c4-0b1a-9b49-8ab0d43bdef2" testName="Mavi.Domain.Tests.SceneConfigurationTests.FirstSaveCreatesAndActivatesRevisionOne" computerName="runnervmtr4k5" duration="00:00:00.0003267" startTime="2026-09-24T19:40:06.6987967+00:00" endTime="2026-09-24T19:40:06.6988834+00:00" testType="13cdc9d9-ddb5-4fa4-a97d-d965ccfc6d4b" outcome="Passed" testListId="8c84fa94-04c1-424b-9868-57a2d4851a1d" relativeResultsDirectory="630ee111-850b-4309-ba5d-7295676f73f9" />
    <UnitTestResult executionId="e61c850e-6a77-4eae-af01-bd323623734e" testId="aac5ef0a-a616-bcc4-dcc0-3d9a54c3971d" testName="Mavi.Domain.Tests.SceneAnalysisIdentityRecencyTests.ComparisonIsAntisymmetric(leftRevision: 5, leftVersion: &quot;scene-analytics-v1&quot;, rightRevision: 4, rightVersion: &quot;scene-analytics-v2&quot;)" computerName="runnervmtr4k5" duration="00:00:00.0000047" startTime="2026-09-24T19:40:06.6744782+00:00" endTime="2026-09-24T19:40:06.6745576+00:00" testType="13cdc9d9-ddb5-4fa4-a97d-d965ccfc6d4b" outcome="Passed" testListId="8c84fa94-04c1-424b-9868-57a2d4851a1d" relativeResultsDirectory="e61c850e-6a77-4eae-af01-bd323623734e" />
    <UnitTestResult executionId="61aa2ecd-4361-4a85-9197-3db790ba849a" testId="21d0d548-54bc-c695-96a6-3f3f7430c473" testName="Mavi.Domain.Tests.SceneAnalysisTests.ClaimTakesOwnershipAndStartsRunning" computerName="runnervmtr4k5" duration="00:00:00.0002851" startTime="2026-09-24T19:40:06.6950216+00:00" endTime="2026-09-24T19:40:06.6950590+00:00" testType="13cdc9d9-ddb5-4fa4-a97d-d965ccfc6d4b" outcome="Passed" testListId="8c84fa94-04c1-424b-9868-57a2d4851a1d" relativeResultsDirectory="61aa2ecd-4361-4a85-9197-3db790ba849a" />
    <UnitTestResult executionId="587c314e-dac3-402c-87b3-a6e97c8669cd" testId="343359df-a723-6db2-8467-4ea02773b7e2" testName="Mavi.Domain.Tests.ProcessingOrchestrationStateTests.ActiveVideoCannotQueue(initial: Queued)" computerName="runnervmtr4k5" duration="00:00:00.0003204" startTime="2026-09-24T19:40:06.6457879+00:00" endTime="2026-09-24T19:40:06.6458521+00:00" testType="13cdc9d9-ddb5-4fa4-a97d-d965ccfc6d4b" outcome="Passed" testListId="8c84fa94-04c1-424b-9868-57a2d4851a1d" relativeResultsDirectory="587c314e-dac3-402c-87b3-a6e97c8669cd" />
    <UnitTestResult executionId="f983cba5-4941-4c16-a8ad-54b86fc58ac1" testId="ecdf2281-7f88-25e4-9a8b-badcf6999170" testName="Mavi.Domain.Tests.SceneGeometryTests.ConcavePolygonExcludesTheNotch" computerName="runnervmtr4k5" duration="00:00:00.0001158" startTime="2026-09-24T19:40:06.6626496+00:00" endTime="2026-09-24T19:40:06.6627405+00:00" testType="13cdc9d9-ddb5-4fa4-a97d-d965ccfc6d4b" outcome="Passed" testListId="8c84fa94-04c1-424b-9868-57a2d4851a1d" relativeResultsDirectory="f983cba5-4941-4c16-a8ad-54b86fc58ac1" />
    <UnitTestResult executionId="bcf073dc-2498-4325-89bb-2a40d6cd0bb3" testId="23d32bc6-0eb0-7b4c-1a3c-2f12132a13f3" testName="Mavi.Domain.Tests.ObservationEvidenceSetTests.IllegalRoleRankOrSelectionScoreIsRejected(role: NearView, rank: 1, selectionScore: NaN)" computerName="runnervmtr4k5" duration="00:00:00.0011188" startTime="2026-09-24T19:40:06.6730211+00:00" endTime="2026-09-24T19:40:06.6753515+00:00" testType="13cdc9d9-ddb5-4fa4-a97d-d965ccfc6d4b" outcome="Passed" testListId="8c84fa94-04c1-424b-9868-57a2d4851a1d" relativeResultsDirectory="bcf073dc-2498-4325-89bb-2a40d6cd0bb3" />
    <UnitTestResult executionId="cf62654c-ea23-43f8-9723-dec20511672a" testId="9745813a-a52c-609c-6cd4-d0b1fdc9f8eb" testName="Mavi.Domain.Tests.SceneConfigurationTests.OverLongTripLineNameIsRefused" computerName="runnervmtr4k5" duration="00:00:00.0003139" startTime="2026-09-24T19:40:06.7022733+00:00" endTime="2026-09-24T19:40:06.7023524+00:00" testType="13cdc9d9-ddb5-4fa4-a97d-d965ccfc6d4b" outcome="Passed" testListId="8c84fa94-04c1-424b-9868-57a2d4851a1d" relativeResultsDirectory="cf62654c-ea23-43f8-9723-dec20511672a" />
    <UnitTestResult executionId="d6f7818b-2434-4afa-bec4-d13e8f84b271" testId="aa7907c2-1c12-c68b-5385-25ba52e0e65b" testName="Mavi.Domain.Tests.Task13CompletionDomainTests.EvidenceRelationshipsAreOneTimeAndIdempotentForSameId" computerName="runnervmtr4k5" duration="00:00:00.0013588" startTime="2026-09-24T19:40:06.6852692+00:00" endTime="2026-09-24T19:40:06.6853094+00:00" testType="13cdc9d9-ddb5-4fa4-a97d-d965ccfc6d4b" outcome="Passed" testListId="8c84fa94-04c1-424b-9868-57a2d4851a1d" relativeResultsDirectory="d6f7818b-2434-4afa-bec4-d13e8f84b271" />
    <UnitTestResult executionId="e5a50d61-b712-4201-8a9a-9c56a9aeb9e7" testId="6e004c6b-bb4a-f1f4-837b-1fff4baee384" testName="Mavi.Domain.Tests.ProcessingOrchestrationStateTests.VisionJobRejectsNonCanonicalWorkerIds(workerId: &quot;воркер&quot;)" computerName="runnervmtr4k5" duration="00:00:00.0000499" startTime="2026-09-24T19:40:06.6305945+00:00" endTime="2026-09-24T19:40:06.6307117+00:00" testType="13cdc9d9-ddb5-4fa4-a97d-d965ccfc6d4b" outcome="Passed" testListId="8c84fa94-04c1-424b-9868-57a2d4851a1d" relativeResultsDirectory="e5a50d61-b712-4201-8a9a-9c56a9aeb9e7" />
    <UnitTestResult executionId="9fbdec74-ee93-4acd-8be7-f760f10f1f77" testId="cf4920cb-b224-042e-c394-db1db9d7ea48" testName="Mavi.Domain.Tests.ProcessingOrchestrationStateTests.ProcessingRunRejectsNonCanonicalWorkerIds(workerId: &quot;worker-a &quot;)" computerName="runnervmtr4k5" duration="00:00:00.0000413" startTime="2026-09-24T19:40:06.6440500+00:00" endTime="2026-09-24T19:40:06.6441325+00:00" testType="13cdc9d9-ddb5-4fa4-a97d-d965ccfc6d4b" outcome="Passed" testListId="8c84fa94-04c1-424b-9868-57a2d4851a1d" relativeResultsDirectory="9fbdec74-ee93-4acd-8be7-f760f10f1f77" />
    <UnitTestResult executionId="68ba1e43-4fdc-4804-b415-ae70aff538d0" testId="5ed9bbf5-ef37-cf38-0a7a-ff459d7d2595" testName="Mavi.Domain.Tests.ProcessingOrchestrationStateTests.ProcessingRunRejectsNonCanonicalWorkerIds(workerId: &quot; worker-a &quot;)" computerName="runnervmtr4k5" duration="00:00:00.0000324" startTime="2026-09-24T19:40:06.6409411+00:00" endTime="2026-09-24T19:40:06.6410251+00:00" testType="13cdc9d9-ddb5-4fa4-a97d-d965ccfc6d4b" outcome="Passed" testListId="8c84fa94-04c1-424b-9868-57a2d4851a1d" relativeResultsDirectory="68ba1e43-4fdc-4804-b415-ae70aff538d0" />
    <UnitTestResult executionId="60cfaaec-eeba-42a0-8f65-b4a7ec0e18d1" testId="d1b9b46a-a86d-3123-238a-2d9f7107f072" testName="Mavi.Domain.Tests.SceneAnalysisTests.ExplicitRetryIsRefusedFromEveryStateButFailed(status: Completed)" computerName="runnervmtr4k5" duration="00:00:00.0002353" startTime="2026-09-24T19:40:06.6896180+00:00" endTime="2026-09-24T19:40:06.6896775+00:00" testType="13cdc9d9-ddb5-4fa4-a97d-d965ccfc6d4b" outcome="Passed" testListId="8c84fa94-04c1-424b-9868-57a2d4851a1d" relativeResultsDirectory="60cfaaec-eeba-42a0-8f65-b4a7ec0e18d1" />
    <UnitTestResult executionId="56815432-bf9d-4774-a01b-04756e2c16aa" testId="0e1644b4-66dd-2427-4335-a9419d88dc2f" testName="Mavi.Domain.Tests.ProcessingOrchestrationStateTests.VisionJobRejectsNonCanonicalWorkerIds(workerId: &quot;worker\\name&quot;)" computerName="runnervmtr4k5" duration="00:00:00.0000448" startTime="2026-09-24T19:40:06.6213569+00:00" endTime="2026-09-24T19:40:06.6214573+00:00" testType="13cdc9d9-ddb5-4fa4-a97d-d965ccfc6d4b" outcome="Passed" testListId="8c84fa94-04c1-424b-9868-57a2d4851a1d" relativeResultsDirectory="56815432-bf9d-4774-a01b-04756e2c16aa" />
    <UnitTestResult executionId="eaaf1ebf-54aa-4e10-9384-1b226ad12013" testId="c9622df6-7c57-e88d-9f75-e8a659c9a79d" testName="Mavi.Domain.Tests.SceneGeometryTests.InterpolationStaysBetweenItsEndpoints" computerName="runnervmtr4k5" duration="00:00:00.0017150" startTime="2026-09-24T19:40:06.5784558+00:00" endTime="2026-09-24T19:40:06.5786600+00:00" testType="13cdc9d9-ddb5-4fa4-a97d-d965ccfc6d4b" outcome="Passed" testListId="8c84fa94-04c1-424b-9868-57a2d4851a1d" relativeResultsDirectory="eaaf1ebf-54aa-4e10-9384-1b226ad12013" />
    <UnitTestResult executionId="090d39b9-fe8a-41fa-8a08-c057ea782773" testId="4c003d04-093f-89cd-0681-6db581ddd4c7" testName="Mavi.Domain.Tests.SceneAnalysisTests.OwnershipRequiresRunningAttemptAndToken" computerName="runnervmtr4k5" duration="00:00:00.0001792" startTime="2026-09-24T19:40:06.6912658+00:00" endTime="2026-09-24T19:40:06.6913035+00:00" testType="13cdc9d9-ddb5-4fa4-a97d-d965ccfc6d4b" outcome="Passed" testListId="8c84fa94-04c1-424b-9868-57a2d4851a1d" relativeResultsDirectory="090d39b9-fe8a-41fa-8a08-c057ea782773" />
    <UnitTestResult executionId="37a66c11-b6fa-45f2-b0c9-6fa41cccf15d" testId="7578737c-e7eb-87ce-6c03-ddaf4f914762" testName="Mavi.Domain.Tests.SceneGeometryTests.PolygonTouchingItselfAtANonAdjacentVertexIsRejected" computerName="runnervmtr4k5" duration="00:00:00.0002084" startTime="2026-09-24T19:40:06.6597305+00:00" endTime="2026-09-24T19:40:06.6598055+00:00" testType="13cdc9d9-ddb5-4fa4-a97d-d965ccfc6d4b" outcome="Passed" testListId="8c84fa94-04c1-424b-9868-57a2d4851a1d" relativeResultsDirectory="37a66c11-b6fa-45f2-b0c9-6fa41cccf15d" />
    <UnitTestResult executionId="499e7aad-e850-4d24-a0bd-b4b47e15ad0f" testId="eb01c383-2e44-5c7a-abda-766c63c65b32" testName="Mavi.Domain.Tests.ObservationEvidenceSetTests.EveryRoleIsCreatedAtALegalRank(role: NearView, rank: 1)" computerName="runnervmtr4k5" duration="00:00:00.0002732" startTime="2026-09-24T19:40:06.6813577+00:00" endTime="2026-09-24T19:40:06.6817837+00:00" testType="13cdc9d9-ddb5-4fa4-a97d-d965ccfc6d4b" outcome="Passed" testListId="8c84fa94-04c1-424b-9868-57a2d4851a1d" relativeResultsDirectory="499e7aad-e850-4d24-a0bd-b4b47e15ad0f" />
    <UnitTestResult executionId="26ef1620-8c3d-4849-a021-a9f8d5e0c50a" testId="e9c1f0bb-de36-dc46-32d6-c61daf36df19" testName="Mavi.Domain.Tests.Task13CompletionDomainTests.VideoCanReachSuccessfulTerminalStateOnlyFromProcessing" computerName="runnervmtr4k5" duration="00:00:00.0004442" startTime="2026-09-24T19:40:06.6804688+00:00" endTime="2026-09-24T19:40:06.6805579+00:00" testType="13cdc9d9-ddb5-4fa4-a97d-d965ccfc6d4b" outcome="Passed" testListId="8c84fa94-04c1-424b-9868-57a2d4851a1d" relativeResultsDirectory="26ef1620-8c3d-4849-a021-a9f8d5e0c50a" />
    <UnitTestResult executionId="ebd82808-e3b4-450f-bc45-72dab4a4fdd5" testId="d0fd2184-e4c2-856f-47dc-1577256b4ee9" testName="Mavi.Domain.Tests.ProcessingOrchestrationStateTests.VisionJobRejectsNonCanonicalWorkerIds(workerId: &quot;worker\tname&quot;)" computerName="runnervmtr4k5" duration="00:00:00.0000436" startTime="2026-09-24T19:40:06.6313725+00:00" endTime="2026-09-24T19:40:06.6314502+00:00" testType="13cdc9d9-ddb5-4fa4-a97d-d965ccfc6d4b" outcome="Passed" testListId="8c84fa94-04c1-424b-9868-57a2d4851a1d" relativeResultsDirectory="ebd82808-e3b4-450f-bc45-72dab4a4fdd5" />
    <UnitTestResult executionId="d0539b69-46c9-4d79-8349-fbe23724af1e" testId="f3d4bd83-0eab-1a5d-a101-c0f4e7cde500" testName="Mavi.Domain.Tests.SceneAnalysisTests.ExplicitRetryIsRefusedFromEveryStateButFailed(status: Running)" computerName="runnervmtr4k5" duration="00:00:00.0000281" startTime="2026-09-24T19:40:06.6898605+00:00" endTime="2026-09-24T19:40:06.6898984+00:00" testType="13cdc9d9-ddb5-4fa4-a97d-d965ccfc6d4b" outcome="Passed" testListId="8c84fa94-04c1-424b-9868-57a2d4851a1d" relativeResultsDirectory="d0539b69-46c9-4d79-8349-fbe23724af1e" />
    <UnitTestResult executionId="c64a204a-f18b-42ae-83af-60670ba75eac" testId="c5ff5bc4-2145-626d-bdf1-1aa3fa2094ad" testName="Mavi.Domain.Tests.ProcessingOrchestrationStateTests.TerminalOrInitialVideoCanQueue(initial: Failed)" computerName="runnervmtr4k5" duration="00:00:00.0035149" startTime="2026-09-24T19:40:06.6587558+00:00" endTime="2026-09-24T19:40:06.6645788+00:00" testType="13cdc9d9-ddb5-4fa4-a97d-d965ccfc6d4b" outcome="Passed" testListId="8c84fa94-04c1-424b-9868-57a2d4851a1d" relativeResultsDirectory="c64a204a-f18b-42ae-83af-60670ba75eac" />
    <UnitTestResult executionId="87c98720-c4c5-4513-801a-040003f0ed8c" testId="c3128498-3c9c-340d-62ab-df06ce1da6dc" testName="Mavi.Domain.Tests.SceneConfigurationTests.RevisionWhoseGeometryIsAllDisabledAlsoDisablesAnalytics" computerName="runnervmtr4k5" duration="00:00:00.0004393" startTime="2026-09-24T19:40:06.6984976+00:00" endTime="2026-09-24T19:40:06.6985633+00:00" testType="13cdc9d9-ddb5-4fa4-a97d-d965ccfc6d4b" outcome="Passed" testListId="8c84fa94-04c1-424b-9868-57a2d4851a1d" relativeResultsDirectory="87c98720-c4c5-4513-801a-040003f0ed8c" />
    <UnitTestResult executionId="84adee48-d7ae-41a4-967b-4e4b22c335d9" testId="bfa51cbf-7fe8-3ed1-0ee6-737aa61a824e" testName="Mavi.Domain.Tests.SceneAnalysisTests.ClaimIsRefusedOnceAttemptsAreSpent" computerName="runnervmtr4k5" duration="00:00:00.0001828" startTime="2026-09-24T19:40:06.6960946+00:00" endTime="2026-09-24T19:40:06.6961333+00:00" testType="13cdc9d9-ddb5-4fa4-a97d-d965ccfc6d4b" outcome="Passed" testListId="8c84fa94-04c1-424b-9868-57a2d4851a1d" relativeResultsDirectory="84adee48-d7ae-41a4-967b-4e4b22c335d9" />
    <UnitTestResult executionId="3af692b0-d17b-41d1-8348-174c614e01ac" testId="5bbbb2ce-ae05-ff4e-1392-90837375f77e" testName="Mavi.Domain.Tests.SceneAnalysisTests.QueueRefusesEmptyIdentifiers" computerName="runnervmtr4k5" duration="00:00:00.0059534" startTime="2026-09-24T19:40:06.6941700+00:00" endTime="2026-09-24T19:40:06.6942089+00:00" testType="13cdc9d9-ddb5-4fa4-a97d-d965ccfc6d4b" outcome="Passed" testListId="8c84fa94-04c1-424b-9868-57a2d4851a1d" relativeResultsDirectory="3af692b0-d17b-41d1-8348-174c614e01ac" />
    <UnitTestResult executionId="1825b58a-7cf0-4e96-87dc-7345d59e926d" testId="71a64293-f050-e285-46fa-1a02d9b7cd9d" testName="Mavi.Domain.Tests.SceneAnalysisTests.BothSuccessfulStatesAreFactBearingAndFailedIsNot" computerName="runnervmtr4k5" duration="00:00:00.0005189" startTime="2026-09-24T19:40:06.6871304+00:00" endTime="2026-09-24T19:40:06.6871695+00:00" testType="13cdc9d9-ddb5-4fa4-a97d-d965ccfc6d4b" outcome="Passed" testListId="8c84fa94-04c1-424b-9868-57a2d4851a1d" relativeResultsDirectory="1825b58a-7cf0-4e96-87dc-7345d59e926d" />
    <UnitTestResult executionId="a1c38908-751b-4487-99f8-07addd65fada" testId="1e14415d-7612-3f63-a5d1-0290a6cafdda" testName="Mavi.Domain.Tests.SceneConfigurationTests.ReferenceFrameMustBeWholeOrAbsent" computerName="runnervmtr4k5" duration="00:00:00.0004180" startTime="2026-09-24T19:40:06.7003751+00:00" endTime="2026-09-24T19:40:06.7004128+00:00" testType="13cdc9d9-ddb5-4fa4-a97d-d965ccfc6d4b" outcome="Passed" testListId="8c84fa94-04c1-424b-9868-57a2d4851a1d" relativeResultsDirectory="a1c38908-751b-4487-99f8-07addd65fada" />
    <UnitTestResult executionId="82140407-9c7c-4f1f-a099-3020db52ba41" testId="489f7be9-e92f-b800-c667-bac9ab00f41f" testName="Mavi.Domain.Tests.SceneAnalysisIdentityRecencyTests.ComparisonIsAntisymmetric(leftRevision: 4, leftVersion: &quot;scene-analytics-v1&quot;, rightRevision: 4, rightVersion: &quot;scene-analytics-v1&quot;)" computerName="runnervmtr4k5" duration="00:00:00.0000077" startTime="2026-09-24T19:40:06.6742212+00:00" endTime="2026-09-24T19:40:06.6743101+00:00" testType="13cdc9d9-ddb5-4fa4-a97d-d965ccfc6d4b" outcome="Passed" testListId="8c84fa94-04c1-424b-9868-57a2d4851a1d" relativeResultsDirectory="82140407-9c7c-4f1f-a099-3020db52ba41" />
    <UnitTestResult executionId="810b8a5c-12b6-4ca5-9c20-54ddf60d2e84" testId="ab132a24-b3d5-8642-3ecd-1172a560717e" testName="Mavi.Domain.Tests.ProcessingOrchestrationStateTests.ProcessingRunRejectsNonCanonicalWorkerIds(workerId: &quot;gpu-sdd-01\r\n&quot;)" computerName="runnervmtr4k5" duration="00:00:00.0000412" startTime="2026-09-24T19:40:06.6435503+00:00" endTime="2026-09-24T19:40:06.6436619+00:00" testType="13cdc9d9-ddb5-4fa4-a97d-d965ccfc6d4b" outcome="Passed" testListId="8c84fa94-04c1-424b-9868-57a2d4851a1d" relativeResultsDirectory="810b8a5c-12b6-4ca5-9c20-54ddf60d2e84" />
    <UnitTestResult executionId="03a5fd5f-9247-44eb-ab79-49a69b3dc0c3" testId="9b1241c6-5638-249e-5385-68e372ab5ea6" testName="Mavi.Domain.Tests.SceneAnalysisTests.QueueRefusesAParameterHashThatIsNotCanonicalSha256(parameters: &quot;NOTHEX&quot;)" computerName="runnervmtr4k5" duration="00:00:00.0001941" startTime="2026-09-24T19:40:06.6863367+00:00" endTime="2026-09-24T19:40:06.6863759+00:00" testType="13cdc9d9-ddb5-4fa4-a97d-d965ccfc6d4b" outcome="Passed" testListId="8c84fa94-04c1-424b-9868-57a2d4851a1d" relativeResultsDirectory="03a5fd5f-9247-44eb-ab79-49a69b3dc0c3" />
    <UnitTestResult executionId="820c53a6-d36f-4f4f-b5c0-2f8d42fa5592" testId="07c11d4e-e8ef-436d-1fb6-49b7835c9898" testName="Mavi.Domain.Tests.SceneGeometryTests.PointExactlyOnAnEdgeIsInside" computerName="runnervmtr4k5" duration="00:00:00.0000920" startTime="2026-09-24T19:40:06.6632258+00:00" endTime="2026-09-24T19:40:06.6633076+00:00" testType="13cdc9d9-ddb5-4fa4-a97d-d965ccfc6d4b" outcome="Passed" testListId="8c84fa94-04c1-424b-9868-57a2d4851a1d" relativeResultsDirectory="820c53a6-d36f-4f4f-b5c0-2f8d42fa5592" />
    <UnitTestResult executionId="da3e7bac-9c31-46bb-ab8f-991193c8348e" testId="140f91e7-49c0-7031-9ffa-4b6ef996c94d" testName="Mavi.Domain.Tests.ProcessingOrchestrationStateTests.VisionJobStoresCanonicalWorkerIdExactly(workerId: &quot;gpu_sdd_01&quot;)" computerName="runnervmtr4k5" duration="00:00:00.0000089" startTime="2026-09-24T19:40:06.6367342+00:00" endTime="2026-09-24T19:40:06.6368297+00:00" testType="13cdc9d9-ddb5-4fa4-a97d-d965ccfc6d4b" outcome="Passed" testListId="8c84fa94-04c1-424b-9868-57a2d4851a1d" relativeResultsDirectory="da3e7bac-9c31-46bb-ab8f-991193c8348e" />
    <UnitTestResult executionId="1a2f51ce-434c-4965-b6ea-050b82fbf647" testId="f3442554-277c-5d1a-5965-0b10c1a229fe" testName="Mavi.Domain.Tests.SceneConfigurationTests.CollinearZoneIsDegenerate" computerName="runnervmtr4k5" duration="00:00:00.0003621" startTime="2026-09-24T19:40:06.7024869+00:00" endTime="2026-09-24T19:40:06.7025265+00:00" testType="13cdc9d9-ddb5-4fa4-a97d-d965ccfc6d4b" outcome="Passed" testListId="8c84fa94-04c1-424b-9868-57a2d4851a1d" relativeResultsDirectory="1a2f51ce-434c-4965-b6ea-050b82fbf647" />
    <UnitTestResult executionId="4f937857-a0f7-4889-b7ec-6b04dd72b4ad" testId="eff4fdf8-4793-d807-edca-4417a927ef78" testName="Mavi.Domain.Tests.SceneConfigurationTests.ConfigurationRequiresACamera" computerName="runnervmtr4k5" duration="00:00:00.0002101" startTime="2026-09-24T19:40:06.7001115+00:00" endTime="2026-09-24T19:40:06.7001504+00:00" testType="13cdc9d9-ddb5-4fa4-a97d-d965ccfc6d4b" outcome="Passed" testListId="8c84fa94-04c1-424b-9868-57a2d4851a1d" relativeResultsDirectory="4f937857-a0f7-4889-b7ec-6b04dd72b4ad" />
    <UnitTestResult executionId="573224fc-b9df-4cb0-a6a9-cef3ed2618d6" testId="8e7819c7-b2cf-2827-6817-e31a7c198a83" testName="Mavi.Domain.Tests.SceneAnalysisIdentityRecencyTests.ComparisonIsAntisymmetric(leftRevision: 4, leftVersion: &quot;scene-analytics-v1&quot;, rightRevision: 5, rightVersion: &quot;scene-analytics-v1&quot;)" computerName="runnervmtr4k5" duration="00:00:00.0003336" startTime="2026-09-24T19:40:06.6730546+00:00" endTime="2026-09-24T19:40:06.6731709+00:00" testType="13cdc9d9-ddb5-4fa4-a97d-d965ccfc6d4b" outcome="Passed" testListId="8c84fa94-04c1-424b-9868-57a2d4851a1d" relativeResultsDirectory="573224fc-b9df-4cb0-a6a9-cef3ed2618d6" />
    <UnitTestResult executionId="760f012e-1e5c-4ab7-a22f-cc6d7fdb0612" testId="6817fee8-2733-5c93-fe68-9081d37cd669" testName="Mavi.Domain.Tests.SceneAnalysisTests.ExhaustionIsRefusedBeforeTheGraceHasPassed" computerName="runnervmtr4k5" duration="00:00:00.0006165" startTime="2026-09-24T19:40:06.6904704+00:00" endTime="2026-09-24T19:40:06.6905131+00:00" testType="13cdc9d9-ddb5-4fa4-a97d-d965ccfc6d4b" outcome="Passed" testListId="8c84fa94-04c1-424b-9868-57a2d4851a1d" relativeResultsDirectory="760f012e-1e5c-4ab7-a22f-cc6d7fdb0612" />
    <UnitTestResult executionId="1d007dc3-d790-4f97-b23e-684e576bc027" testId="5a899b77-f54e-8940-f28f-953c58a7d457" testName="Mavi.Domain.Tests.SceneAnalysisIdentityRecencyTests.AnUnparseableVersionStillOrdersDeterministically" computerName="runnervmtr4k5" duration="00:00:00.0001328" startTime="2026-09-24T19:40:06.6748034+00:00" endTime="2026-09-24T19:40:06.6748856+00:00" testType="13cdc9d9-ddb5-4fa4-a97d-d965ccfc6d4b" outcome="Passed" testListId="8c84fa94-04c1-424b-9868-57a2d4851a1d" relativeResultsDirectory="1d007dc3-d790-4f97-b23e-684e576bc027" />
    <UnitTestResult executionId="57786540-7626-471b-97ce-b09915f27864" testId="8fd574a7-248e-f37f-5212-57edddfc2a92" testName="Mavi.Domain.Tests.SceneConfigurationTests.SubsequentSaveIncrementsTheRevisionNumber" computerName="runnervmtr4k5" duration="00:00:00.0003530" startTime="2026-09-24T19:40:06.7006667+00:00" endTime="2026-09-24T19:40:06.7007100+00:00" testType="13cdc9d9-ddb5-4fa4-a97d-d965ccfc6d4b" outcome="Passed" testListId="8c84fa94-04c1-424b-9868-57a2d4851a1d" relativeResultsDirectory="57786540-7626-471b-97ce-b09915f27864" />
    <UnitTestResult executionId="71071041-572a-4270-aa37-aaf21d210ab4" testId="c9f48086-5b31-3dd3-8d33-d925919d2e97" testName="Mavi.Domain.Tests.SceneGeometryTests.CoordinateOutsideTheUnitIntervalIsRejected(value: NaN)" computerName="runnervmtr4k5" duration="00:00:00.0000029" startTime="2026-09-24T19:40:06.6197748+00:00" endTime="2026-09-24T19:40:06.6198876+00:00" testType="13cdc9d9-ddb5-4fa4-a97d-d965ccfc6d4b" outcome="Passed" testListId="8c84fa94-04c1-424b-9868-57a2d4851a1d" relativeResultsDirectory="71071041-572a-4270-aa37-aaf21d210ab4" />
    <UnitTestResult executionId="6fdf62a1-5832-4218-b6ae-d93e1fb605b4" testId="b67369b7-00cb-a7dd-251d-14bf79f4ff32" testName="Mavi.Domain.Tests.VideoAssetTests.ArtifactRejectsUnsafeStorageKey(storageKey: &quot;source\\video.mp4&quot;)" computerName="runnervmtr4k5" duration="00:00:00.0002207" startTime="2026-09-24T19:40:06.6664983+00:00" endTime="2026-09-24T19:40:06.6665740+00:00" testType="13cdc9d9-ddb5-4fa4-a97d-d965ccfc6d4b" outcome="Passed" testListId="8c84fa94-04c1-424b-9868-57a2d4851a1d" relativeResultsDirectory="6fdf62a1-5832-4218-b6ae-d93e1fb605b4" />
    <UnitTestResult executionId="528adcb1-90db-433f-8ac0-3c7a487e3331" testId="59e97ded-57ce-f4c0-f7b1-38a026f3cceb" testName="Mavi.Domain.Tests.ProcessingOrchestrationStateTests.ReassignmentPreservesStartAndChangesWorker" computerName="runnervmtr4k5" duration="00:00:00.0018991" startTime="2026-09-24T19:40:06.6714529+00:00" endTime="2026-09-24T19:40:06.6716788+00:00" testType="13cdc9d9-ddb5-4fa4-a97d-d965ccfc6d4b" outcome="Passed" testListId="8c84fa94-04c1-424b-9868-57a2d4851a1d" relativeResultsDirectory="528adcb1-90db-433f-8ac0-3c7a487e3331" />
    <UnitTestResult executionId="40fdf784-95f8-45d1-9d73-6f5b6ad8ee28" testId="706dac94-9a78-384d-e955-fea1521fcc10" testName="Mavi.Domain.Tests.VideoAssetTests.CreateWithExplicitIdentifierPreservesVersionSevenIdentifier" computerName="runnervmtr4k5" duration="00:00:00.0032770" startTime="2026-09-24T19:40:06.6681083+00:00" endTime="2026-09-24T19:40:06.6685033+00:00" testType="13cdc9d9-ddb5-4fa4-a97d-d965ccfc6d4b" outcome="Passed" testListId="8c84fa94-04c1-424b-9868-57a2d4851a1d" relativeResultsDirectory="40fdf784-95f8-45d1-9d73-6f5b6ad8ee28" />
    <UnitTestResult executionId="55691c37-1b63-4779-bb1c-a97b3176a004" testId="7eb88943-b49b-ca03-4fa5-c6e8f8e75e43" testName="Mavi.Domain.Tests.SceneAnalysisTests.StaleCompletionIsRejectedAndWritesNothing" computerName="runnervmtr4k5" duration="00:00:00.0006037" startTime="2026-09-24T19:40:06.6959381+00:00" endTime="2026-09-24T19:40:06.6959845+00:00" testType="13cdc9d9-ddb5-4fa4-a97d-d965ccfc6d4b" outcome="Passed" testListId="8c84fa94-04c1-424b-9868-57a2d4851a1d" relativeResultsDirectory="55691c37-1b63-4779-bb1c-a97b3176a004" />
    <UnitTestResult executionId="5d0bb062-1c1e-4731-8ca6-9bbdb47d16f3" testId="5a117f7f-efca-d94a-b112-1b22d8518e28" testName="Mavi.Domain.Tests.CameraTests.CreateRejectsBlankCode" computerName="runnervmtr4k5" duration="00:00:00.0057609" startTime="2026-09-24T19:40:06.5466178+00:00" endTime="2026-09-24T19:40:06.5641840+00:00" testType="13cdc9d9-ddb5-4fa4-a97d-d965ccfc6d4b" outcome="Passed" testListId="8c84fa94-04c1-424b-9868-57a2d4851a1d" relativeResultsDirectory="5d0bb062-1c1e-4731-8ca6-9bbdb47d16f3" />
    <UnitTestResult executionId="1d34ba1f-4ac3-4143-bbae-f2ebfddd3917" testId="80d5b07d-d587-7eae-2dc7-8e2484d20004" testName="Mavi.Domain.Tests.ProcessingOrchestrationStateTests.VisionJobRejectsNonCanonicalWorkerIds(workerId: &quot;worker:name&quot;)" computerName="runnervmtr4k5" duration="00:00:00.0000440" startTime="2026-09-24T19:40:06.6295435+00:00" endTime="2026-09-24T19:40:06.6296631+00:00" testType="13cdc9d9-ddb5-4fa4-a97d-d965ccfc6d4b" outcome="Passed" testListId="8c84fa94-04c1-424b-9868-57a2d4851a1d" relativeResultsDirectory="1d34ba1f-4ac3-4143-bbae-f2ebfddd3917" />
    <UnitTestResult executionId="5a120583-9dc1-4859-9baa-32f0936bd783" testId="a3bb9625-eeec-5467-177a-3ed2b3210ed9" testName="Mavi.Domain.Tests.ProcessingOrchestrationStateTests.ActiveVideoCannotQueue(initial: Processing)" computerName="runnervmtr4k5" duration="00:00:00.0003651" startTime="2026-09-24T19:40:06.6459799+00:00" endTime="2026-09-24T19:40:06.6460633+00:00" testType="13cdc9d9-ddb5-4fa4-a97d-d965ccfc6d4b" outcome="Passed" testListId="8c84fa94-04c1-424b-9868-57a2d4851a1d" relativeResultsDirectory="5a120583-9dc1-4859-9baa-32f0936bd783" />
    <UnitTestResult executionId="7fc7cea7-0657-44cc-a53b-9a01dad5cf98" testId="f92ff9f7-da26-2897-ca59-032c178bafdf" testName="Mavi.Domain.Tests.ArchitectureBoundaryTests.ProjectReferencesFollowApprovedDependencyDirection" computerName="runnervmtr4k5" duration="00:00:00.0146037" startTime="2026-09-24T19:40:06.6855811+00:00" endTime="2026-09-24T19:40:06.6889003+00:00" testType="13cdc9d9-ddb5-4fa4-a97d-d965ccfc6d4b" outcome="Passed" testListId="8c84fa94-04c1-424b-9868-57a2d4851a1d" relativeResultsDirectory="7fc7cea7-0657-44cc-a53b-9a01dad5cf98" />
    <UnitTestResult executionId="ab5d22bf-3720-4fd3-88f6-4fa1b4f4b5c8" testId="b2e260a8-ee04-093f-31e9-719b5fb97fd4" testName="Mavi.Domain.Tests.SceneConfigurationTests.DuplicateTripLineNamesAreRefused" computerName="runnervmtr4k5" duration="00:00:00.0004081" startTime="2026-09-24T19:40:06.7019759+00:00" endTime="2026-09-24T19:40:06.7020623+00:00" testType="13cdc9d9-ddb5-4fa4-a97d-d965ccfc6d4b" outcome="Passed" testListId="8c84fa94-04c1-424b-9868-57a2d4851a1d" relativeResultsDirectory="ab5d22bf-3720-4fd3-88f6-4fa1b4f4b5c8" />
    <UnitTestResult executionId="6f1363cc-6ef9-4925-8e21-df645cf39081" testId="3acb9d94-eae1-c486-4131-148e2c0db140" testName="Mavi.Domain.Tests.ObservationEvidenceSetTests.EveryRoleIsCreatedAtALegalRank(role: Representative, rank: 0)" computerName="runnervmtr4k5" duration="00:00:00.0071742" startTime="2026-09-24T19:40:06.6780877+00:00" endTime="2026-09-24T19:40:06.6811903+00:00" testType="13cdc9d9-ddb5-4fa4-a97d-d965ccfc6d4b" outcome="Passed" testListId="8c84fa94-04c1-424b-9868-57a2d4851a1d" relativeResultsDirectory="6f1363cc-6ef9-4925-8e21-df645cf39081" />
    <UnitTestResult executionId="e5e93c86-2b2a-4dae-8055-6511734692fa" testId="993c2035-1c1c-bd5f-3d93-a3acb1d5474d" testName="Mavi.Domain.Tests.ProcessingOrchestrationStateTests.ProcessingRunRejectsNonCanonicalWorkerIds(workerId: &quot;-worker&quot;)" computerName="runnervmtr4k5" duration="00:00:00.0000466" startTime="2026-09-24T19:40:06.6428127+00:00" endTime="2026-09-24T19:40:06.6428928+00:00" testType="13cdc9d9-ddb5-4fa4-a97d-d965ccfc6d4b" outcome="Passed" testListId="8c84fa94-04c1-424b-9868-57a2d4851a1d" relativeResultsDirectory="e5e93c86-2b2a-4dae-8055-6511734692fa" />
    <UnitTestResult executionId="5d3da9c4-5e18-42fc-890b-65daf52a8bd8" testId="bcdac584-3067-d9c1-1f81-2706425b07aa" testName="Mavi.Domain.Tests.SceneConfigurationTests.LoiteringThresholdIsBounded(threshold: 86401)" computerName="runnervmtr4k5" duration="00:00:00.0002181" startTime="2026-09-24T19:40:06.6908935+00:00" endTime="2026-09-24T19:40:06.6909311+00:00" testType="13cdc9d9-ddb5-4fa4-a97d-d965ccfc6d4b" outcome="Passed" testListId="8c84fa94-04c1-424b-9868-57a2d4851a1d" relativeResultsDirectory="5d3da9c4-5e18-42fc-890b-65daf52a8bd8" />
    <UnitTestResult executionId="f117957a-8d94-4812-a71d-a165f63485aa" testId="9849d0ea-fa59-9dd9-d793-92b2bc3ac094" testName="Mavi.Domain.Tests.SceneConfigurationTests.TripLineWithoutANameIsRefused(name: null)" computerName="runnervmtr4k5" duration="00:00:00.0003609" startTime="2026-09-24T19:40:06.6977053+00:00" endTime="2026-09-24T19:40:06.6977501+00:00" testType="13cdc9d9-ddb5-4fa4-a97d-d965ccfc6d4b" outcome="Passed" testListId="8c84fa94-04c1-424b-9868-57a2d4851a1d" relativeResultsDirectory="f117957a-8d94-4812-a71d-a165f63485aa" />
    <UnitTestResult executionId="859ebbe7-2985-465f-8ba7-2ee73076f733" testId="60800df7-bd2c-9cc2-7572-85dd9b325fed" testName="Mavi.Domain.Tests.ProcessingOrchestrationStateTests.VisionJobRejectsNonCanonicalWorkerIds(workerId: &quot;gpu-sdd-01\n&quot;)" computerName="runnervmtr4k5" duration="00:00:00.0000487" startTime="2026-09-24T19:40:06.6308803+00:00" endTime="2026-09-24T19:40:06.6309727+00:00" testType="13cdc9d9-ddb5-4fa4-a97d-d965ccfc6d4b" outcome="Passed" testListId="8c84fa94-04c1-424b-9868-57a2d4851a1d" relativeResultsDirectory="859ebbe7-2985-465f-8ba7-2ee73076f733" />
    <UnitTestResult executionId="5853d60f-14ac-494a-9ead-8ed912217a60" testId="1b59e6b2-96f1-21ce-5a2f-12dd51198545" testName="Mavi.Domain.Tests.ProcessingOrchestrationStateTests.AttemptExhaustionRevokesActiveCapability" computerName="runnervmtr4k5" duration="00:00:00.0012470" startTime="2026-09-24T19:40:06.6476610+00:00" endTime="2026-09-24T19:40:06.6585271+00:00" testType="13cdc9d9-ddb5-4fa4-a97d-d965ccfc6d4b" outcome="Passed" testListId="8c84fa94-04c1-424b-9868-57a2d4851a1d" relativeResultsDirectory="5853d60f-14ac-494a-9ead-8ed912217a60" />
    <UnitTestResult executionId="109aa132-0224-4ad8-8a4d-16efd057b534" testId="22837ac3-7384-915b-74f7-241cb115f18f" testName="Mavi.Domain.Tests.ProcessingOrchestrationStateTests.ProcessingRunRejectsNonCanonicalWorkerIds(workerId: &quot;worker\tname&quot;)" computerName="runnervmtr4k5" duration="00:00:00.0000360" startTime="2026-09-24T19:40:06.6430466+00:00" endTime="2026-09-24T19:40:06.6431365+00:00" testType="13cdc9d9-ddb5-4fa4-a97d-d965ccfc6d4b" outcome="Passed" testListId="8c84fa94-04c1-424b-9868-57a2d4851a1d" relativeResultsDirectory="109aa132-0224-4ad8-8a4d-16efd057b534" />
    <UnitTestResult executionId="c91bfef2-20be-4b6e-80be-d90a7fbc3f06" testId="68e32d88-60d4-9daa-e077-c05b64424bc4" testName="Mavi.Domain.Tests.ProcessingOrchestrationStateTests.VisionJobRejectsNonCanonicalWorkerIds(workerId: &quot;_worker&quot;)" computerName="runnervmtr4k5" duration="00:00:00.0000533" startTime="2026-09-24T19:40:06.6298212+00:00" endTime="2026-09-24T19:40:06.6298914+00:00" testType="13cdc9d9-ddb5-4fa4-a97d-d965ccfc6d4b" outcome="Passed" testListId="8c84fa94-04c1-424b-9868-57a2d4851a1d" relativeResultsDirectory="c91bfef2-20be-4b6e-80be-d90a7fbc3f06" />
    <UnitTestResult executionId="b8c296e5-9a5f-4cf5-8712-712509a26a47" testId="2d71e888-c05d-5808-d4fd-04a7aa5ed35e" testName="Mavi.Domain.Tests.ProcessingOrchestrationStateTests.ProcessingRunRejectsNonCanonicalWorkerIds(workerId: &quot;worker\\name&quot;)" computerName="runnervmtr4k5" duration="00:00:00.0000400" startTime="2026-09-24T19:40:06.6442770+00:00" endTime="2026-09-24T19:40:06.6443629+00:00" testType="13cdc9d9-ddb5-4fa4-a97d-d965ccfc6d4b" outcome="Passed" testListId="8c84fa94-04c1-424b-9868-57a2d4851a1d" relativeResultsDirectory="b8c296e5-9a5f-4cf5-8712-712509a26a47" />
    <UnitTestResult executionId="735950a1-a477-4edc-9a3e-e1380916537d" testId="77189ae3-a45d-0835-9f48-d85b3a769a6d" testName="Mavi.Domain.Tests.SceneAnalysisTests.AttemptFailureOnTheLastAttemptIsTerminal" computerName="runnervmtr4k5" duration="00:00:00.0003167" startTime="2026-09-24T19:40:06.6928707+00:00" endTime="2026-09-24T19:40:06.6929091+00:00" testType="13cdc9d9-ddb5-4fa4-a97d-d965ccfc6d4b" outcome="Passed" testListId="8c84fa94-04c1-424b-9868-57a2d4851a1d" relativeResultsDirectory="735950a1-a477-4edc-9a3e-e1380916537d" />
    <UnitTestResult executionId="918c895f-2f19-414a-ad3a-639b77088a91" testId="4a6b262b-0f16-aa2b-72b8-f55bd000fcc9" testName="Mavi.Domain.Tests.SceneConfigurationTests.UnknownZoneKindIsRefused" computerName="runnervmtr4k5" duration="00:00:00.0007731" startTime="2026-09-24T19:40:06.6980747+00:00" endTime="2026-09-24T19:40:06.6981175+00:00" testType="13cdc9d9-ddb5-4fa4-a97d-d965ccfc6d4b" outcome="Passed" testListId="8c84fa94-04c1-424b-9868-57a2d4851a1d" relativeResultsDirectory="918c895f-2f19-414a-ad3a-639b77088a91" />
    <UnitTestResult executionId="1913f90a-a95e-47d8-bfc3-b5337a261e2d" testId="ff793909-3875-9738-b513-128cc082587f" testName="Mavi.Domain.Tests.VideoAssetTests.CreateWithExplicitIdentifierRejectsNonVersionSevenIdentifier" computerName="runnervmtr4k5" duration="00:00:00.0008442" startTime="2026-09-24T19:40:06.6644907+00:00" endTime="2026-09-24T19:40:06.6653060+00:00" testType="13cdc9d9-ddb5-4fa4-a97d-d965ccfc6d4b" outcome="Passed" testListId="8c84fa94-04c1-424b-9868-57a2d4851a1d" relativeResultsDirectory="1913f90a-a95e-47d8-bfc3-b5337a261e2d" />
    <UnitTestResult executionId="642afccf-0e81-4d18-ba88-a960eb382518" testId="f9712a85-1b06-ba4b-0906-921ab7383a4d" testName="Mavi.Domain.Tests.SceneGeometryTests.PointWellInsideIsContained" computerName="runnervmtr4k5" duration="00:00:00.0055076" startTime="2026-09-24T19:40:06.6202650+00:00" endTime="2026-09-24T19:40:06.6369723+00:00" testType="13cdc9d9-ddb5-4fa4-a97d-d965ccfc6d4b" outcome="Passed" testListId="8c84fa94-04c1-424b-9868-57a2d4851a1d" relativeResultsDirectory="642afccf-0e81-4d18-ba88-a960eb382518" />
    <UnitTestResult executionId="3bb781d8-c78d-43a7-95de-429613278762" testId="7289a419-0632-22b1-db13-b74f0781fdcf" testName="Mavi.Domain.Tests.VideoAssetTests.ArtifactRejectsUnsafeStorageKey(storageKey: &quot;../escape/video.mp4&quot;)" computerName="runnervmtr4k5" duration="00:00:00.0002974" startTime="2026-09-24T19:40:06.6678304+00:00" endTime="2026-09-24T19:40:06.6679129+00:00" testType="13cdc9d9-ddb5-4fa4-a97d-d965ccfc6d4b" outcome="Passed" testListId="8c84fa94-04c1-424b-9868-57a2d4851a1d" relativeResultsDirectory="3bb781d8-c78d-43a7-95de-429613278762" />
    <UnitTestResult executionId="8d40acb1-93e0-4da8-b573-4b9764cce467" testId="1bedbdec-6cf4-ad0d-40ea-3884724cce88" testName="Mavi.Domain.Tests.ProcessingOrchestrationStateTests.TerminalOrInitialVideoCanQueue(initial: Processed)" computerName="runnervmtr4k5" duration="00:00:00.0003373" startTime="2026-09-24T19:40:06.6647774+00:00" endTime="2026-09-24T19:40:06.6648623+00:00" testType="13cdc9d9-ddb5-4fa4-a97d-d965ccfc6d4b" outcome="Passed" testListId="8c84fa94-04c1-424b-9868-57a2d4851a1d" relativeResultsDirectory="8d40acb1-93e0-4da8-b573-4b9764cce467" />
    <UnitTestResult executionId="e31a27e6-8008-4077-b891-0782994fd36b" testId="3a372d76-e0bf-0452-10a2-247021c0e117" testName="Mavi.Domain.Tests.ProcessingOrchestrationStateTests.VisionJobStoresCanonicalWorkerIdExactly(workerId: &quot;gpu.sdd.01&quot;)" computerName="runnervmtr4k5" duration="00:00:00.0000130" startTime="2026-09-24T19:40:06.6364443+00:00" endTime="2026-09-24T19:40:06.6365356+00:00" testType="13cdc9d9-ddb5-4fa4-a97d-d965ccfc6d4b" outcome="Passed" testListId="8c84fa94-04c1-424b-9868-57a2d4851a1d" relativeResultsDirectory="e31a27e6-8008-4077-b891-0782994fd36b" />
    <UnitTestResult executionId="7e7ca29f-2e3d-4265-a2b3-1b7841705dc6" testId="ecb19d8d-f388-28b9-f34e-d634f5e07d07" testName="Mavi.Domain.Tests.SceneAnalysisTests.ExhaustionClearsOwnershipSoTheOverrunningAttemptGoesStale" computerName="runnervmtr4k5" duration="00:00:00.0003047" startTime="2026-09-24T19:40:06.6930070+00:00" endTime="2026-09-24T19:40:06.6930454+00:00" testType="13cdc9d9-ddb5-4fa4-a97d-d965ccfc6d4b" outcome="Passed" testListId="8c84fa94-04c1-424b-9868-57a2d4851a1d" relativeResultsDirectory="7e7ca29f-2e3d-4265-a2b3-1b7841705dc6" />
    <UnitTestResult executionId="0359c990-6754-45a6-90dd-9d0c8b22f85b" testId="e6e94da3-3ce5-ea3e-62f7-de84e18fe2d1" testName="Mavi.Domain.Tests.ProcessingOrchestrationStateTests.VisionJobStoresCanonicalWorkerIdExactly(workerId: &quot;A1&quot;)" computerName="runnervmtr4k5" duration="00:00:00.0001725" startTime="2026-09-24T19:40:06.6362015+00:00" endTime="2026-09-24T19:40:06.6362883+00:00" testType="13cdc9d9-ddb5-4fa4-a97d-d965ccfc6d4b" outcome="Passed" testListId="8c84fa94-04c1-424b-9868-57a2d4851a1d" relativeResultsDirectory="0359c990-6754-45a6-90dd-9d0c8b22f85b" />
    <UnitTestResult executionId="409073cd-b264-4def-b51e-6cadc16c7026" testId="d7d57e0c-fbf8-a76b-8797-7193331a7cbf" testName="Mavi.Domain.Tests.SceneConfigurationTests.OneEnabledTripLineIsEnoughToEnableAnalytics" computerName="runnervmtr4k5" duration="00:00:00.0042438" startTime="2026-09-24T19:40:06.6888185+00:00" endTime="2026-09-24T19:40:06.6906815+00:00" testType="13cdc9d9-ddb5-4fa4-a97d-d965ccfc6d4b" outcome="Passed" testListId="8c84fa94-04c1-424b-9868-57a2d4851a1d" relativeResultsDirectory="409073cd-b264-4def-b51e-6cadc16c7026" />
    <UnitTestResult executionId="00892c71-9618-4440-a8a3-eced797b4607" testId="e4e2b703-e56a-de9a-09d2-f580298d38c8" testName="Mavi.Domain.Tests.SceneGeometryTests.CoordinateOutsideTheUnitIntervalIsRejected(value: Infinity)" computerName="runnervmtr4k5" duration="00:00:00.0000059" startTime="2026-09-24T19:40:06.5793095+00:00" endTime="2026-09-24T19:40:06.5793948+00:00" testType="13cdc9d9-ddb5-4fa4-a97d-d965ccfc6d4b" outcome="Passed" testListId="8c84fa94-04c1-424b-9868-57a2d4851a1d" relativeResultsDirectory="00892c71-9618-4440-a8a3-eced797b4607" />
    <UnitTestResult executionId="ee1b3b30-beca-4f7f-a1d0-d62f2f089efa" testId="f61663e0-3cb4-9294-435e-9d4c9548357c" testName="Mavi.Domain.Tests.SceneConfigurationTests.RevisionWithNoGeometryDisablesAnalytics" computerName="runnervmtr4k5" duration="00:00:00.0085589" startTime="2026-09-24T19:40:06.6752687+00:00" endTime="2026-09-24T19:40:06.6814415+00:00" testType="13cdc9d9-ddb5-4fa4-a97d-d965ccfc6d4b" outcome="Passed" testListId="8c84fa94-04c1-424b-9868-57a2d4851a1d" relativeResultsDirectory="ee1b3b30-beca-4f7f-a1d0-d62f2f089efa" />
    <UnitTestResult executionId="0e374e61-093c-412a-8d82-94cd234c48fb" testId="5821ed66-a7c4-cb3c-cecd-9f2b10babbfc" testName="Mavi.Domain.Tests.SceneConfigurationTests.RepeatingOneIdentityTwiceInARevisionIsRefused" computerName="runnervmtr4k5" duration="00:00:00.0005226" startTime="2026-09-24T19:40:06.7008112+00:00" endTime="2026-09-24T19:40:06.7008490+00:00" testType="13cdc9d9-ddb5-4fa4-a97d-d965ccfc6d4b" outcome="Passed" testListId="8c84fa94-04c1-424b-9868-57a2d4851a1d" relativeResultsDirectory="0e374e61-093c-412a-8d82-94cd234c48fb" />
    <UnitTestResult executionId="3faf5f7a-3d5b-4bd3-bfa6-c60e6dbe0a54" testId="b5ff9a6e-a076-8550-9bd2-e9f3a77da63c" testName="Mavi.Domain.Tests.ProcessingOrchestrationStateTests.ExactExpiryCanReclaimAndIncrementsAttempt" computerName="runnervmtr4k5" duration="00:00:00.0002453" startTime="2026-09-24T19:40:06.6659547+00:00" endTime="2026-09-24T19:40:06.6660315+00:00" testType="13cdc9d9-ddb5-4fa4-a97d-d965ccfc6d4b" outcome="Passed" testListId="8c84fa94-04c1-424b-9868-57a2d4851a1d" relativeResultsDirectory="3faf5f7a-3d5b-4bd3-bfa6-c60e6dbe0a54" />
    <UnitTestResult executionId="b4216213-1999-44ae-b297-7dc0eacb923e" testId="7404c002-1fd8-0941-df29-1ae254078fe9" testName="Mavi.Domain.Tests.SceneConfigurationTests.ZoneVertexCountIsBounded(vertexCount: 65, code: &quot;scene_zone_vertex_count&quot;)" computerName="runnervmtr4k5" duration="00:00:00.0064096" startTime="2026-09-24T19:40:06.6838141+00:00" endTime="2026-09-24T19:40:06.6843839+00:00" testType="13cdc9d9-ddb5-4fa4-a97d-d965ccfc6d4b" outcome="Passed" testListId="8c84fa94-04c1-424b-9868-57a2d4851a1d" relativeResultsDirectory="b4216213-1999-44ae-b297-7dc0eacb923e" />
    <UnitTestResult executionId="ef18f853-9aee-44bc-9491-a504844a043e" testId="24f5a4b3-ffe9-57c0-ccc2-625172c59566" testName="Mavi.Domain.Tests.ProcessingOrchestrationStateTests.CompletionRequiresMatchingCapability" computerName="runnervmtr4k5" duration="00:00:00.0036819" startTime="2026-09-24T19:40:06.6662509+00:00" endTime="2026-09-24T19:40:06.6681975+00:00" testType="13cdc9d9-ddb5-4fa4-a97d-d965ccfc6d4b" outcome="Passed" testListId="8c84fa94-04c1-424b-9868-57a2d4851a1d" relativeResultsDirectory="ef18f853-9aee-44bc-9491-a504844a043e" />
    <UnitTestResult executionId="8b7d5900-7af6-46dd-89c7-0cab89641b90" testId="3472e04c-e6ce-af7f-3300-5f1a2b20676e" testName="Mavi.Domain.Tests.TrackTests.CreateRejectsEndBeforeStart" computerName="runnervmtr4k5" duration="00:00:00.0006791" startTime="2026-09-24T19:40:06.5752738+00:00" endTime="2026-09-24T19:40:06.5754628+00:00" testType="13cdc9d9-ddb5-4fa4-a97d-d965ccfc6d4b" outcome="Passed" testListId="8c84fa94-04c1-424b-9868-57a2d4851a1d" relativeResultsDirectory="8b7d5900-7af6-46dd-89c7-0cab89641b90" />
    <UnitTestResult executionId="9528816d-2fe5-416c-8b0a-8617dc6c426e" testId="85e159a2-da27-9254-225e-0f9b85987661" testName="Mavi.Domain.Tests.ObservationEvidenceSetTests.IllegalRoleRankOrSelectionScoreIsRejected(role: NearView, rank: 4, selectionScore: 0.5)" computerName="runnervmtr4k5" duration="00:00:00.0000226" startTime="2026-09-24T19:40:06.6775630+00:00" endTime="2026-09-24T19:40:06.6776736+00:00" testType="13cdc9d9-ddb5-4fa4-a97d-d965ccfc6d4b" outcome="Passed" testListId="8c84fa94-04c1-424b-9868-57a2d4851a1d" relativeResultsDirectory="9528816d-2fe5-416c-8b0a-8617dc6c426e" />
    <UnitTestResult executionId="8f03496e-32dd-4b2f-94dd-c8f82e7b8649" testId="d4f7a6e9-dc10-9330-4f25-a12e152f2586" testName="Mavi.Domain.Tests.SceneAnalysisIdentityRecencyTests.AnIdentityIsNotNewerThanItself" computerName="runnervmtr4k5" duration="00:00:00.0000989" startTime="2026-09-24T19:40:06.6783860+00:00" endTime="2026-09-24T19:40:06.6784698+00:00" testType="13cdc9d9-ddb5-4fa4-a97d-d965ccfc6d4b" outcome="Passed" testListId="8c84fa94-04c1-424b-9868-57a2d4851a1d" relativeResultsDirectory="8f03496e-32dd-4b2f-94dd-c8f82e7b8649" />
    <UnitTestResult executionId="845d1316-1dcb-4fa1-aa55-ee0c65238473" testId="16c323b1-6a9e-815f-2522-256cc7785dd5" testName="Mavi.Domain.Tests.SceneGeometryTests.IntersectionParameterIsBoundedByItsSegment" computerName="runnervmtr4k5" duration="00:00:00.0003180" startTime="2026-09-24T19:40:06.6593799+00:00" endTime="2026-09-24T19:40:06.6594696+00:00" testType="13cdc9d9-ddb5-4fa4-a97d-d965ccfc6d4b" outcome="Passed" testListId="8c84fa94-04c1-424b-9868-57a2d4851a1d" relativeResultsDirectory="845d1316-1dcb-4fa1-aa55-ee0c65238473" />
    <UnitTestResult executionId="303ccfd3-88cb-408b-9acd-789ff5dee1f4" testId="e7c12711-3305-3603-0ed5-824a33987749" testName="Mavi.Domain.Tests.SceneConfigurationTests.LoiteringThresholdIsBounded(threshold: 0)" computerName="runnervmtr4k5" duration="00:00:00.0003744" startTime="2026-09-24T19:40:06.6907848+00:00" endTime="2026-09-24T19:40:06.6908231+00:00" testType="13cdc9d9-ddb5-4fa4-a97d-d965ccfc6d4b" outcome="Passed" testListId="8c84fa94-04c1-424b-9868-57a2d4851a1d" relativeResultsDirectory="303ccfd3-88cb-408b-9acd-789ff5dee1f4" />
    <UnitTestResult executionId="3f800b9a-285d-472c-b08f-fc04421eb0b5" testId="66764457-68c3-3283-5558-b26bb4eb932e" testName="Mavi.Domain.Tests.SceneGeometryTests.PointExactlyOnAHorizontalEdgeIsInside" computerName="runnervmtr4k5" duration="00:00:00.0000819" startTime="2026-09-24T19:40:06.6614619+00:00" endTime="2026-09-24T19:40:06.6615341+00:00" testType="13cdc9d9-ddb5-4fa4-a97d-d965ccfc6d4b" outcome="Passed" testListId="8c84fa94-04c1-424b-9868-57a2d4851a1d" relativeResultsDirectory="3f800b9a-285d-472c-b08f-fc04421eb0b5" />
    <UnitTestResult executionId="46828f6d-1ef7-422b-879b-7345a7b7595b" testId="529a9878-d38f-973b-8a78-9442137a2ae1" testName="Mavi.Domain.Tests.SceneGeometryTests.AreaIsIndependentOfWindingDirection" computerName="runnervmtr4k5" duration="00:00:00.0001697" startTime="2026-09-24T19:40:06.6617712+00:00" endTime="2026-09-24T19:40:06.6618551+00:00" testType="13cdc9d9-ddb5-4fa4-a97d-d965ccfc6d4b" outcome="Passed" testListId="8c84fa94-04c1-424b-9868-57a2d4851a1d" relativeResultsDirectory="46828f6d-1ef7-422b-879b-7345a7b7595b" />
    <UnitTestResult executionId="2d78fb2d-3b5b-4d22-a308-62ec8acd6909" testId="70337dda-34eb-7c2b-b16d-47552de3f87f" testName="Mavi.Domain.Tests.Task13CompletionDomainTests.CompletedRunStoresRuntimeIdentityAndProvenance" computerName="runnervmtr4k5" duration="00:00:00.0061769" startTime="2026-09-24T19:40:06.6841163+00:00" endTime="2026-09-24T19:40:06.6851516+00:00" testType="13cdc9d9-ddb5-4fa4-a97d-d965ccfc6d4b" outcome="Passed" testListId="8c84fa94-04c1-424b-9868-57a2d4851a1d" relativeResultsDirectory="2d78fb2d-3b5b-4d22-a308-62ec8acd6909" />
    <UnitTestResult executionId="47820e02-47d2-4e38-aa80-5c1399fbe76d" testId="2c48d373-366f-dcfb-fe5e-54ea5e0f5532" testName="Mavi.Domain.Tests.SceneGeometryTests.TouchingSegmentsIntersectButNotProperly" computerName="runnervmtr4k5" duration="00:00:00.0001756" startTime="2026-09-24T19:40:06.6611811+00:00" endTime="2026-09-24T19:40:06.6612634+00:00" testType="13cdc9d9-ddb5-4fa4-a97d-d965ccfc6d4b" outcome="Passed" testListId="8c84fa94-04c1-424b-9868-57a2d4851a1d" relativeResultsDirectory="47820e02-47d2-4e38-aa80-5c1399fbe76d" />
    <UnitTestResult executionId="0c0480d2-75c2-49e5-a15e-1c355b7fe5d4" testId="9d60f3ca-b8cf-e80f-a1eb-9a10c8f46d64" testName="Mavi.Domain.Tests.SceneGeometryTests.CreateReportsTheCallersErrorCode" computerName="runnervmtr4k5" duration="00:00:00.0003289" startTime="2026-09-24T19:40:06.6581438+00:00" endTime="2026-09-24T19:40:06.6582317+00:00" testType="13cdc9d9-ddb5-4fa4-a97d-d965ccfc6d4b" outcome="Passed" testListId="8c84fa94-04c1-424b-9868-57a2d4851a1d" relativeResultsDirectory="0c0480d2-75c2-49e5-a15e-1c355b7fe5d4" />
    <UnitTestResult executionId="18b0c551-f9e6-40d3-93a7-9fcf1018657f" testId="052b9a02-1b82-5462-4d4b-d93b83f55cc5" testName="Mavi.Domain.Tests.SceneAnalysisIdentityRecencyTests.WithinOneRevisionANewerEngineIsNewer" computerName="runnervmtr4k5" duration="00:00:00.0021027" startTime="2026-09-24T19:40:06.6750826+00:00" endTime="2026-09-24T19:40:06.6781604+00:00" testType="13cdc9d9-ddb5-4fa4-a97d-d965ccfc6d4b" outcome="Passed" testListId="8c84fa94-04c1-424b-9868-57a2d4851a1d" relativeResultsDirectory="18b0c551-f9e6-40d3-93a7-9fcf1018657f" />
    <UnitTestResult executionId="93b4d6b2-5d9a-40f1-a467-d11db03b746c" testId="1121bb3e-68ee-a55f-0603-73307994d619" testName="Mavi.Domain.Tests.SceneAnalysisIdentityRecencyTests.ComparisonIsAntisymmetric(leftRevision: 4, leftVersion: &quot;scene-analytics-v1&quot;, rightRevision: 4, rightVersion: &quot;scene-analytics-v2&quot;)" computerName="runnervmtr4k5" duration="00:00:00.0009324" startTime="2026-09-24T19:40:06.6721502+00:00" endTime="2026-09-24T19:40:06.6728129+00:00" testType="13cdc9d9-ddb5-4fa4-a97d-d965ccfc6d4b" outcome="Passed" testListId="8c84fa94-04c1-424b-9868-57a2d4851a1d" relativeResultsDirectory="93b4d6b2-5d9a-40f1-a467-d11db03b746c" />
    <UnitTestResult executionId="3f0e6b04-3634-42e4-b63c-1f814c2f0d96" testId="69ab4606-8b91-c974-f57f-b00ce2cc74fd" testName="Mavi.Domain.Tests.SceneGeometryTests.CoordinateOutsideTheUnitIntervalIsRejected(value: -9.9999999999999995E-07)" computerName="runnervmtr4k5" duration="00:00:00.0003363" startTime="2026-09-24T19:40:06.5788598+00:00" endTime="2026-09-24T19:40:06.5789327+00:00" testType="13cdc9d9-ddb5-4fa4-a97d-d965ccfc6d4b" outcome="Passed" testListId="8c84fa94-04c1-424b-9868-57a2d4851a1d" relativeResultsDirectory="3f0e6b04-3634-42e4-b63c-1f814c2f0d96" />
    <UnitTestResult executionId="f051cc5a-40e3-4868-8810-eeb75dd59171" testId="4315baf5-8020-491a-f8a3-7a8d4b290a56" testName="Mavi.Domain.Tests.SceneConfigurationTests.ZoneWithoutANameIsRefused(name: null)" computerName="runnervmtr4k5" duration="00:00:00.0000219" startTime="2026-09-24T19:40:06.6965550+00:00" endTime="2026-09-24T19:40:06.6965928+00:00" testType="13cdc9d9-ddb5-4fa4-a97d-d965ccfc6d4b" outcome="Passed" testListId="8c84fa94-04c1-424b-9868-57a2d4851a1d" relativeResultsDirectory="f051cc5a-40e3-4868-8810-eeb75dd59171" />
    <UnitTestResult executionId="f296e57c-6f0e-4f2b-a477-92f8a8280315" testId="abfe2249-55f5-abf9-d15c-98d31f22499a" testName="Mavi.Domain.Tests.SceneAnalysisTests.ExplicitRetryResetsTheCycleOnTheSameUnit" computerName="runnervmtr4k5" duration="00:00:00.0036106" startTime="2026-09-24T19:40:06.6906203+00:00" endTime="2026-09-24T19:40:06.6911692+00:00" testType="13cdc9d9-ddb5-4fa4-a97d-d965ccfc6d4b" outcome="Passed" testListId="8c84fa94-04c1-424b-9868-57a2d4851a1d" relativeResultsDirectory="f296e57c-6f0e-4f2b-a477-92f8a8280315" />
[...]
    <TestEntry testId="b67369b7-00cb-a7dd-251d-14bf79f4ff32" executionId="6fdf62a1-5832-4218-b6ae-d93e1fb605b4" testListId="8c84fa94-04c1-424b-9868-57a2d4851a1d" />
    <TestEntry testId="59e97ded-57ce-f4c0-f7b1-38a026f3cceb" executionId="528adcb1-90db-433f-8ac0-3c7a487e3331" testListId="8c84fa94-04c1-424b-9868-57a2d4851a1d" />
    <TestEntry testId="706dac94-9a78-384d-e955-fea1521fcc10" executionId="40fdf784-95f8-45d1-9d73-6f5b6ad8ee28" testListId="8c84fa94-04c1-424b-9868-57a2d4851a1d" />
    <TestEntry testId="7eb88943-b49b-ca03-4fa5-c6e8f8e75e43" executionId="55691c37-1b63-4779-bb1c-a97b3176a004" testListId="8c84fa94-04c1-424b-9868-57a2d4851a1d" />
    <TestEntry testId="5a117f7f-efca-d94a-b112-1b22d8518e28" executionId="5d0bb062-1c1e-4731-8ca6-9bbdb47d16f3" testListId="8c84fa94-04c1-424b-9868-57a2d4851a1d" />
    <TestEntry testId="80d5b07d-d587-7eae-2dc7-8e2484d20004" executionId="1d34ba1f-4ac3-4143-bbae-f2ebfddd3917" testListId="8c84fa94-04c1-424b-9868-57a2d4851a1d" />
    <TestEntry testId="a3bb9625-eeec-5467-177a-3ed2b3210ed9" executionId="5a120583-9dc1-4859-9baa-32f0936bd783" testListId="8c84fa94-04c1-424b-9868-57a2d4851a1d" />
    <TestEntry testId="f92ff9f7-da26-2897-ca59-032c178bafdf" executionId="7fc7cea7-0657-44cc-a53b-9a01dad5cf98" testListId="8c84fa94-04c1-424b-9868-57a2d4851a1d" />
    <TestEntry testId="b2e260a8-ee04-093f-31e9-719b5fb97fd4" executionId="ab5d22bf-3720-4fd3-88f6-4fa1b4f4b5c8" testListId="8c84fa94-04c1-424b-9868-57a2d4851a1d" />
    <TestEntry testId="3acb9d94-eae1-c486-4131-148e2c0db140" executionId="6f1363cc-6ef9-4925-8e21-df645cf39081" testListId="8c84fa94-04c1-424b-9868-57a2d4851a1d" />
    <TestEntry testId="993c2035-1c1c-bd5f-3d93-a3acb1d5474d" executionId="e5e93c86-2b2a-4dae-8055-6511734692fa" testListId="8c84fa94-04c1-424b-9868-57a2d4851a1d" />
    <TestEntry testId="bcdac584-3067-d9c1-1f81-2706425b07aa" executionId="5d3da9c4-5e18-42fc-890b-65daf52a8bd8" testListId="8c84fa94-04c1-424b-9868-57a2d4851a1d" />
    <TestEntry testId="9849d0ea-fa59-9dd9-d793-92b2bc3ac094" executionId="f117957a-8d94-4812-a71d-a165f63485aa" testListId="8c84fa94-04c1-424b-9868-57a2d4851a1d" />
    <TestEntry testId="60800df7-bd2c-9cc2-7572-85dd9b325fed" executionId="859ebbe7-2985-465f-8ba7-2ee73076f733" testListId="8c84fa94-04c1-424b-9868-57a2d4851a1d" />
    <TestEntry testId="1b59e6b2-96f1-21ce-5a2f-12dd51198545" executionId="5853d60f-14ac-494a-9ead-8ed912217a60" testListId="8c84fa94-04c1-424b-9868-57a2d4851a1d" />
    <TestEntry testId="22837ac3-7384-915b-74f7-241cb115f18f" executionId="109aa132-0224-4ad8-8a4d-16efd057b534" testListId="8c84fa94-04c1-424b-9868-57a2d4851a1d" />
    <TestEntry testId="68e32d88-60d4-9daa-e077-c05b64424bc4" executionId="c91bfef2-20be-4b6e-80be-d90a7fbc3f06" testListId="8c84fa94-04c1-424b-9868-57a2d4851a1d" />
    <TestEntry testId="2d71e888-c05d-5808-d4fd-04a7aa5ed35e" executionId="b8c296e5-9a5f-4cf5-8712-712509a26a47" testListId="8c84fa94-04c1-424b-9868-57a2d4851a1d" />
    <TestEntry testId="77189ae3-a45d-0835-9f48-d85b3a769a6d" executionId="735950a1-a477-4edc-9a3e-e1380916537d" testListId="8c84fa94-04c1-424b-9868-57a2d4851a1d" />
    <TestEntry testId="4a6b262b-0f16-aa2b-72b8-f55bd000fcc9" executionId="918c895f-2f19-414a-ad3a-639b77088a91" testListId="8c84fa94-04c1-424b-9868-57a2d4851a1d" />
    <TestEntry testId="ff793909-3875-9738-b513-128cc082587f" executionId="1913f90a-a95e-47d8-bfc3-b5337a261e2d" testListId="8c84fa94-04c1-424b-9868-57a2d4851a1d" />
    <TestEntry testId="f9712a85-1b06-ba4b-0906-921ab7383a4d" executionId="642afccf-0e81-4d18-ba88-a960eb382518" testListId="8c84fa94-04c1-424b-9868-57a2d4851a1d" />
    <TestEntry testId="7289a419-0632-22b1-db13-b74f0781fdcf" executionId="3bb781d8-c78d-43a7-95de-429613278762" testListId="8c84fa94-04c1-424b-9868-57a2d4851a1d" />
    <TestEntry testId="1bedbdec-6cf4-ad0d-40ea-3884724cce88" executionId="8d40acb1-93e0-4da8-b573-4b9764cce467" testListId="8c84fa94-04c1-424b-9868-57a2d4851a1d" />
    <TestEntry testId="3a372d76-e0bf-0452-10a2-247021c0e117" executionId="e31a27e6-8008-4077-b891-0782994fd36b" testListId="8c84fa94-04c1-424b-9868-57a2d4851a1d" />
    <TestEntry testId="ecb19d8d-f388-28b9-f34e-d634f5e07d07" executionId="7e7ca29f-2e3d-4265-a2b3-1b7841705dc6" testListId="8c84fa94-04c1-424b-9868-57a2d4851a1d" />
    <TestEntry testId="e6e94da3-3ce5-ea3e-62f7-de84e18fe2d1" executionId="0359c990-6754-45a6-90dd-9d0c8b22f85b" testListId="8c84fa94-04c1-424b-9868-57a2d4851a1d" />
    <TestEntry testId="d7d57e0c-fbf8-a76b-8797-7193331a7cbf" executionId="409073cd-b264-4def-b51e-6cadc16c7026" testListId="8c84fa94-04c1-424b-9868-57a2d4851a1d" />
    <TestEntry testId="e4e2b703-e56a-de9a-09d2-f580298d38c8" executionId="00892c71-9618-4440-a8a3-eced797b4607" testListId="8c84fa94-04c1-424b-9868-57a2d4851a1d" />
    <TestEntry testId="f61663e0-3cb4-9294-435e-9d4c9548357c" executionId="ee1b3b30-beca-4f7f-a1d0-d62f2f089efa" testListId="8c84fa94-04c1-424b-9868-57a2d4851a1d" />
    <TestEntry testId="5821ed66-a7c4-cb3c-cecd-9f2b10babbfc" executionId="0e374e61-093c-412a-8d82-94cd234c48fb" testListId="8c84fa94-04c1-424b-9868-57a2d4851a1d" />
    <TestEntry testId="b5ff9a6e-a076-8550-9bd2-e9f3a77da63c" executionId="3faf5f7a-3d5b-4bd3-bfa6-c60e6dbe0a54" testListId="8c84fa94-04c1-424b-9868-57a2d4851a1d" />
    <TestEntry testId="7404c002-1fd8-0941-df29-1ae254078fe9" executionId="b4216213-1999-44ae-b297-7dc0eacb923e" testListId="8c84fa94-04c1-424b-9868-57a2d4851a1d" />
    <TestEntry testId="24f5a4b3-ffe9-57c0-ccc2-625172c59566" executionId="ef18f853-9aee-44bc-9491-a504844a043e" testListId="8c84fa94-04c1-424b-9868-57a2d4851a1d" />
    <TestEntry testId="3472e04c-e6ce-af7f-3300-5f1a2b20676e" executionId="8b7d5900-7af6-46dd-89c7-0cab89641b90" testListId="8c84fa94-04c1-424b-9868-57a2d4851a1d" />
    <TestEntry testId="85e159a2-da27-9254-225e-0f9b85987661" executionId="9528816d-2fe5-416c-8b0a-8617dc6c426e" testListId="8c84fa94-04c1-424b-9868-57a2d4851a1d" />
    <TestEntry testId="d4f7a6e9-dc10-9330-4f25-a12e152f2586" executionId="8f03496e-32dd-4b2f-94dd-c8f82e7b8649" testListId="8c84fa94-04c1-424b-9868-57a2d4851a1d" />
    <TestEntry testId="16c323b1-6a9e-815f-2522-256cc7785dd5" executionId="845d1316-1dcb-4fa1-aa55-ee0c65238473" testListId="8c84fa94-04c1-424b-9868-57a2d4851a1d" />
    <TestEntry testId="e7c12711-3305-3603-0ed5-824a33987749" executionId="303ccfd3-88cb-408b-9acd-789ff5dee1f4" testListId="8c84fa94-04c1-424b-9868-57a2d4851a1d" />
    <TestEntry testId="66764457-68c3-3283-5558-b26bb4eb932e" executionId="3f800b9a-285d-472c-b08f-fc04421eb0b5" testListId="8c84fa94-04c1-424b-9868-57a2d4851a1d" />
    <TestEntry testId="529a9878-d38f-973b-8a78-9442137a2ae1" executionId="46828f6d-1ef7-422b-879b-7345a7b7595b" testListId="8c84fa94-04c1-424b-9868-57a2d4851a1d" />
    <TestEntry testId="70337dda-34eb-7c2b-b16d-47552de3f87f" executionId="2d78fb2d-3b5b-4d22-a308-62ec8acd6909" testListId="8c84fa94-04c1-424b-9868-57a2d4851a1d" />
    <TestEntry testId="2c48d373-366f-dcfb-fe5e-54ea5e0f5532" executionId="47820e02-47d2-4e38-aa80-5c1399fbe76d" testListId="8c84fa94-04c1-424b-9868-57a2d4851a1d" />
    <TestEntry testId="9d60f3ca-b8cf-e80f-a1eb-9a10c8f46d64" executionId="0c0480d2-75c2-49e5-a15e-1c355b7fe5d4" testListId="8c84fa94-04c1-424b-9868-57a2d4851a1d" />
    <TestEntry testId="052b9a02-1b82-5462-4d4b-d93b83f55cc5" executionId="18b0c551-f9e6-40d3-93a7-9fcf1018657f" testListId="8c84fa94-04c1-424b-9868-57a2d4851a1d" />
    <TestEntry testId="1121bb3e-68ee-a55f-0603-73307994d619" executionId="93b4d6b2-5d9a-40f1-a467-d11db03b746c" testListId="8c84fa94-04c1-424b-9868-57a2d4851a1d" />
    <TestEntry testId="69ab4606-8b91-c974-f57f-b00ce2cc74fd" executionId="3f0e6b04-3634-42e4-b63c-1f814c2f0d96" testListId="8c84fa94-04c1-424b-9868-57a2d4851a1d" />
    <TestEntry testId="4315baf5-8020-491a-f8a3-7a8d4b290a56" executionId="f051cc5a-40e3-4868-8810-eeb75dd59171" testListId="8c84fa94-04c1-424b-9868-57a2d4851a1d" />
    <TestEntry testId="abfe2249-55f5-abf9-d15c-98d31f22499a" executionId="f296e57c-6f0e-4f2b-a477-92f8a8280315" testListId="8c84fa94-04c1-424b-9868-57a2d4851a1d" />
    <TestEntry testId="5f32faf3-7cf9-656c-9e94-c2ba5cc6bc5a" executionId="b3485ee0-52ae-49ac-ba4a-45a18fbda46c" testListId="8c84fa94-04c1-424b-9868-57a2d4851a1d" />
    <TestEntry testId="b6e16e66-c451-6a5b-439d-a25b47bb0e21" executionId="350633ba-7a7c-49d6-8361-464ce78e4c40" testListId="8c84fa94-04c1-424b-9868-57a2d4851a1d" />
    <TestEntry testId="d4bb585e-e5b4-9397-909b-c161059f5cf5" executionId="d09ca76c-0764-4d39-bae9-37d71d220a4f" testListId="8c84fa94-04c1-424b-9868-57a2d4851a1d" />
    <TestEntry testId="20e6cbb4-48a6-e668-fb71-a93eaf5fe087" executionId="641e5a4a-780b-4859-a2fd-fd4382f0c887" testListId="8c84fa94-04c1-424b-9868-57a2d4851a1d" />
    <TestEntry testId="8ff7cd51-0acb-1c13-5379-45605da53a02" executionId="21f7f480-4bfb-411c-88c3-38adac6d741d" testListId="8c84fa94-04c1-424b-9868-57a2d4851a1d" />
    <TestEntry testId="bb8ddd85-d22b-e060-aeab-c59234854d78" executionId="038768b4-d198-42f3-ab7d-10f75449285a" testListId="8c84fa94-04c1-424b-9868-57a2d4851a1d" />
    <TestEntry testId="860e76b3-b7fc-d6d5-d8a8-9457e6defc23" executionId="9dadc47d-f09e-4fa6-87aa-15516fb1d930" testListId="8c84fa94-04c1-424b-9868-57a2d4851a1d" />
    <TestEntry testId="2d385f4d-d523-f2b6-3ee3-f3fae554a75a" executionId="fa31e8b8-8ffc-4931-b8cb-0c9b4229ca77" testListId="8c84fa94-04c1-424b-9868-57a2d4851a1d" />
    <TestEntry testId="8d6eb1ae-0fc0-6200-519c-0e39bace6a51" executionId="2f08a1d0-516a-47f7-a74e-2d102c889400" testListId="8c84fa94-04c1-424b-9868-57a2d4851a1d" />
    <TestEntry testId="f8e2847e-6dcd-5e7b-ad41-8f434265530b" executionId="ee3f02a4-e2c4-46f2-8da5-4faed8fe7cdf" testListId="8c84fa94-04c1-424b-9868-57a2d4851a1d" />
    <TestEntry testId="a73767ca-4143-dd8b-9f3d-902b59cf2353" executionId="a32f6dea-a0f3-4fbb-81ea-ae0b68809a2b" testListId="8c84fa94-04c1-424b-9868-57a2d4851a1d" />
    <TestEntry testId="8ad9f25e-fae5-ab12-1315-d77078222189" executionId="2de0b023-76e7-4f50-86d3-20cd1550e56b" testListId="8c84fa94-04c1-424b-9868-57a2d4851a1d" />
    <TestEntry testId="89718ce5-af17-31b4-53d2-e9b27448513f" executionId="03865728-e479-417f-b089-8938bfc6a385" testListId="8c84fa94-04c1-424b-9868-57a2d4851a1d" />
    <TestEntry testId="673efd63-7a8d-d434-bbb8-d1143f3a3d5c" executionId="052c17ef-32ac-47e7-9d35-7a0ebd65d678" testListId="8c84fa94-04c1-424b-9868-57a2d4851a1d" />
    <TestEntry testId="67ca0add-b842-ddfc-c90d-e17e507b24ad" executionId="0ef95f2a-87fd-4c9b-b58d-02a5319f6522" testListId="8c84fa94-04c1-424b-9868-57a2d4851a1d" />
    <TestEntry testId="6bb76c6a-f0da-db0c-d559-9ad0000e10eb" executionId="6dfd644c-1941-488a-9901-0c89c094e5fa" testListId="8c84fa94-04c1-424b-9868-57a2d4851a1d" />
    <TestEntry testId="9357f0fd-2f05-2fd5-8456-3a736e36f2a4" executionId="8e70da01-1d3d-45bc-b831-606ed0492eb2" testListId="8c84fa94-04c1-424b-9868-57a2d4851a1d" />
    <TestEntry testId="51ea1156-d553-3872-1653-071edbc0eb9a" executionId="523796d2-21b8-40f0-ac16-b1699926c878" testListId="8c84fa94-04c1-424b-9868-57a2d4851a1d" />
    <TestEntry testId="9b1d2539-9e46-205a-a842-6cc30ea913d5" executionId="f576029a-0baf-42fe-93c8-480cd34e3fc8" testListId="8c84fa94-04c1-424b-9868-57a2d4851a1d" />
    <TestEntry testId="07a6caa2-7fe1-1fac-b809-b2a0f2e3ce31" executionId="1c26fa09-cf47-4c34-9f89-c8b1c086c6b8" testListId="8c84fa94-04c1-424b-9868-57a2d4851a1d" />
    <TestEntry testId="d29f087a-c98b-f922-f2cc-6bb36727f704" executionId="4d054641-563d-4e9a-8d8b-10f24d14a13e" testListId="8c84fa94-04c1-424b-9868-57a2d4851a1d" />
    <TestEntry testId="d1f0d7c2-346c-64a8-c6dd-b67ce4b57ccb" executionId="921d3055-3fb5-4d59-92bb-a2203ec717e8" testListId="8c84fa94-04c1-424b-9868-57a2d4851a1d" />
    <TestEntry testId="c9c10ad7-3c0a-3684-3ea6-22cd93cefaad" executionId="0344faef-9aa6-4779-b117-9720ef1d9b02" testListId="8c84fa94-04c1-424b-9868-57a2d4851a1d" />
    <TestEntry testId="fc3dc7e3-7c31-b508-0ed9-a094b4192b34" executionId="0cebf837-f4f9-47b8-ac45-95ab18aa2f64" testListId="8c84fa94-04c1-424b-9868-57a2d4851a1d" />
    <TestEntry testId="36fa7582-8c10-d841-89c0-603099cdf9ff" executionId="ff338a48-c103-4886-9c5f-84f51e230ae4" testListId="8c84fa94-04c1-424b-9868-57a2d4851a1d" />
    <TestEntry testId="39b06e40-8801-d477-2ccd-14dc70cde823" executionId="0f5adba8-0865-44d3-b01c-6bd53a497a63" testListId="8c84fa94-04c1-424b-9868-57a2d4851a1d" />
    <TestEntry testId="be94baaa-6ffc-dbc8-5b8b-4ada3e800549" executionId="304c771a-e7e3-4f2e-b16d-d8b792ec14a8" testListId="8c84fa94-04c1-424b-9868-57a2d4851a1d" />
    <TestEntry testId="a9755733-691d-7988-5a3a-353e956ab105" executionId="b6858a38-3f6f-45ca-b9ea-c91f660d0e6a" testListId="8c84fa94-04c1-424b-9868-57a2d4851a1d" />
    <TestEntry testId="e819d02d-cf81-946c-40bb-8c225ca3ee73" executionId="1a577a8a-4e8e-4bb0-af34-c9a9522e2aa9" testListId="8c84fa94-04c1-424b-9868-57a2d4851a1d" />
    <TestEntry testId="d66765a5-86c3-6235-4b77-963a05374429" executionId="9c9addcd-a4c5-47e6-85ab-cd86146e9fd7" testListId="8c84fa94-04c1-424b-9868-57a2d4851a1d" />
    <TestEntry testId="db4f1922-e43f-934e-58c3-d21056dfa3a5" executionId="f5eba3e4-7702-43c9-b1d4-80dee19bd5ec" testListId="8c84fa94-04c1-424b-9868-57a2d4851a1d" />
    <TestEntry testId="20a33071-6668-eef6-ef9a-b26f629aaed5" executionId="03efbd68-8e68-4dd3-9b7a-288b601f1e84" testListId="8c84fa94-04c1-424b-9868-57a2d4851a1d" />
    <TestEntry testId="d5ec3407-4446-3599-fc36-a1fa4a06e438" executionId="849c518e-47a9-492d-9adb-2add0ddfdd8c" testListId="8c84fa94-04c1-424b-9868-57a2d4851a1d" />
    <TestEntry testId="e20ebad4-edab-036b-6cc8-ff87dc1d8e02" executionId="3c30c1be-c27e-4973-a9b8-819745e69db1" testListId="8c84fa94-04c1-424b-9868-57a2d4851a1d" />
    <TestEntry testId="c77ddee1-dd88-5af5-1a8c-d9efbbc9e4a7" executionId="39cf27ca-cd22-485a-bc2e-d4d14f716709" testListId="8c84fa94-04c1-424b-9868-57a2d4851a1d" />
    <TestEntry testId="a40f0ffe-550a-6695-e412-70d0840e9796" executionId="13c1b044-4591-43e0-97a2-77b8c9167e47" testListId="8c84fa94-04c1-424b-9868-57a2d4851a1d" />
    <TestEntry testId="6dfe7acd-8ff7-ad74-ccea-b45471e9a46e" executionId="e61d66af-3c6a-4834-b654-c82ee16f66f3" testListId="8c84fa94-04c1-424b-9868-57a2d4851a1d" />
    <TestEntry testId="69ec1277-1228-206a-22d4-dac7603f36c1" executionId="d9b1b3a6-0aff-4b44-a802-80e8a950a276" testListId="8c84fa94-04c1-424b-9868-57a2d4851a1d" />
    <TestEntry testId="87ee0687-ff56-47b7-6fff-becc4caae8fb" executionId="b85c88ad-2020-43c1-8859-68af053588e2" testListId="8c84fa94-04c1-424b-9868-57a2d4851a1d" />
    <TestEntry testId="a9504d73-62bd-259d-d84c-aef24c678bf3" executionId="6d45670d-ec69-4c4b-b4ef-245e6560ac82" testListId="8c84fa94-04c1-424b-9868-57a2d4851a1d" />
    <TestEntry testId="64b04384-7b32-085a-41a3-5eb15aec15ae" executionId="680145b2-6b29-4810-99e8-58ad52c9f133" testListId="8c84fa94-04c1-424b-9868-57a2d4851a1d" />
    <TestEntry testId="4a5b2c73-b70d-2621-9446-ea9bf5493231" executionId="d0eec672-0a8a-4e08-ade5-5121688b92c0" testListId="8c84fa94-04c1-424b-9868-57a2d4851a1d" />
    <TestEntry testId="4e7d3d06-d286-6cd1-0c50-cb626a4c7b4a" executionId="e6365d81-4290-4ce9-b3ab-5c6521305e31" testListId="8c84fa94-04c1-424b-9868-57a2d4851a1d" />
    <TestEntry testId="d2301f46-a840-efe1-275c-603081c4c4ad" executionId="9cbfe697-7312-431d-b79c-30bb378b4ba2" testListId="8c84fa94-04c1-424b-9868-57a2d4851a1d" />
    <TestEntry testId="dbb35b65-298c-23bb-11c3-3b6cc9478f10" executionId="859ff479-a99c-4294-87b3-d57742eadd5c" testListId="8c84fa94-04c1-424b-9868-57a2d4851a1d" />
    <TestEntry testId="6680688f-5224-8875-b373-dd5ed7533a63" executionId="2135af59-64fe-405b-9987-8eda399eea42" testListId="8c84fa94-04c1-424b-9868-57a2d4851a1d" />
    <TestEntry testId="9a9e19c0-0c50-9498-bfe7-097ca0bef6fd" executionId="b4824f7e-22e9-4717-9955-c579e59cd225" testListId="8c84fa94-04c1-424b-9868-57a2d4851a1d" />
    <TestEntry testId="82832cb8-12de-67db-1064-193ddc1345e1" executionId="56d1b26f-2105-4906-959a-251731a88ce6" testListId="8c84fa94-04c1-424b-9868-57a2d4851a1d" />
    <TestEntry testId="c6c8b70e-0488-709c-b171-9efb5bb3912b" executionId="7b4ed709-bf39-4e62-a60f-2448b327d380" testListId="8c84fa94-04c1-424b-9868-57a2d4851a1d" />
    <TestEntry testId="1863a84f-41d4-0623-b765-e75a8836fe4f" executionId="41585d38-2aa3-4c26-b4af-6e7cf96c448b" testListId="8c84fa94-04c1-424b-9868-57a2d4851a1d" />
    <TestEntry testId="04187809-2d19-f124-1ad7-fce17200e3eb" executionId="40f8a149-ffac-464d-9220-81916fb06d51" testListId="8c84fa94-04c1-424b-9868-57a2d4851a1d" />
    <TestEntry testId="274e2e03-e6ca-b988-b126-f9bc6c302500" executionId="4807c9ab-f0f9-4325-9898-619f901f03f3" testListId="8c84fa94-04c1-424b-9868-57a2d4851a1d" />
    <TestEntry testId="2aa3857d-4302-b3ab-ccd7-7a548d3951eb" executionId="abff9d47-2113-4204-a2e6-3b19a04dd041" testListId="8c84fa94-04c1-424b-9868-57a2d4851a1d" />
    <TestEntry testId="1a00ad20-b1ab-802c-10c9-237960f4e011" executionId="a827322c-e191-4a1a-b15d-8d1f0641feb8" testListId="8c84fa94-04c1-424b-9868-57a2d4851a1d" />
    <TestEntry testId="c7d548ef-f18d-2a01-80a8-e153d3c3b0a3" executionId="34e04f02-bf8b-4de1-a9b0-43cb056e561c" testListId="8c84fa94-04c1-424b-9868-57a2d4851a1d" />
    <TestEntry testId="31e2048b-4cfb-a77e-153d-dd3ca0a3ea15" executionId="aa8410da-a5d9-452e-99b0-61d1e7ddb3be" testListId="8c84fa94-04c1-424b-9868-57a2d4851a1d" />
    <TestEntry testId="e913ad50-b31a-41f2-2b4a-560b0ab29865" executionId="e0706de3-f078-48ac-b859-95d098175d68" testListId="8c84fa94-04c1-424b-9868-57a2d4851a1d" />
    <TestEntry testId="1857127d-807d-4fb4-c905-978992306da4" executionId="d7127dc7-7afc-4e8d-8706-237698de74d7" testListId="8c84fa94-04c1-424b-9868-57a2d4851a1d" />
    <TestEntry testId="825030a6-2b3f-f4d6-d53e-c3cdf824dd4a" executionId="54bfd61d-0e24-417d-b556-64646a8cc60c" testListId="8c84fa94-04c1-424b-9868-57a2d4851a1d" />
    <TestEntry testId="60742bd3-69b8-3178-5cb1-b9b937344439" executionId="4e4d77df-1092-4742-865f-4c94a6a4a8b6" testListId="8c84fa94-04c1-424b-9868-57a2d4851a1d" />
    <TestEntry testId="371f5bd2-d918-ab29-3092-b09468e8b06f" executionId="4ecb68d1-d435-4d08-9d5f-3cb857501e88" testListId="8c84fa94-04c1-424b-9868-57a2d4851a1d" />
    <TestEntry testId="5a4b3ef6-1716-2802-59aa-f41e21fa4905" executionId="558eb94f-3b81-4e65-ab9b-947de7157b09" testListId="8c84fa94-04c1-424b-9868-57a2d4851a1d" />
    <TestEntry testId="75243acd-0980-cdc2-a85b-b1a4464b1423" executionId="c9f8ece0-7bc3-4765-a729-439224b3f3c5" testListId="8c84fa94-04c1-424b-9868-57a2d4851a1d" />
    <TestEntry testId="b4af5c97-e99e-5691-9d6c-211811c467ae" executionId="75e7390e-11ea-4b4e-8409-54f70445974e" testListId="8c84fa94-04c1-424b-9868-57a2d4851a1d" />
    <TestEntry testId="66964639-16b7-8eb9-8736-a890b9c677f9" executionId="525ea109-41c0-4a81-8ed1-8aca77e9ef58" testListId="8c84fa94-04c1-424b-9868-57a2d4851a1d" />
    <TestEntry testId="0a93e93e-c59d-96c3-04b5-dde4752e505e" executionId="030ff063-ae5d-43b9-8159-b6ec0a78389f" testListId="8c84fa94-04c1-424b-9868-57a2d4851a1d" />
  </TestEntries>
  <TestLists>
    <TestList name="Results Not in a List" id="8c84fa94-04c1-424b-9868-57a2d4851a1d" />
    <TestList name="All Loaded Results" id="19431567-8539-422a-85d7-44ee4e166bda" />
  </TestLists>
  <ResultSummary outcome="Completed">
    <Counters total="209" executed="209" passed="209" failed="0" error="0" timeout="0" aborted="0" inconclusive="0" passedButRunAborted="0" notRunnable="0" notExecuted="0" disconnected="0" warning="0" completed="0" inProgress="0" pending="0" />
    <Output>
      <StdOut>[xUnit.net 00:00:00.00] xUnit.net VSTest Adapter v3.1.5+1b188a7b0a (64-bit .NET 10.0.12)
[xUnit.net 00:00:00.09]   Discovering: Mavi.Domain.Tests
[xUnit.net 00:00:00.17]   Discovered:  Mavi.Domain.Tests
[xUnit.net 00:00:00.23]   Starting:    Mavi.Domain.Tests
[xUnit.net 00:00:00.42]   Finished:    Mavi.Domain.Tests
</StdOut>
    </Output>
  </ResultSummary>
</TestRun>