<?xml version="1.0" encoding="utf-8"?>
<TestRun id="5129b018-2d6d-48c2-b705-e5db5075f8be" name="@runnervmtr4k5 2026-09-24 19:40:04" xmlns="http://microsoft.com/schemas/VisualStudio/TeamTest/2010">
  <Times creation="2026-09-24T19:40:04.2657523+00:00" queuing="2026-09-24T19:40:04.2657524+00:00" start="2026-09-24T19:40:03.2983762+00:00" finish="2026-09-24T19:40:04.8604083+00:00" />
  <TestSettings name="default" id="98cc2de9-985b-403b-9376-53f28087edf8">
    <Deployment runDeploymentRoot="_runnervmtr4k5_2026-09-24_19_40_04" />
  </TestSettings>
  <Results>
    <UnitTestResult executionId="d41fd2a8-e365-41ab-9ef5-28ae99011b23" testId="6177af10-0df5-3abe-587d-4030179114c6" testName="Mavi.Application.Tests.SceneAnalyticsVocabularyTests.ReferencePointsMatchTheEngineExactly" computerName="runnervmtr4k5" duration="00:00:00.0002038" startTime="2026-09-24T19:40:04.6065505+00:00" endTime="2026-09-24T19:40:04.6070468+00:00" testType="13cdc9d9-ddb5-4fa4-a97d-d965ccfc6d4b" outcome="Passed" testListId="8c84fa94-04c1-424b-9868-57a2d4851a1d" relativeResultsDirectory="d41fd2a8-e365-41ab-9ef5-28ae99011b23" />
    <UnitTestResult executionId="3871269c-2887-4af3-a8e2-0065858773c2" testId="f6776974-e49a-e1a9-a0b3-08bb79f4cbf5" testName="Mavi.Application.Tests.VisionResultValidatorTests.ContractedDeviceResolutionReasonCombinationsAreAccepted(policy: &quot;cuda&quot;, actualDevice: &quot;cuda:0&quot;, reason: &quot;explicit_cuda&quot;)" computerName="runnervmtr4k5" duration="00:00:00.0001263" startTime="2026-09-24T19:40:04.2581229+00:00" endTime="2026-09-24T19:40:04.2582068+00:00" testType="13cdc9d9-ddb5-4fa4-a97d-d965ccfc6d4b" outcome="Passed" testListId="8c84fa94-04c1-424b-9868-57a2d4851a1d" relativeResultsDirectory="3871269c-2887-4af3-a8e2-0065858773c2" />
    <UnitTestResult executionId="e6ae7466-6740-41c2-826b-ea84249cbced" testId="479c7ae2-7723-a0ee-b5c2-24156af47876" testName="Mavi.Application.Tests.VisionResultValidatorTests.ContractedDeviceResolutionReasonCombinationsAreAccepted(policy: &quot;cuda&quot;, actualDevice: &quot;cuda:0&quot;, reason: &quot;cuda_selected&quot;)" computerName="runnervmtr4k5" duration="00:00:00.0029775" startTime="2026-09-24T19:40:04.2536897+00:00" endTime="2026-09-24T19:40:04.2577110+00:00" testType="13cdc9d9-ddb5-4fa4-a97d-d965ccfc6d4b" outcome="Passed" testListId="8c84fa94-04c1-424b-9868-57a2d4851a1d" relativeResultsDirectory="e6ae7466-6740-41c2-826b-ea84249cbced" />
    <UnitTestResult executionId="49d3bbcc-36f2-4f83-878b-4e54a4bddabe" testId="388b0b6d-92c7-2fea-37b4-59a27c12e2f7" testName="Mavi.Application.Tests.TrackEvidenceSetTests.ARoleOutsideTheVocabularyIsRefused" computerName="runnervmtr4k5" duration="00:00:00.0001683" startTime="2026-09-24T19:40:04.5987178+00:00" endTime="2026-09-24T19:40:04.5988145+00:00" testType="13cdc9d9-ddb5-4fa4-a97d-d965ccfc6d4b" outcome="Passed" testListId="8c84fa94-04c1-424b-9868-57a2d4851a1d" relativeResultsDirectory="49d3bbcc-36f2-4f83-878b-4e54a4bddabe" />
    <UnitTestResult executionId="629122b5-0770-4040-bc2d-888824ab6f27" testId="75af47b6-c5bc-f2cf-0cce-4dba3f4ad820" testName="Mavi.Application.Tests.VisionResultValidatorTests.InvalidResultIsRejectedWithoutRepair(mutation: &quot;malformed-artifact-sha&quot;)" computerName="runnervmtr4k5" duration="00:00:00.0001098" startTime="2026-09-24T19:40:04.2274228+00:00" endTime="2026-09-24T19:40:04.2275035+00:00" testType="13cdc9d9-ddb5-4fa4-a97d-d965ccfc6d4b" outcome="Passed" testListId="8c84fa94-04c1-424b-9868-57a2d4851a1d" relativeResultsDirectory="629122b5-0770-4040-bc2d-888824ab6f27" />
    <UnitTestResult executionId="4b3cf62d-a948-4523-a3d7-3366a3c08c27" testId="0ec5fe4b-97ce-6eb9-baf7-f2c66a1fa5bc" testName="Mavi.Application.Tests.SceneAnalytics.AnalyticsHeatmapServiceTests.ADeReferencedArtefactFailsRatherThanThinningTheMap" computerName="runnervmtr4k5" duration="00:00:00.0006849" startTime="2026-09-24T19:40:04.5117733+00:00" endTime="2026-09-24T19:40:04.5118438+00:00" testType="13cdc9d9-ddb5-4fa4-a97d-d965ccfc6d4b" outcome="Passed" testListId="8c84fa94-04c1-424b-9868-57a2d4851a1d" relativeResultsDirectory="4b3cf62d-a948-4523-a3d7-3366a3c08c27" />
    <UnitTestResult executionId="4920cefc-16f6-40fe-b61b-d5ac35b5c011" testId="4c309935-a91c-deaf-28dd-87c062f41a51" testName="Mavi.Application.Tests.Contracts.SceneAnalyticsContractTests.CoverageSerializesCompletenessRatherThanTrustingACaller" computerName="runnervmtr4k5" duration="00:00:00.0042911" startTime="2026-09-24T19:40:04.3186037+00:00" endTime="2026-09-24T19:40:04.3220792+00:00" testType="13cdc9d9-ddb5-4fa4-a97d-d965ccfc6d4b" outcome="Passed" testListId="8c84fa94-04c1-424b-9868-57a2d4851a1d" relativeResultsDirectory="4920cefc-16f6-40fe-b61b-d5ac35b5c011" />
    <UnitTestResult executionId="74eb9495-d17a-446c-972f-6ddfb5ec8209" testId="c20b76a6-2fbc-d1b4-22b6-ba0b82e84a9c" testName="Mavi.Application.Tests.VisionResultValidatorTests.DeviceResolutionReasonMustMatchPolicyAndDevice(policy: &quot;cpu&quot;, actualDevice: &quot;cpu&quot;, reason: &quot;cuda_selected&quot;)" computerName="runnervmtr4k5" duration="00:00:00.0004113" startTime="2026-09-24T19:40:04.2643113+00:00" endTime="2026-09-24T19:40:04.2643947+00:00" testType="13cdc9d9-ddb5-4fa4-a97d-d965ccfc6d4b" outcome="Passed" testListId="8c84fa94-04c1-424b-9868-57a2d4851a1d" relativeResultsDirectory="74eb9495-d17a-446c-972f-6ddfb5ec8209" />
    <UnitTestResult executionId="c4d43984-0c32-41ec-80e6-430e12ef3782" testId="c76ca52d-e64c-30f8-0408-84925a272130" testName="Mavi.Application.Tests.SceneAnalytics.HeatmapGridTests.TheSameSamplesAlwaysProduceTheSameMatrix" computerName="runnervmtr4k5" duration="00:00:00.0005966" startTime="2026-09-24T19:40:04.5198431+00:00" endTime="2026-09-24T19:40:04.5199049+00:00" testType="13cdc9d9-ddb5-4fa4-a97d-d965ccfc6d4b" outcome="Passed" testListId="8c84fa94-04c1-424b-9868-57a2d4851a1d" relativeResultsDirectory="c4d43984-0c32-41ec-80e6-430e12ef3782" />
    <UnitTestResult executionId="fca9d935-3508-481a-bf43-d55b2b66ea45" testId="83038e40-2029-e8e3-3538-70537d699e6c" testName="Mavi.Application.Tests.SceneAnalytics.AnalyticsHeatmapGuardTests.TooManyCoveredRunsIsRefusedBeforeAnyEvidenceOrCandidateWork" computerName="runnervmtr4k5" duration="00:00:00.0007141" startTime="2026-09-24T19:40:04.3308129+00:00" endTime="2026-09-24T19:40:04.3320344+00:00" testType="13cdc9d9-ddb5-4fa4-a97d-d965ccfc6d4b" outcome="Passed" testListId="8c84fa94-04c1-424b-9868-57a2d4851a1d" relativeResultsDirectory="fca9d935-3508-481a-bf43-d55b2b66ea45" />
    <UnitTestResult executionId="de7005cd-2d20-4936-a598-3facd0179a0a" testId="bd60f743-feac-d9e3-09db-a722ee420581" testName="Mavi.Application.Tests.VisionResultValidatorCanonicalizationTests.NullAndLiteralNullOptionalProvenanceProduceDifferentDigests" computerName="runnervmtr4k5" duration="00:00:00.0010657" startTime="2026-09-24T19:40:04.3165033+00:00" endTime="2026-09-24T19:40:04.3165805+00:00" testType="13cdc9d9-ddb5-4fa4-a97d-d965ccfc6d4b" outcome="Passed" testListId="8c84fa94-04c1-424b-9868-57a2d4851a1d" relativeResultsDirectory="de7005cd-2d20-4936-a598-3facd0179a0a" />
    <UnitTestResult executionId="49b49f85-65ac-4501-86d1-4b63753f0af6" testId="4071d158-7a46-e163-e124-25f5886e9378" testName="Mavi.Application.Tests.VideoImportServiceTests.SanitizesBothFilenameSeparatorStyles(supplied: &quot;C:\\fakepath\\gate.mp4&quot;, expected: &quot;gate.mp4&quot;)" computerName="runnervmtr4k5" duration="00:00:00.0016777" startTime="2026-09-24T19:40:04.4646885+00:00" endTime="2026-09-24T19:40:04.4661841+00:00" testType="13cdc9d9-ddb5-4fa4-a97d-d965ccfc6d4b" outcome="Passed" testListId="8c84fa94-04c1-424b-9868-57a2d4851a1d" relativeResultsDirectory="49b49f85-65ac-4501-86d1-4b63753f0af6" />
    <UnitTestResult executionId="a5f37309-137c-4c85-99ab-679120e97a50" testId="410adca1-1455-6d98-6a67-e24ebd054c73" testName="Mavi.Application.Tests.SceneAnalytics.TrajectoryDecoderTests.PayloadFromTheWorkerDecodesToTheSamePoints" computerName="runnervmtr4k5" duration="00:00:00.0007515" startTime="2026-09-24T19:40:04.4305669+00:00" endTime="2026-09-24T19:40:04.4320623+00:00" testType="13cdc9d9-ddb5-4fa4-a97d-d965ccfc6d4b" outcome="Passed" testListId="8c84fa94-04c1-424b-9868-57a2d4851a1d" relativeResultsDirectory="a5f37309-137c-4c85-99ab-679120e97a50" />
    <UnitTestResult executionId="4bad01f9-5380-423b-a6db-59699446c83e" testId="aacc3432-9bf1-0829-9152-24c0c7271c2d" testName="Mavi.Application.Tests.SceneAnalytics.SceneAnalysisEngineTests.ChangingAnyParameterChangesTheDigest" computerName="runnervmtr4k5" duration="00:00:00.0003505" startTime="2026-09-24T19:40:04.6508710+00:00" endTime="2026-09-24T19:40:04.6513387+00:00" testType="13cdc9d9-ddb5-4fa4-a97d-d965ccfc6d4b" outcome="Passed" testListId="8c84fa94-04c1-424b-9868-57a2d4851a1d" relativeResultsDirectory="4bad01f9-5380-423b-a6db-59699446c83e" />
    <UnitTestResult executionId="340472ab-a34c-4c97-ad57-1c2a58b373f0" testId="70632594-b996-02eb-7de6-aee3838de33f" testName="Mavi.Application.Tests.VisionResultValidatorTests.InvalidResultIsRejectedWithoutRepair(mutation: &quot;wrong-track-filename&quot;)" computerName="runnervmtr4k5" duration="00:00:00.0107783" startTime="2026-09-24T19:40:04.1739665+00:00" endTime="2026-09-24T19:40:04.1740551+00:00" testType="13cdc9d9-ddb5-4fa4-a97d-d965ccfc6d4b" outcome="Passed" testListId="8c84fa94-04c1-424b-9868-57a2d4851a1d" relativeResultsDirectory="340472ab-a34c-4c97-ad57-1c2a58b373f0" />
    <UnitTestResult executionId="bb031ea0-ee6c-4010-941f-4e33b1bb549d" testId="10c06f47-b7b8-735a-a57b-2e188d142683" testName="Mavi.Application.Tests.SceneAnalytics.SceneAnalysisEngineTests.ScriptedWalkMatchesTheCommittedGoldenFacts" computerName="runnervmtr4k5" duration="00:00:00.0177464" startTime="2026-09-24T19:40:04.6579323+00:00" endTime="2026-09-24T19:40:04.6605226+00:00" testType="13cdc9d9-ddb5-4fa4-a97d-d965ccfc6d4b" outcome="Passed" testListId="8c84fa94-04c1-424b-9868-57a2d4851a1d" relativeResultsDirectory="bb031ea0-ee6c-4010-941f-4e33b1bb549d" />
    <UnitTestResult executionId="8ea037c3-59dc-4aa5-ac70-7145c3ed243a" testId="9631ca0e-a73b-4b24-45ff-7b803a7abef5" testName="Mavi.Application.Tests.VisionResultValidatorV3Tests.InvalidEvidenceSetIsRejectedWithoutRepair(mutation: &quot;frame-outside-processed&quot;, expectedCode: &quot;observation_invalid&quot;)" computerName="runnervmtr4k5" duration="00:00:00.0001898" startTime="2026-09-24T19:40:04.6376012+00:00" endTime="2026-09-24T19:40:04.6403713+00:00" testType="13cdc9d9-ddb5-4fa4-a97d-d965ccfc6d4b" outcome="Passed" testListId="8c84fa94-04c1-424b-9868-57a2d4851a1d" relativeResultsDirectory="8ea037c3-59dc-4aa5-ac70-7145c3ed243a" />
    <UnitTestResult executionId="901add79-ecfc-4659-8c29-cb501925ed16" testId="3b4e78f0-3ac7-4e32-9d02-41c8db44385e" testName="Mavi.Application.Tests.VisionResultValidatorTests.InvalidResultIsRejectedWithoutRepair(mutation: &quot;overlong-model-id&quot;)" computerName="runnervmtr4k5" duration="00:00:00.0000269" startTime="2026-09-24T19:40:04.2191284+00:00" endTime="2026-09-24T19:40:04.2192171+00:00" testType="13cdc9d9-ddb5-4fa4-a97d-d965ccfc6d4b" outcome="Passed" testListId="8c84fa94-04c1-424b-9868-57a2d4851a1d" relativeResultsDirectory="901add79-ecfc-4659-8c29-cb501925ed16" />
    <UnitTestResult executionId="50580d52-f910-430f-a13b-fd3abf674356" testId="5dd5b45b-ea40-afdf-35be-a6767876de87" testName="Mavi.Application.Tests.TrackDetailEvidenceServiceTests.AMissingTrackStaysA404AndNeverReadsEvidence" computerName="runnervmtr4k5" duration="00:00:00.0044366" startTime="2026-09-24T19:40:04.3761637+00:00" endTime="2026-09-24T19:40:04.3794681+00:00" testType="13cdc9d9-ddb5-4fa4-a97d-d965ccfc6d4b" outcome="Passed" testListId="8c84fa94-04c1-424b-9868-57a2d4851a1d" relativeResultsDirectory="50580d52-f910-430f-a13b-fd3abf674356" />
    <UnitTestResult executionId="cab549a2-13b6-4d56-99ff-75182f48f630" testId="ced49efc-374e-a10a-1bdd-1612c31a73fc" testName="Mavi.Application.Tests.SceneAnalytics.StationaryAndLoiteringTests.VehiclesAreNeverFlaggedAsLoitering" computerName="runnervmtr4k5" duration="00:00:00.0001711" startTime="2026-09-24T19:40:04.6455053+00:00" endTime="2026-09-24T19:40:04.6457156+00:00" testType="13cdc9d9-ddb5-4fa4-a97d-d965ccfc6d4b" outcome="Passed" testListId="8c84fa94-04c1-424b-9868-57a2d4851a1d" relativeResultsDirectory="cab549a2-13b6-4d56-99ff-75182f48f630" />
    <UnitTestResult executionId="ba9f246d-b288-4f1d-af5c-7048288bc71a" testId="1f04cc78-8d02-5882-0e59-2d484cda1c54" testName="Mavi.Application.Tests.TrackCursorSigningKeyTests.FromBytesRefusesTheWrongLength" computerName="runnervmtr4k5" duration="00:00:00.0005819" startTime="2026-09-24T19:40:04.2409385+00:00" endTime="2026-09-24T19:40:04.2410183+00:00" testType="13cdc9d9-ddb5-4fa4-a97d-d965ccfc6d4b" outcome="Passed" testListId="8c84fa94-04c1-424b-9868-57a2d4851a1d" relativeResultsDirectory="ba9f246d-b288-4f1d-af5c-7048288bc71a" />
    <UnitTestResult executionId="ad59f083-8c03-4a4a-be23-63b7d33dbcba" testId="b681c515-e2b8-3d8f-3343-f0304583b614" testName="Mavi.Application.Tests.VisionResultValidatorV3Tests.InvalidEvidenceSetIsRejectedWithoutRepair(mutation: &quot;representative-missing&quot;, expectedCode: &quot;observation_representative_missing&quot;)" computerName="runnervmtr4k5" duration="00:00:00.0009437" startTime="2026-09-24T19:40:04.6305670+00:00" endTime="2026-09-24T19:40:04.6309917+00:00" testType="13cdc9d9-ddb5-4fa4-a97d-d965ccfc6d4b" outcome="Passed" testListId="8c84fa94-04c1-424b-9868-57a2d4851a1d" relativeResultsDirectory="ad59f083-8c03-4a4a-be23-63b7d33dbcba" />
    <UnitTestResult executionId="45e6e5e1-b91e-491d-9d35-9471b0e812f4" testId="2d59745c-1a88-38c3-3afc-300b1d02fede" testName="Mavi.Application.Tests.SceneAnalytics.StationaryAndLoiteringTests.SingleSampleJumpIsSmoothedAway" computerName="runnervmtr4k5" duration="00:00:00.0010751" startTime="2026-09-24T19:40:04.6170848+00:00" endTime="2026-09-24T19:40:04.6171310+00:00" testType="13cdc9d9-ddb5-4fa4-a97d-d965ccfc6d4b" outcome="Passed" testListId="8c84fa94-04c1-424b-9868-57a2d4851a1d" relativeResultsDirectory="45e6e5e1-b91e-491d-9d35-9471b0e812f4" />
    <UnitTestResult executionId="02ed0e30-1620-4e7f-9a74-f8a41d52975c" testId="e46124a1-672d-a0eb-5b57-fc2117dad070" testName="Mavi.Application.Tests.Contracts.SceneAnalyticsContractTests.AnUnconfiguredCameraReportsNoActiveRevisionRatherThanAnEmptyOne" computerName="runnervmtr4k5" duration="00:00:00.0274808" startTime="2026-09-24T19:40:04.2903847+00:00" endTime="2026-09-24T19:40:04.3177298+00:00" testType="13cdc9d9-ddb5-4fa4-a97d-d965ccfc6d4b" outcome="Passed" testListId="8c84fa94-04c1-424b-9868-57a2d4851a1d" relativeResultsDirectory="02ed0e30-1620-4e7f-9a74-f8a41d52975c" />
    <UnitTestResult executionId="aad0fc25-6c24-48e5-b771-877579a2a7b9" testId="e01a83f5-9700-8cb3-2f25-6f363e0b41d2" testName="Mavi.Application.Tests.TrackAnalyticsQueryRulesTests.TheDependentKeySetIsExactlyTheFrozenTen" computerName="runnervmtr4k5" duration="00:00:00.0005215" startTime="2026-09-24T19:40:04.3013536+00:00" endTime="2026-09-24T19:40:04.3013922+00:00" testType="13cdc9d9-ddb5-4fa4-a97d-d965ccfc6d4b" outcome="Passed" testListId="8c84fa94-04c1-424b-9868-57a2d4851a1d" relativeResultsDirectory="aad0fc25-6c24-48e5-b771-877579a2a7b9" />
    <UnitTestResult executionId="d498273d-ad1d-44cc-bc8b-0a843520175b" testId="039860e8-feb4-84bf-79b5-8f67395a64bc" testName="Mavi.Application.Tests.SceneAnalytics.ZoneVisitTests.PathStartingInsideBeginsInside" computerName="runnervmtr4k5" duration="00:00:00.0002583" startTime="2026-09-24T19:40:04.5590501+00:00" endTime="2026-09-24T19:40:04.5591208+00:00" testType="13cdc9d9-ddb5-4fa4-a97d-d965ccfc6d4b" outcome="Passed" testListId="8c84fa94-04c1-424b-9868-57a2d4851a1d" relativeResultsDirectory="d498273d-ad1d-44cc-bc8b-0a843520175b" />
    <UnitTestResult executionId="b4fa2fc3-fce8-4c4e-af42-62cbc0a4f7a8" testId="e231eb49-e32f-b885-6a16-476d96993615" testName="Mavi.Application.Tests.TrackAnalyticCursorCodecTests.AnalyticFingerprintSeesThePinnedPairAndCanonicalForm" computerName="runnervmtr4k5" duration="00:00:00.0006357" startTime="2026-09-24T19:40:04.5225582+00:00" endTime="2026-09-24T19:40:04.5226227+00:00" testType="13cdc9d9-ddb5-4fa4-a97d-d965ccfc6d4b" outcome="Passed" testListId="8c84fa94-04c1-424b-9868-57a2d4851a1d" relativeResultsDirectory="b4fa2fc3-fce8-4c4e-af42-62cbc0a4f7a8" />
    <UnitTestResult executionId="b8a52f3f-b815-4af4-bc85-29eee0916782" testId="1880dd53-6e48-e852-2de3-6c20e0de46f5" testName="Mavi.Application.Tests.SceneAnalytics.StationaryAndLoiteringTests.TwoDistantEarlierSamplesInTheWindowKeepTheTrackMoving" computerName="runnervmtr4k5" duration="00:00:00.0004863" startTime="2026-09-24T19:40:04.6419983+00:00" endTime="2026-09-24T19:40:04.6425467+00:00" testType="13cdc9d9-ddb5-4fa4-a97d-d965ccfc6d4b" outcome="Passed" testListId="8c84fa94-04c1-424b-9868-57a2d4851a1d" relativeResultsDirectory="b8a52f3f-b815-4af4-bc85-29eee0916782" />
    <UnitTestResult executionId="4e6b8a7d-87af-4922-9a9a-12314fa3abf1" testId="92464a44-039d-12fa-6618-ecc2218af596" testName="Mavi.Application.Tests.VisionResultValidatorTests.InvalidGpuComputeCapabilityIsRejected(value: &quot;7.+5&quot;)" computerName="runnervmtr4k5" duration="00:00:00.0000498" startTime="2026-09-24T19:40:04.2331885+00:00" endTime="2026-09-24T19:40:04.2332684+00:00" testType="13cdc9d9-ddb5-4fa4-a97d-d965ccfc6d4b" outcome="Passed" testListId="8c84fa94-04c1-424b-9868-57a2d4851a1d" relativeResultsDirectory="4e6b8a7d-87af-4922-9a9a-12314fa3abf1" />
    <UnitTestResult executionId="3471b61d-9ccb-4468-bb9b-91c918653822" testId="bbc10dcc-6fe6-3a7f-c62b-c2ce2bf24648" testName="Mavi.Application.Tests.VisionResultValidatorTests.ArtifactAbovePerItemPolicyIsRejected" computerName="runnervmtr4k5" duration="00:00:00.0047432" startTime="2026-09-24T19:40:04.2664759+00:00" endTime="2026-09-24T19:40:04.2709831+00:00" testType="13cdc9d9-ddb5-4fa4-a97d-d965ccfc6d4b" outcome="Passed" testListId="8c84fa94-04c1-424b-9868-57a2d4851a1d" relativeResultsDirectory="3471b61d-9ccb-4468-bb9b-91c918653822" />
    <UnitTestResult executionId="68aab79d-c7a1-487d-8742-faeb6f56f517" testId="5a2607d2-0d0d-f897-b189-bfec4ce2a45f" testName="Mavi.Application.Tests.CompletionDigestGoldenTests.V3IntegerConformanceCorpusMatchesDotNetBinding" computerName="runnervmtr4k5" duration="00:00:00.0113700" startTime="2026-09-24T19:40:04.5643902+00:00" endTime="2026-09-24T19:40:04.5739829+00:00" testType="13cdc9d9-ddb5-4fa4-a97d-d965ccfc6d4b" outcome="Passed" testListId="8c84fa94-04c1-424b-9868-57a2d4851a1d" relativeResultsDirectory="68aab79d-c7a1-487d-8742-faeb6f56f517" />
    <UnitTestResult executionId="cf585f69-5cba-44e7-8cc3-b8e4ff7bd9b2" testId="b137e6b6-0733-0268-57ad-eed33af4cab3" testName="Mavi.Application.Tests.VisionResultValidatorTests.DeviceResolutionReasonMustMatchPolicyAndDevice(policy: &quot;cuda&quot;, actualDevice: &quot;cuda:0&quot;, reason: &quot;cuda_device_unavailable&quot;)" computerName="runnervmtr4k5" duration="00:00:00.0000641" startTime="2026-09-24T19:40:04.2657122+00:00" endTime="2026-09-24T19:40:04.2658069+00:00" testType="13cdc9d9-ddb5-4fa4-a97d-d965ccfc6d4b" outcome="Passed" testListId="8c84fa94-04c1-424b-9868-57a2d4851a1d" relativeResultsDirectory="cf585f69-5cba-44e7-8cc3-b8e4ff7bd9b2" />
    <UnitTestResult executionId="cc51dcc1-1da6-4b67-aeb6-528ad02574c2" testId="c25e6cf0-9d90-53f9-07b3-148df53ce5ab" testName="Mavi.Application.Tests.TrackDetailEvidenceServiceTests.AFoundTrackCarriesItsValidatedEvidenceSetReadOnce" computerName="runnervmtr4k5" duration="00:00:00.0011947" startTime="2026-09-24T19:40:04.3904802+00:00" endTime="2026-09-24T19:40:04.3913155+00:00" testType="13cdc9d9-ddb5-4fa4-a97d-d965ccfc6d4b" outcome="Passed" testListId="8c84fa94-04c1-424b-9868-57a2d4851a1d" relativeResultsDirectory="cc51dcc1-1da6-4b67-aeb6-528ad02574c2" />
    <UnitTestResult executionId="df457ffc-b9b5-4d67-a3cf-104acce63ba2" testId="3e6c30c9-0be8-690f-d337-dcd7a28e61b2" testName="Mavi.Application.Tests.SceneAnalytics.StationaryAndLoiteringTests.StationaryZoneIsTheZoneHoldingTheIntervalMidpoint" computerName="runnervmtr4k5" duration="00:00:00.0070872" startTime="2026-09-24T19:40:04.6174444+00:00" endTime="2026-09-24T19:40:04.6174916+00:00" testType="13cdc9d9-ddb5-4fa4-a97d-d965ccfc6d4b" outcome="Passed" testListId="8c84fa94-04c1-424b-9868-57a2d4851a1d" relativeResultsDirectory="df457ffc-b9b5-4d67-a3cf-104acce63ba2" />
    <UnitTestResult executionId="02ed7933-f211-4206-ba9d-30413da83054" testId="aa91c126-060a-f56e-75b1-2acfd9ae1b19" testName="Mavi.Application.Tests.VideoImportServiceTests.UnsupportedExtensionIsRejected" computerName="runnervmtr4k5" duration="00:00:00.0006103" startTime="2026-09-24T19:40:04.5038935+00:00" endTime="2026-09-24T19:40:04.5039808+00:00" testType="13cdc9d9-ddb5-4fa4-a97d-d965ccfc6d4b" outcome="Passed" testListId="8c84fa94-04c1-424b-9868-57a2d4851a1d" relativeResultsDirectory="02ed7933-f211-4206-ba9d-30413da83054" />
    <UnitTestResult executionId="887c1818-d5b3-40f5-81af-bd713d93657e" testId="5ac16e0f-5485-dab4-03f2-d1b7a8465f18" testName="Mavi.Application.Tests.SceneAnalytics.HeatmapGridTests.TheOriginLandsInTheFirstCellAndTheFarCornerInTheLast" computerName="runnervmtr4k5" duration="00:00:00.0001864" startTime="2026-09-24T19:40:04.5213241+00:00" endTime="2026-09-24T19:40:04.5216043+00:00" testType="13cdc9d9-ddb5-4fa4-a97d-d965ccfc6d4b" outcome="Passed" testListId="8c84fa94-04c1-424b-9868-57a2d4851a1d" relativeResultsDirectory="887c1818-d5b3-40f5-81af-bd713d93657e" />
    <UnitTestResult executionId="2a60873e-3d09-4620-b4b0-bd9d19b70e9d" testId="d1b2179a-2a53-53c4-ca7a-40bef652982f" testName="Mavi.Application.Tests.SceneAnalyticsVocabularyTests.EveryEngineReasonIsAcceptedAndNothingElseIs" computerName="runnervmtr4k5" duration="00:00:00.0009410" startTime="2026-09-24T19:40:04.6013345+00:00" endTime="2026-09-24T19:40:04.6063066+00:00" testType="13cdc9d9-ddb5-4fa4-a97d-d965ccfc6d4b" outcome="Passed" testListId="8c84fa94-04c1-424b-9868-57a2d4851a1d" relativeResultsDirectory="2a60873e-3d09-4620-b4b0-bd9d19b70e9d" />
    <UnitTestResult executionId="7b433c0f-74cb-48f6-a9e7-191425279f8e" testId="8479f129-1d66-781c-e3b4-f0c4381bad70" testName="Mavi.Application.Tests.SceneAnalytics.ZoneVisitTests.PathEntirelyOutsideProducesNoVisit" computerName="runnervmtr4k5" duration="00:00:00.0002706" startTime="2026-09-24T19:40:04.5555585+00:00" endTime="2026-09-24T19:40:04.5579421+00:00" testType="13cdc9d9-ddb5-4fa4-a97d-d965ccfc6d4b" outcome="Passed" testListId="8c84fa94-04c1-424b-9868-57a2d4851a1d" relativeResultsDirectory="7b433c0f-74cb-48f6-a9e7-191425279f8e" />
    <UnitTestResult executionId="dff65688-d364-4ec8-a5b1-509e04773a44" testId="98181ac0-b809-0289-00af-587ba077f49b" testName="Mavi.Application.Tests.SceneAnalytics.LineCrossingTests.CrossingTimeAndPointAreInterpolatedBetweenSamples" computerName="runnervmtr4k5" duration="00:00:00.0060227" startTime="2026-09-24T19:40:04.3583478+00:00" endTime="2026-09-24T19:40:04.3617309+00:00" testType="13cdc9d9-ddb5-4fa4-a97d-d965ccfc6d4b" outcome="Passed" testListId="8c84fa94-04c1-424b-9868-57a2d4851a1d" relativeResultsDirectory="dff65688-d364-4ec8-a5b1-509e04773a44" />
    <UnitTestResult executionId="0b9fb60a-2ff8-44d8-9210-0b1ba18b032e" testId="163583ce-d9f3-7012-77cf-d6a3413168a8" testName="Mavi.Application.Tests.SceneAnalytics.TrajectoryDecoderTests.RepeatedOffsetIsInvalid" computerName="runnervmtr4k5" duration="00:00:00.0001797" startTime="2026-09-24T19:40:04.4173350+00:00" endTime="2026-09-24T19:40:04.4174248+00:00" testType="13cdc9d9-ddb5-4fa4-a97d-d965ccfc6d4b" outcome="Passed" testListId="8c84fa94-04c1-424b-9868-57a2d4851a1d" relativeResultsDirectory="0b9fb60a-2ff8-44d8-9210-0b1ba18b032e" />
    <UnitTestResult executionId="a5fec4e5-c794-4a59-8006-423066c600fa" testId="457eb8b3-23d5-06b0-387a-9400c60ebf88" testName="Mavi.Application.Tests.VisionResultValidatorV3Tests.InvalidEvidenceSetIsRejectedWithoutRepair(mutation: &quot;accounting-omitted-mismatch&quot;, expectedCode: &quot;evidence_accounting_invalid&quot;)" computerName="runnervmtr4k5" duration="00:00:00.0003833" startTime="2026-09-24T19:40:04.6298346+00:00" endTime="2026-09-24T19:40:04.6303684+00:00" testType="13cdc9d9-ddb5-4fa4-a97d-d965ccfc6d4b" outcome="Passed" testListId="8c84fa94-04c1-424b-9868-57a2d4851a1d" relativeResultsDirectory="a5fec4e5-c794-4a59-8006-423066c600fa" />
    <UnitTestResult executionId="1336aea1-273d-49d5-b973-5f4f90d512a2" testId="7a9f858e-26da-8000-c651-3cfd939bfcc0" testName="Mavi.Application.Tests.TrackAnalyticsQueryRulesTests.AlgorithmVersionShapeIsClosed(value: &quot;scene-analytics-v1 &quot;, expected: False)" computerName="runnervmtr4k5" duration="00:00:00.0000050" startTime="2026-09-24T19:40:04.2929869+00:00" endTime="2026-09-24T19:40:04.2930905+00:00" testType="13cdc9d9-ddb5-4fa4-a97d-d965ccfc6d4b" outcome="Passed" testListId="8c84fa94-04c1-424b-9868-57a2d4851a1d" relativeResultsDirectory="1336aea1-273d-49d5-b973-5f4f90d512a2" />
    <UnitTestResult executionId="22078e68-1202-4c0f-9832-7aaf23a593a8" testId="2f491d1c-2d48-ed83-20f2-37de7b23153e" testName="Mavi.Application.Tests.SceneAnalytics.StationaryAndLoiteringTests.VehicleStoppedLongEnoughYieldsAnInterval" computerName="runnervmtr4k5" duration="00:00:00.0003337" startTime="2026-09-24T19:40:04.6178450+00:00" endTime="2026-09-24T19:40:04.6178969+00:00" testType="13cdc9d9-ddb5-4fa4-a97d-d965ccfc6d4b" outcome="Passed" testListId="8c84fa94-04c1-424b-9868-57a2d4851a1d" relativeResultsDirectory="22078e68-1202-4c0f-9832-7aaf23a593a8" />
    <UnitTestResult executionId="8ec02e64-6b98-49bf-b05e-515510c4b2cf" testId="d91a24b6-4e1d-23d2-ea68-d6075fca770d" testName="Mavi.Application.Tests.TrackEvidenceSetTests.APointerWithNoObservationsIsRefusedNotReadAsLegacy" computerName="runnervmtr4k5" duration="00:00:00.0001517" startTime="2026-09-24T19:40:04.6069628+00:00" endTime="2026-09-24T19:40:04.6073921+00:00" testType="13cdc9d9-ddb5-4fa4-a97d-d965ccfc6d4b" outcome="Passed" testListId="8c84fa94-04c1-424b-9868-57a2d4851a1d" relativeResultsDirectory="8ec02e64-6b98-49bf-b05e-515510c4b2cf" />
    <UnitTestResult executionId="15e3c1f8-2a95-47a0-b642-90e92e7e254c" testId="7fd58547-f395-bcae-cf17-019dc0680852" testName="Mavi.Application.Tests.TrackAnalyticsQueryRulesTests.AlgorithmVersionShapeIsClosed(value: &quot;scene-analytics-v12345&quot;, expected: False)" computerName="runnervmtr4k5" duration="00:00:00.0000041" startTime="2026-09-24T19:40:04.2993957+00:00" endTime="2026-09-24T19:40:04.2994939+00:00" testType="13cdc9d9-ddb5-4fa4-a97d-d965ccfc6d4b" outcome="Passed" testListId="8c84fa94-04c1-424b-9868-57a2d4851a1d" relativeResultsDirectory="15e3c1f8-2a95-47a0-b642-90e92e7e254c" />
    <UnitTestResult executionId="59f2a74d-8a57-4cd4-8739-8db4dc4eeabb" testId="34b374bc-a26e-54d1-3e6b-b655284d30f5" testName="Mavi.Application.Tests.SceneAnalyticsReadinessRuleTests.AnInFlightCurrentUnitWithOlderFactsIsStaleRatherThanPending" computerName="runnervmtr4k5" duration="00:00:00.0002196" startTime="2026-09-24T19:40:04.4985934+00:00" endTime="2026-09-24T19:40:04.4987006+00:00" testType="13cdc9d9-ddb5-4fa4-a97d-d965ccfc6d4b" outcome="Passed" testListId="8c84fa94-04c1-424b-9868-57a2d4851a1d" relativeResultsDirectory="59f2a74d-8a57-4cd4-8739-8db4dc4eeabb" />
    <UnitTestResult executionId="efa3ea33-ab1f-4ac8-861a-00b57daa55cf" testId="91aaa411-86b6-3dc6-319b-b6004a4668ce" testName="Mavi.Application.Tests.VideoImportServiceTests.MissingAndInactiveCamerasAreRejectedBeforeWriting" computerName="runnervmtr4k5" duration="00:00:00.0011390" startTime="2026-09-24T19:40:04.4800108+00:00" endTime="2026-09-24T19:40:04.4827247+00:00" testType="13cdc9d9-ddb5-4fa4-a97d-d965ccfc6d4b" outcome="Passed" testListId="8c84fa94-04c1-424b-9868-57a2d4851a1d" relativeResultsDirectory="efa3ea33-ab1f-4ac8-861a-00b57daa55cf" />
    <UnitTestResult executionId="04ac07a0-b5ec-474c-af23-fac27d00a8e0" testId="61c4dba0-07a6-f59e-881e-ebd3c82a31e9" testName="Mavi.Application.Tests.SceneAnalytics.HeatmapGridTests.AnOutOfContractSampleFailsVisiblyRatherThanBeingClamped(x: -0.0001, y: 0.5)" computerName="runnervmtr4k5" duration="00:00:00.0001073" startTime="2026-09-24T19:40:04.5179257+00:00" endTime="2026-09-24T19:40:04.5180032+00:00" testType="13cdc9d9-ddb5-4fa4-a97d-d965ccfc6d4b" outcome="Passed" testListId="8c84fa94-04c1-424b-9868-57a2d4851a1d" relativeResultsDirectory="04ac07a0-b5ec-474c-af23-fac27d00a8e0" />
    <UnitTestResult executionId="b53d887d-65da-4023-878f-26713fbe81f7" testId="09ddd684-096e-dc82-8b07-0c303ef193fa" testName="Mavi.Application.Tests.TrackCursorCodecTests.FilterFingerprintChangesWhenSemanticFilterChanges" computerName="runnervmtr4k5" duration="00:00:00.0001607" startTime="2026-09-24T19:40:04.4555620+00:00" endTime="2026-09-24T19:40:04.4556801+00:00" testType="13cdc9d9-ddb5-4fa4-a97d-d965ccfc6d4b" outcome="Passed" testListId="8c84fa94-04c1-424b-9868-57a2d4851a1d" relativeResultsDirectory="b53d887d-65da-4023-878f-26713fbe81f7" />
    <UnitTestResult executionId="dc11b8e9-e7f1-47ef-8917-b4862d9984bb" testId="6f7ed95b-4865-0a63-4773-1e16eff98dc8" testName="Mavi.Application.Tests.TrackAnalyticCursorCodecTests.AnalyticFingerprintRequiresAnAnalyticQuery" computerName="runnervmtr4k5" duration="00:00:00.0024298" startTime="2026-09-24T19:40:04.5135776+00:00" endTime="2026-09-24T19:40:04.5153698+00:00" testType="13cdc9d9-ddb5-4fa4-a97d-d965ccfc6d4b" outcome="Passed" testListId="8c84fa94-04c1-424b-9868-57a2d4851a1d" relativeResultsDirectory="dc11b8e9-e7f1-47ef-8917-b4862d9984bb" />
    <UnitTestResult executionId="6dbd2cb4-808f-49f6-9e49-1375eb88d3ea" testId="ebd3f0df-2fd1-d0c3-4a1b-f9f04a5ce7a1" testName="Mavi.Application.Tests.SceneAnalytics.ZoneVisitTests.HeadingIsNoneWhenTheTrackBarelyMoves" computerName="runnervmtr4k5" duration="00:00:00.0000853" startTime="2026-09-24T19:40:04.5584396+00:00" endTime="2026-09-24T19:40:04.5585247+00:00" testType="13cdc9d9-ddb5-4fa4-a97d-d965ccfc6d4b" outcome="Passed" testListId="8c84fa94-04c1-424b-9868-57a2d4851a1d" relativeResultsDirectory="6dbd2cb4-808f-49f6-9e49-1375eb88d3ea" />
    <UnitTestResult executionId="28cb6c31-a0ff-485c-8818-e38ec27990ac" testId="77bce1ce-fe41-6c4f-d85f-c91939970757" testName="Mavi.Application.Tests.VisionResultValidatorV3Tests.InvalidEvidenceSetIsRejectedWithoutRepair(mutation: &quot;box-invalid&quot;, expectedCode: &quot;bounding_box_invalid&quot;)" computerName="runnervmtr4k5" duration="00:00:00.0003329" startTime="2026-09-24T19:40:04.6424581+00:00" endTime="2026-09-24T19:40:04.6455505+00:00" testType="13cdc9d9-ddb5-4fa4-a97d-d965ccfc6d4b" outcome="Passed" testListId="8c84fa94-04c1-424b-9868-57a2d4851a1d" relativeResultsDirectory="28cb6c31-a0ff-485c-8818-e38ec27990ac" />
    <UnitTestResult executionId="61d3a924-5e0d-4cf4-b9eb-5567489a7b92" testId="5cd0e0ec-99f9-2771-2c98-12d66ce96ff0" testName="Mavi.Application.Tests.VideoImportServiceTests.SanitizesBothFilenameSeparatorStyles(supplied: &quot;C:/fakepath/gate.mp4&quot;, expected: &quot;gate.mp4&quot;)" computerName="runnervmtr4k5" duration="00:00:00.0002063" startTime="2026-09-24T19:40:04.4663364+00:00" endTime="2026-09-24T19:40:04.4664063+00:00" testType="13cdc9d9-ddb5-4fa4-a97d-d965ccfc6d4b" outcome="Passed" testListId="8c84fa94-04c1-424b-9868-57a2d4851a1d" relativeResultsDirectory="61d3a924-5e0d-4cf4-b9eb-5567489a7b92" />
    <UnitTestResult executionId="276618d7-334f-402c-b7b8-41ac64f4c691" testId="0cd25ac1-4d25-d267-8c74-3aa2af446a02" testName="Mavi.Application.Tests.SceneAnalytics.AnalyticsAggregatorTests.ATrackSpanningBucketsIsUniqueInEachButOnceInTheWindow" computerName="runnervmtr4k5" duration="00:00:00.0005544" startTime="2026-09-24T19:40:04.4024125+00:00" endTime="2026-09-24T19:40:04.4033991+00:00" testType="13cdc9d9-ddb5-4fa4-a97d-d965ccfc6d4b" outcome="Passed" testListId="8c84fa94-04c1-424b-9868-57a2d4851a1d" relativeResultsDirectory="276618d7-334f-402c-b7b8-41ac64f4c691" />
    <UnitTestResult executionId="cf22263f-0eae-4a42-a81e-8645fbf665f0" testId="a1742408-7164-84c2-4661-8b2a04322c53" testName="Mavi.Application.Tests.SceneAnalytics.HeatmapGridTests.EverySupportedGridHasItsSixteenByNineHeightAndExactCellCount(width: 16, height: 9)" computerName="runnervmtr4k5" duration="00:00:00.0000310" startTime="2026-09-24T19:40:04.5147279+00:00" endTime="2026-09-24T19:40:04.5148242+00:00" testType="13cdc9d9-ddb5-4fa4-a97d-d965ccfc6d4b" outcome="Passed" testListId="8c84fa94-04c1-424b-9868-57a2d4851a1d" relativeResultsDirectory="cf22263f-0eae-4a42-a81e-8645fbf665f0" />
    <UnitTestResult executionId="43349bf3-17d7-46ca-a5e9-5c7f0ab49f85" testId="0d88aaca-1686-9043-9fa1-25fcd7f27a1c" testName="Mavi.Application.Tests.SceneAnalytics.StationaryAndLoiteringTests.DwellAtTheDefaultThresholdLoiters" computerName="runnervmtr4k5" duration="00:00:00.0018324" startTime="2026-09-24T19:40:04.6157820+00:00" endTime="2026-09-24T19:40:04.6167476+00:00" testType="13cdc9d9-ddb5-4fa4-a97d-d965ccfc6d4b" outcome="Passed" testListId="8c84fa94-04c1-424b-9868-57a2d4851a1d" relativeResultsDirectory="43349bf3-17d7-46ca-a5e9-5c7f0ab49f85" />
    <UnitTestResult executionId="d287a882-f53d-4ad4-92b0-35d53360da06" testId="a7ba8fb0-7f26-9b16-3b5e-fc564206984f" testName="Mavi.Application.Tests.Contracts.SceneAnalyticsContractTests.SaveSceneRequestRejectsServerOwnedMembers(payload: &quot;{\&quot;revisionId\&quot;:\&quot;0199a1f0-0000-7000-8000-00000000&quot;···)" computerName="runnervmtr4k5" duration="00:00:00.0214520" startTime="2026-09-24T19:40:04.3290536+00:00" endTime="2026-09-24T19:40:04.3465059+00:00" testType="13cdc9d9-ddb5-4fa4-a97d-d965ccfc6d4b" outcome="Passed" testListId="8c84fa94-04c1-424b-9868-57a2d4851a1d" relativeResultsDirectory="d287a882-f53d-4ad4-92b0-35d53360da06" />
    <UnitTestResult executionId="508a250a-0e4e-4fb6-a291-8858b8c36ed2" testId="a10a6305-517f-442f-11c6-27f2364f7320" testName="Mavi.Application.Tests.VisionResultValidatorTests.InvalidGpuComputeCapabilityIsRejected(value: &quot;+7.5&quot;)" computerName="runnervmtr4k5" duration="00:00:00.0011985" startTime="2026-09-24T19:40:04.2284408+00:00" endTime="2026-09-24T19:40:04.2285273+00:00" testType="13cdc9d9-ddb5-4fa4-a97d-d965ccfc6d4b" outcome="Passed" testListId="8c84fa94-04c1-424b-9868-57a2d4851a1d" relativeResultsDirectory="508a250a-0e4e-4fb6-a291-8858b8c36ed2" />
    <UnitTestResult executionId="32555703-bac1-449b-a995-8253d6ba31f3" testId="dd1001e3-a944-9c50-ca11-03622d98ae4d" testName="Mavi.Application.Tests.ContentReadServiceTests.InvalidDescriptorIsRejectedBeforeStorageAccess" computerName="runnervmtr4k5" duration="00:00:00.0004549" startTime="2026-09-24T19:40:04.4762617+00:00" endTime="2026-09-24T19:40:04.4765619+00:00" testType="13cdc9d9-ddb5-4fa4-a97d-d965ccfc6d4b" outcome="Passed" testListId="8c84fa94-04c1-424b-9868-57a2d4851a1d" relativeResultsDirectory="32555703-bac1-449b-a995-8253d6ba31f3" />
    <UnitTestResult executionId="3558e35d-176e-4049-b043-deb740c52101" testId="a5218f81-582f-8182-1aa1-523f22cb0932" testName="Mavi.Application.Tests.VideoImportServiceTests.ApplicationRejectsOversizeStreamBeforeMetadataOrPersistence" computerName="runnervmtr4k5" duration="00:00:00.0007894" startTime="2026-09-24T19:40:04.5042060+00:00" endTime="2026-09-24T19:40:04.5042837+00:00" testType="13cdc9d9-ddb5-4fa4-a97d-d965ccfc6d4b" outcome="Passed" testListId="8c84fa94-04c1-424b-9868-57a2d4851a1d" relativeResultsDirectory="3558e35d-176e-4049-b043-deb740c52101" />
    <UnitTestResult executionId="f793e119-f06c-432c-bc9e-6f831dcb7e83" testId="3ccff64c-d19f-7f43-00bf-b14750c084d5" testName="Mavi.Application.Tests.VisionResultValidatorV3Tests.InvalidEvidenceSetIsRejectedWithoutRepair(mutation: &quot;accounting-admitted-bytes-above-candidate-bytes&quot;, expectedCode: &quot;evidence_accounting_invalid&quot;)" computerName="runnervmtr4k5" duration="00:00:00.0001951" startTime="2026-09-24T19:40:04.6502464+00:00" endTime="2026-09-24T19:40:04.6503324+00:00" testType="13cdc9d9-ddb5-4fa4-a97d-d965ccfc6d4b" outcome="Passed" testListId="8c84fa94-04c1-424b-9868-57a2d4851a1d" relativeResultsDirectory="f793e119-f06c-432c-bc9e-6f831dcb7e83" />
    <UnitTestResult executionId="66a041bd-7a01-4375-8191-d70718d1e663" testId="303a0333-c926-c386-4857-a7963e3b93d5" testName="Mavi.Application.Tests.TrackSearchServiceAnalyticsTests.DemandingCompleteCoverageOverIncompleteScopeIsAStructuredConflict" computerName="runnervmtr4k5" duration="00:00:00.0007274" startTime="2026-09-24T19:40:04.5382331+00:00" endTime="2026-09-24T19:40:04.5383097+00:00" testType="13cdc9d9-ddb5-4fa4-a97d-d965ccfc6d4b" outcome="Passed" testListId="8c84fa94-04c1-424b-9868-57a2d4851a1d" relativeResultsDirectory="66a041bd-7a01-4375-8191-d70718d1e663" />
    <UnitTestResult executionId="5acf94d4-f44c-48ad-96f7-7a3d2c6f2c04" testId="38f15d1a-8145-db54-5d4b-7d558ac1ec6d" testName="Mavi.Application.Tests.SceneAnalytics.TrajectoryDecoderTests.SingleSampleIsTooShort" computerName="runnervmtr4k5" duration="00:00:00.0001474" startTime="2026-09-24T19:40:04.4330420+00:00" endTime="2026-09-24T19:40:04.4331078+00:00" testType="13cdc9d9-ddb5-4fa4-a97d-d965ccfc6d4b" outcome="Passed" testListId="8c84fa94-04c1-424b-9868-57a2d4851a1d" relativeResultsDirectory="5acf94d4-f44c-48ad-96f7-7a3d2c6f2c04" />
    <UnitTestResult executionId="39b13978-7af7-4c30-bcd5-b7cea62e86c3" testId="f67d733d-a763-dd74-22f1-d5a5b2a5973f" testName="Mavi.Application.Tests.Contracts.SceneAnalyticsContractTests.ConfiguredSceneSerializesToTheCanonicalShape" computerName="runnervmtr4k5" duration="00:00:00.0088391" startTime="2026-09-24T19:40:04.3629065+00:00" endTime="2026-09-24T19:40:04.3724660+00:00" testType="13cdc9d9-ddb5-4fa4-a97d-d965ccfc6d4b" outcome="Passed" testListId="8c84fa94-04c1-424b-9868-57a2d4851a1d" relativeResultsDirectory="39b13978-7af7-4c30-bcd5-b7cea62e86c3" />
    <UnitTestResult executionId="908852b3-ae25-4b75-a1a1-fac372656464" testId="943481f4-8fe7-26eb-8970-cf567322a284" testName="Mavi.Application.Tests.VisionResultValidatorTests.InvalidGpuComputeCapabilityIsRejected(value: &quot;bad&quot;)" computerName="runnervmtr4k5" duration="00:00:00.0000531" startTime="2026-09-24T19:40:04.2337039+00:00" endTime="2026-09-24T19:40:04.2337724+00:00" testType="13cdc9d9-ddb5-4fa4-a97d-d965ccfc6d4b" outcome="Passed" testListId="8c84fa94-04c1-424b-9868-57a2d4851a1d" relativeResultsDirectory="908852b3-ae25-4b75-a1a1-fac372656464" />
    <UnitTestResult executionId="4c8c4f4a-158d-44f0-880d-3d6c612082db" testId="4fdbbe4a-42f4-97b5-edbc-c8279603dbc2" testName="Mavi.Application.Tests.SceneAnalyticsReadinessRuleTests.ACameraWhoseActiveRevisionEnablesNothingIsDisabled" computerName="runnervmtr4k5" duration="00:00:00.0001131" startTime="2026-09-24T19:40:04.4855731+00:00" endTime="2026-09-24T19:40:04.4876875+00:00" testType="13cdc9d9-ddb5-4fa4-a97d-d965ccfc6d4b" outcome="Passed" testListId="8c84fa94-04c1-424b-9868-57a2d4851a1d" relativeResultsDirectory="4c8c4f4a-158d-44f0-880d-3d6c612082db" />
    <UnitTestResult executionId="133ef714-01dc-4d25-8402-8b5aa55112f7" testId="284b6807-f04d-9b9b-ef29-170b352ff762" testName="Mavi.Application.Tests.VisionResultValidatorTests.AggregateEvidenceAbovePolicyIsRejectedBeforePersistence" computerName="runnervmtr4k5" duration="00:00:00.0051801" startTime="2026-09-24T19:40:04.2879474+00:00" endTime="2026-09-24T19:40:04.3015283+00:00" testType="13cdc9d9-ddb5-4fa4-a97d-d965ccfc6d4b" outcome="Passed" testListId="8c84fa94-04c1-424b-9868-57a2d4851a1d" relativeResultsDirectory="133ef714-01dc-4d25-8402-8b5aa55112f7" />
    <UnitTestResult executionId="973cd562-2305-47ea-b68e-b052c0b8c25c" testId="5fa17d40-76ef-725a-9c4e-eb178107458f" testName="Mavi.Application.Tests.SceneAnalytics.StationaryAndLoiteringTests.SmoothingNeverReachesAcrossALongGap" computerName="runnervmtr4k5" duration="00:00:00.0006147" startTime="2026-09-24T19:40:04.6302618+00:00" endTime="2026-09-24T19:40:04.6306962+00:00" testType="13cdc9d9-ddb5-4fa4-a97d-d965ccfc6d4b" outcome="Passed" testListId="8c84fa94-04c1-424b-9868-57a2d4851a1d" relativeResultsDirectory="973cd562-2305-47ea-b68e-b052c0b8c25c" />
    <UnitTestResult executionId="0a717dc2-cca6-45a2-b393-d398af1fa74b" testId="2249572b-acd7-5015-91f1-97abb0a2e960" testName="Mavi.Application.Tests.Contracts.SceneAnalyticsContractTests.ReanalysisRequestRejectsUnknownMembers" computerName="runnervmtr4k5" duration="00:00:00.0036717" startTime="2026-09-24T19:40:04.3965852+00:00" endTime="2026-09-24T19:40:04.3979470+00:00" testType="13cdc9d9-ddb5-4fa4-a97d-d965ccfc6d4b" outcome="Passed" testListId="8c84fa94-04c1-424b-9868-57a2d4851a1d" relativeResultsDirectory="0a717dc2-cca6-45a2-b393-d398af1fa74b" />
    <UnitTestResult executionId="bcfd9e25-6ef3-4508-a03a-ae686a285cb6" testId="805d6ba3-f79e-9e21-fbad-3d4d5e31ccea" testName="Mavi.Application.Tests.TrackAnalyticsQueryRulesTests.EveryDependentKeyStandsAloneWhereThePlanSaysItMay" computerName="runnervmtr4k5" duration="00:00:00.0003531" startTime="2026-09-24T19:40:04.3134811+00:00" endTime="2026-09-24T19:40:04.3135673+00:00" testType="13cdc9d9-ddb5-4fa4-a97d-d965ccfc6d4b" outcome="Passed" testListId="8c84fa94-04c1-424b-9868-57a2d4851a1d" relativeResultsDirectory="bcfd9e25-6ef3-4508-a03a-ae686a285cb6" />
    <UnitTestResult executionId="ac45ab86-466e-419c-9fb3-b651c0e0a5f2" testId="7a30f1d8-35c7-0fd3-0d8a-a85f983c7fc4" testName="Mavi.Application.Tests.SceneAnalytics.HeatmapGridTests.AnOutOfContractSampleFailsVisiblyRatherThanBeingClamped(x: 0.5, y: 1.0001)" computerName="runnervmtr4k5" duration="00:00:00.0003379" startTime="2026-09-24T19:40:04.5176546+00:00" endTime="2026-09-24T19:40:04.5177650+00:00" testType="13cdc9d9-ddb5-4fa4-a97d-d965ccfc6d4b" outcome="Passed" testListId="8c84fa94-04c1-424b-9868-57a2d4851a1d" relativeResultsDirectory="ac45ab86-466e-419c-9fb3-b651c0e0a5f2" />
    <UnitTestResult executionId="50adac87-e1da-4b51-b538-c3295da91309" testId="7aa86a42-fbdf-f272-8a33-3e7122f2bf19" testName="Mavi.Application.Tests.Contracts.TrackAnalyticsContractTests.TheDetailAnalyticsBlockIsOmittedUntilResolvedAndTypedWhenPresent" computerName="runnervmtr4k5" duration="00:00:00.0566221" startTime="2026-09-24T19:40:04.3947696+00:00" endTime="2026-09-24T19:40:04.4486033+00:00" testType="13cdc9d9-ddb5-4fa4-a97d-d965ccfc6d4b" outcome="Passed" testListId="8c84fa94-04c1-424b-9868-57a2d4851a1d" relativeResultsDirectory="50adac87-e1da-4b51-b538-c3295da91309" />
    <UnitTestResult executionId="28c97af9-b251-4770-8865-c4b7e54bf560" testId="158185e7-2fb2-c78d-a762-6ca9c78cfefd" testName="Mavi.Application.Tests.SceneAnalytics.ZoneVisitTests.EightWayHeadingsUseScreenAxes(x: 0.90000000000000002, y: 0.10000000000000001, expected: &quot;NE&quot;)" computerName="runnervmtr4k5" duration="00:00:00.0000029" startTime="2026-09-24T19:40:04.5494880+00:00" endTime="2026-09-24T19:40:04.5495675+00:00" testType="13cdc9d9-ddb5-4fa4-a97d-d965ccfc6d4b" outcome="Passed" testListId="8c84fa94-04c1-424b-9868-57a2d4851a1d" relativeResultsDirectory="28c97af9-b251-4770-8865-c4b7e54bf560" />
    <UnitTestResult executionId="c49d636e-3d29-4005-9927-491da8290682" testId="de49bad8-125d-37a5-8bcc-4cf07dda90d8" testName="Mavi.Application.Tests.VisionResultValidatorTests.InvalidResultIsRejectedWithoutRepair(mutation: &quot;negative-offset&quot;)" computerName="runnervmtr4k5" duration="00:00:00.0001730" startTime="2026-09-24T19:40:04.2263936+00:00" endTime="2026-09-24T19:40:04.2264948+00:00" testType="13cdc9d9-ddb5-4fa4-a97d-d965ccfc6d4b" outcome="Passed" testListId="8c84fa94-04c1-424b-9868-57a2d4851a1d" relativeResultsDirectory="c49d636e-3d29-4005-9927-491da8290682" />
    <UnitTestResult executionId="062e8256-db13-4210-8ac9-a68bc788940a" testId="afc19297-9444-2c44-1851-8d3d248917ea" testName="Mavi.Application.Tests.SceneAnalytics.AnalyticsAggregatorTests.ClassCountsAreDistinctTracksOverlappingEachBucket" computerName="runnervmtr4k5" duration="00:00:00.0026835" startTime="2026-09-24T19:40:04.4168839+00:00" endTime="2026-09-24T19:40:04.4222012+00:00" testType="13cdc9d9-ddb5-4fa4-a97d-d965ccfc6d4b" outcome="Passed" testListId="8c84fa94-04c1-424b-9868-57a2d4851a1d" relativeResultsDirectory="062e8256-db13-4210-8ac9-a68bc788940a" />
    <UnitTestResult executionId="bd45a6a5-00ec-4b4a-9e5f-a7bf01590e95" testId="9797e37b-7ba2-4dc2-1da7-c3327d9b74c9" testName="Mavi.Application.Tests.SceneAnalytics.ZoneVisitTests.BriefExcursionDoesNotCloseTheVisit" computerName="runnervmtr4k5" duration="00:00:00.0003011" startTime="2026-09-24T19:40:04.5537387+00:00" endTime="2026-09-24T19:40:04.5538142+00:00" testType="13cdc9d9-ddb5-4fa4-a97d-d965ccfc6d4b" outcome="Passed" testListId="8c84fa94-04c1-424b-9868-57a2d4851a1d" relativeResultsDirectory="bd45a6a5-00ec-4b4a-9e5f-a7bf01590e95" />
    <UnitTestResult executionId="27160370-46a0-43d0-a3f6-f299c6b7aabe" testId="f49112ba-78ab-332d-eca0-047623b262d6" testName="Mavi.Application.Tests.SceneAnalytics.StationaryAndLoiteringTests.StillnessIsNotInferredAcrossALongGap" computerName="runnervmtr4k5" duration="00:00:00.0005474" startTime="2026-09-24T19:40:04.6168911+00:00" endTime="2026-09-24T19:40:04.6169500+00:00" testType="13cdc9d9-ddb5-4fa4-a97d-d965ccfc6d4b" outcome="Passed" testListId="8c84fa94-04c1-424b-9868-57a2d4851a1d" relativeResultsDirectory="27160370-46a0-43d0-a3f6-f299c6b7aabe" />
    <UnitTestResult executionId="9cda5e91-0edf-42c2-b306-7cff447ce83d" testId="95322c3d-21cc-e34f-38f2-271bf6dc253a" testName="Mavi.Application.Tests.SceneAnalytics.TrajectoryDecoderTests.LongTrajectoryDecodesWithoutLoss" computerName="runnervmtr4k5" duration="00:00:00.0076623" startTime="2026-09-24T19:40:04.4221138+00:00" endTime="2026-09-24T19:40:04.4273007+00:00" testType="13cdc9d9-ddb5-4fa4-a97d-d965ccfc6d4b" outcome="Passed" testListId="8c84fa94-04c1-424b-9868-57a2d4851a1d" relativeResultsDirectory="9cda5e91-0edf-42c2-b306-7cff447ce83d" />
    <UnitTestResult executionId="105b1c8b-6474-42c9-b7d9-449bf462294f" testId="29cb74a0-1d27-0843-0e6e-bfcaf288b52b" testName="Mavi.Application.Tests.SceneAnalyticsReadinessRuleTests.FactsFromAnOlderRevisionAloneAreStale(status: Completed)" computerName="runnervmtr4k5" duration="00:00:00.0001083" startTime="2026-09-24T19:40:04.4834656+00:00" endTime="2026-09-24T19:40:04.4835336+00:00" testType="13cdc9d9-ddb5-4fa4-a97d-d965ccfc6d4b" outcome="Passed" testListId="8c84fa94-04c1-424b-9868-57a2d4851a1d" relativeResultsDirectory="105b1c8b-6474-42c9-b7d9-449bf462294f" />
    <UnitTestResult executionId="ae520333-b875-4c27-b2ea-77680cb8bca7" testId="cf655f70-223c-bddf-1d6b-deb3f9e7896f" testName="Mavi.Application.Tests.SceneAnalytics.AnalyticsHeatmapGuardTests.TheRunBoundIsCheckedBeforeTheTrackBound" computerName="runnervmtr4k5" duration="00:00:00.0110188" startTime="2026-09-24T19:40:04.3122373+00:00" endTime="2026-09-24T19:40:04.3229270+00:00" testType="13cdc9d9-ddb5-4fa4-a97d-d965ccfc6d4b" outcome="Passed" testListId="8c84fa94-04c1-424b-9868-57a2d4851a1d" relativeResultsDirectory="ae520333-b875-4c27-b2ea-77680cb8bca7" />
    <UnitTestResult executionId="b7ff4645-f45a-49fe-9ab2-3ee498750e52" testId="3eba5a09-056a-f286-d648-a1aa4118d487" testName="Mavi.Application.Tests.VisionResultValidatorV3Tests.InvalidEvidenceSetIsRejectedWithoutRepair(mutation: &quot;accounting-admitted-bytes-mismatch&quot;, expectedCode: &quot;evidence_accounting_invalid&quot;)" computerName="runnervmtr4k5" duration="00:00:00.0001937" startTime="2026-09-24T19:40:04.6456700+00:00" endTime="2026-09-24T19:40:04.6458369+00:00" testType="13cdc9d9-ddb5-4fa4-a97d-d965ccfc6d4b" outcome="Passed" testListId="8c84fa94-04c1-424b-9868-57a2d4851a1d" relativeResultsDirectory="b7ff4645-f45a-49fe-9ab2-3ee498750e52" />
    <UnitTestResult executionId="528ba572-48de-4390-a118-b78a3a5f4769" testId="71cfbb8a-2483-e885-7fba-49675d323a49" testName="Mavi.Application.Tests.SceneAnalytics.LineCrossingTests.TwoCrossingsTheSameWayWithinTheSuppressionWindowCollapse" computerName="runnervmtr4k5" duration="00:00:00.0045179" startTime="2026-09-24T19:40:04.3723858+00:00" endTime="2026-09-24T19:40:04.3742436+00:00" testType="13cdc9d9-ddb5-4fa4-a97d-d965ccfc6d4b" outcome="Passed" testListId="8c84fa94-04c1-424b-9868-57a2d4851a1d" relativeResultsDirectory="528ba572-48de-4390-a118-b78a3a5f4769" />
    <UnitTestResult executionId="2fc48211-5331-46f8-837f-a3da9bf1c94e" testId="487a4d72-f5ef-c475-94ef-0db532714d35" testName="Mavi.Application.Tests.SceneAnalyticsReadinessRuleTests.ACameraWithNoActiveRevisionIsNotConfigured" computerName="runnervmtr4k5" duration="00:00:00.0002119" startTime="2026-09-24T19:40:04.4879421+00:00" endTime="2026-09-24T19:40:04.4880351+00:00" testType="13cdc9d9-ddb5-4fa4-a97d-d965ccfc6d4b" outcome="Passed" testListId="8c84fa94-04c1-424b-9868-57a2d4851a1d" relativeResultsDirectory="2fc48211-5331-46f8-837f-a3da9bf1c94e" />
    <UnitTestResult executionId="f84163f1-79be-4422-8d52-9a957445c6c5" testId="a352df2c-b713-69bc-19d4-396f1642548e" testName="Mavi.Application.Tests.SceneAnalytics.LineCrossingTests.TouchingTheLineAndReturningIsNotACrossing" computerName="runnervmtr4k5" duration="00:00:00.0064450" startTime="2026-09-24T19:40:04.3495881+00:00" endTime="2026-09-24T19:40:04.3581418+00:00" testType="13cdc9d9-ddb5-4fa4-a97d-d965ccfc6d4b" outcome="Passed" testListId="8c84fa94-04c1-424b-9868-57a2d4851a1d" relativeResultsDirectory="f84163f1-79be-4422-8d52-9a957445c6c5" />
    <UnitTestResult executionId="d2037527-fd84-48cb-82a2-d99e4cd99f22" testId="2b001055-8567-9513-2fb3-d91b88ae8351" testName="Mavi.Application.Tests.VisionResultValidatorV3Tests.V2BodyMayNotCarryV3Members(mutation: &quot;v2-with-accounting&quot;, expectedCode: &quot;evidence_accounting_unexpected&quot;)" computerName="runnervmtr4k5" duration="00:00:00.0003920" startTime="2026-09-24T19:40:04.7754527+00:00" endTime="2026-09-24T19:40:04.7755641+00:00" testType="13cdc9d9-ddb5-4fa4-a97d-d965ccfc6d4b" outcome="Passed" testListId="8c84fa94-04c1-424b-9868-57a2d4851a1d" relativeResultsDirectory="d2037527-fd84-48cb-82a2-d99e4cd99f22" />
    <UnitTestResult executionId="17ba7b30-8971-4ffb-9149-cc8c3f0ebd1d" testId="c434d6b7-481c-8cbe-63f4-31f4898b890a" testName="Mavi.Application.Tests.SceneAnalytics.AnalyticsHeatmapGuardTests.ExactlyTheLimitIsAcceptedSoTheBoundIsInclusive" computerName="runnervmtr4k5" duration="00:00:00.0109913" startTime="2026-09-24T19:40:04.3050042+00:00" endTime="2026-09-24T19:40:04.3120169+00:00" testType="13cdc9d9-ddb5-4fa4-a97d-d965ccfc6d4b" outcome="Passed" testListId="8c84fa94-04c1-424b-9868-57a2d4851a1d" relativeResultsDirectory="17ba7b30-8971-4ffb-9149-cc8c3f0ebd1d" />
    <UnitTestResult executionId="dc6ac3a0-dfd1-4d91-9b26-52828f8f96d3" testId="d62b01c0-824c-ab0a-ac4f-1af39f6aaf54" testName="Mavi.Application.Tests.VisionResultValidatorTests.TrackerPositiveParametersUseSharedFiniteEnvelope(value: 1E-10)" computerName="runnervmtr4k5" duration="00:00:00.0002543" startTime="2026-09-24T19:40:04.2374952+00:00" endTime="2026-09-24T19:40:04.2375764+00:00" testType="13cdc9d9-ddb5-4fa4-a97d-d965ccfc6d4b" outcome="Passed" testListId="8c84fa94-04c1-424b-9868-57a2d4851a1d" relativeResultsDirectory="dc6ac3a0-dfd1-4d91-9b26-52828f8f96d3" />
    <UnitTestResult executionId="d006b216-15ca-4e0c-b249-521efde5b986" testId="251dbd13-a473-68ec-c910-a3fb476ff103" testName="Mavi.Application.Tests.TrackCursorCodecTests.RoundTripPreservesCanonicalUtcPosition" computerName="runnervmtr4k5" duration="00:00:00.0080328" startTime="2026-09-24T19:40:04.4473835+00:00" endTime="2026-09-24T19:40:04.4553488+00:00" testType="13cdc9d9-ddb5-4fa4-a97d-d965ccfc6d4b" outcome="Passed" testListId="8c84fa94-04c1-424b-9868-57a2d4851a1d" relativeResultsDirectory="d006b216-15ca-4e0c-b249-521efde5b986" />
    <UnitTestResult executionId="66258970-8550-4453-9f08-80bd6894980f" testId="13c3e893-774f-6790-3d62-a60c3e432fc7" testName="Mavi.Application.Tests.TrackEvidenceSetTests.AnyContiguousSubsetInCanonicalOrderIsValid(roles: [Representative, NearView])" computerName="runnervmtr4k5" duration="00:00:00.0012798" startTime="2026-09-24T19:40:04.5833861+00:00" endTime="2026-09-24T19:40:04.5844895+00:00" testType="13cdc9d9-ddb5-4fa4-a97d-d965ccfc6d4b" outcome="Passed" testListId="8c84fa94-04c1-424b-9868-57a2d4851a1d" relativeResultsDirectory="66258970-8550-4453-9f08-80bd6894980f" />
    <UnitTestResult executionId="e90e69d8-73df-49ca-aadf-5edc16dd7b45" testId="f0a31902-5b3e-0192-1893-4614ca1865be" testName="Mavi.Application.Tests.SceneAnalytics.TrajectoryDecoderTests.CoordinateOutsideTheFrameIsInvalid(value: 1.01)" computerName="runnervmtr4k5" duration="00:00:00.0002064" startTime="2026-09-24T19:40:04.4097620+00:00" endTime="2026-09-24T19:40:04.4098342+00:00" testType="13cdc9d9-ddb5-4fa4-a97d-d965ccfc6d4b" outcome="Passed" testListId="8c84fa94-04c1-424b-9868-57a2d4851a1d" relativeResultsDirectory="e90e69d8-73df-49ca-aadf-5edc16dd7b45" />
    <UnitTestResult executionId="2dce829a-ea5a-4abf-a54b-e796d6a9b8c7" testId="c20a236f-727b-b8bd-eb17-1c9bd4b34f9a" testName="Mavi.Application.Tests.SceneAnalyticsReadinessRuleTests.DisabledOutranksAnExistingCompletedUnit" computerName="runnervmtr4k5" duration="00:00:00.0014470" startTime="2026-09-24T19:40:04.4768353+00:00" endTime="2026-09-24T19:40:04.4786641+00:00" testType="13cdc9d9-ddb5-4fa4-a97d-d965ccfc6d4b" outcome="Passed" testListId="8c84fa94-04c1-424b-9868-57a2d4851a1d" relativeResultsDirectory="2dce829a-ea5a-4abf-a54b-e796d6a9b8c7" />
    <UnitTestResult executionId="7d84966e-befa-4805-87f4-7db9e95344d8" testId="9fac7de0-223a-81c4-0a64-1e19674e6189" testName="Mavi.Application.Tests.VisionResultValidatorTests.InvalidGpuComputeCapabilityIsRejected(value: &quot;7. 5&quot;)" computerName="runnervmtr4k5" duration="00:00:00.0000471" startTime="2026-09-24T19:40:04.2343191+00:00" endTime="2026-09-24T19:40:04.2343836+00:00" testType="13cdc9d9-ddb5-4fa4-a97d-d965ccfc6d4b" outcome="Passed" testListId="8c84fa94-04c1-424b-9868-57a2d4851a1d" relativeResultsDirectory="7d84966e-befa-4805-87f4-7db9e95344d8" />
    <UnitTestResult executionId="4ae72360-402d-4bd2-8eb9-d5b14f361746" testId="d8b86340-2ea6-dc0a-028b-6c3710197474" testName="Mavi.Application.Tests.TrackCursorSigningKeyTests.AMalformedConfiguredKeyIsRefusedEvenWhenEphemeralIsAllowed(value: &quot;AAECAwQFBgcICQoLDA0ODxAREhMUFRYXGBkaGxwdHh8fIA==&quot;)" computerName="runnervmtr4k5" duration="00:00:00.0014924" startTime="2026-09-24T19:40:04.1725296+00:00" endTime="2026-09-24T19:40:04.1729252+00:00" testType="13cdc9d9-ddb5-4fa4-a97d-d965ccfc6d4b" outcome="Passed" testListId="8c84fa94-04c1-424b-9868-57a2d4851a1d" relativeResultsDirectory="4ae72360-402d-4bd2-8eb9-d5b14f361746" />
    <UnitTestResult executionId="41d2813a-64d4-4edf-b76f-53b8a31ef3f7" testId="82ac660f-6410-4674-c253-cc540ae19058" testName="Mavi.Application.Tests.VisionResultValidatorTests.InvalidResultIsRejectedWithoutRepair(mutation: &quot;padded-runtime-variant&quot;)" computerName="runnervmtr4k5" duration="00:00:00.0000805" startTime="2026-09-24T19:40:04.2193932+00:00" endTime="2026-09-24T19:40:04.2194808+00:00" testType="13cdc9d9-ddb5-4fa4-a97d-d965ccfc6d4b" outcome="Passed" testListId="8c84fa94-04c1-424b-9868-57a2d4851a1d" relativeResultsDirectory="41d2813a-64d4-4edf-b76f-53b8a31ef3f7" />
    <UnitTestResult executionId="f9f6110a-c364-49a2-80ce-a363423d74d1" testId="bb713a3f-5f65-d7ce-4582-d290d272ac40" testName="Mavi.Application.Tests.VisionResultValidatorV3Tests.InvalidEvidenceSetIsRejectedWithoutRepair(mutation: &quot;observations-null&quot;, expectedCode: &quot;observations_missing&quot;)" computerName="runnervmtr4k5" duration="00:00:00.0001005" startTime="2026-09-24T19:40:04.6364475+00:00" endTime="2026-09-24T19:40:04.6365318+00:00" testType="13cdc9d9-ddb5-4fa4-a97d-d965ccfc6d4b" outcome="Passed" testListId="8c84fa94-04c1-424b-9868-57a2d4851a1d" relativeResultsDirectory="f9f6110a-c364-49a2-80ce-a363423d74d1" />
    <UnitTestResult executionId="a9b5467f-5d64-4fdc-b6a3-3fcb8286602d" testId="81520d68-913e-1668-df12-a57cb38c5bc8" testName="Mavi.Application.Tests.SceneAnalytics.HeatmapGridTests.CellBoundariesBelongToTheHigherCell" computerName="runnervmtr4k5" duration="00:00:00.0001560" startTime="2026-09-24T19:40:04.5195610+00:00" endTime="2026-09-24T19:40:04.5196706+00:00" testType="13cdc9d9-ddb5-4fa4-a97d-d965ccfc6d4b" outcome="Passed" testListId="8c84fa94-04c1-424b-9868-57a2d4851a1d" relativeResultsDirectory="a9b5467f-5d64-4fdc-b6a3-3fcb8286602d" />
    <UnitTestResult executionId="e5fd3d51-0972-4356-a754-c41f2eb53eb5" testId="06a4e920-6760-5805-0b3a-741a039e9dd9" testName="Mavi.Application.Tests.Contracts.SceneAnalyticsContractTests.AnyUnevaluatedRunMakesCoverageIncomplete(pending: 0, failed: 0, notConfigured: 0, disabled: 1, stale: 0)" computerName="runnervmtr4k5" duration="00:00:00.0000019" startTime="2026-09-24T19:40:04.3288064+00:00" endTime="2026-09-24T19:40:04.3288767+00:00" testType="13cdc9d9-ddb5-4fa4-a97d-d965ccfc6d4b" outcome="Passed" testListId="8c84fa94-04c1-424b-9868-57a2d4851a1d" relativeResultsDirectory="e5fd3d51-0972-4356-a754-c41f2eb53eb5" />
    <UnitTestResult executionId="bade1fad-bc1e-401c-b6c6-b41645c98aba" testId="af65d1f8-40fa-ac89-02a1-c230f6c5d5ae" testName="Mavi.Application.Tests.TrackAnalyticCursorCodecTests.RejectsOverlongAnalyticCursor" computerName="runnervmtr4k5" duration="00:00:00.0000942" startTime="2026-09-24T19:40:04.5160991+00:00" endTime="2026-09-24T19:40:04.5161603+00:00" testType="13cdc9d9-ddb5-4fa4-a97d-d965ccfc6d4b" outcome="Passed" testListId="8c84fa94-04c1-424b-9868-57a2d4851a1d" relativeResultsDirectory="bade1fad-bc1e-401c-b6c6-b41645c98aba" />
    <UnitTestResult executionId="b4a6fbe8-485b-41c6-b2e0-f2ebaa040a44" testId="74a58fef-b906-3671-5996-6318ec05f3c4" testName="Mavi.Application.Tests.SceneAnalytics.AnalyticsAggregatorTests.RepeatedVisitsIsAWholeTrackSummaryNotTwoVisitsInTheWindow" computerName="runnervmtr4k5" duration="00:00:00.0017101" startTime="2026-09-24T19:40:04.4068683+00:00" endTime="2026-09-24T19:40:04.4092114+00:00" testType="13cdc9d9-ddb5-4fa4-a97d-d965ccfc6d4b" outcome="Passed" testListId="8c84fa94-04c1-424b-9868-57a2d4851a1d" relativeResultsDirectory="b4a6fbe8-485b-41c6-b2e0-f2ebaa040a44" />
    <UnitTestResult executionId="0c65b9a3-c627-4b91-a433-af26812bb000" testId="494bec65-7d71-1475-24ed-96659a5d19bc" testName="Mavi.Application.Tests.VisionResultValidatorTests.ContractedDeviceResolutionReasonCombinationsAreAccepted(policy: &quot;auto&quot;, actualDevice: &quot;cuda:0&quot;, reason: &quot;cuda_selected&quot;)" computerName="runnervmtr4k5" duration="00:00:00.0001371" startTime="2026-09-24T19:40:04.2578818+00:00" endTime="2026-09-24T19:40:04.2579596+00:00" testType="13cdc9d9-ddb5-4fa4-a97d-d965ccfc6d4b" outcome="Passed" testListId="8c84fa94-04c1-424b-9868-57a2d4851a1d" relativeResultsDirectory="0c65b9a3-c627-4b91-a433-af26812bb000" />
    <UnitTestResult executionId="165a48a5-d8f6-44e7-ad1b-b10fed05db20" testId="afe7b08c-d47a-faaf-9f37-4b2861c92661" testName="Mavi.Application.Tests.SceneAnalytics.HeatmapGridTests.RepeatedSamplesAccumulateInOneCellAndRaiseTheMaximum" computerName="runnervmtr4k5" duration="00:00:00.0001854" startTime="2026-09-24T19:40:04.5192928+00:00" endTime="2026-09-24T19:40:04.5193692+00:00" testType="13cdc9d9-ddb5-4fa4-a97d-d965ccfc6d4b" outcome="Passed" testListId="8c84fa94-04c1-424b-9868-57a2d4851a1d" relativeResultsDirectory="165a48a5-d8f6-44e7-ad1b-b10fed05db20" />
    <UnitTestResult executionId="31a3fda5-3c54-4124-8017-9f4d1c624160" testId="5a19a567-2bd7-ffff-010f-78e6506bc989" testName="Mavi.Application.Tests.TrackEvidenceSetTests.ADuplicateRankIsRefused" computerName="runnervmtr4k5" duration="00:00:00.0002255" startTime="2026-09-24T19:40:04.5995900+00:00" endTime="2026-09-24T19:40:04.6004341+00:00" testType="13cdc9d9-ddb5-4fa4-a97d-d965ccfc6d4b" outcome="Passed" testListId="8c84fa94-04c1-424b-9868-57a2d4851a1d" relativeResultsDirectory="31a3fda5-3c54-4124-8017-9f4d1c624160" />
    <UnitTestResult executionId="42ad693a-deb4-4bc5-82ee-4324e23c2533" testId="3eb98e07-7818-f42c-7539-ebba12883ca0" testName="Mavi.Application.Tests.TrackAnalyticsQueryRulesTests.AlgorithmVersionShapeIsClosed(value: &quot;Scene-Analytics-v1&quot;, expected: False)" computerName="runnervmtr4k5" duration="00:00:00.0000108" startTime="2026-09-24T19:40:04.3010935+00:00" endTime="2026-09-24T19:40:04.3011365+00:00" testType="13cdc9d9-ddb5-4fa4-a97d-d965ccfc6d4b" outcome="Passed" testListId="8c84fa94-04c1-424b-9868-57a2d4851a1d" relativeResultsDirectory="42ad693a-deb4-4bc5-82ee-4324e23c2533" />
    <UnitTestResult executionId="c50e3ebb-99fa-41a0-b352-c1efbcdc312d" testId="d4e6cc67-a9f6-8e23-fd7c-e0653573ce38" testName="Mavi.Application.Tests.VisionResultValidatorTests.InvalidDeviceResolutionReasonIsRejected(value: &quot;BadReason&quot;)" computerName="runnervmtr4k5" duration="00:00:00.0002694" startTime="2026-09-24T19:40:04.2630552+00:00" endTime="2026-09-24T19:40:04.2631265+00:00" testType="13cdc9d9-ddb5-4fa4-a97d-d965ccfc6d4b" outcome="Passed" testListId="8c84fa94-04c1-424b-9868-57a2d4851a1d" relativeResultsDirectory="c50e3ebb-99fa-41a0-b352-c1efbcdc312d" />
    <UnitTestResult executionId="baf1596f-1d1a-469a-b802-99a93b0d4eec" testId="03baf306-7d5c-5a90-eff1-4487b51c38dd" testName="Mavi.Application.Tests.VisionResultValidatorTests.InvalidDeviceResolutionReasonIsRejected(value: &quot;explicit_auto&quot;)" computerName="runnervmtr4k5" duration="00:00:00.0000628" startTime="2026-09-24T19:40:04.2632533+00:00" endTime="2026-09-24T19:40:04.2633273+00:00" testType="13cdc9d9-ddb5-4fa4-a97d-d965ccfc6d4b" outcome="Passed" testListId="8c84fa94-04c1-424b-9868-57a2d4851a1d" relativeResultsDirectory="baf1596f-1d1a-469a-b802-99a93b0d4eec" />
    <UnitTestResult executionId="80f31933-71f0-4730-93b1-b367a931ed94" testId="e157aa0e-0234-ce71-d5e8-2361b8a62d8a" testName="Mavi.Application.Tests.TrackDetailEvidenceServiceTests.ARefusedAnalyticsIdentityStaysA400AndNeverReadsEvidence" computerName="runnervmtr4k5" duration="00:00:00.0010866" startTime="2026-09-24T19:40:04.3901556+00:00" endTime="2026-09-24T19:40:04.3902466+00:00" testType="13cdc9d9-ddb5-4fa4-a97d-d965ccfc6d4b" outcome="Passed" testListId="8c84fa94-04c1-424b-9868-57a2d4851a1d" relativeResultsDirectory="80f31933-71f0-4730-93b1-b367a931ed94" />
    <UnitTestResult executionId="5dc49543-5805-4529-8e71-c5af1e976ce6" testId="6785ac2f-d0ce-e79c-7d36-02a78330d035" testName="Mavi.Application.Tests.SceneAnalytics.ZoneVisitTests.EightWayHeadingsUseScreenAxes(x: 0.5, y: 0.90000000000000002, expected: &quot;S&quot;)" computerName="runnervmtr4k5" duration="00:00:00.0000026" startTime="2026-09-24T19:40:04.5488735+00:00" endTime="2026-09-24T19:40:04.5489470+00:00" testType="13cdc9d9-ddb5-4fa4-a97d-d965ccfc6d4b" outcome="Passed" testListId="8c84fa94-04c1-424b-9868-57a2d4851a1d" relativeResultsDirectory="5dc49543-5805-4529-8e71-c5af1e976ce6" />
    <UnitTestResult executionId="7b3f2850-2d4c-4a26-8ac4-51428ac6753a" testId="cd9e528f-38fa-6192-62f6-2b063962d7ab" testName="Mavi.Application.Tests.SceneAnalytics.HeatmapGridTests.EverySupportedGridHasItsSixteenByNineHeightAndExactCellCount(width: 128, height: 72)" computerName="runnervmtr4k5" duration="00:00:00.0000122" startTime="2026-09-24T19:40:04.5149874+00:00" endTime="2026-09-24T19:40:04.5150663+00:00" testType="13cdc9d9-ddb5-4fa4-a97d-d965ccfc6d4b" outcome="Passed" testListId="8c84fa94-04c1-424b-9868-57a2d4851a1d" relativeResultsDirectory="7b3f2850-2d4c-4a26-8ac4-51428ac6753a" />
    <UnitTestResult executionId="6d5a0969-1f93-4dbd-8e82-d93928874e85" testId="0ef96aff-ee50-fad6-dec2-2b59524db3f5" testName="Mavi.Application.Tests.SceneAnalytics.AnalyticsAggregatorTests.EverySeriesHasExactlyOneValuePerBucket" computerName="runnervmtr4k5" duration="00:00:00.0004941" startTime="2026-09-24T19:40:04.4235592+00:00" endTime="2026-09-24T19:40:04.4236862+00:00" testType="13cdc9d9-ddb5-4fa4-a97d-d965ccfc6d4b" outcome="Passed" testListId="8c84fa94-04c1-424b-9868-57a2d4851a1d" relativeResultsDirectory="6d5a0969-1f93-4dbd-8e82-d93928874e85" />
    <UnitTestResult executionId="5bacb064-9e27-4852-973b-c06180b61e0a" testId="e7b7c84a-b404-673a-38df-683aebef8c4d" testName="Mavi.Application.Tests.VisionResultValidatorV3Tests.FullEvidenceSetIsAcceptedInCanonicalRoleAndRankOrder" computerName="runnervmtr4k5" duration="00:00:00.0061544" startTime="2026-09-24T19:40:04.6591957+00:00" endTime="2026-09-24T19:40:04.6592730+00:00" testType="13cdc9d9-ddb5-4fa4-a97d-d965ccfc6d4b" outcome="Passed" testListId="8c84fa94-04c1-424b-9868-57a2d4851a1d" relativeResultsDirectory="5bacb064-9e27-4852-973b-c06180b61e0a" />
    <UnitTestResult executionId="98ab31a5-0588-4bc2-8af2-eaf7cbccb826" testId="ab328609-4c09-ebf3-bc60-58a5728ec764" testName="Mavi.Application.Tests.VisionResultValidatorTests.InvalidResultIsRejectedWithoutRepair(mutation: &quot;underflow-dimension&quot;)" computerName="runnervmtr4k5" duration="00:00:00.0000581" startTime="2026-09-24T19:40:04.2188810+00:00" endTime="2026-09-24T19:40:04.2189646+00:00" testType="13cdc9d9-ddb5-4fa4-a97d-d965ccfc6d4b" outcome="Passed" testListId="8c84fa94-04c1-424b-9868-57a2d4851a1d" relativeResultsDirectory="98ab31a5-0588-4bc2-8af2-eaf7cbccb826" />
    <UnitTestResult executionId="5c66bcde-63a3-45ee-bda6-7c2d5b53dcf6" testId="34e37b4b-7c16-5e1b-a240-8e600ff24fa8" testName="Mavi.Application.Tests.SceneAnalytics.ZoneVisitTests.EightWayHeadingsUseScreenAxes(x: 0.5, y: 0.10000000000000001, expected: &quot;N&quot;)" computerName="runnervmtr4k5" duration="00:00:00.0000024" startTime="2026-09-24T19:40:04.5534350+00:00" endTime="2026-09-24T19:40:04.5535097+00:00" testType="13cdc9d9-ddb5-4fa4-a97d-d965ccfc6d4b" outcome="Passed" testListId="8c84fa94-04c1-424b-9868-57a2d4851a1d" relativeResultsDirectory="5c66bcde-63a3-45ee-bda6-7c2d5b53dcf6" />
    <UnitTestResult executionId="93a2fbe7-2d98-4a64-aeae-d755c3216f27" testId="9e07417d-7826-c3f9-2613-b123e449ff2f" testName="Mavi.Application.Tests.Contracts.SceneAnalyticsContractTests.DisabledAndUnconfiguredCamerasAreCountedApartAndNeverComplete" computerName="runnervmtr4k5" duration="00:00:00.0108492" startTime="2026-09-24T19:40:04.2789066+00:00" endTime="2026-09-24T19:40:04.2867852+00:00" testType="13cdc9d9-ddb5-4fa4-a97d-d965ccfc6d4b" outcome="Passed" testListId="8c84fa94-04c1-424b-9868-57a2d4851a1d" relativeResultsDirectory="93a2fbe7-2d98-4a64-aeae-d755c3216f27" />
    <UnitTestResult executionId="b466fe5b-ccf8-4c72-82fe-35c3cc9da7e0" testId="0ee080bb-df21-efa3-f33f-faae27686be2" testName="Mavi.Application.Tests.SceneAnalytics.AnalyticsHeatmapServiceTests.TheResponseCarriesTheResolvedIdentityAndGridShape" computerName="runnervmtr4k5" duration="00:00:00.0035747" startTime="2026-09-24T19:40:04.5123197+00:00" endTime="2026-09-24T19:40:04.5123994+00:00" testType="13cdc9d9-ddb5-4fa4-a97d-d965ccfc6d4b" outcome="Passed" testListId="8c84fa94-04c1-424b-9868-57a2d4851a1d" relativeResultsDirectory="b466fe5b-ccf8-4c72-82fe-35c3cc9da7e0" />
    <UnitTestResult executionId="64c14ddb-3e19-4e85-a053-e5432afb8266" testId="136630fe-3e67-40f0-0e37-e18aea4f1ba6" testName="Mavi.Application.Tests.VideoImportServiceTests.DuplicateMetadataAndDatabaseFailuresDeleteOnlyAttemptedMedia" computerName="runnervmtr4k5" duration="00:00:00.0045457" startTime="2026-09-24T19:40:04.4853041+00:00" endTime="2026-09-24T19:40:04.5006061+00:00" testType="13cdc9d9-ddb5-4fa4-a97d-d965ccfc6d4b" outcome="Passed" testListId="8c84fa94-04c1-424b-9868-57a2d4851a1d" relativeResultsDirectory="64c14ddb-3e19-4e85-a053-e5432afb8266" />
    <UnitTestResult executionId="6aae2668-ca3b-4748-ae32-413b5f04ef9f" testId="604915e9-2da7-f5f1-d63c-5b250e8f8a88" testName="Mavi.Application.Tests.VisionResultValidatorV3Tests.InvalidEvidenceSetIsRejectedWithoutRepair(mutation: &quot;accounting-admitted-above-candidates&quot;, expectedCode: &quot;evidence_accounting_invalid&quot;)" computerName="runnervmtr4k5" duration="00:00:00.0001283" startTime="2026-09-24T19:40:04.6362190+00:00" endTime="2026-09-24T19:40:04.6363043+00:00" testType="13cdc9d9-ddb5-4fa4-a97d-d965ccfc6d4b" outcome="Passed" testListId="8c84fa94-04c1-424b-9868-57a2d4851a1d" relativeResultsDirectory="6aae2668-ca3b-4748-ae32-413b5f04ef9f" />
    <UnitTestResult executionId="915d35d0-5022-430d-9cf0-01b0f6e83e6a" testId="9a0e3331-33da-cc5e-2d24-edb1aa72561b" testName="Mavi.Application.Tests.VisionResultValidatorTests.RepresentativeFrameMustBelongToProcessedFrameEnvelope" computerName="runnervmtr4k5" duration="00:00:00.0024943" startTime="2026-09-24T19:40:04.2595288+00:00" endTime="2026-09-24T19:40:04.2625626+00:00" testType="13cdc9d9-ddb5-4fa4-a97d-d965ccfc6d4b" outcome="Passed" testListId="8c84fa94-04c1-424b-9868-57a2d4851a1d" relativeResultsDirectory="915d35d0-5022-430d-9cf0-01b0f6e83e6a" />
    <UnitTestResult executionId="f196e9d6-6bb6-47ca-9ca3-6b131bce2e11" testId="fce92022-4f2c-cd9f-cf44-a61c39026dba" testName="Mavi.Application.Tests.SceneAnalytics.AnalyticsAggregatorTests.OccupancyIsSampledAtBucketStarts" computerName="runnervmtr4k5" duration="00:00:00.0004757" startTime="2026-09-24T19:40:04.4121671+00:00" endTime="2026-09-24T19:40:04.4143135+00:00" testType="13cdc9d9-ddb5-4fa4-a97d-d965ccfc6d4b" outcome="Passed" testListId="8c84fa94-04c1-424b-9868-57a2d4851a1d" relativeResultsDirectory="f196e9d6-6bb6-47ca-9ca3-6b131bce2e11" />
    <UnitTestResult executionId="d5a9d448-f775-4ffc-98db-c4f3f06e14bf" testId="76e98ffa-522c-8c74-c5e9-1693ec90583b" testName="Mavi.Application.Tests.SceneAnalytics.ScriptedCorpusTests.TheEngineDerivesTheScriptedFacts(id: &quot;stationary-then-depart&quot;)" computerName="runnervmtr4k5" duration="00:00:00.0398150" startTime="2026-09-24T19:40:04.5641030+00:00" endTime="2026-09-24T19:40:04.5900787+00:00" testType="13cdc9d9-ddb5-4fa4-a97d-d965ccfc6d4b" outcome="Passed" testListId="8c84fa94-04c1-424b-9868-57a2d4851a1d" relativeResultsDirectory="d5a9d448-f775-4ffc-98db-c4f3f06e14bf" />
    <UnitTestResult executionId="a66f336a-9c7f-42d4-a0cc-3378f221c6e2" testId="64b7bec7-4898-1dd9-8da1-511fa4eb5f26" testName="Mavi.Application.Tests.Contracts.SceneAnalyticsContractTests.StatusAndReadinessVocabulariesAreClosed" computerName="runnervmtr4k5" duration="00:00:00.0033418" startTime="2026-09-24T19:40:04.2870125+00:00" endTime="2026-09-24T19:40:04.2901860+00:00" testType="13cdc9d9-ddb5-4fa4-a97d-d965ccfc6d4b" outcome="Passed" testListId="8c84fa94-04c1-424b-9868-57a2d4851a1d" relativeResultsDirectory="a66f336a-9c7f-42d4-a0cc-3378f221c6e2" />
    <UnitTestResult executionId="950cca7b-f044-4bce-b080-df2c3c352499" testId="d22ecded-c127-e52f-033c-c2cfa40a887a" testName="Mavi.Application.Tests.SceneAnalytics.AnalyticsHeatmapServiceTests.BytesThatMatchTheSealedDigestAreAccepted" computerName="runnervmtr4k5" duration="00:00:00.0007222" startTime="2026-09-24T19:40:04.5126114+00:00" endTime="2026-09-24T19:40:04.5127532+00:00" testType="13cdc9d9-ddb5-4fa4-a97d-d965ccfc6d4b" outcome="Passed" testListId="8c84fa94-04c1-424b-9868-57a2d4851a1d" relativeResultsDirectory="950cca7b-f044-4bce-b080-df2c3c352499" />
    <UnitTestResult executionId="8a6b3e2d-d279-485d-89ca-7698aae3d1f7" testId="d5ea0af8-3743-73c4-152f-487b09a477ff" testName="Mavi.Application.Tests.Contracts.SceneAnalyticsContractTests.CoverageIsCompleteOnlyWhenEveryRunInScopeWasEvaluated" computerName="runnervmtr4k5" duration="00:00:00.0001265" startTime="2026-09-24T19:40:04.3984460+00:00" endTime="2026-09-24T19:40:04.3985206+00:00" testType="13cdc9d9-ddb5-4fa4-a97d-d965ccfc6d4b" outcome="Passed" testListId="8c84fa94-04c1-424b-9868-57a2d4851a1d" relativeResultsDirectory="8a6b3e2d-d279-485d-89ca-7698aae3d1f7" />
    <UnitTestResult executionId="a5efebfa-abe2-4561-90b6-87f1f76a4c00" testId="f0c5e60d-bd33-6950-aa4d-c712b489c11f" testName="Mavi.Application.Tests.VisionResultValidatorV3Tests.InvalidEvidenceSetIsRejectedWithoutRepair(mutation: &quot;accounting-admitted-mismatch&quot;, expectedCode: &quot;evidence_accounting_invalid&quot;)" computerName="runnervmtr4k5" duration="00:00:00.0002079" startTime="2026-09-24T19:40:04.6497189+00:00" endTime="2026-09-24T19:40:04.6498141+00:00" testType="13cdc9d9-ddb5-4fa4-a97d-d965ccfc6d4b" outcome="Passed" testListId="8c84fa94-04c1-424b-9868-57a2d4851a1d" relativeResultsDirectory="a5efebfa-abe2-4561-90b6-87f1f76a4c00" />
    <UnitTestResult executionId="dc9d4c1d-a338-46da-a785-05fbed26338d" testId="ccc53293-fe5a-b033-a852-186d3b934626" testName="Mavi.Application.Tests.SceneAnalytics.LineCrossingTests.MotionAlongTheLineIsNeverACrossing" computerName="runnervmtr4k5" duration="00:00:00.0001453" startTime="2026-09-24T19:40:04.3721124+00:00" endTime="2026-09-24T19:40:04.3721864+00:00" testType="13cdc9d9-ddb5-4fa4-a97d-d965ccfc6d4b" outcome="Passed" testListId="8c84fa94-04c1-424b-9868-57a2d4851a1d" relativeResultsDirectory="dc9d4c1d-a338-46da-a785-05fbed26338d" />
    <UnitTestResult executionId="56e6c821-68f2-446d-b042-f108bc591c3f" testId="0b79ce0b-3ea0-6331-f895-4588dcd97085" testName="Mavi.Application.Tests.TrackSearchServiceAnalyticsTests.AnAnalyticCursorHasTheSameOneHourLife(minutesFromNow: -61)" computerName="runnervmtr4k5" duration="00:00:00.0003564" startTime="2026-09-24T19:40:04.5241250+00:00" endTime="2026-09-24T19:40:04.5241900+00:00" testType="13cdc9d9-ddb5-4fa4-a97d-d965ccfc6d4b" outcome="Passed" testListId="8c84fa94-04c1-424b-9868-57a2d4851a1d" relativeResultsDirectory="56e6c821-68f2-446d-b042-f108bc591c3f" />
    <UnitTestResult executionId="a809ab4b-d7ea-47b3-8801-af624f67968d" testId="8a384897-dcef-d64b-d419-1ea9db25b4e7" testName="Mavi.Application.Tests.TrackEvidenceSetTests.AnyContiguousSubsetInCanonicalOrderIsValid(roles: [Representative])" computerName="runnervmtr4k5" duration="00:00:00.0000222" startTime="2026-09-24T19:40:04.5846667+00:00" endTime="2026-09-24T19:40:04.5847480+00:00" testType="13cdc9d9-ddb5-4fa4-a97d-d965ccfc6d4b" outcome="Passed" testListId="8c84fa94-04c1-424b-9868-57a2d4851a1d" relativeResultsDirectory="a809ab4b-d7ea-47b3-8801-af624f67968d" />
    <UnitTestResult executionId="679a67ab-e0f7-48f3-8b7e-a4bc34114f19" testId="37f8d29b-6a6b-0330-ebc1-1b6d7b121857" testName="Mavi.Application.Tests.VideoImportServiceTests.BlankFilenameIsRejected(fileName: &quot;   &quot;)" computerName="runnervmtr4k5" duration="00:00:00.0030023" startTime="2026-09-24T19:40:04.4559876+00:00" endTime="2026-09-24T19:40:04.4586030+00:00" testType="13cdc9d9-ddb5-4fa4-a97d-d965ccfc6d4b" outcome="Passed" testListId="8c84fa94-04c1-424b-9868-57a2d4851a1d" relativeResultsDirectory="679a67ab-e0f7-48f3-8b7e-a4bc34114f19" />
    <UnitTestResult executionId="8021df3f-8f3d-435d-ad69-8035fc8329f5" testId="2ee7eaab-ec98-b470-64aa-f5eb49b763f1" testName="Mavi.Application.Tests.SceneAnalytics.StationaryAndLoiteringTests.StandingThenLeavingClosesTheInterval" computerName="runnervmtr4k5" duration="00:00:00.0004653" startTime="2026-09-24T19:40:04.6172632+00:00" endTime="2026-09-24T19:40:04.6173141+00:00" testType="13cdc9d9-ddb5-4fa4-a97d-d965ccfc6d4b" outcome="Passed" testListId="8c84fa94-04c1-424b-9868-57a2d4851a1d" relativeResultsDirectory="8021df3f-8f3d-435d-ad69-8035fc8329f5" />
    <UnitTestResult executionId="b8e54455-8db3-421a-a780-6a9e877b7e9a" testId="0baffac6-60b0-9ac4-976e-6c50aa1ea08c" testName="Mavi.Application.Tests.TrackSearchServiceTests.ValidCursorIsPassedAsSeekPosition" computerName="runnervmtr4k5" duration="00:00:00.0017945" startTime="2026-09-24T19:40:04.4627059+00:00" endTime="2026-09-24T19:40:04.4627848+00:00" testType="13cdc9d9-ddb5-4fa4-a97d-d965ccfc6d4b" outcome="Passed" testListId="8c84fa94-04c1-424b-9868-57a2d4851a1d" relativeResultsDirectory="b8e54455-8db3-421a-a780-6a9e877b7e9a" />
    <UnitTestResult executionId="7da28ae2-89e3-4b93-9fdf-30e572812e42" testId="a47eecab-4f37-0514-1e45-676ed813260c" testName="Mavi.Application.Tests.TrackCursorCodecTests.RejectsMalformedCursor(cursor: &quot;A&quot;)" computerName="runnervmtr4k5" duration="00:00:00.0002893" startTime="2026-09-24T19:40:04.4262918+00:00" endTime="2026-09-24T19:40:04.4263628+00:00" testType="13cdc9d9-ddb5-4fa4-a97d-d965ccfc6d4b" outcome="Passed" testListId="8c84fa94-04c1-424b-9868-57a2d4851a1d" relativeResultsDirectory="7da28ae2-89e3-4b93-9fdf-30e572812e42" />
    <UnitTestResult executionId="701a010e-f518-40ab-b329-f9e8f65eeca5" testId="ad4dabdb-68d1-2f86-e24e-89c99174b2f8" testName="Mavi.Application.Tests.SceneAnalytics.AnalyticsHeatmapGuardTests.ARefusalStillCarriesTheResolvedIdentityAndCoverage" computerName="runnervmtr4k5" duration="00:00:00.0006273" startTime="2026-09-24T19:40:04.3304631+00:00" endTime="2026-09-24T19:40:04.3305568+00:00" testType="13cdc9d9-ddb5-4fa4-a97d-d965ccfc6d4b" outcome="Passed" testListId="8c84fa94-04c1-424b-9868-57a2d4851a1d" relativeResultsDirectory="701a010e-f518-40ab-b329-f9e8f65eeca5" />
    <UnitTestResult executionId="b68ef069-b7eb-44b3-bde6-8b193abc9fd9" testId="d1e5e31b-105c-6791-8625-4057bfd600df" testName="Mavi.Application.Tests.SceneAnalytics.ZoneVisitTests.GapWithinTheBridgingLimitDoesNotSplitAVisit" computerName="runnervmtr4k5" duration="00:00:00.0206837" startTime="2026-09-24T19:40:04.5239058+00:00" endTime="2026-09-24T19:40:04.5427076+00:00" testType="13cdc9d9-ddb5-4fa4-a97d-d965ccfc6d4b" outcome="Passed" testListId="8c84fa94-04c1-424b-9868-57a2d4851a1d" relativeResultsDirectory="b68ef069-b7eb-44b3-bde6-8b193abc9fd9" />
    <UnitTestResult executionId="be99acdc-53e3-4440-a722-cce2a263ac71" testId="32164922-b0cc-e677-b699-65de13f0187b" testName="Mavi.Application.Tests.SceneAnalytics.ZoneVisitTests.EightWayHeadingsUseScreenAxes(x: 0.10000000000000001, y: 0.10000000000000001, expected: &quot;NW&quot;)" computerName="runnervmtr4k5" duration="00:00:00.0000063" startTime="2026-09-24T19:40:04.5486585+00:00" endTime="2026-09-24T19:40:04.5487382+00:00" testType="13cdc9d9-ddb5-4fa4-a97d-d965ccfc6d4b" outcome="Passed" testListId="8c84fa94-04c1-424b-9868-57a2d4851a1d" relativeResultsDirectory="be99acdc-53e3-4440-a722-cce2a263ac71" />
    <UnitTestResult executionId="c7c23205-c13c-4d8e-9710-901874a450bd" testId="698f5855-f28a-b3b8-873a-c9d4dd6aac0c" testName="Mavi.Application.Tests.SceneAnalytics.ZoneVisitTests.PathEndingInsideEndsInside" computerName="runnervmtr4k5" duration="00:00:00.0003003" startTime="2026-09-24T19:40:04.5429613+00:00" endTime="2026-09-24T19:40:04.5430407+00:00" testType="13cdc9d9-ddb5-4fa4-a97d-d965ccfc6d4b" outcome="Passed" testListId="8c84fa94-04c1-424b-9868-57a2d4851a1d" relativeResultsDirectory="c7c23205-c13c-4d8e-9710-901874a450bd" />
    <UnitTestResult executionId="c6ee7d89-b71e-4254-8ccb-dd17f1d61129" testId="f213a408-3bd0-40a4-df9a-00f1a162d91c" testName="Mavi.Application.Tests.VisionResultValidatorTests.InvalidResultIsRejectedWithoutRepair(mutation: &quot;wrong-attempt-artifact&quot;)" computerName="runnervmtr4k5" duration="00:00:00.0001409" startTime="2026-09-24T19:40:04.2178414+00:00" endTime="2026-09-24T19:40:04.2179345+00:00" testType="13cdc9d9-ddb5-4fa4-a97d-d965ccfc6d4b" outcome="Passed" testListId="8c84fa94-04c1-424b-9868-57a2d4851a1d" relativeResultsDirectory="c6ee7d89-b71e-4254-8ccb-dd17f1d61129" />
    <UnitTestResult executionId="bb1c7bf1-25e5-474e-89b7-ff6b21da6eda" testId="e1985989-da10-eceb-0766-e72395927d91" testName="Mavi.Application.Tests.VisionResultValidatorTests.InvalidResultIsRejectedWithoutRepair(mutation: &quot;offset-beyond-video&quot;)" computerName="runnervmtr4k5" duration="00:00:00.0001453" startTime="2026-09-24T19:40:04.2183526+00:00" endTime="2026-09-24T19:40:04.2184390+00:00" testType="13cdc9d9-ddb5-4fa4-a97d-d965ccfc6d4b" outcome="Passed" testListId="8c84fa94-04c1-424b-9868-57a2d4851a1d" relativeResultsDirectory="bb1c7bf1-25e5-474e-89b7-ff6b21da6eda" />
    <UnitTestResult executionId="75595cf0-0052-49bc-8486-5462187b0eb5" testId="d6ee77f1-3005-b2a9-e74b-285a129ebf97" testName="Mavi.Application.Tests.VisionResultValidatorTests.InvalidResultIsRejectedWithoutRepair(mutation: &quot;overlong-platform-detail&quot;)" computerName="runnervmtr4k5" duration="00:00:00.0002718" startTime="2026-09-24T19:40:04.2277035+00:00" endTime="2026-09-24T19:40:04.2277818+00:00" testType="13cdc9d9-ddb5-4fa4-a97d-d965ccfc6d4b" outcome="Passed" testListId="8c84fa94-04c1-424b-9868-57a2d4851a1d" relativeResultsDirectory="75595cf0-0052-49bc-8486-5462187b0eb5" />
[...]
    <TestEntry testId="f5b8b3c6-30c8-b17d-f970-4e78f95823c2" executionId="58a44956-4ef0-4648-b789-e5d8b49e43e0" testListId="8c84fa94-04c1-424b-9868-57a2d4851a1d" />
    <TestEntry testId="9c41aab4-be1e-78ba-a0a6-12f7e3ac8259" executionId="aa81acd1-7408-4121-b45a-ad26ef4b40c5" testListId="8c84fa94-04c1-424b-9868-57a2d4851a1d" />
    <TestEntry testId="dffb5f1e-d8c7-c1f6-b1b4-9dd223ede48a" executionId="ad9422ff-4205-4541-88ac-2a9bc2967c68" testListId="8c84fa94-04c1-424b-9868-57a2d4851a1d" />
    <TestEntry testId="b87f1ef3-a55c-4ab6-4b3e-0f08b23225c0" executionId="8c17faeb-055b-4641-935d-fd61fe54b3e8" testListId="8c84fa94-04c1-424b-9868-57a2d4851a1d" />
    <TestEntry testId="5a5bb0ac-0550-cf8f-9aa7-2d488e3ecdc4" executionId="60ac6d7e-de68-4fa1-a5fb-c159e1823133" testListId="8c84fa94-04c1-424b-9868-57a2d4851a1d" />
    <TestEntry testId="8bd04389-c627-68ba-7a9f-7503ae96ddf0" executionId="ade34be9-2f97-4061-8919-947301f65614" testListId="8c84fa94-04c1-424b-9868-57a2d4851a1d" />
    <TestEntry testId="2c8a6ee8-5487-f146-e74f-9bc5b43ebe44" executionId="55264be7-d7f1-42d5-8a94-3d2bb836f47a" testListId="8c84fa94-04c1-424b-9868-57a2d4851a1d" />
    <TestEntry testId="777b53a8-4a7c-305d-7793-20ca4d2fb59d" executionId="23d9a1bf-6dab-40b1-9edd-515abdda6ded" testListId="8c84fa94-04c1-424b-9868-57a2d4851a1d" />
    <TestEntry testId="20775754-67ad-4458-3e7c-1bb43371b2c3" executionId="90d6dc57-a50b-44bd-9c17-aec60d35145c" testListId="8c84fa94-04c1-424b-9868-57a2d4851a1d" />
    <TestEntry testId="01bf0f81-2247-70fa-2bdf-d575823016ca" executionId="90d628b5-a8ac-4c30-b052-b884ea209b9c" testListId="8c84fa94-04c1-424b-9868-57a2d4851a1d" />
    <TestEntry testId="dfa02244-25ad-e460-8a76-9e8e17d7edcb" executionId="1cf5dd46-6f47-4e52-b216-157ae8ed3702" testListId="8c84fa94-04c1-424b-9868-57a2d4851a1d" />
    <TestEntry testId="24b97767-3d53-25a1-adcc-efe6c571a7c2" executionId="4a6c3887-84bc-470f-8ff0-fd02667303dc" testListId="8c84fa94-04c1-424b-9868-57a2d4851a1d" />
    <TestEntry testId="65318d85-5826-7367-6ba4-5a8841d0754f" executionId="b20d02dd-50e5-4fe6-a8d9-afea989c9613" testListId="8c84fa94-04c1-424b-9868-57a2d4851a1d" />
    <TestEntry testId="52a99367-d5c3-feb3-b8ff-a61f8f3fa8e2" executionId="811af3ff-bf54-4aec-9d44-b7baaa88231d" testListId="8c84fa94-04c1-424b-9868-57a2d4851a1d" />
    <TestEntry testId="d2a1bdca-ecee-3f17-f6de-ce391c469b51" executionId="48e6b567-bb7d-4a4b-8aee-1f699461b915" testListId="8c84fa94-04c1-424b-9868-57a2d4851a1d" />
    <TestEntry testId="9098416a-4f3e-b084-2541-10bc303bb6ec" executionId="adba9353-188f-4c0e-94a4-d68a077092a6" testListId="8c84fa94-04c1-424b-9868-57a2d4851a1d" />
    <TestEntry testId="cc10d196-5e63-539d-8b50-f9fa7f3dc484" executionId="0fbd75e9-c479-431f-ad76-d45d4bc0da11" testListId="8c84fa94-04c1-424b-9868-57a2d4851a1d" />
    <TestEntry testId="9126e1d1-fc2a-d94e-30f3-3fbea1462d87" executionId="22cfd173-26e1-41f1-bbd0-b7a12e733855" testListId="8c84fa94-04c1-424b-9868-57a2d4851a1d" />
    <TestEntry testId="ea332745-b728-a232-0fa8-63b74fc24a94" executionId="f5a473f4-0281-40b4-a90a-b2b9f156ee06" testListId="8c84fa94-04c1-424b-9868-57a2d4851a1d" />
    <TestEntry testId="9b993858-4d5d-5064-4028-8ec24c6719d3" executionId="29775f69-93c5-457f-9c1a-e2a665d8190b" testListId="8c84fa94-04c1-424b-9868-57a2d4851a1d" />
    <TestEntry testId="97bdd469-19ca-4242-e4f0-47ecb94664cb" executionId="8b153e6b-752e-4c44-b5ff-d14e9de9ef1e" testListId="8c84fa94-04c1-424b-9868-57a2d4851a1d" />
    <TestEntry testId="4404ceeb-6585-064e-66b5-6ed229d5b155" executionId="d1260719-6fae-4bbf-839e-706b9c954f9e" testListId="8c84fa94-04c1-424b-9868-57a2d4851a1d" />
    <TestEntry testId="d7a0ed46-51df-274c-4fb5-69cc688ed7d8" executionId="c0f52e0d-81ab-4248-aaf7-f2795f6377ff" testListId="8c84fa94-04c1-424b-9868-57a2d4851a1d" />
    <TestEntry testId="66766ee4-2f31-a872-c434-440cadd19fea" executionId="48d7fa8c-c159-4a69-9bf4-32814a537346" testListId="8c84fa94-04c1-424b-9868-57a2d4851a1d" />
    <TestEntry testId="b0c64268-041a-c232-cf78-acca60ca1e75" executionId="c6c19631-995a-4934-97f5-d2639adde823" testListId="8c84fa94-04c1-424b-9868-57a2d4851a1d" />
    <TestEntry testId="6781ed92-430d-7e85-e7db-e247e6131f61" executionId="abe6a010-d6ef-485e-ba85-86badda2d246" testListId="8c84fa94-04c1-424b-9868-57a2d4851a1d" />
    <TestEntry testId="ace394f6-8556-5074-42ed-62f991c71a79" executionId="9d212290-9491-48c8-ad47-677441c9f066" testListId="8c84fa94-04c1-424b-9868-57a2d4851a1d" />
    <TestEntry testId="acac12ba-3378-00af-a870-c4fdc3aeb8dc" executionId="272f8e78-adc6-4efc-b6ed-52f1883bf1dc" testListId="8c84fa94-04c1-424b-9868-57a2d4851a1d" />
    <TestEntry testId="454f2011-f7dc-2a81-e9ce-90a76f8aae85" executionId="5e2ecce9-7e03-4e26-bd00-184e0edf2a90" testListId="8c84fa94-04c1-424b-9868-57a2d4851a1d" />
    <TestEntry testId="ac4fceb1-2d20-1c27-bb03-b267f24f2a75" executionId="6bc3aeef-5a1f-4cc9-9a20-1460fa327ab5" testListId="8c84fa94-04c1-424b-9868-57a2d4851a1d" />
    <TestEntry testId="f5929645-673f-7bf7-18b7-e030ed185d72" executionId="af0ad9ce-c536-4c10-b447-e14920ff2f69" testListId="8c84fa94-04c1-424b-9868-57a2d4851a1d" />
    <TestEntry testId="75306c4a-c777-c69c-309f-6d11b53a5467" executionId="5b6679e7-84ef-4316-ab17-2a9ed6bf5304" testListId="8c84fa94-04c1-424b-9868-57a2d4851a1d" />
    <TestEntry testId="38f6dd9c-3004-af65-5bca-6b3a3bfa9850" executionId="6f6e2f77-1a48-4ca0-9c38-e9f63dfbad07" testListId="8c84fa94-04c1-424b-9868-57a2d4851a1d" />
    <TestEntry testId="d63ad385-88ce-3e82-57c7-5161d5dd85d9" executionId="d2de2791-8e32-4761-bbfd-dc72719c7650" testListId="8c84fa94-04c1-424b-9868-57a2d4851a1d" />
    <TestEntry testId="e5cbf233-840a-35db-122a-ee9e83f5d0fe" executionId="d06cf6f7-48d9-400c-b558-658ee3de7912" testListId="8c84fa94-04c1-424b-9868-57a2d4851a1d" />
    <TestEntry testId="1ad7a561-622e-2a7c-2da7-abda65c03c60" executionId="93fb073a-380f-4aee-89b3-6027f0c457c6" testListId="8c84fa94-04c1-424b-9868-57a2d4851a1d" />
    <TestEntry testId="9a368a4b-d9a1-f723-4895-9e360f9e0604" executionId="aa7caeb3-80d4-4cfc-a3e0-3128ceaa4793" testListId="8c84fa94-04c1-424b-9868-57a2d4851a1d" />
    <TestEntry testId="00bf83e7-edff-af4b-646e-65d20b7464ae" executionId="e004215f-a222-4a70-82b7-6a210271b18d" testListId="8c84fa94-04c1-424b-9868-57a2d4851a1d" />
    <TestEntry testId="ba8f1f30-22cd-8623-5add-338d14872665" executionId="0cd0b9f4-d171-41dc-afcb-d6ae2dbbc513" testListId="8c84fa94-04c1-424b-9868-57a2d4851a1d" />
    <TestEntry testId="b69b3285-e52a-66f5-97d2-cdcf19d8f6ac" executionId="69e7f6e3-1741-46fa-b908-776b2f522e13" testListId="8c84fa94-04c1-424b-9868-57a2d4851a1d" />
    <TestEntry testId="7e1b0e92-af80-c2b0-e16f-fe4a6cf291cf" executionId="11fa10b0-a17e-454f-9e80-44592952e147" testListId="8c84fa94-04c1-424b-9868-57a2d4851a1d" />
    <TestEntry testId="06b28858-7c92-ac95-d734-721272954d43" executionId="a8c7d944-bca0-4416-83b5-f668a14c4caf" testListId="8c84fa94-04c1-424b-9868-57a2d4851a1d" />
    <TestEntry testId="f6c34757-5698-1d5e-8a89-6224b0938cce" executionId="14bb1db8-66fd-4e6d-bff3-c8be507dfc0d" testListId="8c84fa94-04c1-424b-9868-57a2d4851a1d" />
    <TestEntry testId="857079d9-a61f-f9eb-435d-70725e867666" executionId="469a2840-53fc-4635-845f-b3a1b60f550f" testListId="8c84fa94-04c1-424b-9868-57a2d4851a1d" />
    <TestEntry testId="13ade991-e749-84c7-6dfe-04e84d76447c" executionId="4ac50aa9-72eb-4d40-9e4d-e0ff3002f18a" testListId="8c84fa94-04c1-424b-9868-57a2d4851a1d" />
    <TestEntry testId="131d731e-cbbf-91c8-b562-7f0aca0a4030" executionId="72735fa8-fbb8-4559-96c2-935bb6e1c0a7" testListId="8c84fa94-04c1-424b-9868-57a2d4851a1d" />
    <TestEntry testId="459438ec-e3fe-3000-bda9-0a93052d375f" executionId="5f5eb668-717c-4809-bc4e-baf8fcaa83c2" testListId="8c84fa94-04c1-424b-9868-57a2d4851a1d" />
    <TestEntry testId="46b0ad35-306a-29ef-2cc3-d9258a56acf5" executionId="5198c0c8-accb-445f-b434-04d2465a4d38" testListId="8c84fa94-04c1-424b-9868-57a2d4851a1d" />
    <TestEntry testId="8bb918c7-f54b-1a68-c25d-0554c345a8c8" executionId="a66ac264-4f4f-421a-b291-9d896246d5c1" testListId="8c84fa94-04c1-424b-9868-57a2d4851a1d" />
    <TestEntry testId="a999d2f4-8012-726a-f1a0-0f45fc336111" executionId="ee8f6333-9e30-48c2-a504-b44476ab4bbe" testListId="8c84fa94-04c1-424b-9868-57a2d4851a1d" />
    <TestEntry testId="a265ab5f-01d9-4fcf-b74f-a217b1a996a7" executionId="20d94e9d-0a7c-4181-acf0-5f9aaed51448" testListId="8c84fa94-04c1-424b-9868-57a2d4851a1d" />
    <TestEntry testId="c72ff8a6-afdd-e781-b345-6245d96b0e54" executionId="db7d14d2-841a-4628-b913-d30269e7fbfe" testListId="8c84fa94-04c1-424b-9868-57a2d4851a1d" />
    <TestEntry testId="cfb3d619-d618-91d1-9191-4e9beebc402f" executionId="5565ed72-b6ad-4054-8e5c-ed374cd01b55" testListId="8c84fa94-04c1-424b-9868-57a2d4851a1d" />
    <TestEntry testId="70a220b4-dc2b-529d-6e29-2f4775fdb4fe" executionId="839e991b-76e4-4a02-b1c0-23ad8759eced" testListId="8c84fa94-04c1-424b-9868-57a2d4851a1d" />
    <TestEntry testId="0e43a86f-5d22-0656-6cd4-5d0ffa593d0e" executionId="ed4ff702-6165-4ce7-9747-71efa1d2dbbd" testListId="8c84fa94-04c1-424b-9868-57a2d4851a1d" />
    <TestEntry testId="b2dbdd8b-fd26-fd63-7990-1612d0e6c90c" executionId="45440813-89f5-4757-8a2b-5221710e6f47" testListId="8c84fa94-04c1-424b-9868-57a2d4851a1d" />
    <TestEntry testId="baa0e4a9-f3a3-a33e-9ccd-75fbbf2c9f75" executionId="46f21fff-5262-40bc-95c9-b20ba1aa0c25" testListId="8c84fa94-04c1-424b-9868-57a2d4851a1d" />
    <TestEntry testId="7e5e8efe-0c74-16d6-719f-5f1f720435bc" executionId="17349bc0-944f-4bcb-ba9e-5dfcdbd3fe03" testListId="8c84fa94-04c1-424b-9868-57a2d4851a1d" />
    <TestEntry testId="8a6d06b0-b614-ad5d-3c27-426a91c552ac" executionId="aea30888-3d94-4684-a2db-67d22e24ae2b" testListId="8c84fa94-04c1-424b-9868-57a2d4851a1d" />
    <TestEntry testId="854b71c6-93fe-4e7b-758c-0c0eb5558e47" executionId="ccab29e3-2da8-4d78-95c8-508ccc534bfa" testListId="8c84fa94-04c1-424b-9868-57a2d4851a1d" />
    <TestEntry testId="b889c83c-9196-c774-f219-83626deb7586" executionId="a3aa79a1-a41e-46dc-b0fd-8f51137df461" testListId="8c84fa94-04c1-424b-9868-57a2d4851a1d" />
    <TestEntry testId="c4030e0d-a1b5-c58b-ce4e-850bcfc7a015" executionId="5ce09cdb-c010-4636-9204-12762d90b6c8" testListId="8c84fa94-04c1-424b-9868-57a2d4851a1d" />
    <TestEntry testId="af9f5d9b-519d-9f14-e5a6-e9fabcf74c24" executionId="f0d0c1af-f9b1-40df-b7bd-2c446990eb06" testListId="8c84fa94-04c1-424b-9868-57a2d4851a1d" />
    <TestEntry testId="b554c562-d3d2-c117-e1d9-7569af26155b" executionId="710525bd-dfde-4838-81a7-d3e3f8cee430" testListId="8c84fa94-04c1-424b-9868-57a2d4851a1d" />
    <TestEntry testId="876793e7-e276-23e9-74ec-4f8ff567c44d" executionId="73ee853e-ddb0-4dbb-a86c-905a6c42890b" testListId="8c84fa94-04c1-424b-9868-57a2d4851a1d" />
    <TestEntry testId="3f3bc767-f279-345f-6091-cf2112b357d2" executionId="4404c0de-81c5-4882-a088-751141e385b6" testListId="8c84fa94-04c1-424b-9868-57a2d4851a1d" />
    <TestEntry testId="da2df8e3-ae71-e6f5-e5c6-6b5bc1325cd1" executionId="811c4b49-91a9-4fdb-9d4c-f418d1a517b8" testListId="8c84fa94-04c1-424b-9868-57a2d4851a1d" />
    <TestEntry testId="e73aabfb-7c1e-541c-e00a-c13cd10e9b6f" executionId="a02119ca-d816-4bfe-98c7-04d8de5c41e8" testListId="8c84fa94-04c1-424b-9868-57a2d4851a1d" />
    <TestEntry testId="1204b27d-2352-cdd6-6215-45c7012df009" executionId="89ef923a-5d5c-413d-a4ec-c9f025b675c5" testListId="8c84fa94-04c1-424b-9868-57a2d4851a1d" />
    <TestEntry testId="f3472fd1-0997-e2de-0875-df8e2792e087" executionId="de94dd53-470e-41ca-bf1b-454a63624d0c" testListId="8c84fa94-04c1-424b-9868-57a2d4851a1d" />
    <TestEntry testId="51f9dd73-3dd0-c3d3-f5e6-31462ccb7d28" executionId="057d782e-f035-4ba3-9e4b-0f65af4fee1d" testListId="8c84fa94-04c1-424b-9868-57a2d4851a1d" />
    <TestEntry testId="930c3310-4d15-15b6-509b-5feb1a6e80d2" executionId="b357f1bc-1e0a-433c-a7bb-cf532cffc26f" testListId="8c84fa94-04c1-424b-9868-57a2d4851a1d" />
    <TestEntry testId="7597dfea-1911-0411-d0bd-5e7d9b6d3d97" executionId="48a97640-8c58-49dc-81f4-c9d471157994" testListId="8c84fa94-04c1-424b-9868-57a2d4851a1d" />
    <TestEntry testId="5a3ec04c-d651-22ed-4312-eaa89ce65f4e" executionId="679529fb-9758-437b-a8ce-4b7a5f2070c7" testListId="8c84fa94-04c1-424b-9868-57a2d4851a1d" />
    <TestEntry testId="40cc11ab-397e-5cc2-1279-ed8fbd4e9e4e" executionId="6e4aaea8-5da4-4d80-8df1-2c72bd0c7965" testListId="8c84fa94-04c1-424b-9868-57a2d4851a1d" />
    <TestEntry testId="88dcf283-b9f1-ae2e-5d42-2b538267e8fa" executionId="6dbc2ee8-23a9-431c-ac41-1643376b766e" testListId="8c84fa94-04c1-424b-9868-57a2d4851a1d" />
    <TestEntry testId="93d13633-28d6-4dc3-1e15-d362eb0d3913" executionId="07ec8511-e72f-4053-93c4-54903694f802" testListId="8c84fa94-04c1-424b-9868-57a2d4851a1d" />
    <TestEntry testId="b7ec131e-96b3-8396-36e5-ce22cc344817" executionId="af911163-9afa-4f27-ad86-6f231ba7c3dc" testListId="8c84fa94-04c1-424b-9868-57a2d4851a1d" />
    <TestEntry testId="7721dae7-2047-6b0a-8162-caa0062d3c65" executionId="c25a5293-fc59-4366-af75-979938c952ca" testListId="8c84fa94-04c1-424b-9868-57a2d4851a1d" />
    <TestEntry testId="1882fa80-066a-7bf3-a26f-a492025bc767" executionId="50443048-46f8-41fa-ae70-5c8d850672cd" testListId="8c84fa94-04c1-424b-9868-57a2d4851a1d" />
    <TestEntry testId="e9c11861-0245-beeb-dabe-db3aca0ab893" executionId="65f648eb-dc82-444a-917b-369f0414856c" testListId="8c84fa94-04c1-424b-9868-57a2d4851a1d" />
    <TestEntry testId="4f100bc2-70d8-c8fc-aafb-d08dc2776339" executionId="58187452-328e-46ae-a3a9-576f32aea2ec" testListId="8c84fa94-04c1-424b-9868-57a2d4851a1d" />
    <TestEntry testId="69e61648-8a91-59e3-4b03-81187b832e9b" executionId="d194e648-36d2-4924-9b12-2ae0439aeb9d" testListId="8c84fa94-04c1-424b-9868-57a2d4851a1d" />
    <TestEntry testId="5b24716d-c3a8-9288-74da-12f601bb9178" executionId="f10d3a0e-3600-4cb7-bc4b-d602670cf001" testListId="8c84fa94-04c1-424b-9868-57a2d4851a1d" />
    <TestEntry testId="a031fc39-6fcb-d322-1ed5-de75c51a9ffe" executionId="268e9897-bc64-4c0f-9aa9-d42d631b84e8" testListId="8c84fa94-04c1-424b-9868-57a2d4851a1d" />
    <TestEntry testId="b5e42464-ca46-dbd2-6f62-70c574912c80" executionId="5789322b-3059-49b5-9816-c12b3f1722a0" testListId="8c84fa94-04c1-424b-9868-57a2d4851a1d" />
    <TestEntry testId="146c59b1-2414-58d7-d98e-75c7d7feded9" executionId="9f728721-af05-43be-b05e-7ebae3783af7" testListId="8c84fa94-04c1-424b-9868-57a2d4851a1d" />
    <TestEntry testId="56a1886a-03c1-4f75-cfe9-ef27eabcda50" executionId="a55e125e-fee8-4818-b646-c571240d5fcf" testListId="8c84fa94-04c1-424b-9868-57a2d4851a1d" />
    <TestEntry testId="dd2e9c4f-ccf6-1f6e-9348-aeeb60bffd85" executionId="91bd925e-3362-4267-b2e6-d95a2f8b3c7d" testListId="8c84fa94-04c1-424b-9868-57a2d4851a1d" />
    <TestEntry testId="de3a3029-25f0-10ad-f7d1-4d9b4c93baae" executionId="109120d3-dfc2-426a-80a1-9dc568fb91ff" testListId="8c84fa94-04c1-424b-9868-57a2d4851a1d" />
    <TestEntry testId="98196160-ef7e-0e1b-4de2-b9957ed62537" executionId="b22807f2-9dfe-40a9-a32f-1c42d5d1dad4" testListId="8c84fa94-04c1-424b-9868-57a2d4851a1d" />
    <TestEntry testId="c970cd1d-ef1b-5e9c-37a7-59fcf3a32e72" executionId="f5e7e049-aa0b-4cf9-8c83-315256634140" testListId="8c84fa94-04c1-424b-9868-57a2d4851a1d" />
    <TestEntry testId="dc30fbeb-8d06-80fc-2ed1-df1e755ad105" executionId="6ba9d476-060a-4b2e-a85d-802489389dd3" testListId="8c84fa94-04c1-424b-9868-57a2d4851a1d" />
    <TestEntry testId="3630db56-54f8-7700-6d55-91a5c5ca19a9" executionId="758569fd-7cea-48aa-8e57-9b2db9818049" testListId="8c84fa94-04c1-424b-9868-57a2d4851a1d" />
    <TestEntry testId="ad919f87-147e-426d-d233-ed3589a4bb36" executionId="fb7c5274-9c8c-4491-a11e-efdcd0fca1ee" testListId="8c84fa94-04c1-424b-9868-57a2d4851a1d" />
    <TestEntry testId="7de4f0dc-8ab6-f93b-0a08-3187a775b6c2" executionId="bdda97b4-4601-4226-9798-767ca63c7cb1" testListId="8c84fa94-04c1-424b-9868-57a2d4851a1d" />
    <TestEntry testId="fd6a5d9a-2d79-88a6-8d3b-da9af07aee87" executionId="502f705e-1132-4f35-b29c-d69958a621b7" testListId="8c84fa94-04c1-424b-9868-57a2d4851a1d" />
    <TestEntry testId="7b795193-227f-7691-17fe-ce72e2132b58" executionId="32415a39-62be-4012-8538-115112e46c31" testListId="8c84fa94-04c1-424b-9868-57a2d4851a1d" />
    <TestEntry testId="6f500706-4d49-69de-9150-430f0a9336fe" executionId="ccad0af4-82b7-44d6-8f50-9eca76641317" testListId="8c84fa94-04c1-424b-9868-57a2d4851a1d" />
    <TestEntry testId="1add4673-3e44-5f3c-2bbc-3e47c75ad041" executionId="f6607dc5-efb2-4fbd-86c3-4624face8b5b" testListId="8c84fa94-04c1-424b-9868-57a2d4851a1d" />
    <TestEntry testId="12a02245-8bd9-8e3b-db5d-f61065517648" executionId="17850344-78e9-47fe-982d-e5918920aec3" testListId="8c84fa94-04c1-424b-9868-57a2d4851a1d" />
    <TestEntry testId="93994644-4088-11a3-5765-a69d643950f3" executionId="12411df6-044b-4902-aa84-430ea424e58d" testListId="8c84fa94-04c1-424b-9868-57a2d4851a1d" />
    <TestEntry testId="e3e48e6c-5438-a38e-f5b7-7fbc7bfe2efb" executionId="bc567d89-c65a-4dbf-a1bc-fdd2cb8118af" testListId="8c84fa94-04c1-424b-9868-57a2d4851a1d" />
    <TestEntry testId="eeca0f52-8490-ee2d-33b9-cf0012f4374e" executionId="fda6e047-d768-448a-9746-e8e55e957dcd" testListId="8c84fa94-04c1-424b-9868-57a2d4851a1d" />
    <TestEntry testId="e8d28578-06b5-b481-f078-5b53f6322f4c" executionId="dda2b562-dd98-42f0-8210-16416c511ea0" testListId="8c84fa94-04c1-424b-9868-57a2d4851a1d" />
    <TestEntry testId="04b11d36-f327-106e-05a5-593db40ef70e" executionId="d03ccf69-64df-404a-8a78-233cb9fb19ad" testListId="8c84fa94-04c1-424b-9868-57a2d4851a1d" />
    <TestEntry testId="49f322b6-be76-9c09-af99-399bc1688af1" executionId="dad6951f-03b8-4c6a-83b9-42d0d3a47ce3" testListId="8c84fa94-04c1-424b-9868-57a2d4851a1d" />
    <TestEntry testId="541baa74-1e45-4bd6-30aa-5ae8a172dbec" executionId="86d5e380-91d1-4f84-b9c1-9b3f9f5be39d" testListId="8c84fa94-04c1-424b-9868-57a2d4851a1d" />
    <TestEntry testId="1749ee6b-7339-b63c-d630-168816ba6d07" executionId="b6cf2bdd-93c2-456c-9046-540bd3d4a0eb" testListId="8c84fa94-04c1-424b-9868-57a2d4851a1d" />
    <TestEntry testId="a5b9f20d-6499-5e42-d030-84d9adba3ac7" executionId="7f0c017a-2c6a-4609-8bca-377a97b0a8e3" testListId="8c84fa94-04c1-424b-9868-57a2d4851a1d" />
    <TestEntry testId="b5f0abef-87b3-b5d8-8976-cbd85b5c41ee" executionId="bc2543c5-b323-4535-8ff0-ec83b2a506bf" testListId="8c84fa94-04c1-424b-9868-57a2d4851a1d" />
    <TestEntry testId="62fdf078-0061-bbbe-2cf8-5b404ec37ba5" executionId="f667de5f-8f99-4b4f-abb8-6790d2a3c8b4" testListId="8c84fa94-04c1-424b-9868-57a2d4851a1d" />
    <TestEntry testId="c1eeb894-ea7e-f2f9-ebdc-0b6c92316d55" executionId="247b94ea-1403-4a3c-b337-24cecafa3c78" testListId="8c84fa94-04c1-424b-9868-57a2d4851a1d" />
    <TestEntry testId="79f777e5-4a45-243c-c4bc-690e7818706f" executionId="ae7f1323-5c04-4874-8c57-1e1c21f39179" testListId="8c84fa94-04c1-424b-9868-57a2d4851a1d" />
    <TestEntry testId="b9ed2363-1033-378c-916c-c1bca6e52b37" executionId="b668d579-6eee-43f6-9982-dfa354680b74" testListId="8c84fa94-04c1-424b-9868-57a2d4851a1d" />
  </TestEntries>
  <TestLists>
    <TestList name="Results Not in a List" id="8c84fa94-04c1-424b-9868-57a2d4851a1d" />
    <TestList name="All Loaded Results" id="19431567-8539-422a-85d7-44ee4e166bda" />
  </TestLists>
  <ResultSummary outcome="Completed">
    <Counters total="454" executed="454" passed="454" failed="0" error="0" timeout="0" aborted="0" inconclusive="0" passedButRunAborted="0" notRunnable="0" notExecuted="0" disconnected="0" warning="0" completed="0" inProgress="0" pending="0" />
    <Output>
      <StdOut>[xUnit.net 00:00:00.00] xUnit.net VSTest Adapter v3.1.5+1b188a7b0a (64-bit .NET 10.0.12)
[xUnit.net 00:00:00.11]   Discovering: Mavi.Application.Tests
[xUnit.net 00:00:00.26]   Discovered:  Mavi.Application.Tests
[xUnit.net 00:00:00.35]   Starting:    Mavi.Application.Tests
[xUnit.net 00:00:01.03]   Finished:    Mavi.Application.Tests
</StdOut>
    </Output>
  </ResultSummary>
</TestRun>