<?xml version="1.0" encoding="utf-8"?><testsuites name="pytest tests"><testsuite name="linux-x86_64-cpu" errors="0" failures="0" skipped="0" tests="10" time="0.835" timestamp="2026-09-24T19:44:30.883101+00:00" hostname="runnervmtr4k5"><testcase classname="tests.test_bytetrack_runtime" name="test_supervision_ordinal_data_survives_native_style_reordering" time="0.001" /><testcase classname="tests.test_bytetrack_runtime" name="test_native_first_spawn_is_tentative_then_confirms" time="0.001" /><testcase classname="tests.test_bytetrack_runtime" name="test_native_continuous_object_retains_identity" time="0.001" /><testcase classname="tests.test_bytetrack_runtime" name="test_native_low_confidence_associates_but_cannot_spawn" time="0.001" /><testcase classname="tests.test_bytetrack_runtime" name="test_native_time_budget_retains_inside_and_expires_beyond_one_second" time="0.001" /><testcase classname="tests.test_bytetrack_runtime" name="test_mavi_adapter_handles_regular_and_vfr_timestamp_gaps" time="0.001" /><testcase classname="tests.test_bytetrack_runtime" name="test_mavi_person_vehicle_overlap_never_shares_association_state" time="0.001" /><testcase classname="tests.test_bytetrack_runtime" name="test_crossing_association_is_independent_of_detection_input_order" time="0.004" /><testcase classname="tests.test_bytetrack_runtime" name="test_exact_native_row_reordering_still_emits_original_mavi_evidence" time="0.001" /><testcase classname="tests.test_bytetrack_runtime" name="test_mavi_adapter_retires_only_after_the_native_backend_pruned_the_identity" time="0.002" /></testsuite></testsuites>