<?xml version="1.0" encoding="utf-8"?><testsuites name="pytest tests"><testsuite name="linux-x86_64-cpu" errors="0" failures="0" skipped="3" tests="49" time="0.396" timestamp="2026-09-24T19:38:42.480372+00:00" hostname="runnervmtr4k5"><testcase classname="tests.test_runtime_probe" name="test_rejects_missing_checkpoint_before_heavy_imports" time="0.004" /><testcase classname="tests.test_runtime_probe" name="test_rejects_malformed_checkpoint_digest_before_heavy_imports" time="0.001" /><testcase classname="tests.test_runtime_probe" name="test_rejects_digest_mismatch_before_heavy_imports" time="0.001" /><testcase classname="tests.test_runtime_probe" name="test_rejects_non_file_config" time="0.001" /><testcase classname="tests.test_runtime_probe" name="test_checkpoint_permissions_are_explicit_and_scoped" time="0.001" /><testcase classname="tests.test_runtime_probe" name="test_checkpoint_permissions_are_removed_after_failure" time="0.001" /><testcase classname="tests.test_runtime_probe" name="test_reviewed_checkpoint_globals_cover_legacy_and_numpy2_numpy_aliases" time="0.000"><skipped type="pytest.skip" message="could not import 'mmengine': No module named 'mmengine'">/home/runner/work/MAVI/MAVI/src/vision/tests/test_runtime_probe.py:158: could not import 'mmengine': No module named 'mmengine'</skipped></testcase><testcase classname="tests.test_runtime_probe" name="test_real_torch_scope_allows_reviewed_numpy_metadata_and_restores_globals" time="0.001"><skipped type="pytest.skip" message="could not import 'torch': No module named 'torch'">/home/runner/work/MAVI/MAVI/src/vision/tests/test_runtime_probe.py:178: could not import 'torch': No module named 'torch'</skipped></testcase><testcase classname="tests.test_runtime_probe" name="test_real_torch_scope_rejects_unapproved_type_and_restores_globals" time="0.001"><skipped type="pytest.skip" message="could not import 'torch': No module named 'torch'">/home/runner/work/MAVI/MAVI/src/vision/tests/test_runtime_probe.py:198: could not import 'torch': No module named 'torch'</skipped></testcase><testcase classname="tests.test_runtime_probe" name="test_prediction_validation_rejects_invalid_labels[labels0-2-prediction_labels_type_invalid]" time="0.001" /><testcase classname="tests.test_runtime_probe" name="test_prediction_validation_rejects_invalid_labels[labels1-2-prediction_labels_type_invalid]" time="0.001" /><testcase classname="tests.test_runtime_probe" name="test_prediction_validation_rejects_invalid_labels[labels2-2-prediction_label_range_invalid]" time="0.001" /><testcase classname="tests.test_runtime_probe" name="test_prediction_validation_rejects_invalid_labels[labels3-2-prediction_label_range_invalid]" time="0.001" /><testcase classname="tests.test_runtime_probe" name="test_prediction_validation_accepts_valid_empty_result" time="0.000" /><testcase classname="tests.test_runtime_probe" name="test_prediction_validation_rejects_malformed_outputs[boxes0-scores0-labels0-prediction_boxes_shape_invalid]" time="0.001" /><testcase classname="tests.test_runtime_probe" name="test_prediction_validation_rejects_malformed_outputs[boxes1-scores1-labels1-prediction_vector_shape_invalid]" time="0.001" /><testcase classname="tests.test_runtime_probe" name="test_prediction_validation_rejects_malformed_outputs[boxes2-scores2-labels2-prediction_length_mismatch]" time="0.001" /><testcase classname="tests.test_runtime_probe" name="test_prediction_validation_rejects_malformed_outputs[boxes3-scores3-labels3-prediction_numeric_value_invalid]" time="0.001" /><testcase classname="tests.test_runtime_probe" name="test_prediction_validation_rejects_malformed_outputs[boxes4-scores4-labels4-prediction_numeric_value_invalid]" time="0.001" /><testcase classname="tests.test_runtime_probe" name="test_rejects_remote_artifact_syntax" time="0.000" /><testcase classname="tests.test_runtime_probe" name="test_parse_local_path_accepts_relative_and_windows_absolute_filesystem_paths" time="0.000" /><testcase classname="tests.test_runtime_probe" name="test_unexpected_runtime_failure_emits_marker_and_traceback" time="0.002" /><testcase classname="tests.test_runtime_probe" name="test_python_runtime_identity_captures_exact_interpreter_build" time="0.001" /><testcase classname="tests.test_runtime_probe" name="test_checkpoint_compatibility_accepts_only_exact_reviewed_preprocessor_delta" time="0.000" /><testcase classname="tests.test_runtime_probe" name="test_checkpoint_compatibility_fails_on_missing_model_weight" time="0.000" /><testcase classname="tests.test_runtime_probe" name="test_checkpoint_compatibility_fails_on_any_additional_unexpected_key" time="0.000" /><testcase classname="tests.test_runtime_probe" name="test_checkpoint_compatibility_fails_if_reviewed_delta_disappears" time="0.000" /><testcase classname="tests.test_resolve_mmdet_config" name="test_parse_local_path_rejects_remote_config" time="0.002" /><testcase classname="tests.test_resolve_mmdet_config" name="test_resolved_text_rejects_external_resolution_syntax[_base_ = ['../base.py']\nmodel = {}\n-base_reference]" time="0.001" /><testcase classname="tests.test_resolve_mmdet_config" name="test_resolved_text_rejects_external_resolution_syntax[model = dict(init_cfg='https://example.invalid/x')\n-remote_url]" time="0.001" /><testcase classname="tests.test_resolve_mmdet_config" name="test_resolved_text_rejects_external_resolution_syntax[model = dict(path='{{ fileDirname }}/x')\n-template_reference]" time="0.001" /><testcase classname="tests.test_resolve_mmdet_config" name="test_resolved_text_rejects_external_resolution_syntax[model = dict(path='${MODEL_ROOT}/x')\n-environment_reference]" time="0.001" /><testcase classname="tests.test_resolve_mmdet_config" name="test_normalized_python_bytes_is_utf8_lf_without_bom" time="0.000" /><testcase classname="tests.test_resolve_mmdet_config" name="test_relevant_equivalence_ignores_non_deployment_metadata" time="0.000" /><testcase classname="tests.test_resolve_mmdet_config" name="test_relevant_equivalence_rejects_model_change" time="0.000" /><testcase classname="tests.test_resolve_mmdet_config" name="test_resolve_config_uses_mmengine_dump_reloads_and_normalizes" time="0.012" /><testcase classname="tests.test_resolve_mmdet_config" name="test_resolve_config_rejects_relative_absolute_alias" time="0.001" /><testcase classname="tests.test_resolve_mmdet_config" name="test_resolve_config_rejects_hard_link_alias" time="0.001" /><testcase classname="tests.test_resolve_mmdet_config" name="test_resolve_config_validation_failure_preserves_existing_output" time="0.075" /><testcase classname="tests.test_resolve_mmdet_config" name="test_resolve_config_validates_temporary_before_atomic_replace" time="0.052" /><testcase classname="tests.test_runtime_metadata" name="test_runtime_candidate_records_exact_semantic_graph_and_pending_hardware" time="0.000" /><testcase classname="tests.test_runtime_metadata" name="test_pyproject_qualified_runtime_extra_matches_frozen_semantic_graph" time="0.001" /><testcase classname="tests.test_runtime_metadata" name="test_runtime_qualification_binds_evidence_to_exact_checked_out_source" time="0.001" /><testcase classname="tests.test_runtime_metadata" name="test_task10_triggers_on_and_qualifies_the_whole_s1_surface" time="0.001" /><testcase classname="tests.test_runtime_metadata" name="test_task12_linux_native_bundle_is_bound_to_qualified_host_abi" time="0.000" /><testcase classname="tests.test_runtime_metadata" name="test_task12_gate_is_scoped_to_runtime_pack_inputs" time="0.000" /><testcase classname="tests.test_runtime_metadata" name="test_pyproject_declares_packaging_runtime_dependency" time="0.000" /><testcase classname="tests.test_runtime_metadata" name="test_the_qualification_record_binds_the_runtime_profile_it_ships_with" time="0.000" /><testcase classname="tests.test_runtime_metadata" name="test_development_qualification_does_not_satisfy_a_release_gate" time="0.000" /></testsuite></testsuites>