<?xml version="1.0" encoding="utf-8"?><testsuites name="pytest tests"><testsuite name="linux-x86_64-cpu" errors="0" failures="0" skipped="0" tests="2" time="1.140" timestamp="2026-09-24T19:44:23.123210+00:00" hostname="runnervmtr4k5"><testcase classname="tests.test_runtime_probe" name="test_real_torch_scope_allows_reviewed_numpy_metadata_and_restores_globals" time="1.064" /><testcase classname="tests.test_runtime_probe" name="test_real_torch_scope_rejects_unapproved_type_and_restores_globals" time="0.001" /></testsuite></testsuites>