<?xml version="1.0" encoding="utf-8"?><testsuites name="pytest tests"><testsuite name="linux-x86_64-cpu" errors="0" failures="0" skipped="1" tests="315" time="35.924" timestamp="2026-09-24T19:44:34.131667+00:00" hostname="runnervmtr4k5"><testcase classname="tools.qualification.tests.test_s1_b1" name="test_the_committed_baseline_is_the_accepted_s12c_measurement" time="0.000" /><testcase classname="tools.qualification.tests.test_s1_b1" name="test_identical_runs_give_zero_counts_and_no_identity_problem" time="0.018" /><testcase classname="tools.qualification.tests.test_s1_b1" name="test_one_changed_track_is_counted[linuxRepeat-withinVariantRepeatMismatches]" time="0.017" /><testcase classname="tools.qualification.tests.test_s1_b1" name="test_one_changed_track_is_counted[windowsRepeat-withinVariantRepeatMismatches]" time="0.017" /><testcase classname="tools.qualification.tests.test_s1_b1" name="test_one_changed_track_is_counted[linuxReplay-replayMismatches]" time="0.017" /><testcase classname="tools.qualification.tests.test_s1_b1" name="test_a_linux_change_is_a_parameter_note_mismatch_and_a_cross_variant_divergence" time="0.017" /><testcase classname="tools.qualification.tests.test_s1_b1" name="test_only_a_complete_trace_explains_a_divergence" time="0.036" /><testcase classname="tools.qualification.tests.test_s1_b1" name="test_host_timing_is_excluded_and_nothing_else" time="0.044" /><testcase classname="tools.qualification.tests.test_s1_b1" name="test_a_run_with_the_wrong_identity_is_an_identity_problem[&lt;lambda&gt;-profile]" time="0.017" /><testcase classname="tools.qualification.tests.test_s1_b1" name="test_a_run_with_the_wrong_identity_is_an_identity_problem[&lt;lambda&gt;-ran on]" time="0.017" /><testcase classname="tools.qualification.tests.test_s1_b1" name="test_a_run_with_the_wrong_identity_is_an_identity_problem[&lt;lambda&gt;-original files]" time="0.017" /><testcase classname="tools.qualification.tests.test_s1_b1" name="test_a_run_with_the_wrong_identity_is_an_identity_problem[&lt;lambda&gt;-replay]" time="0.017" /><testcase classname="tools.qualification.tests.test_s1_b1" name="test_every_run_is_required" time="0.007" /><testcase classname="tools.qualification.tests.test_s1_b1" name="test_diff_is_exact_about_types_and_lengths" time="0.000" /><testcase classname="tools.qualification.tests.test_s1_b1" name="test_the_cli_writes_identified_counts" time="0.072" /><testcase classname="tools.qualification.tests.test_s1_evidence" name="test_a_complete_record_passes_with_no_finding" time="0.055" /><testcase classname="tools.qualification.tests.test_s1_evidence" name="test_open_units_may_be_incomplete_and_are_not_errors" time="0.043" /><testcase classname="tools.qualification.tests.test_s1_evidence" name="test_the_complete_record_is_schema_valid_and_every_unit_is_required" time="0.022" /><testcase classname="tools.qualification.tests.test_s1_evidence" name="test_missing_identity_field_is_refused[profileSha256]" time="0.022" /><testcase classname="tools.qualification.tests.test_s1_evidence" name="test_missing_identity_field_is_refused[selectorVersion]" time="0.022" /><testcase classname="tools.qualification.tests.test_s1_evidence" name="test_missing_identity_field_is_refused[encoderVersion]" time="0.022" /><testcase classname="tools.qualification.tests.test_s1_evidence" name="test_missing_identity_field_is_refused[digestVersion]" time="0.022" /><testcase classname="tools.qualification.tests.test_s1_evidence" name="test_missing_host_identity_field_is_refused" time="0.021" /><testcase classname="tools.qualification.tests.test_s1_evidence" name="test_a_measurement_on_an_unknown_host_is_refused" time="0.023" /><testcase classname="tools.qualification.tests.test_s1_evidence" name="test_an_invalid_verdict_is_refused" time="0.022" /><testcase classname="tools.qualification.tests.test_s1_evidence" name="test_a_run_on_another_sha_cannot_carry_a_pass" time="0.023" /><testcase classname="tools.qualification.tests.test_s1_evidence" name="test_a_cancelled_or_failed_run_cannot_carry_a_pass" time="0.023" /><testcase classname="tools.qualification.tests.test_s1_evidence" name="test_a_local_run_must_attest_a_clean_tree_and_a_known_host" time="0.045" /><testcase classname="tools.qualification.tests.test_s1_evidence" name="test_a_unit_measured_on_its_own_sha_binds_to_that_sha" time="0.023" /><testcase classname="tools.qualification.tests.test_s1_evidence" name="test_a_failed_or_erroring_suite_cannot_carry_a_pass" time="0.023" /><testcase classname="tools.qualification.tests.test_s1_evidence" name="test_a_suite_that_passed_nothing_is_not_evidence" time="0.023" /><testcase classname="tools.qualification.tests.test_s1_evidence" name="test_an_unpaired_skip_cannot_carry_a_pass" time="0.023" /><testcase classname="tools.qualification.tests.test_s1_evidence" name="test_a_paired_variant_skip_passes_only_with_its_counterpart_positively_passing" time="0.045" /><testcase classname="tools.qualification.tests.test_s1_evidence" name="test_a_pair_cannot_name_its_own_variant_as_the_counterpart" time="0.023" /><testcase classname="tools.qualification.tests.test_s1_evidence" name="test_counts_must_match_the_named_tests" time="0.022" /><testcase classname="tools.qualification.tests.test_s1_evidence" name="test_a_missing_per_variant_result_cannot_carry_a_pass" time="0.023" /><testcase classname="tools.qualification.tests.test_s1_evidence" name="test_a_cited_suite_must_exist" time="0.023" /><testcase classname="tools.qualification.tests.test_s1_evidence" name="test_junit_for_a_suite_must_be_retained" time="0.022" /><testcase classname="tools.qualification.tests.test_s1_evidence" name="test_every_plan_metric_is_required_for_a_pass" time="0.662" /><testcase classname="tools.qualification.tests.test_s1_evidence" name="test_the_plan_limit_binds_whatever_the_record_declares[B2-b2.per-retired-traced-bytes-slope.linux-x86_64-cpu-16385]" time="0.023" /><testcase classname="tools.qualification.tests.test_s1_evidence" name="test_the_plan_limit_binds_whatever_the_record_declares[B2-b2.process-memory-retired-slope.linux-x86_64-cpu-20000]" time="0.023" /><testcase classname="tools.qualification.tests.test_s1_evidence" name="test_the_plan_limit_binds_whatever_the_record_declares[B2-b2.per-live-held-evidence-bytes-max.linux-x86_64-cpu-557057]" time="0.023" /><testcase classname="tools.qualification.tests.test_s1_evidence" name="test_the_plan_limit_binds_whatever_the_record_declares[B2-b2.retired-slope-crop-variation.linux-x86_64-cpu-0.11]" time="0.023" /><testcase classname="tools.qualification.tests.test_s1_evidence" name="test_the_plan_limit_binds_whatever_the_record_declares[B1-b1.real-clip-parameter-note-mismatches-1]" time="0.023" /><testcase classname="tools.qualification.tests.test_s1_evidence" name="test_the_plan_limit_binds_whatever_the_record_declares[B3-b3.python-worst-shape-body-bytes-41943041]" time="0.023" /><testcase classname="tools.qualification.tests.test_s1_evidence" name="test_the_plan_limit_binds_whatever_the_record_declares[B5-b5.real-video-clips-1]" time="0.023" /><testcase classname="tools.qualification.tests.test_s1_evidence" name="test_a_declared_limit_is_also_enforced" time="0.022" /><testcase classname="tools.qualification.tests.test_s1_evidence" name="test_a_recorded_only_metric_has_no_threshold" time="0.022" /><testcase classname="tools.qualification.tests.test_s1_evidence" name="test_timing_needs_samples_repeats_warmup_percentiles_and_spread[&lt;lambda&gt;0]" time="0.023" /><testcase classname="tools.qualification.tests.test_s1_evidence" name="test_timing_needs_samples_repeats_warmup_percentiles_and_spread[&lt;lambda&gt;1]" time="0.023" /><testcase classname="tools.qualification.tests.test_s1_evidence" name="test_timing_needs_samples_repeats_warmup_percentiles_and_spread[&lt;lambda&gt;2]" time="0.023" /><testcase classname="tools.qualification.tests.test_s1_evidence" name="test_timing_needs_samples_repeats_warmup_percentiles_and_spread[&lt;lambda&gt;3]" time="0.022" /><testcase classname="tools.qualification.tests.test_s1_evidence" name="test_timing_needs_samples_repeats_warmup_percentiles_and_spread[&lt;lambda&gt;4]" time="0.023" /><testcase classname="tools.qualification.tests.test_s1_evidence" name="test_timing_needs_samples_repeats_warmup_percentiles_and_spread[&lt;lambda&gt;5]" time="0.023" /><testcase classname="tools.qualification.tests.test_s1_evidence" name="test_b3_completion_time_needs_2x_headroom_against_the_worker_timeout" time="0.044" /><testcase classname="tools.qualification.tests.test_s1_evidence" name="test_a_measurement_unit_must_match_the_plan" time="0.023" /><testcase classname="tools.qualification.tests.test_s1_evidence" name="test_every_required_artifact_is_needed" time="0.597" /><testcase classname="tools.qualification.tests.test_s1_evidence" name="test_an_artifact_without_a_hash_is_refused" time="0.022" /><testcase classname="tools.qualification.tests.test_s1_evidence" name="test_retained_files_are_verified_against_their_hash" time="0.133" /><testcase classname="tools.qualification.tests.test_s1_evidence" name="test_an_artifact_path_cannot_escape_the_repository" time="0.046" /><testcase classname="tools.qualification.tests.test_s1_evidence" name="test_the_disconnected_run_must_use_a_bundle_of_the_measured_code" time="0.023" /><testcase classname="tools.qualification.tests.test_s1_evidence" name="test_isolation_must_be_evidenced_before_and_after[isolationBefore]" time="0.023" /><testcase classname="tools.qualification.tests.test_s1_evidence" name="test_isolation_must_be_evidenced_before_and_after[isolationAfter]" time="0.023" /><testcase classname="tools.qualification.tests.test_s1_evidence" name="test_a_production_install_is_not_the_s1_disconnected_run" time="0.022" /><testcase classname="tools.qualification.tests.test_s1_evidence" name="test_the_disconnected_block_is_required_for_its_pass" time="0.022" /><testcase classname="tools.qualification.tests.test_s1_evidence" name="test_the_invalidation_map_follows_the_plan[src/vision/mavi_vision/evidence/selector.py-expected0]" time="0.002" /><testcase classname="tools.qualification.tests.test_s1_evidence" name="test_the_invalidation_map_follows_the_plan[src/vision/mavi_vision/worker/client.py-expected1]" time="0.001" /><testcase classname="tools.qualification.tests.test_s1_evidence" name="test_the_invalidation_map_follows_the_plan[src/vision/mavi_vision/common/control_plane.py-expected2]" time="0.000" /><testcase classname="tools.qualification.tests.test_s1_evidence" name="test_the_invalidation_map_follows_the_plan[src/platform/Mavi.Infrastructure/Storage/AcceptedEvidenceStore.cs-expected3]" time="0.000" /><testcase classname="tools.qualification.tests.test_s1_evidence" name="test_the_invalidation_map_follows_the_plan[src/web/mavi-web/src/features/video-review/TrackEvidenceSet.tsx-expected4]" time="0.000" /><testcase classname="tools.qualification.tests.test_s1_evidence" name="test_the_invalidation_map_follows_the_plan[src/vision/runtime/mmdetection-phase1-v1.json-expected5]" time="0.000" /><testcase classname="tools.qualification.tests.test_s1_evidence" name="test_the_invalidation_map_follows_the_plan[src/vision/config/pipelines/phase1-detection-tracking-v1.json-expected6]" time="0.000" /><testcase classname="tools.qualification.tests.test_s1_evidence" name="test_the_invalidation_map_follows_the_plan[src/vision/mavi_vision/embeddings/__init__.py-expected7]" time="0.000" /><testcase classname="tools.qualification.tests.test_s1_evidence" name="test_the_invalidation_map_follows_the_plan[tools/phase1/promote_phase1_release.py-expected8]" time="0.001" /><testcase classname="tools.qualification.tests.test_s1_evidence" name="test_the_invalidation_map_follows_the_plan[.github/workflows/task10-runtime-qualification.yml-expected9]" time="0.001" /><testcase classname="tools.qualification.tests.test_s1_evidence" name="test_the_invalidation_map_follows_the_plan[tests/fixtures/scene-analytics/scripted-corpus-v1.json-expected10]" time="0.000" /><testcase classname="tools.qualification.tests.test_s1_evidence" name="test_documentation_and_uncited_tests_invalidate_nothing[docs/qualification/stage2-s1/summary.md]" time="0.001" /><testcase classname="tools.qualification.tests.test_s1_evidence" name="test_documentation_and_uncited_tests_invalidate_nothing[README.md]" time="0.000" /><testcase classname="tools.qualification.tests.test_s1_evidence" name="test_documentation_and_uncited_tests_invalidate_nothing[src/vision/tests/test_unrelated.py]" time="0.000" /><testcase classname="tools.qualification.tests.test_s1_evidence" name="test_documentation_and_uncited_tests_invalidate_nothing[.github/workflows/other.yml]" time="0.000" /><testcase classname="tools.qualification.tests.test_s1_evidence" name="test_a_cited_test_invalidates_the_units_that_cite_it" time="0.000" /><testcase classname="tools.qualification.tests.test_s1_evidence" name="test_a_closure_diff_on_the_surface_requires_the_affected_units_rerun" time="0.023" /><testcase classname="tools.qualification.tests.test_s1_evidence" name="test_a_closure_diff_touching_nothing_behavior_bearing_is_clean" time="0.023" /><testcase classname="tools.qualification.tests.test_s1_evidence" name="test_units_rerun_on_the_merge_sha_satisfy_the_closure_rule" time="0.023" /><testcase classname="tools.qualification.tests.test_s1_evidence" name="test_s1_closed_needs_every_unit_pass_and_a_closure" time="0.066" /><testcase classname="tools.qualification.tests.test_s1_evidence" name="test_the_recorded_closure_diff_must_be_the_real_git_diff" time="0.095" /><testcase classname="tools.qualification.tests.test_s1_evidence" name="test_junit_counts_come_from_the_test_cases" time="0.001" /><testcase classname="tools.qualification.tests.test_s1_evidence" name="test_the_cli_exits_nonzero_on_a_finding" time="0.213" /><testcase classname="tools.qualification.tests.test_s1_evidence" name="test_the_schema_file_is_the_one_the_checker_loads" time="0.000" /><testcase classname="tools.qualification.tests.test_s1_evidence" name="test_platform_suites_are_required_once_and_worker_suites_on_every_variant" time="0.000" /><testcase classname="tools.qualification.tests.test_s1_evidence" name="test_a_worker_suite_missing_on_one_variant_blocks_its_unit" time="0.022" /><testcase classname="tools.qualification.tests.test_s1_evidence" name="test_a_pass_is_refused_without_repository_verification" time="0.043" /><testcase classname="tools.qualification.tests.test_s1_evidence" name="test_a_fully_verified_record_passes" time="0.050" /><testcase classname="tools.qualification.tests.test_s1_evidence" name="test_suite_counts_must_be_the_retained_junit_counts" time="0.050" /><testcase classname="tools.qualification.tests.test_s1_evidence" name="test_a_tampered_or_missing_junit_file_is_refused" time="0.089" /><testcase classname="tools.qualification.tests.test_s1_evidence" name="test_junit_must_come_from_the_run_the_result_cites" time="0.022" /><testcase classname="tools.qualification.tests.test_s1_evidence" name="test_a_paired_counterpart_must_be_cited_by_the_same_unit" time="0.023" /><testcase classname="tools.qualification.tests.test_s1_evidence" name="test_a_paired_counterpart_from_a_stale_run_does_not_excuse_a_skip" time="0.022" /><testcase classname="tools.qualification.tests.test_s1_evidence" name="test_the_worker_timeout_is_bound_to_the_worker_default" time="0.044" /><testcase classname="tools.qualification.tests.test_s1_evidence" name="test_a_non_default_timeout_is_refused_even_with_a_cited_configuration" time="0.051" /><testcase classname="tools.qualification.tests.test_s1_evidence" name="test_the_b3_wall_time_must_be_the_authoritative_sealing_output[&lt;lambda&gt;-status]" time="0.050" /><testcase classname="tools.qualification.tests.test_s1_evidence" name="test_the_b3_wall_time_must_be_the_authoritative_sealing_output[&lt;lambda&gt;-authoritative]" time="0.050" /><testcase classname="tools.qualification.tests.test_s1_evidence" name="test_the_b3_wall_time_must_be_the_authoritative_sealing_output[&lt;lambda&gt;-tracks]" time="0.050" /><testcase classname="tools.qualification.tests.test_s1_evidence" name="test_the_b3_wall_time_must_be_the_authoritative_sealing_output[&lt;lambda&gt;-sealed objects]" time="0.050" /><testcase classname="tools.qualification.tests.test_s1_evidence" name="test_the_b3_wall_time_must_be_the_authoritative_sealing_output[&lt;lambda&gt;-worker timeout]" time="0.050" /><testcase classname="tools.qualification.tests.test_s1_evidence" name="test_the_b3_wall_time_must_be_the_authoritative_sealing_output[&lt;lambda&gt;-max]" time="0.050" /><testcase classname="tools.qualification.tests.test_s1_evidence" name="test_the_b3_wall_time_must_be_the_authoritative_sealing_output[&lt;lambda&gt;-min]" time="0.050" /><testcase classname="tools.qualification.tests.test_s1_evidence" name="test_the_b3_wall_time_must_be_the_authoritative_sealing_output[&lt;lambda&gt;-p50 differs]" time="0.050" /><testcase classname="tools.qualification.tests.test_s1_evidence" name="test_the_b3_wall_time_must_be_the_authoritative_sealing_output[&lt;lambda&gt;-p95]" time="0.051" /><testcase classname="tools.qualification.tests.test_s1_evidence" name="test_the_b3_wall_time_must_be_the_authoritative_sealing_output[&lt;lambda&gt;-repeat count]" time="0.052" /><testcase classname="tools.qualification.tests.test_s1_evidence" name="test_the_b3_wall_time_must_be_the_authoritative_sealing_output[&lt;lambda&gt;-p50 spread]" time="0.050" /><testcase classname="tools.qualification.tests.test_s1_evidence" name="test_the_b3_wall_time_must_be_the_authoritative_sealing_output[&lt;lambda&gt;-warm-up]" time="0.050" /><testcase classname="tools.qualification.tests.test_s1_evidence" name="test_the_b3_wall_time_must_be_the_authoritative_sealing_output[&lt;lambda&gt;-sample count]" time="0.051" /><testcase classname="tools.qualification.tests.test_s1_evidence" name="test_the_b3_wall_time_must_cite_the_sealing_output" time="0.022" /><testcase classname="tools.qualification.tests.test_s1_evidence" name="test_junit_counts_are_compared_even_when_the_named_tests_agree" time="0.050" /><testcase classname="tools.qualification.tests.test_s1_evidence" name="test_junit_test_names_are_compared_even_when_the_counts_agree" time="0.050" /><testcase classname="tools.qualification.tests.test_s1_evidence" name="test_b2_values_must_be_the_retained_harness_output" time="0.050" /><testcase classname="tools.qualification.tests.test_s1_evidence" name="test_the_b2_harness_output_must_be_complete_and_from_the_measured_clean_source[&lt;lambda&gt;0]" time="0.050" /><testcase classname="tools.qualification.tests.test_s1_evidence" name="test_the_b2_harness_output_must_be_complete_and_from_the_measured_clean_source[&lt;lambda&gt;1]" time="0.050" /><testcase classname="tools.qualification.tests.test_s1_evidence" name="test_the_b2_harness_output_must_be_complete_and_from_the_measured_clean_source[&lt;lambda&gt;2]" time="0.050" /><testcase classname="tools.qualification.tests.test_s1_evidence" name="test_the_b2_harness_output_must_be_complete_and_from_the_measured_clean_source[&lt;lambda&gt;3]" time="0.050" /><testcase classname="tools.qualification.tests.test_s1_evidence" name="test_the_b2_harness_output_must_be_complete_and_from_the_measured_clean_source[&lt;lambda&gt;4]" time="0.050" /><testcase classname="tools.qualification.tests.test_s1_evidence" name="test_a_linux_junit_relabelled_as_windows_is_refused" time="0.050" /><testcase classname="tools.qualification.tests.test_s1_evidence" name="test_a_copied_junit_file_is_refused_even_under_its_own_artifact_id" time="0.050" /><testcase classname="tools.qualification.tests.test_s1_evidence" name="test_a_variant_junit_must_name_its_variant_in_the_xml" time="0.050" /><testcase classname="tools.qualification.tests.test_s1_evidence" name="test_a_variant_junit_artifact_must_declare_its_variant" time="0.022" /><testcase classname="tools.qualification.tests.test_s1_evidence" name="test_disconnected_pass_needs_every_evidenced_outcome_on_the_measured_code[&lt;lambda&gt;0]" time="0.050" /><testcase classname="tools.qualification.tests.test_s1_evidence" name="test_disconnected_pass_needs_every_evidenced_outcome_on_the_measured_code[&lt;lambda&gt;1]" time="0.050" /><testcase classname="tools.qualification.tests.test_s1_evidence" name="test_disconnected_pass_needs_every_evidenced_outcome_on_the_measured_code[&lt;lambda&gt;2]" time="0.051" /><testcase classname="tools.qualification.tests.test_s1_evidence" name="test_disconnected_pass_needs_every_evidenced_outcome_on_the_measured_code[&lt;lambda&gt;3]" time="0.084" /><testcase classname="tools.qualification.tests.test_s1_evidence" name="test_disconnected_pass_needs_every_evidenced_outcome_on_the_measured_code[&lt;lambda&gt;4]" time="0.050" /><testcase classname="tools.qualification.tests.test_s1_evidence" name="test_disconnected_pass_needs_every_evidenced_outcome_on_the_measured_code[&lt;lambda&gt;5]" time="0.050" /><testcase classname="tools.qualification.tests.test_s1_evidence" name="test_disconnected_pass_needs_every_evidenced_outcome_on_the_measured_code[&lt;lambda&gt;6]" time="0.050" /><testcase classname="tools.qualification.tests.test_s1_evidence" name="test_disconnected_pass_needs_every_evidenced_outcome_on_the_measured_code[&lt;lambda&gt;7]" time="0.050" /><testcase classname="tools.qualification.tests.test_s1_evidence" name="test_disconnected_pass_needs_every_evidenced_outcome_on_the_measured_code[&lt;lambda&gt;8]" time="0.050" /><testcase classname="tools.qualification.tests.test_s1_evidence" name="test_disconnected_pass_needs_every_evidenced_outcome_on_the_measured_code[&lt;lambda&gt;9]" time="0.049" /><testcase classname="tools.qualification.tests.test_s1_evidence" name="test_a_changed_dotnet_evidence_test_invalidates_its_unit" time="0.000" /><testcase classname="tools.qualification.tests.test_s1_evidence" name="test_a_closure_diff_touching_a_cited_dotnet_suite_requires_a_rerun" time="0.023" /><testcase classname="tools.qualification.tests.test_s1_evidence" name="test_junit_membership_is_by_component_not_substring" time="0.001" /><testcase classname="tools.qualification.tests.test_s1_evidence" name="test_a_suite_result_cannot_be_backed_by_another_suites_xml" time="0.050" /><testcase classname="tools.qualification.tests.test_s1_evidence" name="test_every_measurement_cites_a_retained_artifact_of_its_unit" time="0.066" /><testcase classname="tools.qualification.tests.test_s1_evidence" name="test_a_unit_measured_off_the_diffed_shas_is_refused" time="0.044" /><testcase classname="tools.qualification.tests.test_s1_evidence" name="test_an_unapproved_skip_is_refused_even_with_a_passing_counterpart" time="0.023" /><testcase classname="tools.qualification.tests.test_s1_evidence" name="test_an_approved_skip_is_approved_only_on_its_own_variant" time="0.023" /><testcase classname="tools.qualification.tests.test_s1_evidence" name="test_a_pair_must_name_the_same_test_of_the_same_suite" time="0.045" /><testcase classname="tools.qualification.tests.test_s1_evidence" name="test_approved_paired_skips_are_the_os_conditional_tests" time="0.084" /><testcase classname="tools.qualification.tests.test_s1_evidence" name="test_the_drift_scan_sees_a_new_os_conditional_test" time="0.002" /><testcase classname="tools.qualification.tests.test_s1_evidence" name="test_the_sealing_output_must_measure_the_b3_sha" time="0.089" /><testcase classname="tools.qualification.tests.test_s1_evidence" name="test_the_disconnected_bundle_manifest_must_be_the_measured_code[&lt;lambda&gt;0]" time="0.050" /><testcase classname="tools.qualification.tests.test_s1_evidence" name="test_the_disconnected_bundle_manifest_must_be_the_measured_code[&lt;lambda&gt;1]" time="0.050" /><testcase classname="tools.qualification.tests.test_s1_evidence" name="test_the_disconnected_bundle_manifest_must_be_the_measured_code[&lt;lambda&gt;2]" time="0.118" /><testcase classname="tools.qualification.tests.test_s1_evidence" name="test_the_disconnected_bundle_manifest_must_be_the_measured_code[&lt;lambda&gt;3]" time="0.111" /><testcase classname="tools.qualification.tests.test_s1_evidence" name="test_the_disconnected_bundle_manifest_must_be_the_measured_code[&lt;lambda&gt;4]" time="0.122" /><testcase classname="tools.qualification.tests.test_s1_evidence" name="test_the_disconnected_bundle_manifest_must_be_the_measured_code[&lt;lambda&gt;5]" time="0.050" /><testcase classname="tools.qualification.tests.test_s1_evidence" name="test_a_closure_needs_every_post_merge_workflow_on_the_merge_sha" time="0.157" /><testcase classname="tools.qualification.tests.test_s1_evidence" name="test_a_change_to_the_sealing_harness_invalidates_b3_even_uncited" time="0.000" /><testcase classname="tools.qualification.tests.test_s1_evidence" name="test_a_duplicate_metric_cannot_hide_a_failing_value" time="0.023" /><testcase classname="tools.qualification.tests.test_s1_evidence" name="test_a_moved_behavior_bearing_file_is_seen_under_its_old_path" time="0.096" /><testcase classname="tools.qualification.tests.test_s1_evidence" name="test_a_closure_must_be_a_later_commit_on_main" time="0.148" /><testcase classname="tools.qualification.tests.test_s1_evidence" name="test_shared_test_support_invalidates_the_units_citing_its_project" time="0.000" /><testcase classname="tools.qualification.tests.test_s1_evidence" name="test_a_suite_of_only_approved_skips_is_not_empty_but_other_empty_suites_are" time="0.047" /><testcase classname="tools.qualification.tests.test_s1_evidence" name="test_a_variant_suite_from_a_local_run_is_refused" time="0.022" /><testcase classname="tools.qualification.tests.test_s1_evidence" name="test_a_variant_suite_from_the_quality_gate_is_refused" time="0.022" /><testcase classname="tools.qualification.tests.test_s1_evidence" name="test_a_dotnet_suite_must_come_from_the_quality_gate" time="0.022" /><testcase classname="tools.qualification.tests.test_s1_evidence" name="test_a_task10_step_must_be_backed_by_its_own_junit_file" time="0.022" /><testcase classname="tools.qualification.tests.test_s1_evidence" name="test_b6_needs_every_task10_step_and_record_per_variant" time="0.044" /><testcase classname="tools.qualification.tests.test_s1_evidence" name="test_a_task10_record_must_come_from_its_variants_task10_run[&lt;lambda&gt;0]" time="0.022" /><testcase classname="tools.qualification.tests.test_s1_evidence" name="test_a_task10_record_must_come_from_its_variants_task10_run[&lt;lambda&gt;1]" time="0.022" /><testcase classname="tools.qualification.tests.test_s1_evidence" name="test_a_task10_record_must_come_from_its_variants_task10_run[&lt;lambda&gt;2]" time="0.022" /><testcase classname="tools.qualification.tests.test_s1_evidence" name="test_a_task10_record_must_come_from_its_variants_task10_run[&lt;lambda&gt;3]" time="0.022" /><testcase classname="tools.qualification.tests.test_s1_evidence" name="test_a_task10_record_must_come_from_its_variants_task10_run[&lt;lambda&gt;4]" time="0.023" /><testcase classname="tools.qualification.tests.test_s1_evidence" name="test_a_failed_production_composition_record_blocks_b6" time="0.099" /><testcase classname="tools.qualification.tests.test_s1_evidence" name="test_disconnected_outcome_evidence_must_come_from_a_measured_successful_run" time="0.050" /><testcase classname="tools.qualification.tests.test_s1_evidence" name="test_disconnected_outcomes_need_distinct_evidence_other_than_the_record_itself[disconnected.workerStartup]" time="0.049" /><testcase classname="tools.qualification.tests.test_s1_evidence" name="test_disconnected_outcomes_need_distinct_evidence_other_than_the_record_itself[disconnected.run-record]" time="0.050" /><testcase classname="tools.qualification.tests.test_s1_evidence" name="test_disconnected_outcomes_need_distinct_evidence_other_than_the_record_itself[disconnected.runtime-bundle-manifest]" time="0.050" /><testcase classname="tools.qualification.tests.test_s1_evidence" name="test_isolation_probes_must_be_the_retained_probe_output" time="0.050" /><testcase classname="tools.qualification.tests.test_s1_evidence" name="test_b2_output_must_come_from_a_qualified_variant_on_the_recorded_host" time="0.100" /><testcase classname="tools.qualification.tests.test_s1_evidence" name="test_b3_needs_a_sealing_measurement_on_each_supported_os" time="0.022" /><testcase classname="tools.qualification.tests.test_s1_evidence" name="test_each_sealing_output_is_its_os_on_the_hosts_filesystem[&lt;lambda&gt;-ran on]" time="0.050" /><testcase classname="tools.qualification.tests.test_s1_evidence" name="test_each_sealing_output_is_its_os_on_the_hosts_filesystem[&lt;lambda&gt;-evidence filesystem]" time="0.050" /><testcase classname="tools.qualification.tests.test_s1_evidence" name="test_the_task10_steps_are_every_junit_file_task10_writes" time="0.001" /><testcase classname="tools.qualification.tests.test_s1_evidence" name="test_tampered_or_unretained_outcome_evidence_is_refused" time="0.100" /><testcase classname="tools.qualification.tests.test_s1_evidence" name="test_a_pass_measured_on_an_unmerged_or_unknown_sha_is_refused" time="0.255" /><testcase classname="tools.qualification.tests.test_s1_evidence" name="test_an_aggregate_task10_skip_is_approved_by_its_testcases_source_suite" time="0.048" /><testcase classname="tools.qualification.tests.test_s1_evidence" name="test_b2_needs_the_memory_evidence_of_both_variants" time="0.060" /><testcase classname="tools.qualification.tests.test_s1_evidence" name="test_a_variants_b2_output_must_be_that_variants_run" time="0.050" /><testcase classname="tools.qualification.tests.test_s1_evidence" name="test_every_host_field_is_measured_and_bound[cpuModel]" time="0.101" /><testcase classname="tools.qualification.tests.test_s1_evidence" name="test_every_host_field_is_measured_and_bound[physicalCores]" time="0.102" /><testcase classname="tools.qualification.tests.test_s1_evidence" name="test_every_host_field_is_measured_and_bound[logicalCores]" time="0.101" /><testcase classname="tools.qualification.tests.test_s1_evidence" name="test_every_host_field_is_measured_and_bound[ramBytes]" time="0.202" /><testcase classname="tools.qualification.tests.test_s1_evidence" name="test_every_host_field_is_measured_and_bound[os]" time="0.102" /><testcase classname="tools.qualification.tests.test_s1_evidence" name="test_every_host_field_is_measured_and_bound[osBuild]" time="0.102" /><testcase classname="tools.qualification.tests.test_s1_evidence" name="test_every_host_field_is_measured_and_bound[stagingFilesystem]" time="0.102" /><testcase classname="tools.qualification.tests.test_s1_evidence" name="test_the_per_live_slope_is_recomputed_from_its_plateaus_and_reconciled[&lt;lambda&gt;0]" time="0.050" /><testcase classname="tools.qualification.tests.test_s1_evidence" name="test_the_per_live_slope_is_recomputed_from_its_plateaus_and_reconciled[&lt;lambda&gt;1]" time="0.050" /><testcase classname="tools.qualification.tests.test_s1_evidence" name="test_the_per_live_slope_is_recomputed_from_its_plateaus_and_reconciled[&lt;lambda&gt;2]" time="0.051" /><testcase classname="tools.qualification.tests.test_s1_evidence" name="test_the_per_live_slope_is_recomputed_from_its_plateaus_and_reconciled[&lt;lambda&gt;3]" time="0.050" /><testcase classname="tools.qualification.tests.test_s1_evidence" name="test_the_per_live_slope_is_recomputed_from_its_plateaus_and_reconciled[&lt;lambda&gt;4]" time="0.050" /><testcase classname="tools.qualification.tests.test_s1_evidence" name="test_the_per_live_slope_is_recomputed_from_its_plateaus_and_reconciled[&lt;lambda&gt;5]" time="0.050" /><testcase classname="tools.qualification.tests.test_s1_evidence" name="test_the_per_live_slope_is_recomputed_from_its_plateaus_and_reconciled[&lt;lambda&gt;6]" time="0.051" /><testcase classname="tools.qualification.tests.test_s1_evidence" name="test_the_per_live_slope_is_mandatory_but_not_thresholded" time="0.022" /><testcase classname="tools.qualification.tests.test_s1_evidence" name="test_an_undefined_variation_blocks_b2" time="0.050" /><testcase classname="tools.qualification.tests.test_s1_evidence" name="test_the_staging_peak_must_be_within_the_runs_derived_bound" time="0.022" /><testcase classname="tools.qualification.tests.test_s1_evidence" name="test_the_sealing_output_is_bound_to_its_measured_host[cpuModel-another CPU]" time="0.050" /><testcase classname="tools.qualification.tests.test_s1_evidence" name="test_the_sealing_output_is_bound_to_its_measured_host[logicalCores-128]" time="0.050" /><testcase classname="tools.qualification.tests.test_s1_evidence" name="test_the_sealing_output_schema_is_checked" time="0.050" /><testcase classname="tools.qualification.tests.test_s1_evidence" name="test_each_variant_needs_a_passed_staging_lifecycle[&lt;lambda&gt;0]" time="0.050" /><testcase classname="tools.qualification.tests.test_s1_evidence" name="test_each_variant_needs_a_passed_staging_lifecycle[&lt;lambda&gt;1]" time="0.050" /><testcase classname="tools.qualification.tests.test_s1_evidence" name="test_each_variant_needs_a_passed_staging_lifecycle[&lt;lambda&gt;2]" time="0.050" /><testcase classname="tools.qualification.tests.test_s1_evidence" name="test_each_variant_needs_a_passed_staging_lifecycle[&lt;lambda&gt;3]" time="0.050" /><testcase classname="tools.qualification.tests.test_s1_evidence" name="test_each_variant_needs_a_passed_staging_lifecycle[&lt;lambda&gt;4]" time="0.050" /><testcase classname="tools.qualification.tests.test_s1_evidence" name="test_each_variant_needs_a_passed_staging_lifecycle[&lt;lambda&gt;5]" time="0.050" /><testcase classname="tools.qualification.tests.test_s1_evidence" name="test_each_variant_needs_a_passed_staging_lifecycle[&lt;lambda&gt;6]" time="0.050" /><testcase classname="tools.qualification.tests.test_s1_evidence" name="test_each_variant_needs_a_passed_staging_lifecycle[&lt;lambda&gt;7]" time="0.050" /><testcase classname="tools.qualification.tests.test_s1_evidence" name="test_b2_cites_the_platform_janitor_suite" time="0.000" /><testcase classname="tools.qualification.tests.test_s1_evidence" name="test_a_b1_count_must_be_the_derived_comparisons" time="0.050" /><testcase classname="tools.qualification.tests.test_s1_evidence" name="test_the_b1_comparison_must_be_of_the_retained_runs_on_the_measured_code[&lt;lambda&gt;0]" time="0.050" /><testcase classname="tools.qualification.tests.test_s1_evidence" name="test_the_b1_comparison_must_be_of_the_retained_runs_on_the_measured_code[&lt;lambda&gt;1]" time="0.050" /><testcase classname="tools.qualification.tests.test_s1_evidence" name="test_the_b1_comparison_must_be_of_the_retained_runs_on_the_measured_code[&lt;lambda&gt;2]" time="0.050" /><testcase classname="tools.qualification.tests.test_s1_evidence" name="test_the_b1_comparison_must_be_of_the_retained_runs_on_the_measured_code[&lt;lambda&gt;3]" time="0.050" /><testcase classname="tools.qualification.tests.test_s1_evidence" name="test_the_b1_comparison_must_be_of_the_retained_runs_on_the_measured_code[&lt;lambda&gt;4]" time="0.050" /><testcase classname="tools.qualification.tests.test_s1_evidence" name="test_the_b1_comparison_must_be_of_the_retained_runs_on_the_measured_code[&lt;lambda&gt;5]" time="0.051" /><testcase classname="tools.qualification.tests.test_s1_evidence" name="test_the_b1_comparison_must_be_of_the_retained_runs_on_the_measured_code[&lt;lambda&gt;6]" time="0.050" /><testcase classname="tools.qualification.tests.test_s1_evidence" name="test_an_arbitrary_b1_artifact_no_longer_supports_a_pass" time="0.050" /><testcase classname="tools.qualification.tests.test_s1_evidence" name="test_a_b3_body_size_needs_its_proving_test_to_have_passed[b3.dotnet-worst-shape-body-bytes]" time="0.023" /><testcase classname="tools.qualification.tests.test_s1_evidence" name="test_a_b3_body_size_needs_its_proving_test_to_have_passed[b3.python-worst-shape-body-bytes]" time="0.023" /><testcase classname="tools.qualification.tests.test_s1_evidence" name="test_the_b5_clip_count_is_the_records_verified_real_video_clips" time="0.822" /><testcase classname="tools.qualification.tests.test_s1_evidence" name="test_b5_records_must_verify_what_they_count[b5.real-video-record-&lt;lambda&gt;0]" time="0.050" /><testcase classname="tools.qualification.tests.test_s1_evidence" name="test_b5_records_must_verify_what_they_count[b5.real-video-record-&lt;lambda&gt;1]" time="0.050" /><testcase classname="tools.qualification.tests.test_s1_evidence" name="test_b5_records_must_verify_what_they_count[b5.real-video-record-&lt;lambda&gt;2]" time="0.050" /><testcase classname="tools.qualification.tests.test_s1_evidence" name="test_b5_records_must_verify_what_they_count[b5.real-video-record-&lt;lambda&gt;3]" time="0.050" /><testcase classname="tools.qualification.tests.test_s1_evidence" name="test_b5_records_must_verify_what_they_count[b5.real-video-record-&lt;lambda&gt;4]" time="0.050" /><testcase classname="tools.qualification.tests.test_s1_evidence" name="test_b5_records_must_verify_what_they_count[b5.visual-qa-record-&lt;lambda&gt;0]" time="0.155" /><testcase classname="tools.qualification.tests.test_s1_evidence" name="test_b5_records_must_verify_what_they_count[b5.visual-qa-record-&lt;lambda&gt;1]" time="0.111" /><testcase classname="tools.qualification.tests.test_s1_evidence" name="test_b5_records_must_verify_what_they_count[b5.visual-qa-record-&lt;lambda&gt;2]" time="0.100" /><testcase classname="tools.qualification.tests.test_s1_evidence" name="test_a_trx_is_counted_from_its_results_by_test_class" time="0.001" /><testcase classname="tools.qualification.tests.test_s1_evidence" name="test_a_trx_result_without_its_definition_is_unreadable" time="0.001" /><testcase classname="tools.qualification.tests.test_s1_evidence" name="test_the_real_dotnet_trx_logger_output_is_readable" time="0.001" /><testcase classname="tools.qualification.tests.test_s1_evidence" name="test_a_quality_gate_suite_is_backed_by_the_file_the_gate_writes[tests/Mavi.IntegrationTests/WorkerContractV3Tests-junit/worker.xml]" time="0.023" /><testcase classname="tools.qualification.tests.test_s1_evidence" name="test_a_quality_gate_suite_is_backed_by_the_file_the_gate_writes[tests/Mavi.IntegrationTests/WorkerContractV3Tests-trx/Mavi.Application.Tests.trx]" time="0.023" /><testcase classname="tools.qualification.tests.test_s1_evidence" name="test_a_quality_gate_suite_is_backed_by_the_file_the_gate_writes[src/web/mavi-web-junit/web-local.xml]" time="0.023" /><testcase classname="tools.qualification.tests.test_s1_evidence" name="test_the_quality_gate_retains_a_trx_per_test_project_and_the_web_junit" time="0.001" /><testcase classname="tools.qualification.tests.test_s1_evidence" name="test_a_task10_record_is_not_the_other_variants_bytes" time="0.068" /><testcase classname="tools.qualification.tests.test_s1_evidence" name="test_the_bytetrack_record_names_its_variant_and_the_measured_head[&lt;lambda&gt;0]" time="0.091" /><testcase classname="tools.qualification.tests.test_s1_evidence" name="test_the_bytetrack_record_names_its_variant_and_the_measured_head[&lt;lambda&gt;1]" time="0.094" /><testcase classname="tools.qualification.tests.test_s1_evidence" name="test_the_bytetrack_record_names_its_variant_and_the_measured_head[&lt;lambda&gt;2]" time="0.098" /><testcase classname="tools.qualification.tests.test_s1_evidence" name="test_the_task10_step_sources_are_what_the_workflow_runs" time="0.001" /><testcase classname="tools.qualification.tests.test_s1_evidence" name="test_a_task10_step_source_change_invalidates_its_units" time="0.000" /><testcase classname="tools.qualification.tests.test_s1_evidence" name="test_a_repository_fixture_invalidates_every_unit_resting_on_a_suite" time="0.000" /><testcase classname="tools.qualification.tests.test_s1_evidence" name="test_the_isolation_targets_are_the_reused_probes" time="0.000" /><testcase classname="tools.qualification.tests.test_s1_evidence" name="test_the_disconnected_variant_must_be_a_qualified_cpu_variant" time="0.022" /><testcase classname="tools.qualification.tests.test_s1_evidence" name="test_isolation_probes_are_exactly_the_five_targets[&lt;lambda&gt;0]" time="0.023" /><testcase classname="tools.qualification.tests.test_s1_evidence" name="test_isolation_probes_are_exactly_the_five_targets[&lt;lambda&gt;1]" time="0.023" /><testcase classname="tools.qualification.tests.test_s1_evidence" name="test_isolation_probes_are_exactly_the_five_targets[&lt;lambda&gt;2]" time="0.023" /><testcase classname="tools.qualification.tests.test_s1_evidence" name="test_retained_probe_output_may_carry_more_than_the_probe_fields" time="0.286" /><testcase classname="tools.qualification.tests.test_s1_evidence" name="test_outcome_evidence_comes_from_the_disconnected_local_run" time="0.050" /><testcase classname="tools.qualification.tests.test_s1_evidence" name="test_outcome_evidence_is_no_other_units_evidence" time="0.051" /><testcase classname="tools.qualification.tests.test_s1_evidence" name="test_the_disconnected_run_is_on_a_host_of_its_variant" time="0.050" /><testcase classname="tools.qualification.tests.test_s1_evidence" name="test_the_worker_timeout_is_read_at_the_measured_sha" time="0.675" /><testcase classname="tools.qualification.tests.test_s1_evidence" name="test_unreadable_settings_at_the_measured_sha_refuse_b3" time="0.240" /><testcase classname="tools.qualification.tests.test_s1_evidence" name="test_every_plan_section_3_host_field_is_measured_and_bound" time="0.000" /><testcase classname="tools.qualification.tests.test_s1_memory" name="test_smaps_rollup_is_parsed_to_bytes" time="0.000" /><testcase classname="tools.qualification.tests.test_s1_memory" name="test_an_incomplete_rollup_fails_rather_than_reading_zero[Rss:]" time="0.000" /><testcase classname="tools.qualification.tests.test_s1_memory" name="test_an_incomplete_rollup_fails_rather_than_reading_zero[Pss:]" time="0.000" /><testcase classname="tools.qualification.tests.test_s1_memory" name="test_an_incomplete_rollup_fails_rather_than_reading_zero[Private_Clean:]" time="0.000" /><testcase classname="tools.qualification.tests.test_s1_memory" name="test_an_incomplete_rollup_fails_rather_than_reading_zero[Private_Dirty:]" time="0.000" /><testcase classname="tools.qualification.tests.test_s1_memory" name="test_the_linux_sample_is_uss_from_private_clean_plus_private_dirty" time="0.002" /><testcase classname="tools.qualification.tests.test_s1_memory" name="test_status_peak_is_vmhwm_and_required" time="0.000" /><testcase classname="tools.qualification.tests.test_s1_memory" name="test_linux_probe_reads_this_process" time="0.010" /><testcase classname="tools.qualification.tests.test_s1_memory" name="test_windows_probe_reads_commit_charge" time="0.000"><skipped type="pytest.skip" message="Windows ctypes probe; the Linux probe is exercised by the previous test on linux">/home/runner/work/MAVI/MAVI/tools/qualification/tests/test_s1_memory.py:96: Windows ctypes probe; the Linux probe is exercised by the previous test on linux</skipped></testcase><testcase classname="tools.qualification.tests.test_s1_memory" name="test_an_unsupported_platform_fails_rather_than_reading_zero" time="0.000" /><testcase classname="tools.qualification.tests.test_s1_memory" name="test_the_harness_takes_no_psutil_dependency" time="0.020" /><testcase classname="tools.qualification.tests.test_s1_memory" name="test_fit_line_recovers_a_known_slope" time="0.001" /><testcase classname="tools.qualification.tests.test_s1_memory" name="test_fit_line_refuses_an_underdetermined_series[points0]" time="0.000" /><testcase classname="tools.qualification.tests.test_s1_memory" name="test_fit_line_refuses_an_underdetermined_series[points1]" time="0.000" /><testcase classname="tools.qualification.tests.test_s1_memory" name="test_the_observed_hooks_still_exist_with_the_shapes_the_harness_reads" time="0.000" /><testcase classname="tools.qualification.tests.test_s1_memory" name="test_presets_are_valid_and_match_the_plan" time="0.000" /><testcase classname="tools.qualification.tests.test_s1_memory" name="test_a_small_fixture_run_accounts_every_term" time="2.389" /><testcase classname="tools.qualification.tests.test_s1_memory" name="test_the_harness_detects_a_retained_crop_per_retired_track" time="3.242" /><testcase classname="tools.qualification.tests.test_s1_memory" name="test_the_harness_detects_a_trajectory_buffer_that_is_not_spilled" time="4.044" /><testcase classname="tools.qualification.tests.test_s1_memory" name="test_a_tracker_that_never_retires_fails_instead_of_running_forever" time="0.047" /><testcase classname="tools.qualification.tests.test_s1_memory" name="test_structural_runs_are_deterministic" time="1.243" /><testcase classname="tools.qualification.tests.test_s1_memory" name="test_a_process_mode_run_fits_the_platform_metric" time="0.659" /><testcase classname="tools.qualification.tests.test_s1_memory" name="test_the_cli_writes_identified_machine_readable_output" time="0.590" /><testcase classname="tools.qualification.tests.test_s1_memory" name="test_derive_computes_the_bound_metrics" time="0.001" /><testcase classname="tools.qualification.tests.test_s1_memory" name="test_derive_metric_names_are_the_ones_the_checker_binds" time="0.001" /><testcase classname="tools.qualification.tests.test_s1_memory" name="test_derive_refuses_outputs_that_cannot_be_evidence[&lt;lambda&gt;-derive_outputs_missing]" time="0.001" /><testcase classname="tools.qualification.tests.test_s1_memory" name="test_derive_refuses_outputs_that_cannot_be_evidence[&lt;lambda&gt;-derive_output_not_bytetrack]" time="0.000" /><testcase classname="tools.qualification.tests.test_s1_memory" name="test_derive_refuses_outputs_that_cannot_be_evidence[&lt;lambda&gt;-derive_output_short]" time="0.000" /><testcase classname="tools.qualification.tests.test_s1_memory" name="test_derive_refuses_outputs_that_cannot_be_evidence[&lt;lambda&gt;-derive_outputs_mixed_identity]" time="0.001" /><testcase classname="tools.qualification.tests.test_s1_memory" name="test_derive_refuses_outputs_that_cannot_be_evidence[&lt;lambda&gt;-derive_output_not_clean_source0]" time="0.000" /><testcase classname="tools.qualification.tests.test_s1_memory" name="test_derive_refuses_outputs_that_cannot_be_evidence[&lt;lambda&gt;-derive_output_not_clean_source1]" time="0.000" /><testcase classname="tools.qualification.tests.test_s1_memory" name="test_derive_refuses_outputs_that_cannot_be_evidence[&lt;lambda&gt;-derive_outputs_mixed_runtime]" time="0.001" /><testcase classname="tools.qualification.tests.test_s1_memory" name="test_derive_refuses_outputs_that_cannot_be_evidence[&lt;lambda&gt;-derive_outputs_mixed_host]" time="0.001" /><testcase classname="tools.qualification.tests.test_s1_memory" name="test_derive_refuses_outputs_that_cannot_be_evidence[&lt;lambda&gt;-derive_output_identity_incomplete]" time="0.000" /><testcase classname="tools.qualification.tests.test_s1_memory" name="test_derive_refuses_outputs_that_cannot_be_evidence[&lt;lambda&gt;-derive_output_not_qualified_variant]" time="0.000" /><testcase classname="tools.qualification.tests.test_s1_memory" name="test_derive_refuses_outputs_that_cannot_be_evidence[&lt;lambda&gt;-derive_output_schema_invalid]" time="0.000" /><testcase classname="tools.qualification.tests.test_s1_memory" name="test_derive_refuses_outputs_that_cannot_be_evidence[&lt;lambda&gt;-derive_output_preset_mismatch]" time="0.000" /><testcase classname="tools.qualification.tests.test_s1_memory" name="test_derive_refuses_outputs_that_cannot_be_evidence[&lt;lambda&gt;-derive_output_workload_not_declared0]" time="0.001" /><testcase classname="tools.qualification.tests.test_s1_memory" name="test_derive_refuses_outputs_that_cannot_be_evidence[&lt;lambda&gt;-derive_output_workload_not_declared1]" time="0.000" /><testcase classname="tools.qualification.tests.test_s1_memory" name="test_a_small_native_bytetrack_run_retires_through_the_real_adapter" time="1.785" /><testcase classname="tools.qualification.tests.test_s1_memory" name="test_native_and_fixture_runs_agree_on_structure" time="1.370" /><testcase classname="tools.qualification.tests.test_s1_memory" name="test_slope_variation_is_the_plain_relative_change" time="0.000" /><testcase classname="tools.qualification.tests.test_s1_memory" name="test_an_unresolvable_baseline_makes_variation_undefined[baseline0-not positive]" time="0.000" /><testcase classname="tools.qualification.tests.test_s1_memory" name="test_an_unresolvable_baseline_makes_variation_undefined[baseline1-not positive]" time="0.000" /><testcase classname="tools.qualification.tests.test_s1_memory" name="test_an_unresolvable_baseline_makes_variation_undefined[baseline2-cannot resolve]" time="0.000" /><testcase classname="tools.qualification.tests.test_s1_memory" name="test_an_unresolvable_baseline_makes_variation_undefined[baseline3-cannot resolve]" time="0.000" /><testcase classname="tools.qualification.tests.test_s1_memory" name="test_fit_line_reports_the_slope_standard_error" time="0.000" /><testcase classname="tools.qualification.tests.test_s1_memory" name="test_the_checker_trajectory_bound_is_the_spool_chunk" time="0.000" /><testcase classname="tools.qualification.tests.test_s1_memory" name="test_the_staging_lifecycle_holds_on_the_real_processor" time="1.142" /><testcase classname="tools.qualification.tests.test_s1_memory" name="test_a_processor_that_leaks_failed_attempt_staging_is_detected" time="1.628" /><testcase classname="tools.qualification.tests.test_s1_memory" name="test_a_store_that_never_supersedes_is_detected" time="1.167" /><testcase classname="tools.qualification.tests.test_s1_memory" name="test_staging_beyond_the_derived_bound_is_detected" time="0.956" /><testcase classname="tools.qualification.tests.test_s1_memory" name="test_a_lifecycle_phase_beyond_its_derived_bound_is_detected" time="0.981" /></testsuite></testsuites>